<?xml version="1.0" encoding="UTF-8"?>
<coverage generated="1752762533861" clover="3.2.0">
  <project timestamp="1752762533861" name="All files">
    <metrics statements="6375" coveredstatements="5846" conditionals="2514" coveredconditionals="2014" methods="1269" coveredmethods="1174" elements="10158" coveredelements="9034" complexity="0" loc="6375" ncloc="6375" packages="7" files="76" classes="76"/>
    <package name="actions">
      <metrics statements="395" coveredstatements="389" conditionals="74" coveredconditionals="64" methods="147" coveredmethods="146"/>
      <file name="action.ts" path="/home/yangren/git/lisn.js/packages/lisn.js/src/ts/actions/action.ts">
        <metrics statements="22" coveredstatements="22" conditionals="10" coveredconditionals="10" methods="3" coveredmethods="3"/>
        <line num="5" count="92" type="stmt"/>
        <line num="7" count="92" type="stmt"/>
        <line num="9" count="92" type="stmt"/>
        <line num="37" count="92" type="stmt"/>
        <line num="42" count="3172" type="cond" truecount="1" falsecount="0"/>
        <line num="43" count="1288" type="stmt"/>
        <line num="46" count="1884" type="stmt"/>
        <line num="50" count="98" type="cond" truecount="2" falsecount="0"/>
        <line num="54" count="98" type="stmt"/>
        <line num="55" count="98" type="cond" truecount="2" falsecount="0"/>
        <line num="59" count="98" type="stmt"/>
        <line num="60" count="51" type="cond" truecount="1" falsecount="0"/>
        <line num="61" count="51" type="cond" truecount="1" falsecount="0"/>
        <line num="62" count="29" type="stmt"/>
        <line num="67" count="98" type="stmt"/>
        <line num="70" count="1884" type="stmt"/>
        <line num="80" count="92" type="stmt"/>
        <line num="85" count="100" type="stmt"/>
        <line num="86" count="100" type="cond" truecount="1" falsecount="0"/>
        <line num="87" count="2" type="stmt"/>
        <line num="90" count="98" type="cond" truecount="2" falsecount="0"/>
        <line num="95" count="92" type="stmt"/>
      </file>
      <file name="add-class.ts" path="/home/yangren/git/lisn.js/packages/lisn.js/src/ts/actions/add-class.ts">
        <metrics statements="25" coveredstatements="25" conditionals="0" coveredconditionals="0" methods="10" coveredmethods="10"/>
        <line num="9" count="92" type="stmt"/>
        <line num="11" count="92" type="stmt"/>
        <line num="13" count="92" type="stmt"/>
        <line num="35" count="92" type="stmt"/>
        <line num="52" count="184" type="stmt"/>
        <line num="54" count="1" type="stmt"/>
        <line num="59" count="2" type="stmt"/>
        <line num="60" count="2" type="stmt"/>
        <line num="62" count="2" type="stmt"/>
        <line num="63" count="2" type="stmt"/>
        <line num="64" count="2" type="stmt"/>
        <line num="88" count="92" type="stmt"/>
        <line num="105" count="184" type="stmt"/>
        <line num="107" count="1" type="stmt"/>
        <line num="112" count="2" type="stmt"/>
        <line num="113" count="2" type="stmt"/>
        <line num="115" count="2" type="stmt"/>
        <line num="116" count="2" type="stmt"/>
        <line num="117" count="2" type="stmt"/>
        <line num="123" count="92" type="stmt"/>
        <line num="124" count="4" type="stmt"/>
        <line num="125" count="6" type="stmt"/>
        <line num="127" count="6" type="stmt"/>
        <line num="130" count="4" type="stmt"/>
        <line num="131" count="8" type="stmt"/>
      </file>
      <file name="animate-play.ts" path="/home/yangren/git/lisn.js/packages/lisn.js/src/ts/actions/animate-play.ts">
        <metrics statements="34" coveredstatements="34" conditionals="7" coveredconditionals="7" methods="12" coveredmethods="12"/>
        <line num="12" count="92" type="stmt"/>
        <line num="14" count="92" type="stmt"/>
        <line num="18" count="92" type="stmt"/>
        <line num="24" count="92" type="stmt"/>
        <line num="49" count="92" type="stmt"/>
        <line num="66" count="184" type="stmt"/>
        <line num="70" count="2" type="stmt"/>
        <line num="73" count="2" type="stmt"/>
        <line num="75" count="2" type="stmt"/>
        <line num="76" count="2" type="stmt"/>
        <line num="77" count="2" type="stmt"/>
        <line num="104" count="92" type="stmt"/>
        <line num="121" count="184" type="stmt"/>
        <line num="125" count="2" type="stmt"/>
        <line num="128" count="2" type="stmt"/>
        <line num="130" count="2" type="stmt"/>
        <line num="131" count="2" type="stmt"/>
        <line num="132" count="2" type="stmt"/>
        <line num="140" count="92" type="stmt"/>
        <line num="141" count="92" type="stmt"/>
        <line num="142" count="92" type="stmt"/>
        <line num="144" count="92" type="stmt"/>
        <line num="145" count="4" type="stmt"/>
        <line num="146" count="6" type="stmt"/>
        <line num="147" count="4" type="stmt"/>
        <line num="148" count="4" type="stmt"/>
        <line num="152" count="92" type="stmt"/>
        <line num="157" count="16" type="stmt"/>
        <line num="169" count="16" type="cond" truecount="1" falsecount="0"/>
        <line num="170" count="2" type="stmt"/>
        <line num="173" count="16" type="stmt"/>
        <line num="174" count="16" type="cond" truecount="5" falsecount="0"/>
        <line num="175" count="8" type="stmt"/>
        <line num="177" count="8" type="stmt"/>
      </file>
      <file name="animate.ts" path="/home/yangren/git/lisn.js/packages/lisn.js/src/ts/actions/animate.ts">
        <metrics statements="42" coveredstatements="40" conditionals="20" coveredconditionals="18" methods="10" coveredmethods="9"/>
        <line num="5" count="92" type="stmt"/>
        <line num="6" count="92" type="stmt"/>
        <line num="8" count="92" type="stmt"/>
        <line num="12" count="92" type="stmt"/>
        <line num="18" count="92" type="stmt"/>
        <line num="19" count="92" type="stmt"/>
        <line num="21" count="92" type="stmt"/>
        <line num="23" count="92" type="stmt"/>
        <line num="48" count="92" type="stmt"/>
        <line num="65" count="184" type="stmt"/>
        <line num="69" count="2" type="cond" truecount="1" falsecount="1"/>
        <line num="76" count="2" type="stmt"/>
        <line num="77" count="2" type="stmt"/>
        <line num="79" count="2" type="stmt"/>
        <line num="80" count="2" type="stmt"/>
        <line num="81" count="2" type="stmt"/>
        <line num="82" count="2" type="cond" truecount="2" falsecount="0"/>
        <line num="83" count="2" type="stmt"/>
        <line num="84" count="2" type="stmt"/>
        <line num="96" count="92" type="stmt"/>
        <line num="97" count="92" type="stmt"/>
        <line num="98" count="92" type="stmt"/>
        <line num="100" count="92" type="stmt"/>
        <line num="106" count="8" type="stmt"/>
        <line num="107" count="8" type="stmt"/>
        <line num="111" count="8" type="stmt"/>
        <line num="206" count="92" type="stmt"/>
        <line num="212" count="8" type="stmt"/>
        <line num="213" count="8" type="stmt"/>
        <line num="215" count="8" type="stmt"/>
        <line num="218" count="8" type="cond" truecount="3" falsecount="0"/>
        <line num="220" count="8" type="cond" truecount="2" falsecount="0"/>
        <line num="222" count="8" type="stmt"/>
        <line num="230" count="8" type="cond" truecount="3" falsecount="0"/>
        <line num="232" count="1" type="stmt"/>
        <line num="233" count="1" type="stmt"/>
        <line num="236" count="7" type="stmt"/>
        <line num="238" count="7" type="stmt"/>
        <line num="239" count="7" type="stmt"/>
        <line num="245" count="7" type="cond" truecount="2" falsecount="1"/>
        <line num="246" count="0" type="stmt"/>
        <line num="247" count="0" type="stmt"/>
      </file>
      <file name="display.ts" path="/home/yangren/git/lisn.js/packages/lisn.js/src/ts/actions/display.ts">
        <metrics statements="22" coveredstatements="22" conditionals="0" coveredconditionals="0" methods="10" coveredmethods="10"/>
        <line num="12" count="92" type="stmt"/>
        <line num="14" count="92" type="stmt"/>
        <line num="22" count="92" type="stmt"/>
        <line num="45" count="92" type="stmt"/>
        <line num="62" count="184" type="stmt"/>
        <line num="66" count="2" type="stmt"/>
        <line num="68" count="2" type="stmt"/>
        <line num="69" count="2" type="stmt"/>
        <line num="70" count="2" type="stmt"/>
        <line num="71" count="2" type="stmt"/>
        <line num="96" count="92" type="stmt"/>
        <line num="113" count="184" type="stmt"/>
        <line num="117" count="2" type="stmt"/>
        <line num="119" count="2" type="stmt"/>
        <line num="120" count="2" type="stmt"/>
        <line num="121" count="2" type="stmt"/>
        <line num="122" count="2" type="stmt"/>
        <line num="128" count="92" type="stmt"/>
        <line num="129" count="4" type="stmt"/>
        <line num="131" count="4" type="stmt"/>
        <line num="135" count="4" type="stmt"/>
        <line num="139" count="4" type="stmt"/>
      </file>
      <file name="open.ts" path="/home/yangren/git/lisn.js/packages/lisn.js/src/ts/actions/open.ts">
        <metrics statements="13" coveredstatements="13" conditionals="0" coveredconditionals="0" methods="9" coveredmethods="9"/>
        <line num="9" count="92" type="stmt"/>
        <line num="11" count="92" type="stmt"/>
        <line num="12" count="92" type="stmt"/>
        <line num="14" count="92" type="stmt"/>
        <line num="33" count="92" type="stmt"/>
        <line num="50" count="92" type="stmt"/>
        <line num="54" count="3" type="stmt"/>
        <line num="55" count="3" type="stmt"/>
        <line num="56" count="3" type="stmt"/>
        <line num="58" count="3" type="stmt"/>
        <line num="60" count="3" type="stmt"/>
        <line num="61" count="3" type="stmt"/>
        <line num="62" count="3" type="stmt"/>
      </file>
      <file name="pager.ts" path="/home/yangren/git/lisn.js/packages/lisn.js/src/ts/actions/pager.ts">
        <metrics statements="90" coveredstatements="87" conditionals="13" coveredconditionals="10" methods="47" coveredmethods="47"/>
        <line num="15" count="92" type="stmt"/>
        <line num="16" count="92" type="stmt"/>
        <line num="18" count="92" type="stmt"/>
        <line num="20" count="92" type="stmt"/>
        <line num="21" count="92" type="stmt"/>
        <line num="23" count="92" type="stmt"/>
        <line num="43" count="92" type="stmt"/>
        <line num="61" count="92" type="stmt"/>
        <line num="65" count="7" type="stmt"/>
        <line num="66" count="7" type="stmt"/>
        <line num="68" count="7" type="stmt"/>
        <line num="69" count="6" type="stmt"/>
        <line num="70" count="6" type="stmt"/>
        <line num="73" count="7" type="stmt"/>
        <line num="74" count="5" type="stmt"/>
        <line num="75" count="5" type="stmt"/>
        <line num="78" count="7" type="stmt"/>
        <line num="79" count="13" type="cond" truecount="2" falsecount="0"/>
        <line num="80" count="13" type="stmt"/>
        <line num="81" count="13" type="stmt"/>
        <line num="104" count="92" type="stmt"/>
        <line num="122" count="92" type="stmt"/>
        <line num="126" count="7" type="stmt"/>
        <line num="127" count="7" type="stmt"/>
        <line num="129" count="7" type="stmt"/>
        <line num="130" count="6" type="stmt"/>
        <line num="131" count="6" type="stmt"/>
        <line num="134" count="7" type="stmt"/>
        <line num="135" count="6" type="stmt"/>
        <line num="136" count="6" type="stmt"/>
        <line num="139" count="7" type="stmt"/>
        <line num="140" count="13" type="cond" truecount="2" falsecount="0"/>
        <line num="141" count="13" type="stmt"/>
        <line num="142" count="13" type="stmt"/>
        <line num="166" count="92" type="stmt"/>
        <line num="185" count="92" type="stmt"/>
        <line num="187" count="1" type="stmt"/>
        <line num="192" count="7" type="cond" truecount="0" falsecount="1"/>
        <line num="193" count="0" type="stmt"/>
        <line num="196" count="7" type="stmt"/>
        <line num="198" count="7" type="stmt"/>
        <line num="199" count="7" type="stmt"/>
        <line num="200" count="13" type="stmt"/>
        <line num="226" count="92" type="stmt"/>
        <line num="244" count="92" type="stmt"/>
        <line num="246" count="1" type="stmt"/>
        <line num="251" count="3" type="cond" truecount="0" falsecount="1"/>
        <line num="252" count="0" type="stmt"/>
        <line num="255" count="3" type="stmt"/>
        <line num="256" count="3" type="stmt"/>
        <line num="258" count="3" type="stmt"/>
        <line num="259" count="3" type="stmt"/>
        <line num="260" count="3" type="stmt"/>
        <line num="286" count="92" type="stmt"/>
        <line num="304" count="92" type="stmt"/>
        <line num="306" count="1" type="stmt"/>
        <line num="311" count="3" type="cond" truecount="0" falsecount="1"/>
        <line num="312" count="0" type="stmt"/>
        <line num="315" count="3" type="stmt"/>
        <line num="316" count="3" type="stmt"/>
        <line num="318" count="3" type="stmt"/>
        <line num="319" count="3" type="stmt"/>
        <line num="320" count="3" type="stmt"/>
        <line num="326" count="92" type="stmt"/>
        <line num="327" count="27" type="stmt"/>
        <line num="329" count="27" type="stmt"/>
        <line num="330" count="27" type="stmt"/>
        <line num="332" count="27" type="stmt"/>
        <line num="337" count="25" type="stmt"/>
        <line num="339" count="25" type="cond" truecount="2" falsecount="0"/>
        <line num="340" count="25" type="cond" truecount="1" falsecount="0"/>
        <line num="341" count="11" type="stmt"/>
        <line num="344" count="25" type="cond" truecount="1" falsecount="0"/>
        <line num="345" count="21" type="cond" truecount="1" falsecount="0"/>
        <line num="347" count="18" type="stmt"/>
        <line num="350" count="21" type="stmt"/>
        <line num="354" count="27" type="stmt"/>
        <line num="355" count="9" type="stmt"/>
        <line num="356" count="27" type="stmt"/>
        <line num="357" count="9" type="stmt"/>
        <line num="358" count="27" type="stmt"/>
        <line num="359" count="6" type="stmt"/>
        <line num="361" count="27" type="stmt"/>
        <line num="363" count="27" type="stmt"/>
        <line num="364" count="25" type="stmt"/>
        <line num="365" count="24" type="stmt"/>
        <line num="368" count="25" type="stmt"/>
        <line num="371" count="9" type="stmt"/>
        <line num="373" count="9" type="stmt"/>
        <line num="375" count="6" type="stmt"/>
      </file>
      <file name="scroll-to.ts" path="/home/yangren/git/lisn.js/packages/lisn.js/src/ts/actions/scroll-to.ts">
        <metrics statements="42" coveredstatements="42" conditionals="14" coveredconditionals="11" methods="11" coveredmethods="11"/>
        <line num="9" count="92" type="stmt"/>
        <line num="10" count="92" type="stmt"/>
        <line num="14" count="92" type="stmt"/>
        <line num="15" count="92" type="stmt"/>
        <line num="17" count="92" type="stmt"/>
        <line num="19" count="92" type="stmt"/>
        <line num="94" count="92" type="stmt"/>
        <line num="114" count="184" type="stmt"/>
        <line num="117" count="3" type="cond" truecount="1" falsecount="1"/>
        <line num="124" count="3" type="stmt"/>
        <line num="134" count="5" type="stmt"/>
        <line num="135" count="5" type="stmt"/>
        <line num="137" count="5" type="stmt"/>
        <line num="138" count="5" type="stmt"/>
        <line num="139" count="5" type="stmt"/>
        <line num="141" count="5" type="stmt"/>
        <line num="142" count="4" type="stmt"/>
        <line num="143" count="4" type="stmt"/>
        <line num="144" count="4" type="stmt"/>
        <line num="146" count="4" type="stmt"/>
        <line num="150" count="4" type="stmt"/>
        <line num="153" count="5" type="stmt"/>
        <line num="154" count="4" type="cond" truecount="1" falsecount="0"/>
        <line num="155" count="4" type="stmt"/>
        <line num="159" count="4" type="stmt"/>
        <line num="163" count="5" type="stmt"/>
        <line num="164" count="4" type="stmt"/>
        <line num="166" count="4" type="stmt"/>
        <line num="167" count="4" type="stmt"/>
        <line num="171" count="4" type="stmt"/>
        <line num="173" count="2" type="stmt"/>
        <line num="174" count="2" type="stmt"/>
        <line num="179" count="4" type="stmt"/>
        <line num="183" count="4" type="stmt"/>
        <line num="185" count="4" type="cond" truecount="1" falsecount="0"/>
        <line num="188" count="2" type="stmt"/>
        <line num="189" count="2" type="stmt"/>
        <line num="221" count="92" type="stmt"/>
        <line num="222" count="3" type="stmt"/>
        <line num="223" count="3" type="cond" truecount="2" falsecount="0"/>
        <line num="224" count="3" type="cond" truecount="2" falsecount="0"/>
        <line num="226" count="3" type="cond" truecount="3" falsecount="1"/>
      </file>
      <file name="set-attribute.ts" path="/home/yangren/git/lisn.js/packages/lisn.js/src/ts/actions/set-attribute.ts">
        <metrics statements="26" coveredstatements="25" conditionals="7" coveredconditionals="5" methods="7" coveredmethods="7"/>
        <line num="8" count="92" type="stmt"/>
        <line num="9" count="92" type="stmt"/>
        <line num="11" count="92" type="stmt"/>
        <line num="12" count="92" type="stmt"/>
        <line num="13" count="92" type="stmt"/>
        <line num="15" count="92" type="stmt"/>
        <line num="117" count="92" type="stmt"/>
        <line num="134" count="184" type="stmt"/>
        <line num="137" count="8" type="cond" truecount="1" falsecount="1"/>
        <line num="144" count="13" type="cond" truecount="0" falsecount="1"/>
        <line num="145" count="0" type="stmt"/>
        <line num="148" count="13" type="stmt"/>
        <line num="150" count="13" type="stmt"/>
        <line num="151" count="53" type="stmt"/>
        <line num="153" count="53" type="stmt"/>
        <line num="155" count="53" type="stmt"/>
        <line num="156" count="53" type="cond" truecount="2" falsecount="0"/>
        <line num="157" count="53" type="stmt"/>
        <line num="159" count="53" type="cond" truecount="2" falsecount="0"/>
        <line num="160" count="17" type="stmt"/>
        <line num="162" count="36" type="stmt"/>
        <line num="167" count="13" type="stmt"/>
        <line num="169" count="30" type="stmt"/>
        <line num="171" count="13" type="stmt"/>
        <line num="173" count="13" type="stmt"/>
        <line num="196" count="92" type="stmt"/>
      </file>
      <file name="show.ts" path="/home/yangren/git/lisn.js/packages/lisn.js/src/ts/actions/show.ts">
        <metrics statements="24" coveredstatements="24" conditionals="0" coveredconditionals="0" methods="10" coveredmethods="10"/>
        <line num="5" count="92" type="stmt"/>
        <line num="7" count="92" type="stmt"/>
        <line num="14" count="92" type="stmt"/>
        <line num="37" count="92" type="stmt"/>
        <line num="54" count="184" type="stmt"/>
        <line num="58" count="2" type="stmt"/>
        <line num="59" count="2" type="stmt"/>
        <line num="61" count="2" type="stmt"/>
        <line num="62" count="2" type="stmt"/>
        <line num="63" count="2" type="stmt"/>
        <line num="64" count="2" type="stmt"/>
        <line num="89" count="92" type="stmt"/>
        <line num="106" count="184" type="stmt"/>
        <line num="110" count="2" type="stmt"/>
        <line num="111" count="2" type="stmt"/>
        <line num="113" count="2" type="stmt"/>
        <line num="114" count="2" type="stmt"/>
        <line num="115" count="2" type="stmt"/>
        <line num="116" count="2" type="stmt"/>
        <line num="122" count="92" type="stmt"/>
        <line num="123" count="4" type="stmt"/>
        <line num="125" count="4" type="stmt"/>
        <line num="129" count="4" type="stmt"/>
        <line num="133" count="4" type="stmt"/>
      </file>
      <file name="trigger.ts" path="/home/yangren/git/lisn.js/packages/lisn.js/src/ts/actions/trigger.ts">
        <metrics statements="55" coveredstatements="55" conditionals="3" coveredconditionals="3" methods="18" coveredmethods="18"/>
        <line num="12" count="92" type="stmt"/>
        <line num="13" count="92" type="stmt"/>
        <line num="15" count="92" type="stmt"/>
        <line num="16" count="92" type="stmt"/>
        <line num="17" count="92" type="stmt"/>
        <line num="19" count="92" type="stmt"/>
        <line num="21" count="92" type="stmt"/>
        <line num="49" count="92" type="stmt"/>
        <line num="66" count="184" type="stmt"/>
        <line num="70" count="4" type="stmt"/>
        <line num="71" count="4" type="stmt"/>
        <line num="73" count="4" type="stmt"/>
        <line num="74" count="4" type="stmt"/>
        <line num="75" count="4" type="stmt"/>
        <line num="105" count="92" type="stmt"/>
        <line num="122" count="184" type="stmt"/>
        <line num="126" count="4" type="stmt"/>
        <line num="127" count="4" type="stmt"/>
        <line num="129" count="4" type="stmt"/>
        <line num="130" count="4" type="stmt"/>
        <line num="131" count="4" type="stmt"/>
        <line num="157" count="92" type="stmt"/>
        <line num="174" count="184" type="stmt"/>
        <line num="178" count="4" type="stmt"/>
        <line num="180" count="4" type="stmt"/>
        <line num="181" count="4" type="stmt"/>
        <line num="182" count="4" type="stmt"/>
        <line num="188" count="92" type="stmt"/>
        <line num="189" count="12" type="stmt"/>
        <line num="190" count="12" type="stmt"/>
        <line num="199" count="42" type="stmt"/>
        <line num="200" count="42" type="stmt"/>
        <line num="201" count="40" type="stmt"/>
        <line num="205" count="12" type="stmt"/>
        <line num="206" count="12" type="stmt"/>
        <line num="207" count="12" type="stmt"/>
        <line num="208" count="8" type="stmt"/>
        <line num="209" count="4" type="stmt"/>
        <line num="210" count="3" type="stmt"/>
        <line num="211" count="3" type="stmt"/>
        <line num="215" count="92" type="stmt"/>
        <line num="216" count="12" type="stmt"/>
        <line num="217" count="12" type="cond" truecount="1" falsecount="0"/>
        <line num="218" count="3" type="stmt"/>
        <line num="219" count="3" type="stmt"/>
        <line num="222" count="9" type="stmt"/>
        <line num="223" count="15" type="stmt"/>
        <line num="224" count="15" type="cond" truecount="1" falsecount="0"/>
        <line num="225" count="5" type="stmt"/>
        <line num="226" count="5" type="stmt"/>
        <line num="228" count="5" type="cond" truecount="1" falsecount="0"/>
        <line num="229" count="3" type="stmt"/>
        <line num="232" count="3" type="stmt"/>
        <line num="236" count="12" type="stmt"/>
        <line num="239" count="9" type="stmt"/>
      </file>
    </package>
    <package name="globals">
      <metrics statements="318" coveredstatements="317" conditionals="58" coveredconditionals="42" methods="100" coveredmethods="95"/>
      <file name="errors.ts" path="/home/yangren/git/lisn.js/packages/lisn.js/src/ts/globals/errors.ts">
        <metrics statements="8" coveredstatements="8" conditionals="2" coveredconditionals="0" methods="2" coveredmethods="2"/>
        <line num="5" count="92" type="stmt"/>
        <line num="10" count="92" type="stmt"/>
        <line num="15" count="92" type="stmt"/>
        <line num="17" count="164" type="stmt"/>
        <line num="18" count="164" type="stmt"/>
        <line num="25" count="92" type="stmt"/>
        <line num="27" count="1" type="stmt"/>
        <line num="28" count="1" type="stmt"/>
      </file>
      <file name="minification-constants.ts" path="/home/yangren/git/lisn.js/packages/lisn.js/src/ts/globals/minification-constants.ts">
        <metrics statements="114" coveredstatements="114" conditionals="2" coveredconditionals="1" methods="0" coveredmethods="0"/>
        <line num="9" count="92" type="stmt"/>
        <line num="10" count="92" type="stmt"/>
        <line num="12" count="92" type="stmt"/>
        <line num="13" count="92" type="stmt"/>
        <line num="14" count="92" type="stmt"/>
        <line num="15" count="92" type="stmt"/>
        <line num="16" count="92" type="stmt"/>
        <line num="17" count="92" type="stmt"/>
        <line num="18" count="92" type="stmt"/>
        <line num="19" count="92" type="stmt"/>
        <line num="21" count="92" type="stmt"/>
        <line num="22" count="92" type="stmt"/>
        <line num="24" count="92" type="stmt"/>
        <line num="25" count="92" type="stmt"/>
        <line num="26" count="92" type="stmt"/>
        <line num="28" count="92" type="stmt"/>
        <line num="29" count="92" type="stmt"/>
        <line num="31" count="92" type="stmt"/>
        <line num="32" count="92" type="stmt"/>
        <line num="34" count="92" type="stmt"/>
        <line num="35" count="92" type="stmt"/>
        <line num="37" count="92" type="stmt"/>
        <line num="38" count="92" type="stmt"/>
        <line num="40" count="92" type="stmt"/>
        <line num="41" count="92" type="stmt"/>
        <line num="42" count="92" type="stmt"/>
        <line num="44" count="92" type="stmt"/>
        <line num="45" count="92" type="stmt"/>
        <line num="47" count="92" type="stmt"/>
        <line num="48" count="92" type="stmt"/>
        <line num="50" count="92" type="stmt"/>
        <line num="51" count="92" type="stmt"/>
        <line num="52" count="92" type="stmt"/>
        <line num="54" count="92" type="stmt"/>
        <line num="55" count="92" type="stmt"/>
        <line num="56" count="92" type="stmt"/>
        <line num="57" count="92" type="stmt"/>
        <line num="58" count="92" type="stmt"/>
        <line num="59" count="92" type="stmt"/>
        <line num="60" count="92" type="stmt"/>
        <line num="61" count="92" type="stmt"/>
        <line num="63" count="92" type="stmt"/>
        <line num="64" count="92" type="stmt"/>
        <line num="65" count="92" type="stmt"/>
        <line num="66" count="92" type="stmt"/>
        <line num="68" count="92" type="stmt"/>
        <line num="69" count="92" type="stmt"/>
        <line num="71" count="92" type="stmt"/>
        <line num="72" count="92" type="stmt"/>
        <line num="75" count="92" type="stmt"/>
        <line num="76" count="92" type="stmt"/>
        <line num="78" count="92" type="stmt"/>
        <line num="80" count="92" type="stmt"/>
        <line num="83" count="92" type="stmt"/>
        <line num="84" count="92" type="stmt"/>
        <line num="85" count="92" type="stmt"/>
        <line num="86" count="92" type="stmt"/>
        <line num="87" count="92" type="stmt"/>
        <line num="89" count="92" type="stmt"/>
        <line num="91" count="92" type="stmt"/>
        <line num="93" count="92" type="stmt"/>
        <line num="94" count="92" type="stmt"/>
        <line num="96" count="92" type="stmt"/>
        <line num="98" count="92" type="stmt"/>
        <line num="100" count="92" type="stmt"/>
        <line num="102" count="92" type="stmt"/>
        <line num="103" count="92" type="stmt"/>
        <line num="104" count="92" type="stmt"/>
        <line num="105" count="92" type="stmt"/>
        <line num="108" count="92" type="stmt"/>
        <line num="109" count="92" type="stmt"/>
        <line num="110" count="92" type="stmt"/>
        <line num="111" count="92" type="stmt"/>
        <line num="114" count="92" type="stmt"/>
        <line num="115" count="92" type="stmt"/>
        <line num="116" count="92" type="stmt"/>
        <line num="117" count="92" type="stmt"/>
        <line num="118" count="92" type="stmt"/>
        <line num="119" count="92" type="stmt"/>
        <line num="121" count="92" type="stmt"/>
        <line num="123" count="92" type="stmt"/>
        <line num="124" count="92" type="stmt"/>
        <line num="126" count="92" type="stmt"/>
        <line num="127" count="92" type="stmt"/>
        <line num="128" count="92" type="stmt"/>
        <line num="130" count="92" type="stmt"/>
        <line num="132" count="92" type="stmt"/>
        <line num="134" count="92" type="stmt"/>
        <line num="135" count="92" type="stmt"/>
        <line num="137" count="92" type="stmt"/>
        <line num="138" count="92" type="stmt"/>
        <line num="139" count="92" type="stmt"/>
        <line num="140" count="92" type="stmt"/>
        <line num="141" count="92" type="stmt"/>
        <line num="142" count="92" type="stmt"/>
        <line num="143" count="92" type="stmt"/>
        <line num="144" count="92" type="stmt"/>
        <line num="145" count="92" type="stmt"/>
        <line num="146" count="92" type="stmt"/>
        <line num="147" count="92" type="stmt"/>
        <line num="148" count="92" type="stmt"/>
        <line num="149" count="92" type="stmt"/>
        <line num="150" count="92" type="stmt"/>
        <line num="151" count="92" type="stmt"/>
        <line num="152" count="92" type="stmt"/>
        <line num="153" count="92" type="stmt"/>
        <line num="155" count="92" type="stmt"/>
        <line num="156" count="92" type="stmt"/>
        <line num="157" count="92" type="stmt"/>
        <line num="158" count="92" type="stmt"/>
        <line num="159" count="92" type="stmt"/>
        <line num="160" count="92" type="stmt"/>
        <line num="162" count="92" type="stmt"/>
        <line num="165" count="92" type="stmt"/>
      </file>
      <file name="minification-helpers.ts" path="/home/yangren/git/lisn.js/packages/lisn.js/src/ts/globals/minification-helpers.ts">
        <metrics statements="194" coveredstatements="193" conditionals="54" coveredconditionals="41" methods="98" coveredmethods="93"/>
        <line num="9" count="92" type="stmt"/>
        <line num="21" count="92" type="stmt"/>
        <line num="25" count="92" type="cond" truecount="3" falsecount="5"/>
        <line num="30" count="92" type="stmt"/>
        <line num="31" count="264" type="stmt"/>
        <line num="33" count="92" type="stmt"/>
        <line num="34" count="7310" type="stmt"/>
        <line num="35" count="415" type="stmt"/>
        <line num="36" count="38" type="stmt"/>
        <line num="38" count="8884" type="stmt"/>
        <line num="40" count="1215" type="stmt"/>
        <line num="42" count="1118" type="stmt"/>
        <line num="44" count="6798" type="stmt"/>
        <line num="46" count="92" type="stmt"/>
        <line num="48" count="729" type="stmt"/>
        <line num="50" count="92" type="stmt"/>
        <line num="52" count="92" type="stmt"/>
        <line num="54" count="92" type="stmt"/>
        <line num="56" count="7101" type="stmt"/>
        <line num="58" count="92" type="stmt"/>
        <line num="60" count="17346" type="stmt"/>
        <line num="62" count="92" type="stmt"/>
        <line num="64" count="92" type="stmt"/>
        <line num="65" count="1012" type="stmt"/>
        <line num="67" count="6242" type="stmt"/>
        <line num="69" count="2903" type="stmt"/>
        <line num="71" count="92" type="stmt"/>
        <line num="72" count="121" type="cond" truecount="2" falsecount="0"/>
        <line num="78" count="92" type="cond" truecount="1" falsecount="1"/>
        <line num="82" count="92" type="stmt"/>
        <line num="85" count="422" type="stmt"/>
        <line num="87" count="92" type="cond" truecount="1" falsecount="1"/>
        <line num="88" count="14" type="stmt"/>
        <line num="89" count="14" type="stmt"/>
        <line num="90" count="14" type="stmt"/>
        <line num="91" count="14" type="stmt"/>
        <line num="92" count="14" type="stmt"/>
        <line num="95" count="92" type="stmt"/>
        <line num="96" count="19044" type="cond" truecount="2" falsecount="0"/>
        <line num="98" count="92" type="stmt"/>
        <line num="99" count="11796" type="cond" truecount="2" falsecount="0"/>
        <line num="101" count="92" type="stmt"/>
        <line num="102" count="5494" type="cond" truecount="2" falsecount="0"/>
        <line num="104" count="18431" type="stmt"/>
        <line num="106" count="8686" type="stmt"/>
        <line num="108" count="92" type="stmt"/>
        <line num="109" count="26381" type="cond" truecount="2" falsecount="0"/>
        <line num="112" count="55401" type="stmt"/>
        <line num="115" count="92" type="stmt"/>
        <line num="116" count="12134" type="cond" truecount="2" falsecount="0"/>
        <line num="118" count="92" type="stmt"/>
        <line num="119" count="15381" type="stmt"/>
        <line num="121" count="92" type="stmt"/>
        <line num="124" count="92" type="stmt"/>
        <line num="125" count="5365" type="cond" truecount="2" falsecount="0"/>
        <line num="127" count="92" type="stmt"/>
        <line num="128" count="8" type="stmt"/>
        <line num="130" count="92" type="stmt"/>
        <line num="131" count="81" type="stmt"/>
        <line num="133" count="92" type="stmt"/>
        <line num="134" count="291" type="cond" truecount="2" falsecount="0"/>
        <line num="136" count="92" type="stmt"/>
        <line num="137" count="170" type="cond" truecount="2" falsecount="0"/>
        <line num="139" count="92" type="stmt"/>
        <line num="140" count="351" type="stmt"/>
        <line num="142" count="92" type="stmt"/>
        <line num="143" count="166" type="stmt"/>
        <line num="145" count="92" type="stmt"/>
        <line num="146" count="265" type="cond" truecount="2" falsecount="0"/>
        <line num="148" count="92" type="stmt"/>
        <line num="150" count="5665" type="stmt"/>
        <line num="152" count="92" type="stmt"/>
        <line num="153" count="2279" type="stmt"/>
        <line num="155" count="92" type="stmt"/>
        <line num="156" count="542" type="stmt"/>
        <line num="159" count="92" type="stmt"/>
        <line num="163" count="1307" type="stmt"/>
        <line num="165" count="92" type="stmt"/>
        <line num="167" count="92" type="stmt"/>
        <line num="169" count="92" type="stmt"/>
        <line num="170" count="31" type="stmt"/>
        <line num="174" count="92" type="stmt"/>
        <line num="175" count="311" type="stmt"/>
        <line num="187" count="92" type="stmt"/>
        <line num="188" count="171" type="stmt"/>
        <line num="190" count="92" type="stmt"/>
        <line num="191" count="18029" type="stmt"/>
        <line num="193" count="92" type="stmt"/>
        <line num="194" count="59" type="stmt"/>
        <line num="196" count="92" type="stmt"/>
        <line num="197" count="116" type="stmt"/>
        <line num="199" count="92" type="stmt"/>
        <line num="201" count="3798" type="stmt"/>
        <line num="203" count="92" type="cond" truecount="1" falsecount="0"/>
        <line num="204" count="3149" type="stmt"/>
        <line num="206" count="92" type="stmt"/>
        <line num="207" count="743" type="stmt"/>
        <line num="209" count="524" type="stmt"/>
        <line num="211" count="92" type="stmt"/>
        <line num="215" count="3091" type="stmt"/>
        <line num="217" count="92" type="stmt"/>
        <line num="224" count="6873" type="stmt"/>
        <line num="226" count="92" type="stmt"/>
        <line num="229" count="7515" type="cond" truecount="2" falsecount="0"/>
        <line num="230" count="6684" type="stmt"/>
        <line num="233" count="7515" type="cond" truecount="2" falsecount="0"/>
        <line num="236" count="92" type="stmt"/>
        <line num="237" count="3345" type="cond" truecount="1" falsecount="1"/>
        <line num="239" count="92" type="stmt"/>
        <line num="240" count="774597" type="cond" truecount="2" falsecount="0"/>
        <line num="242" count="849" type="stmt"/>
        <line num="244" count="514" type="stmt"/>
        <line num="246" count="92" type="stmt"/>
        <line num="248" count="92" type="stmt"/>
        <line num="250" count="5538" type="stmt"/>
        <line num="252" count="92" type="stmt"/>
        <line num="255" count="92" type="stmt"/>
        <line num="258" count="10038" type="stmt"/>
        <line num="261" count="1213" type="stmt"/>
        <line num="263" count="92" type="stmt"/>
        <line num="265" count="92" type="stmt"/>
        <line num="267" count="92" type="stmt"/>
        <line num="269" count="92" type="stmt"/>
        <line num="271" count="92" type="stmt"/>
        <line num="272" count="26186" type="stmt"/>
        <line num="274" count="92" type="stmt"/>
        <line num="276" count="92" type="stmt"/>
        <line num="278" count="92" type="stmt"/>
        <line num="280" count="92" type="stmt"/>
        <line num="282" count="92" type="stmt"/>
        <line num="284" count="92" type="stmt"/>
        <line num="286" count="92" type="stmt"/>
        <line num="288" count="92" type="stmt"/>
        <line num="290" count="92" type="stmt"/>
        <line num="292" count="92" type="stmt"/>
        <line num="294" count="92" type="stmt"/>
        <line num="296" count="92" type="stmt"/>
        <line num="298" count="92" type="stmt"/>
        <line num="300" count="92" type="stmt"/>
        <line num="303" count="37765" type="stmt"/>
        <line num="305" count="92" type="stmt"/>
        <line num="307" count="114709" type="stmt"/>
        <line num="309" count="92" type="stmt"/>
        <line num="310" count="5" type="cond" truecount="1" falsecount="1"/>
        <line num="312" count="92" type="stmt"/>
        <line num="313" count="1803" type="cond" truecount="2" falsecount="0"/>
        <line num="315" count="92" type="stmt"/>
        <line num="316" count="172" type="cond" truecount="1" falsecount="1"/>
        <line num="318" count="92" type="stmt"/>
        <line num="321" count="4407" type="stmt"/>
        <line num="327" count="92" type="stmt"/>
        <line num="332" count="277" type="stmt"/>
        <line num="338" count="92" type="stmt"/>
        <line num="339" count="3749" type="stmt"/>
        <line num="341" count="92" type="stmt"/>
        <line num="342" count="238" type="stmt"/>
        <line num="344" count="92" type="cond" truecount="1" falsecount="0"/>
        <line num="345" count="252" type="stmt"/>
        <line num="347" count="92" type="stmt"/>
        <line num="349" count="92" type="stmt"/>
        <line num="350" count="3715" type="stmt"/>
        <line num="352" count="92" type="stmt"/>
        <line num="353" count="343" type="stmt"/>
        <line num="355" count="92" type="stmt"/>
        <line num="358" count="4279" type="stmt"/>
        <line num="360" count="92" type="stmt"/>
        <line num="364" count="1275" type="stmt"/>
        <line num="366" count="92" type="stmt"/>
        <line num="370" count="0" type="stmt"/>
        <line num="372" count="92" type="stmt"/>
        <line num="378" count="16957" type="stmt"/>
        <line num="380" count="92" type="stmt"/>
        <line num="381" count="10385" type="stmt"/>
        <line num="383" count="92" type="stmt"/>
        <line num="385" count="1503" type="stmt"/>
        <line num="387" count="7368" type="stmt"/>
        <line num="389" count="92" type="stmt"/>
        <line num="390" count="175" type="stmt"/>
        <line num="392" count="92" type="stmt"/>
        <line num="395" count="405" type="stmt"/>
        <line num="397" count="92" type="stmt"/>
        <line num="398" count="354" type="cond" truecount="1" falsecount="1"/>
        <line num="400" count="92" type="stmt"/>
        <line num="401" count="418" type="stmt"/>
        <line num="403" count="163" type="stmt"/>
        <line num="405" count="92" type="stmt"/>
        <line num="407" count="92" type="stmt"/>
        <line num="408" count="7" type="stmt"/>
        <line num="410" count="92" type="stmt"/>
        <line num="411" count="92" type="stmt"/>
        <line num="413" count="92" type="stmt"/>
        <line num="415" count="92" type="stmt"/>
        <line num="417" count="92" type="stmt"/>
        <line num="419" count="92" type="stmt"/>
      </file>
      <file name="settings.ts" path="/home/yangren/git/lisn.js/packages/lisn.js/src/ts/globals/settings.ts">
        <metrics statements="2" coveredstatements="2" conditionals="0" coveredconditionals="0" methods="0" coveredmethods="0"/>
        <line num="5" count="92" type="stmt"/>
        <line num="31" count="92" type="stmt"/>
      </file>
    </package>
    <package name="modules">
      <metrics statements="243" coveredstatements="242" conditionals="62" coveredconditionals="59" methods="65" coveredmethods="62"/>
      <file name="bit-spaces.ts" path="/home/yangren/git/lisn.js/packages/lisn.js/src/ts/modules/bit-spaces.ts">
        <metrics statements="29" coveredstatements="29" conditionals="15" coveredconditionals="15" methods="11" coveredmethods="11"/>
        <line num="5" count="92" type="stmt"/>
        <line num="7" count="92" type="stmt"/>
        <line num="123" count="92" type="stmt"/>
        <line num="195" count="278" type="stmt"/>
        <line num="197" count="371" type="stmt"/>
        <line num="198" count="278" type="stmt"/>
        <line num="199" count="278" type="stmt"/>
        <line num="209" count="276" type="stmt"/>
        <line num="217" count="92" type="stmt"/>
        <line num="220" count="368" type="stmt"/>
        <line num="229" count="278" type="stmt"/>
        <line num="234" count="92" type="stmt"/>
        <line num="238" count="371" type="stmt"/>
        <line num="239" count="371" type="stmt"/>
        <line num="240" count="371" type="cond" truecount="1" falsecount="0"/>
        <line num="241" count="1" type="stmt"/>
        <line num="244" count="370" type="stmt"/>
        <line num="245" count="370" type="stmt"/>
        <line num="252" count="9225" type="cond" truecount="3" falsecount="0"/>
        <line num="257" count="123" type="cond" truecount="1" falsecount="0"/>
        <line num="261" count="2" type="stmt"/>
        <line num="264" count="121" type="cond" truecount="2" falsecount="0"/>
        <line num="267" count="121" type="cond" truecount="2" falsecount="0"/>
        <line num="269" count="121" type="stmt"/>
        <line num="272" count="855" type="cond" truecount="2" falsecount="0"/>
        <line num="275" count="370" type="stmt"/>
        <line num="276" count="1569" type="stmt"/>
        <line num="282" count="370" type="stmt"/>
        <line num="284" count="370" type="stmt"/>
      </file>
      <file name="callback.ts" path="/home/yangren/git/lisn.js/packages/lisn.js/src/ts/modules/callback.ts">
        <metrics statements="74" coveredstatements="74" conditionals="17" coveredconditionals="16" methods="15" coveredmethods="15"/>
        <line num="5" count="92" type="stmt"/>
        <line num="6" count="92" type="stmt"/>
        <line num="8" count="92" type="stmt"/>
        <line num="10" count="92" type="stmt"/>
        <line num="30" count="92" type="stmt"/>
        <line num="34" count="4969" type="stmt"/>
        <line num="35" count="4969" type="stmt"/>
        <line num="37" count="4969" type="cond" truecount="2" falsecount="0"/>
        <line num="39" count="4742" type="stmt"/>
        <line num="40" count="4742" type="cond" truecount="1" falsecount="0"/>
        <line num="41" count="93" type="stmt"/>
        <line num="44" count="227" type="stmt"/>
        <line num="47" count="4876" type="cond" truecount="2" falsecount="0"/>
        <line num="49" count="160" type="stmt"/>
        <line num="51" count="4876" type="stmt"/>
        <line num="53" count="2456" type="cond" truecount="1" falsecount="0"/>
        <line num="54" count="2456" type="stmt"/>
        <line num="59" count="4876" type="cond" truecount="1" falsecount="0"/>
        <line num="60" count="227" type="stmt"/>
        <line num="63" count="4876" type="stmt"/>
        <line num="77" count="92" type="stmt"/>
        <line num="83" count="92" type="stmt"/>
        <line num="92" count="92" type="stmt"/>
        <line num="156" count="92" type="stmt"/>
        <line num="163" count="4890" type="cond" truecount="1" falsecount="1"/>
        <line num="167" count="4890" type="stmt"/>
        <line num="168" count="4890" type="stmt"/>
        <line num="170" count="4890" type="stmt"/>
        <line num="172" count="4890" type="stmt"/>
        <line num="174" count="4890" type="stmt"/>
        <line num="175" count="280" type="cond" truecount="1" falsecount="0"/>
        <line num="176" count="271" type="stmt"/>
        <line num="177" count="271" type="stmt"/>
        <line num="179" count="271" type="stmt"/>
        <line num="180" count="331" type="stmt"/>
        <line num="183" count="271" type="stmt"/>
        <line num="187" count="4890" type="stmt"/>
        <line num="189" count="4890" type="stmt"/>
        <line num="190" count="2481" type="stmt"/>
        <line num="191" count="2481" type="stmt"/>
        <line num="192" count="2481" type="cond" truecount="1" falsecount="0"/>
        <line num="193" count="10" type="stmt"/>
        <line num="194" count="10" type="stmt"/>
        <line num="197" count="2471" type="stmt"/>
        <line num="201" count="2468" type="stmt"/>
        <line num="202" count="2468" type="stmt"/>
        <line num="204" count="6" type="stmt"/>
        <line num="207" count="2466" type="cond" truecount="1" falsecount="0"/>
        <line num="208" count="2" type="stmt"/>
        <line num="211" count="2466" type="stmt"/>
        <line num="217" count="4890" type="stmt"/>
        <line num="232" count="92" type="stmt"/>
        <line num="234" count="92" type="stmt"/>
        <line num="235" count="92" type="stmt"/>
        <line num="237" count="92" type="stmt"/>
        <line num="240" count="2151" type="stmt"/>
        <line num="241" count="2151" type="stmt"/>
        <line num="243" count="2468" type="stmt"/>
        <line num="244" count="2468" type="stmt"/>
        <line num="247" count="2466" type="stmt"/>
        <line num="251" count="92" type="stmt"/>
        <line num="253" count="271" type="stmt"/>
        <line num="254" count="271" type="cond" truecount="1" falsecount="0"/>
        <line num="256" count="122" type="stmt"/>
        <line num="257" count="10" type="cond" truecount="1" falsecount="0"/>
        <line num="258" count="3" type="stmt"/>
        <line num="262" count="122" type="stmt"/>
        <line num="267" count="2471" type="stmt"/>
        <line num="268" count="2471" type="cond" truecount="1" falsecount="0"/>
        <line num="269" count="1108" type="stmt"/>
        <line num="270" count="1108" type="stmt"/>
        <line num="273" count="2471" type="stmt"/>
        <line num="274" count="2471" type="cond" truecount="1" falsecount="0"/>
        <line num="275" count="2151" type="stmt"/>
      </file>
      <file name="x-intersection-observer.ts" path="/home/yangren/git/lisn.js/packages/lisn.js/src/ts/modules/x-intersection-observer.ts">
        <metrics statements="37" coveredstatements="37" conditionals="3" coveredconditionals="3" methods="10" coveredmethods="10"/>
        <line num="5" count="92" type="stmt"/>
        <line num="19" count="92" type="stmt"/>
        <line num="67" count="52" type="stmt"/>
        <line num="68" count="52" type="stmt"/>
        <line num="70" count="52" type="stmt"/>
        <line num="71" count="123" type="stmt"/>
        <line num="73" count="123" type="stmt"/>
        <line num="74" count="170" type="cond" truecount="1" falsecount="0"/>
        <line num="75" count="99" type="stmt"/>
        <line num="76" count="99" type="stmt"/>
        <line num="79" count="71" type="stmt"/>
        <line num="82" count="123" type="cond" truecount="1" falsecount="0"/>
        <line num="83" count="37" type="stmt"/>
        <line num="87" count="52" type="stmt"/>
        <line num="92" count="52" type="stmt"/>
        <line num="93" count="52" type="stmt"/>
        <line num="94" count="1" type="stmt"/>
        <line num="96" count="52" type="stmt"/>
        <line num="97" count="1" type="stmt"/>
        <line num="100" count="52" type="stmt"/>
        <line num="101" count="106" type="stmt"/>
        <line num="102" count="130" type="stmt"/>
        <line num="103" count="130" type="stmt"/>
        <line num="107" count="52" type="stmt"/>
        <line num="108" count="153" type="stmt"/>
        <line num="111" count="169" type="cond" truecount="1" falsecount="0"/>
        <line num="112" count="69" type="stmt"/>
        <line num="115" count="100" type="stmt"/>
        <line num="116" count="100" type="stmt"/>
        <line num="120" count="52" type="stmt"/>
        <line num="121" count="61" type="stmt"/>
        <line num="122" count="70" type="stmt"/>
        <line num="123" count="70" type="stmt"/>
        <line num="127" count="52" type="stmt"/>
        <line num="128" count="1" type="stmt"/>
        <line num="129" count="1" type="stmt"/>
        <line num="132" count="52" type="stmt"/>
      </file>
      <file name="x-map.ts" path="/home/yangren/git/lisn.js/packages/lisn.js/src/ts/modules/x-map.ts">
        <metrics statements="46" coveredstatements="46" conditionals="12" coveredconditionals="12" methods="21" coveredmethods="18"/>
        <line num="5" count="92" type="stmt"/>
        <line num="6" count="92" type="stmt"/>
        <line num="23" count="92" type="stmt"/>
        <line num="24" count="4726" type="stmt"/>
        <line num="32" count="92" type="stmt"/>
        <line num="33" count="92" type="stmt"/>
        <line num="34" count="196" type="stmt"/>
        <line num="35" count="3957" type="stmt"/>
        <line num="43" count="92" type="stmt"/>
        <line num="45" count="883" type="stmt"/>
        <line num="53" count="92" type="stmt"/>
        <line num="54" count="92" type="stmt"/>
        <line num="55" count="1" type="stmt"/>
        <line num="56" count="1" type="stmt"/>
        <line num="58" count="92" type="stmt"/>
        <line num="99" count="19643" type="stmt"/>
        <line num="100" count="5616" type="stmt"/>
        <line num="101" count="5616" type="stmt"/>
        <line num="102" count="5616" type="stmt"/>
        <line num="104" count="5616" type="stmt"/>
        <line num="105" count="13362" type="stmt"/>
        <line num="106" count="13362" type="cond" truecount="1" falsecount="0"/>
        <line num="107" count="9477" type="stmt"/>
        <line num="108" count="9477" type="stmt"/>
        <line num="110" count="13362" type="stmt"/>
        <line num="113" count="5616" type="stmt"/>
        <line num="114" count="2842" type="stmt"/>
        <line num="115" count="2842" type="cond" truecount="3" falsecount="0"/>
        <line num="116" count="1784" type="stmt"/>
        <line num="119" count="2842" type="cond" truecount="1" falsecount="0"/>
        <line num="127" count="2226" type="stmt"/>
        <line num="142" count="92" type="stmt"/>
        <line num="168" count="92" type="stmt"/>
        <line num="176" count="92" type="stmt"/>
        <line num="185" count="4732" type="stmt"/>
        <line num="186" count="4732" type="stmt"/>
        <line num="188" count="5348" type="stmt"/>
        <line num="189" count="4732" type="stmt"/>
        <line num="190" count="4732" type="stmt"/>
        <line num="191" count="4732" type="stmt"/>
        <line num="192" count="4732" type="stmt"/>
        <line num="193" count="4732" type="stmt"/>
        <line num="206" count="92" type="stmt"/>
        <line num="213" count="92" type="stmt"/>
        <line num="222" count="884" type="stmt"/>
        <line num="223" count="884" type="stmt"/>
      </file>
      <file name="x-resize-observer.ts" path="/home/yangren/git/lisn.js/packages/lisn.js/src/ts/modules/x-resize-observer.ts">
        <metrics statements="57" coveredstatements="56" conditionals="15" coveredconditionals="13" methods="8" coveredmethods="8"/>
        <line num="5" count="92" type="stmt"/>
        <line num="7" count="92" type="stmt"/>
        <line num="9" count="92" type="stmt"/>
        <line num="24" count="92" type="stmt"/>
        <line num="53" count="69" type="cond" truecount="1" falsecount="1"/>
        <line num="57" count="69" type="stmt"/>
        <line num="62" count="69" type="stmt"/>
        <line num="64" count="69" type="stmt"/>
        <line num="66" count="69" type="cond" truecount="2" falsecount="0"/>
        <line num="68" count="69" type="stmt"/>
        <line num="69" count="69" type="stmt"/>
        <line num="72" count="388" type="stmt"/>
        <line num="73" count="636" type="stmt"/>
        <line num="74" count="636" type="stmt"/>
        <line num="75" count="636" type="cond" truecount="1" falsecount="0"/>
        <line num="76" count="284" type="cond" truecount="2" falsecount="0"/>
        <line num="78" count="142" type="stmt"/>
        <line num="85" count="142" type="stmt"/>
        <line num="88" count="284" type="stmt"/>
        <line num="91" count="352" type="stmt"/>
        <line num="94" count="388" type="stmt"/>
        <line num="100" count="388" type="cond" truecount="3" falsecount="0"/>
        <line num="101" count="87" type="stmt"/>
        <line num="102" count="87" type="cond" truecount="1" falsecount="0"/>
        <line num="103" count="87" type="stmt"/>
        <line num="104" count="87" type="stmt"/>
        <line num="107" count="87" type="stmt"/>
        <line num="112" count="69" type="stmt"/>
        <line num="113" count="69" type="stmt"/>
        <line num="114" count="69" type="cond" truecount="2" falsecount="1"/>
        <line num="115" count="0" type="stmt"/>
        <line num="120" count="69" type="stmt"/>
        <line num="121" count="174" type="stmt"/>
        <line num="122" count="174" type="stmt"/>
        <line num="123" count="174" type="stmt"/>
        <line num="128" count="69" type="stmt"/>
        <line num="129" count="7" type="stmt"/>
        <line num="131" count="7" type="stmt"/>
        <line num="132" count="31" type="stmt"/>
        <line num="136" count="69" type="stmt"/>
        <line num="137" count="162" type="stmt"/>
        <line num="138" count="162" type="stmt"/>
        <line num="141" count="178" type="cond" truecount="1" falsecount="0"/>
        <line num="142" count="35" type="stmt"/>
        <line num="145" count="143" type="stmt"/>
        <line num="146" count="143" type="stmt"/>
        <line num="150" count="69" type="stmt"/>
        <line num="151" count="30" type="stmt"/>
        <line num="153" count="30" type="stmt"/>
        <line num="154" count="39" type="stmt"/>
        <line num="155" count="39" type="stmt"/>
        <line num="156" count="39" type="stmt"/>
        <line num="160" count="69" type="stmt"/>
        <line num="161" count="1" type="stmt"/>
        <line num="162" count="1" type="stmt"/>
        <line num="163" count="1" type="stmt"/>
        <line num="164" count="1" type="stmt"/>
      </file>
    </package>
    <package name="triggers">
      <metrics statements="287" coveredstatements="259" conditionals="132" coveredconditionals="105" methods="68" coveredmethods="67"/>
      <file name="check-trigger.ts" path="/home/yangren/git/lisn.js/packages/lisn.js/src/ts/triggers/check-trigger.ts">
        <metrics statements="21" coveredstatements="20" conditionals="11" coveredconditionals="10" methods="8" coveredmethods="8"/>
        <line num="9" count="92" type="stmt"/>
        <line num="11" count="92" type="stmt"/>
        <line num="12" count="92" type="stmt"/>
        <line num="16" count="92" type="stmt"/>
        <line num="99" count="92" type="stmt"/>
        <line num="103" count="184" type="stmt"/>
        <line num="106" count="4" type="stmt"/>
        <line num="122" count="7" type="stmt"/>
        <line num="123" count="7" type="stmt"/>
        <line num="125" count="7" type="cond" truecount="0" falsecount="1"/>
        <line num="126" count="0" type="stmt"/>
        <line num="129" count="7" type="cond" truecount="2" falsecount="0"/>
        <line num="131" count="7" type="cond" truecount="1" falsecount="0"/>
        <line num="132" count="3" type="stmt"/>
        <line num="135" count="6" type="cond" truecount="2" falsecount="0"/>
        <line num="137" count="4" type="stmt"/>
        <line num="139" count="4" type="stmt"/>
        <line num="140" count="1" type="stmt"/>
        <line num="160" count="92" type="stmt"/>
        <line num="163" count="4" type="stmt"/>
        <line num="165" count="4" type="cond" truecount="4" falsecount="0"/>
      </file>
      <file name="layout-trigger.ts" path="/home/yangren/git/lisn.js/packages/lisn.js/src/ts/triggers/layout-trigger.ts">
        <metrics statements="37" coveredstatements="33" conditionals="18" coveredconditionals="14" methods="7" coveredmethods="7"/>
        <line num="11" count="92" type="stmt"/>
        <line num="20" count="92" type="stmt"/>
        <line num="21" count="92" type="stmt"/>
        <line num="27" count="92" type="stmt"/>
        <line num="31" count="92" type="stmt"/>
        <line num="33" count="92" type="stmt"/>
        <line num="135" count="92" type="stmt"/>
        <line num="139" count="184" type="stmt"/>
        <line num="142" count="7" type="stmt"/>
        <line num="154" count="7" type="cond" truecount="2" falsecount="0"/>
        <line num="174" count="8" type="cond" truecount="2" falsecount="0"/>
        <line num="175" count="8" type="cond" truecount="1" falsecount="0"/>
        <line num="176" count="1" type="stmt"/>
        <line num="179" count="7" type="stmt"/>
        <line num="180" count="7" type="stmt"/>
        <line num="182" count="7" type="cond" truecount="0" falsecount="1"/>
        <line num="183" count="0" type="stmt"/>
        <line num="186" count="7" type="stmt"/>
        <line num="187" count="7" type="stmt"/>
        <line num="188" count="7" type="stmt"/>
        <line num="189" count="7" type="stmt"/>
        <line num="191" count="7" type="cond" truecount="1" falsecount="1"/>
        <line num="192" count="7" type="stmt"/>
        <line num="193" count="7" type="stmt"/>
        <line num="195" count="0" type="stmt"/>
        <line num="196" count="0" type="stmt"/>
        <line num="199" count="7" type="stmt"/>
        <line num="200" count="7" type="stmt"/>
        <line num="202" count="7" type="stmt"/>
        <line num="204" count="7" type="cond" truecount="2" falsecount="1"/>
        <line num="205" count="7" type="stmt"/>
        <line num="241" count="92" type="stmt"/>
        <line num="242" count="7" type="stmt"/>
        <line num="244" count="7" type="cond" truecount="2" falsecount="0"/>
        <line num="247" count="7" type="cond" truecount="2" falsecount="1"/>
        <line num="248" count="0" type="stmt"/>
        <line num="250" count="7" type="stmt"/>
      </file>
      <file name="load-trigger.ts" path="/home/yangren/git/lisn.js/packages/lisn.js/src/ts/triggers/load-trigger.ts">
        <metrics statements="11" coveredstatements="11" conditionals="1" coveredconditionals="1" methods="4" coveredmethods="4"/>
        <line num="8" count="92" type="stmt"/>
        <line num="10" count="92" type="stmt"/>
        <line num="14" count="92" type="stmt"/>
        <line num="57" count="92" type="stmt"/>
        <line num="61" count="184" type="stmt"/>
        <line num="64" count="3" type="stmt"/>
        <line num="75" count="4" type="stmt"/>
        <line num="76" count="4" type="stmt"/>
        <line num="78" count="4" type="cond" truecount="1" falsecount="0"/>
        <line num="79" count="1" type="stmt"/>
        <line num="82" count="3" type="stmt"/>
      </file>
      <file name="pointer-trigger.ts" path="/home/yangren/git/lisn.js/packages/lisn.js/src/ts/triggers/pointer-trigger.ts">
        <metrics statements="37" coveredstatements="36" conditionals="12" coveredconditionals="11" methods="15" coveredmethods="15"/>
        <line num="19" count="92" type="stmt"/>
        <line num="20" count="92" type="stmt"/>
        <line num="22" count="92" type="stmt"/>
        <line num="23" count="92" type="stmt"/>
        <line num="24" count="92" type="stmt"/>
        <line num="26" count="92" type="stmt"/>
        <line num="33" count="92" type="stmt"/>
        <line num="119" count="92" type="stmt"/>
        <line num="123" count="184" type="stmt"/>
        <line num="126" count="4" type="stmt"/>
        <line num="142" count="7" type="stmt"/>
        <line num="143" count="7" type="stmt"/>
        <line num="145" count="7" type="stmt"/>
        <line num="229" count="92" type="stmt"/>
        <line num="233" count="184" type="stmt"/>
        <line num="236" count="4" type="stmt"/>
        <line num="252" count="7" type="stmt"/>
        <line num="253" count="7" type="stmt"/>
        <line num="255" count="7" type="stmt"/>
        <line num="336" count="92" type="stmt"/>
        <line num="340" count="184" type="stmt"/>
        <line num="343" count="4" type="stmt"/>
        <line num="359" count="7" type="stmt"/>
        <line num="360" count="7" type="stmt"/>
        <line num="362" count="7" type="stmt"/>
        <line num="395" count="92" type="stmt"/>
        <line num="398" count="12" type="stmt"/>
        <line num="400" count="12" type="cond" truecount="4" falsecount="0"/>
        <line num="408" count="92" type="stmt"/>
        <line num="415" count="21" type="cond" truecount="0" falsecount="1"/>
        <line num="416" count="0" type="stmt"/>
        <line num="419" count="21" type="cond" truecount="2" falsecount="0"/>
        <line num="426" count="21" type="cond" truecount="2" falsecount="0"/>
        <line num="427" count="7" type="stmt"/>
        <line num="429" count="14" type="stmt"/>
        <line num="430" count="14" type="stmt"/>
        <line num="433" count="21" type="stmt"/>
      </file>
      <file name="scroll-trigger.ts" path="/home/yangren/git/lisn.js/packages/lisn.js/src/ts/triggers/scroll-trigger.ts">
        <metrics statements="29" coveredstatements="26" conditionals="11" coveredconditionals="7" methods="6" coveredmethods="6"/>
        <line num="10" count="92" type="stmt"/>
        <line num="11" count="92" type="stmt"/>
        <line num="19" count="92" type="stmt"/>
        <line num="23" count="92" type="stmt"/>
        <line num="24" count="92" type="stmt"/>
        <line num="28" count="92" type="stmt"/>
        <line num="30" count="92" type="stmt"/>
        <line num="117" count="92" type="stmt"/>
        <line num="121" count="184" type="stmt"/>
        <line num="124" count="5" type="stmt"/>
        <line num="147" count="10" type="cond" truecount="1" falsecount="1"/>
        <line num="149" count="10" type="stmt"/>
        <line num="150" count="10" type="cond" truecount="0" falsecount="1"/>
        <line num="151" count="0" type="stmt"/>
        <line num="152" count="0" type="stmt"/>
        <line num="155" count="10" type="stmt"/>
        <line num="156" count="10" type="stmt"/>
        <line num="158" count="10" type="cond" truecount="0" falsecount="1"/>
        <line num="159" count="0" type="stmt"/>
        <line num="162" count="10" type="stmt"/>
        <line num="163" count="10" type="stmt"/>
        <line num="164" count="10" type="stmt"/>
        <line num="166" count="10" type="cond" truecount="1" falsecount="1"/>
        <line num="170" count="9" type="stmt"/>
        <line num="176" count="9" type="cond" truecount="1" falsecount="0"/>
        <line num="177" count="9" type="stmt"/>
        <line num="222" count="92" type="stmt"/>
        <line num="223" count="5" type="stmt"/>
        <line num="225" count="5" type="cond" truecount="4" falsecount="0"/>
      </file>
      <file name="trigger.ts" path="/home/yangren/git/lisn.js/packages/lisn.js/src/ts/triggers/trigger.ts">
        <metrics statements="98" coveredstatements="93" conditionals="44" coveredconditionals="40" methods="18" coveredmethods="18"/>
        <line num="55" count="92" type="stmt"/>
        <line num="56" count="92" type="stmt"/>
        <line num="58" count="92" type="stmt"/>
        <line num="60" count="92" type="stmt"/>
        <line num="62" count="92" type="stmt"/>
        <line num="63" count="92" type="stmt"/>
        <line num="64" count="92" type="stmt"/>
        <line num="65" count="92" type="stmt"/>
        <line num="66" count="92" type="stmt"/>
        <line num="72" count="92" type="stmt"/>
        <line num="74" count="92" type="stmt"/>
        <line num="83" count="92" type="stmt"/>
        <line num="104" count="92" type="stmt"/>
        <line num="131" count="81" type="stmt"/>
        <line num="132" count="81" type="cond" truecount="1" falsecount="0"/>
        <line num="133" count="66" type="stmt"/>
        <line num="135" count="15" type="stmt"/>
        <line num="139" count="184" type="stmt"/>
        <line num="141" count="3" type="stmt"/>
        <line num="153" count="108" type="stmt"/>
        <line num="155" count="108" type="cond" truecount="1" falsecount="1"/>
        <line num="162" count="108" type="cond" truecount="2" falsecount="0"/>
        <line num="163" count="108" type="cond" truecount="2" falsecount="0"/>
        <line num="164" count="108" type="cond" truecount="2" falsecount="0"/>
        <line num="165" count="108" type="cond" truecount="2" falsecount="0"/>
        <line num="166" count="108" type="cond" truecount="2" falsecount="0"/>
        <line num="171" count="108" type="stmt"/>
        <line num="173" count="108" type="stmt"/>
        <line num="178" count="117" type="cond" truecount="1" falsecount="0"/>
        <line num="179" count="3" type="stmt"/>
        <line num="182" count="114" type="stmt"/>
        <line num="183" count="114" type="stmt"/>
        <line num="184" count="114" type="stmt"/>
        <line num="189" count="114" type="cond" truecount="1" falsecount="0"/>
        <line num="190" count="19" type="stmt"/>
        <line num="191" count="19" type="cond" truecount="0" falsecount="1"/>
        <line num="193" count="0" type="stmt"/>
        <line num="196" count="0" type="stmt"/>
        <line num="200" count="114" type="stmt"/>
        <line num="201" count="120" type="stmt"/>
        <line num="202" count="120" type="stmt"/>
        <line num="205" count="114" type="stmt"/>
        <line num="207" count="114" type="cond" truecount="3" falsecount="0"/>
        <line num="208" count="3" type="stmt"/>
        <line num="212" count="108" type="stmt"/>
        <line num="213" count="60" type="stmt"/>
        <line num="216" count="61" type="stmt"/>
        <line num="222" count="108" type="stmt"/>
        <line num="223" count="37" type="cond" truecount="1" falsecount="0"/>
        <line num="224" count="36" type="stmt"/>
        <line num="227" count="37" type="stmt"/>
        <line num="234" count="108" type="stmt"/>
        <line num="235" count="21" type="stmt"/>
        <line num="238" count="22" type="stmt"/>
        <line num="246" count="108" type="stmt"/>
        <line num="247" count="12" type="stmt"/>
        <line num="248" count="12" type="stmt"/>
        <line num="249" count="12" type="stmt"/>
        <line num="250" count="12" type="stmt"/>
        <line num="253" count="108" type="stmt"/>
        <line num="254" count="108" type="stmt"/>
        <line num="255" count="108" type="cond" truecount="2" falsecount="0"/>
        <line num="256" count="108" type="stmt"/>
        <line num="257" count="108" type="cond" truecount="1" falsecount="1"/>
        <line num="358" count="92" type="stmt"/>
        <line num="363" count="1673" type="stmt"/>
        <line num="365" count="1673" type="stmt"/>
        <line num="366" count="60" type="stmt"/>
        <line num="367" count="60" type="stmt"/>
        <line num="368" count="60" type="cond" truecount="2" falsecount="0"/>
        <line num="372" count="60" type="stmt"/>
        <line num="378" count="60" type="stmt"/>
        <line num="379" count="13" type="cond" truecount="1" falsecount="0"/>
        <line num="380" count="13" type="stmt"/>
        <line num="384" count="60" type="stmt"/>
        <line num="385" count="63" type="stmt"/>
        <line num="386" count="63" type="stmt"/>
        <line num="388" count="63" type="cond" truecount="2" falsecount="0"/>
        <line num="390" count="63" type="stmt"/>
        <line num="399" count="63" type="cond" truecount="2" falsecount="0"/>
        <line num="401" count="63" type="stmt"/>
        <line num="402" count="63" type="stmt"/>
        <line num="407" count="63" type="stmt"/>
        <line num="414" count="63" type="stmt"/>
        <line num="415" count="63" type="stmt"/>
        <line num="419" count="0" type="cond" truecount="0" falsecount="1"/>
        <line num="421" count="0" type="stmt"/>
        <line num="424" count="0" type="stmt"/>
        <line num="428" count="63" type="stmt"/>
        <line num="431" count="56" type="stmt"/>
        <line num="434" count="1673" type="stmt"/>
        <line num="441" count="92" type="stmt"/>
        <line num="442" count="92" type="stmt"/>
        <line num="443" count="92" type="stmt"/>
        <line num="444" count="92" type="stmt"/>
        <line num="446" count="92" type="stmt"/>
        <line num="449" count="60" type="stmt"/>
        <line num="457" count="63" type="cond" truecount="4" falsecount="0"/>
      </file>
      <file name="view-trigger.ts" path="/home/yangren/git/lisn.js/packages/lisn.js/src/ts/triggers/view-trigger.ts">
        <metrics statements="54" coveredstatements="40" conditionals="35" coveredconditionals="22" methods="10" coveredmethods="9"/>
        <line num="11" count="92" type="stmt"/>
        <line num="12" count="92" type="stmt"/>
        <line num="16" count="92" type="stmt"/>
        <line num="17" count="92" type="stmt"/>
        <line num="19" count="92" type="stmt"/>
        <line num="20" count="92" type="stmt"/>
        <line num="21" count="92" type="stmt"/>
        <line num="26" count="92" type="stmt"/>
        <line num="33" count="92" type="stmt"/>
        <line num="34" count="92" type="stmt"/>
        <line num="36" count="92" type="stmt"/>
        <line num="38" count="92" type="stmt"/>
        <line num="46" count="92" type="stmt"/>
        <line num="155" count="92" type="stmt"/>
        <line num="159" count="184" type="stmt"/>
        <line num="162" count="9" type="stmt"/>
        <line num="181" count="11" type="stmt"/>
        <line num="183" count="11" type="cond" truecount="1" falsecount="1"/>
        <line num="189" count="11" type="cond" truecount="1" falsecount="1"/>
        <line num="191" count="11" type="cond" truecount="0" falsecount="1"/>
        <line num="192" count="0" type="stmt"/>
        <line num="195" count="11" type="stmt"/>
        <line num="201" count="11" type="cond" truecount="2" falsecount="0"/>
        <line num="202" count="11" type="cond" truecount="2" falsecount="0"/>
        <line num="203" count="11" type="stmt"/>
        <line num="205" count="11" type="stmt"/>
        <line num="206" count="11" type="cond" truecount="1" falsecount="1"/>
        <line num="207" count="0" type="stmt"/>
        <line num="209" count="0" type="stmt"/>
        <line num="211" count="11" type="stmt"/>
        <line num="212" count="11" type="stmt"/>
        <line num="213" count="11" type="stmt"/>
        <line num="218" count="11" type="stmt"/>
        <line num="219" count="11" type="stmt"/>
        <line num="220" count="11" type="cond" truecount="0" falsecount="1"/>
        <line num="224" count="0" type="stmt"/>
        <line num="225" count="0" type="stmt"/>
        <line num="229" count="11" type="cond" truecount="1" falsecount="1"/>
        <line num="230" count="0" type="stmt"/>
        <line num="232" count="11" type="stmt"/>
        <line num="295" count="92" type="stmt"/>
        <line num="296" count="9" type="stmt"/>
        <line num="298" count="9" type="cond" truecount="4" falsecount="0"/>
        <line num="304" count="9" type="cond" truecount="4" falsecount="0"/>
        <line num="308" count="9" type="stmt"/>
        <line num="312" count="92" type="stmt"/>
        <line num="313" count="0" type="stmt"/>
        <line num="314" count="0" type="cond" truecount="0" falsecount="1"/>
        <line num="320" count="0" type="stmt"/>
        <line num="321" count="0" type="stmt"/>
        <line num="322" count="0" type="cond" truecount="0" falsecount="2"/>
        <line num="329" count="0" type="stmt"/>
        <line num="331" count="0" type="stmt"/>
        <line num="335" count="0" type="stmt"/>
      </file>
    </package>
    <package name="utils">
      <metrics statements="1760" coveredstatements="1662" conditionals="823" coveredconditionals="713" methods="371" coveredmethods="343"/>
      <file name="animations.ts" path="/home/yangren/git/lisn.js/packages/lisn.js/src/ts/utils/animations.ts">
        <metrics statements="9" coveredstatements="9" conditionals="1" coveredconditionals="0" methods="2" coveredmethods="2"/>
        <line num="5" count="92" type="stmt"/>
        <line num="6" count="92" type="stmt"/>
        <line num="8" count="92" type="stmt"/>
        <line num="13" count="92" type="stmt"/>
        <line num="34" count="92" type="stmt"/>
        <line num="67" count="92" type="stmt"/>
        <line num="68" count="9" type="stmt"/>
        <line num="76" count="9" type="stmt"/>
        <line num="78" count="9" type="stmt"/>
      </file>
      <file name="css-alter.ts" path="/home/yangren/git/lisn.js/packages/lisn.js/src/ts/utils/css-alter.ts">
        <metrics statements="204" coveredstatements="176" conditionals="63" coveredconditionals="46" methods="68" coveredmethods="62"/>
        <line num="19" count="92" type="stmt"/>
        <line num="20" count="92" type="stmt"/>
        <line num="24" count="92" type="stmt"/>
        <line num="29" count="92" type="stmt"/>
        <line num="30" count="92" type="stmt"/>
        <line num="31" count="92" type="stmt"/>
        <line num="32" count="92" type="stmt"/>
        <line num="46" count="92" type="stmt"/>
        <line num="51" count="187" type="stmt"/>
        <line num="54" count="187" type="stmt"/>
        <line num="55" count="187" type="cond" truecount="1" falsecount="0"/>
        <line num="56" count="59" type="stmt"/>
        <line num="57" count="59" type="stmt"/>
        <line num="60" count="187" type="cond" truecount="1" falsecount="0"/>
        <line num="61" count="143" type="stmt"/>
        <line num="62" count="143" type="stmt"/>
        <line num="65" count="187" type="stmt"/>
        <line num="114" count="92" type="stmt"/>
        <line num="120" count="187" type="stmt"/>
        <line num="122" count="187" type="cond" truecount="1" falsecount="0"/>
        <line num="123" count="56" type="stmt"/>
        <line num="126" count="184" type="stmt"/>
        <line num="127" count="184" type="cond" truecount="1" falsecount="0"/>
        <line num="129" count="15" type="stmt"/>
        <line num="132" count="169" type="stmt"/>
        <line num="133" count="169" type="stmt"/>
        <line num="135" count="169" type="cond" truecount="1" falsecount="0"/>
        <line num="136" count="44" type="stmt"/>
        <line num="141" count="125" type="stmt"/>
        <line num="142" count="125" type="cond" truecount="1" falsecount="0"/>
        <line num="143" count="125" type="stmt"/>
        <line num="146" count="125" type="stmt"/>
        <line num="161" count="92" type="stmt"/>
        <line num="162" count="7" type="stmt"/>
        <line num="172" count="92" type="cond" truecount="1" falsecount="0"/>
        <line num="173" count="14" type="stmt"/>
        <line num="182" count="92" type="stmt"/>
        <line num="183" count="5" type="stmt"/>
        <line num="193" count="92" type="cond" truecount="1" falsecount="0"/>
        <line num="194" count="48" type="stmt"/>
        <line num="205" count="92" type="stmt"/>
        <line num="206" count="3" type="stmt"/>
        <line num="216" count="92" type="cond" truecount="1" falsecount="0"/>
        <line num="217" count="26" type="stmt"/>
        <line num="226" count="92" type="stmt"/>
        <line num="227" count="3" type="stmt"/>
        <line num="237" count="92" type="cond" truecount="1" falsecount="0"/>
        <line num="238" count="85" type="stmt"/>
        <line num="248" count="92" type="stmt"/>
        <line num="249" count="2" type="cond" truecount="2" falsecount="0"/>
        <line num="261" count="92" type="cond" truecount="1" falsecount="0"/>
        <line num="262" count="6" type="cond" truecount="2" falsecount="0"/>
        <line num="274" count="92" type="stmt"/>
        <line num="275" count="2" type="cond" truecount="2" falsecount="0"/>
        <line num="285" count="92" type="cond" truecount="1" falsecount="0"/>
        <line num="286" count="6" type="cond" truecount="2" falsecount="0"/>
        <line num="295" count="92" type="stmt"/>
        <line num="296" count="108" type="stmt"/>
        <line num="303" count="92" type="stmt"/>
        <line num="304" count="35" type="stmt"/>
        <line num="311" count="92" type="stmt"/>
        <line num="312" count="658" type="stmt"/>
        <line num="319" count="92" type="stmt"/>
        <line num="320" count="2013" type="stmt"/>
        <line num="327" count="92" type="stmt"/>
        <line num="328" count="1462" type="stmt"/>
        <line num="335" count="92" type="stmt"/>
        <line num="336" count="489" type="stmt"/>
        <line num="343" count="92" type="stmt"/>
        <line num="344" count="129" type="stmt"/>
        <line num="353" count="92" type="stmt"/>
        <line num="357" count="8" type="stmt"/>
        <line num="364" count="92" type="stmt"/>
        <line num="365" count="8" type="stmt"/>
        <line num="377" count="92" type="stmt"/>
        <line num="378" count="3560" type="stmt"/>
        <line num="390" count="92" type="stmt"/>
        <line num="391" count="10" type="stmt"/>
        <line num="392" count="10" type="cond" truecount="2" falsecount="0"/>
        <line num="399" count="92" type="stmt"/>
        <line num="409" count="92" type="stmt"/>
        <line num="410" count="1255" type="stmt"/>
        <line num="417" count="92" type="stmt"/>
        <line num="418" count="1119" type="stmt"/>
        <line num="428" count="92" type="cond" truecount="1" falsecount="0"/>
        <line num="429" count="1141" type="stmt"/>
        <line num="435" count="92" type="stmt"/>
        <line num="442" count="92" type="cond" truecount="1" falsecount="0"/>
        <line num="443" count="1004" type="stmt"/>
        <line num="449" count="92" type="stmt"/>
        <line num="459" count="92" type="stmt"/>
        <line num="460" count="443" type="stmt"/>
        <line num="466" count="92" type="stmt"/>
        <line num="473" count="92" type="stmt"/>
        <line num="474" count="336" type="stmt"/>
        <line num="480" count="92" type="stmt"/>
        <line num="490" count="92" type="stmt"/>
        <line num="491" count="307" type="stmt"/>
        <line num="498" count="92" type="stmt"/>
        <line num="499" count="243" type="stmt"/>
        <line num="507" count="92" type="stmt"/>
        <line num="508" count="317" type="stmt"/>
        <line num="515" count="92" type="stmt"/>
        <line num="516" count="329" type="stmt"/>
        <line num="524" count="92" type="stmt"/>
        <line num="525" count="0" type="stmt"/>
        <line num="532" count="92" type="stmt"/>
        <line num="533" count="0" type="stmt"/>
[...]
        <line num="212" count="20" type="stmt"/>
        <line num="214" count="20" type="cond" truecount="2" falsecount="0"/>
        <line num="215" count="20" type="cond" truecount="1" falsecount="0"/>
        <line num="216" count="1" type="stmt"/>
        <line num="219" count="19" type="stmt"/>
        <line num="222" count="20" type="stmt"/>
        <line num="223" count="20" type="stmt"/>
        <line num="224" count="20" type="stmt"/>
        <line num="225" count="20" type="stmt"/>
        <line num="226" count="20" type="stmt"/>
        <line num="228" count="20" type="cond" truecount="1" falsecount="0"/>
        <line num="229" count="179" type="cond" truecount="2" falsecount="0"/>
        <line num="268" count="92" type="stmt"/>
        <line num="269" count="92" type="stmt"/>
        <line num="270" count="92" type="stmt"/>
        <line num="275" count="92" type="stmt"/>
        <line num="276" count="92" type="stmt"/>
        <line num="278" count="92" type="stmt"/>
        <line num="282" count="92" type="stmt"/>
        <line num="284" count="92" type="stmt"/>
        <line num="286" count="3" type="cond" truecount="0" falsecount="2"/>
        <line num="289" count="92" type="stmt"/>
        <line num="291" count="92" type="stmt"/>
        <line num="292" count="10" type="stmt"/>
        <line num="294" count="92" type="stmt"/>
        <line num="300" count="19" type="stmt"/>
        <line num="301" count="19" type="stmt"/>
        <line num="302" count="19" type="stmt"/>
        <line num="303" count="19" type="stmt"/>
        <line num="305" count="19" type="stmt"/>
        <line num="307" count="19" type="stmt"/>
        <line num="308" count="10" type="stmt"/>
        <line num="310" count="10" type="cond" truecount="1" falsecount="0"/>
        <line num="315" count="7" type="stmt"/>
        <line num="316" count="7" type="stmt"/>
        <line num="318" count="7" type="cond" truecount="0" falsecount="1"/>
        <line num="319" count="0" type="stmt"/>
        <line num="320" count="0" type="cond" truecount="0" falsecount="1"/>
        <line num="321" count="0" type="stmt"/>
        <line num="325" count="7" type="stmt"/>
        <line num="332" count="7" type="stmt"/>
        <line num="336" count="7" type="stmt"/>
        <line num="337" count="7" type="stmt"/>
        <line num="342" count="19" type="stmt"/>
        <line num="343" count="10" type="cond" truecount="1" falsecount="2"/>
        <line num="344" count="0" type="stmt"/>
        <line num="345" count="0" type="stmt"/>
        <line num="348" count="10" type="cond" truecount="1" falsecount="0"/>
        <line num="349" count="7" type="stmt"/>
        <line num="350" count="7" type="stmt"/>
        <line num="352" count="7" type="stmt"/>
        <line num="359" count="7" type="cond" truecount="0" falsecount="1"/>
        <line num="360" count="0" type="stmt"/>
        <line num="361" count="0" type="stmt"/>
        <line num="366" count="19" type="stmt"/>
        <line num="367" count="0" type="cond" truecount="0" falsecount="3"/>
        <line num="368" count="0" type="stmt"/>
        <line num="369" count="0" type="cond" truecount="0" falsecount="3"/>
        <line num="370" count="0" type="stmt"/>
        <line num="372" count="0" type="stmt"/>
        <line num="373" count="0" type="stmt"/>
        <line num="374" count="0" type="stmt"/>
        <line num="376" count="0" type="cond" truecount="0" falsecount="1"/>
        <line num="377" count="0" type="stmt"/>
        <line num="378" count="0" type="stmt"/>
        <line num="379" count="0" type="stmt"/>
        <line num="383" count="0" type="cond" truecount="0" falsecount="1"/>
        <line num="384" count="0" type="stmt"/>
        <line num="389" count="0" type="cond" truecount="0" falsecount="1"/>
        <line num="390" count="0" type="stmt"/>
        <line num="403" count="19" type="stmt"/>
        <line num="404" count="10" type="stmt"/>
        <line num="405" count="10" type="stmt"/>
        <line num="407" count="10" type="cond" truecount="1" falsecount="0"/>
        <line num="413" count="7" type="stmt"/>
        <line num="417" count="19" type="stmt"/>
        <line num="418" count="19" type="stmt"/>
        <line num="419" count="63" type="stmt"/>
        <line num="421" count="63" type="stmt"/>
        <line num="423" count="63" type="stmt"/>
        <line num="425" count="63" type="stmt"/>
        <line num="426" count="63" type="stmt"/>
        <line num="428" count="63" type="stmt"/>
        <line num="430" count="63" type="stmt"/>
        <line num="431" count="63" type="stmt"/>
        <line num="433" count="63" type="stmt"/>
        <line num="434" count="63" type="stmt"/>
        <line num="440" count="19" type="stmt"/>
        <line num="441" count="63" type="stmt"/>
        <line num="442" count="63" type="stmt"/>
        <line num="445" count="19" type="stmt"/>
        <line num="447" count="19" type="stmt"/>
        <line num="448" count="3" type="stmt"/>
        <line num="449" count="12" type="stmt"/>
        <line num="451" count="12" type="stmt"/>
        <line num="453" count="12" type="stmt"/>
        <line num="455" count="12" type="stmt"/>
        <line num="456" count="12" type="stmt"/>
        <line num="458" count="12" type="stmt"/>
        <line num="460" count="12" type="stmt"/>
        <line num="461" count="12" type="stmt"/>
        <line num="462" count="12" type="stmt"/>
        <line num="463" count="12" type="stmt"/>
        <line num="467" count="19" type="stmt"/>
        <line num="468" count="3" type="stmt"/>
        <line num="469" count="12" type="stmt"/>
        <line num="470" count="12" type="stmt"/>
        <line num="474" count="19" type="stmt"/>
        <line num="477" count="92" type="stmt"/>
        <line num="482" count="20" type="stmt"/>
        <line num="484" count="20" type="stmt"/>
        <line num="485" count="20" type="stmt"/>
        <line num="487" count="20" type="stmt"/>
        <line num="488" count="366" type="cond" truecount="2" falsecount="0"/>
        <line num="490" count="20" type="cond" truecount="0" falsecount="1"/>
        <line num="491" count="87" type="cond" truecount="2" falsecount="0"/>
        <line num="493" count="20" type="cond" truecount="1" falsecount="0"/>
        <line num="494" count="76" type="stmt"/>
        <line num="496" count="20" type="cond" truecount="1" falsecount="0"/>
        <line num="497" count="7" type="stmt"/>
        <line num="498" count="7" type="cond" truecount="3" falsecount="1"/>
        <line num="499" count="0" type="stmt"/>
        <line num="503" count="7" type="stmt"/>
        <line num="504" count="7" type="stmt"/>
        <line num="507" count="20" type="cond" truecount="1" falsecount="0"/>
        <line num="508" count="4" type="stmt"/>
        <line num="509" count="4" type="cond" truecount="2" falsecount="1"/>
        <line num="510" count="0" type="stmt"/>
        <line num="514" count="4" type="stmt"/>
        <line num="515" count="4" type="stmt"/>
        <line num="518" count="20" type="cond" truecount="1" falsecount="0"/>
        <line num="519" count="4" type="cond" truecount="2" falsecount="0"/>
        <line num="523" count="20" type="stmt"/>
        <line num="524" count="1" type="stmt"/>
        <line num="527" count="20" type="stmt"/>
        <line num="528" count="7" type="cond" truecount="2" falsecount="0"/>
        <line num="529" count="1" type="stmt"/>
        <line num="531" count="6" type="stmt"/>
        <line num="538" count="7" type="stmt"/>
        <line num="539" count="1" type="stmt"/>
        <line num="543" count="20" type="stmt"/>
      </file>
      <file name="track-gesture.ts" path="/home/yangren/git/lisn.js/packages/lisn.js/src/ts/widgets/track-gesture.ts">
        <metrics statements="19" coveredstatements="18" conditionals="2" coveredconditionals="2" methods="5" coveredmethods="5"/>
        <line num="5" count="92" type="stmt"/>
        <line num="7" count="92" type="stmt"/>
        <line num="9" count="92" type="stmt"/>
        <line num="11" count="92" type="stmt"/>
        <line num="57" count="92" type="stmt"/>
        <line num="59" count="8" type="stmt"/>
        <line num="60" count="8" type="cond" truecount="1" falsecount="0"/>
        <line num="61" count="4" type="stmt"/>
        <line num="63" count="4" type="stmt"/>
        <line num="67" count="92" type="stmt"/>
        <line num="70" count="3" type="cond" truecount="1" falsecount="0"/>
        <line num="71" count="3" type="stmt"/>
        <line num="73" count="0" type="stmt"/>
        <line num="80" count="5" type="stmt"/>
        <line num="82" count="5" type="stmt"/>
        <line num="92" count="5" type="stmt"/>
        <line num="159" count="92" type="stmt"/>
        <line num="162" count="92" type="stmt"/>
        <line num="164" count="92" type="stmt"/>
      </file>
      <file name="track-scroll.ts" path="/home/yangren/git/lisn.js/packages/lisn.js/src/ts/widgets/track-scroll.ts">
        <metrics statements="19" coveredstatements="18" conditionals="2" coveredconditionals="2" methods="5" coveredmethods="5"/>
        <line num="5" count="92" type="stmt"/>
        <line num="7" count="92" type="stmt"/>
        <line num="9" count="92" type="stmt"/>
        <line num="11" count="92" type="stmt"/>
        <line num="39" count="92" type="stmt"/>
        <line num="41" count="8" type="stmt"/>
        <line num="42" count="8" type="cond" truecount="1" falsecount="0"/>
        <line num="43" count="4" type="stmt"/>
        <line num="45" count="4" type="stmt"/>
        <line num="49" count="92" type="stmt"/>
        <line num="52" count="3" type="cond" truecount="1" falsecount="0"/>
        <line num="53" count="3" type="stmt"/>
        <line num="55" count="0" type="stmt"/>
        <line num="62" count="5" type="stmt"/>
        <line num="64" count="5" type="stmt"/>
        <line num="74" count="5" type="stmt"/>
        <line num="101" count="92" type="stmt"/>
        <line num="104" count="92" type="stmt"/>
        <line num="106" count="92" type="stmt"/>
      </file>
      <file name="track-size.ts" path="/home/yangren/git/lisn.js/packages/lisn.js/src/ts/widgets/track-size.ts">
        <metrics statements="17" coveredstatements="16" conditionals="2" coveredconditionals="2" methods="5" coveredmethods="5"/>
        <line num="5" count="92" type="stmt"/>
        <line num="7" count="92" type="stmt"/>
        <line num="9" count="92" type="stmt"/>
        <line num="38" count="92" type="stmt"/>
        <line num="40" count="8" type="stmt"/>
        <line num="41" count="8" type="cond" truecount="1" falsecount="0"/>
        <line num="42" count="4" type="stmt"/>
        <line num="44" count="4" type="stmt"/>
        <line num="48" count="92" type="stmt"/>
        <line num="49" count="3" type="cond" truecount="1" falsecount="0"/>
        <line num="50" count="3" type="stmt"/>
        <line num="52" count="0" type="stmt"/>
        <line num="57" count="5" type="stmt"/>
        <line num="59" count="5" type="stmt"/>
        <line num="64" count="5" type="stmt"/>
        <line num="70" count="92" type="stmt"/>
        <line num="73" count="92" type="stmt"/>
      </file>
      <file name="track-view.ts" path="/home/yangren/git/lisn.js/packages/lisn.js/src/ts/widgets/track-view.ts">
        <metrics statements="24" coveredstatements="23" conditionals="6" coveredconditionals="5" methods="8" coveredmethods="8"/>
        <line num="5" count="92" type="stmt"/>
        <line num="7" count="92" type="stmt"/>
        <line num="8" count="92" type="stmt"/>
        <line num="14" count="92" type="stmt"/>
        <line num="16" count="92" type="stmt"/>
        <line num="62" count="92" type="stmt"/>
        <line num="64" count="8" type="stmt"/>
        <line num="65" count="8" type="cond" truecount="1" falsecount="0"/>
        <line num="66" count="4" type="stmt"/>
        <line num="68" count="4" type="stmt"/>
        <line num="72" count="92" type="stmt"/>
        <line num="75" count="3" type="cond" truecount="1" falsecount="0"/>
        <line num="76" count="3" type="stmt"/>
        <line num="78" count="0" type="stmt"/>
        <line num="85" count="5" type="stmt"/>
        <line num="87" count="5" type="stmt"/>
        <line num="93" count="5" type="stmt"/>
        <line num="95" count="5" type="stmt"/>
        <line num="154" count="92" type="stmt"/>
        <line num="157" count="92" type="stmt"/>
        <line num="159" count="92" type="stmt"/>
        <line num="162" count="3" type="stmt"/>
        <line num="164" count="3" type="cond" truecount="3" falsecount="1"/>
        <line num="168" count="3" type="stmt"/>
      </file>
      <file name="widget.ts" path="/home/yangren/git/lisn.js/packages/lisn.js/src/ts/widgets/widget.ts">
        <metrics statements="126" coveredstatements="126" conditionals="42" coveredconditionals="41" methods="23" coveredmethods="23"/>
        <line num="40" count="92" type="stmt"/>
        <line num="41" count="92" type="stmt"/>
        <line num="43" count="92" type="stmt"/>
        <line num="45" count="92" type="stmt"/>
        <line num="46" count="92" type="stmt"/>
        <line num="47" count="92" type="stmt"/>
        <line num="48" count="92" type="stmt"/>
        <line num="49" count="92" type="stmt"/>
        <line num="50" count="92" type="stmt"/>
        <line num="52" count="92" type="stmt"/>
        <line num="57" count="92" type="stmt"/>
        <line num="59" count="92" type="stmt"/>
        <line num="61" count="92" type="stmt"/>
        <line num="63" count="92" type="stmt"/>
        <line num="122" count="333" type="cond" truecount="2" falsecount="0"/>
        <line num="130" count="327" type="cond" truecount="1" falsecount="1"/>
        <line num="137" count="327" type="stmt"/>
        <line num="138" count="327" type="cond" truecount="1" falsecount="0"/>
        <line num="139" count="204" type="stmt"/>
        <line num="140" count="204" type="stmt"/>
        <line num="143" count="327" type="stmt"/>
        <line num="144" count="327" type="stmt"/>
        <line num="147" count="327" type="stmt"/>
        <line num="148" count="327" type="stmt"/>
        <line num="149" count="327" type="stmt"/>
        <line num="151" count="327" type="stmt"/>
        <line num="152" count="88" type="cond" truecount="1" falsecount="0"/>
        <line num="153" count="84" type="stmt"/>
        <line num="154" count="84" type="stmt"/>
        <line num="156" count="84" type="stmt"/>
        <line num="157" count="22" type="stmt"/>
        <line num="162" count="327" type="stmt"/>
        <line num="163" count="23" type="cond" truecount="3" falsecount="0"/>
        <line num="164" count="19" type="stmt"/>
        <line num="165" count="19" type="stmt"/>
        <line num="167" count="19" type="stmt"/>
        <line num="168" count="3" type="stmt"/>
        <line num="173" count="327" type="stmt"/>
        <line num="174" count="8" type="cond" truecount="1" falsecount="0"/>
        <line num="175" count="8" type="cond" truecount="2" falsecount="0"/>
        <line num="179" count="327" type="stmt"/>
        <line num="180" count="327" type="stmt"/>
        <line num="182" count="686" type="stmt"/>
        <line num="184" count="327" type="stmt"/>
        <line num="185" count="67" type="cond" truecount="1" falsecount="0"/>
        <line num="186" count="60" type="stmt"/>
        <line num="187" count="60" type="stmt"/>
        <line num="188" count="60" type="stmt"/>
        <line num="189" count="60" type="stmt"/>
        <line num="191" count="60" type="stmt"/>
        <line num="192" count="56" type="stmt"/>
        <line num="195" count="60" type="stmt"/>
        <line num="196" count="60" type="stmt"/>
        <line num="197" count="60" type="stmt"/>
        <line num="199" count="60" type="cond" truecount="1" falsecount="0"/>
        <line num="200" count="33" type="stmt"/>
        <line num="201" count="33" type="cond" truecount="1" falsecount="0"/>
        <line num="202" count="28" type="stmt"/>
        <line num="203" count="28" type="stmt"/>
        <line num="209" count="67" type="stmt"/>
        <line num="212" count="376" type="stmt"/>
        <line num="214" count="327" type="stmt"/>
        <line num="216" count="327" type="stmt"/>
        <line num="304" count="92" type="stmt"/>
        <line num="313" count="3151" type="cond" truecount="1" falsecount="0"/>
        <line num="314" count="829" type="stmt"/>
        <line num="317" count="2322" type="stmt"/>
        <line num="321" count="2322" type="stmt"/>
        <line num="323" count="2322" type="stmt"/>
        <line num="324" count="2322" type="cond" truecount="2" falsecount="0"/>
        <line num="326" count="2322" type="cond" truecount="1" falsecount="0"/>
        <line num="327" count="2322" type="stmt"/>
        <line num="328" count="2322" type="stmt"/>
        <line num="330" count="123" type="stmt"/>
        <line num="331" count="123" type="cond" truecount="2" falsecount="0"/>
        <line num="335" count="123" type="stmt"/>
        <line num="336" count="123" type="stmt"/>
        <line num="337" count="123" type="stmt"/>
        <line num="339" count="123" type="cond" truecount="2" falsecount="0"/>
        <line num="340" count="13" type="cond" truecount="1" falsecount="0"/>
        <line num="341" count="3" type="stmt"/>
        <line num="344" count="13" type="cond" truecount="1" falsecount="0"/>
        <line num="345" count="10" type="stmt"/>
        <line num="350" count="110" type="cond" truecount="2" falsecount="0"/>
        <line num="353" count="123" type="stmt"/>
        <line num="354" count="125" type="cond" truecount="2" falsecount="0"/>
        <line num="358" count="125" type="stmt"/>
        <line num="359" count="121" type="cond" truecount="1" falsecount="0"/>
        <line num="360" count="121" type="stmt"/>
        <line num="365" count="119" type="cond" truecount="1" falsecount="0"/>
        <line num="366" count="119" type="stmt"/>
        <line num="368" count="10" type="stmt"/>
        <line num="369" count="11" type="stmt"/>
        <line num="427" count="92" type="stmt"/>
        <line num="432" count="279" type="stmt"/>
        <line num="433" count="279" type="cond" truecount="1" falsecount="0"/>
        <line num="434" count="268" type="stmt"/>
        <line num="437" count="279" type="stmt"/>
        <line num="438" count="1694" type="stmt"/>
        <line num="440" count="275" type="stmt"/>
        <line num="447" count="92" type="stmt"/>
        <line num="452" count="158" type="stmt"/>
        <line num="453" count="158" type="stmt"/>
        <line num="457" count="158" type="stmt"/>
        <line num="458" count="901" type="stmt"/>
        <line num="461" count="158" type="stmt"/>
        <line num="468" count="92" type="stmt"/>
        <line num="469" count="1782" type="stmt"/>
        <line num="475" count="92" type="stmt"/>
        <line num="480" count="30" type="stmt"/>
        <line num="481" count="30" type="cond" truecount="1" falsecount="0"/>
        <line num="482" count="23" type="stmt"/>
        <line num="483" count="23" type="stmt"/>
        <line num="485" count="23" type="cond" truecount="1" falsecount="0"/>
        <line num="486" count="6" type="stmt"/>
        <line num="487" count="6" type="stmt"/>
        <line num="491" count="24" type="stmt"/>
        <line num="494" count="190" type="stmt"/>
        <line num="495" count="92" type="stmt"/>
        <line num="499" count="92" type="stmt"/>
        <line num="503" count="268" type="stmt"/>
        <line num="504" count="268" type="stmt"/>
        <line num="506" count="243" type="stmt"/>
        <line num="508" count="243" type="stmt"/>
        <line num="509" count="243" type="cond" truecount="2" falsecount="0"/>
        <line num="511" count="268" type="stmt"/>
      </file>
    </package>
  </project>
</coverage>
