<?xml version="1.0" encoding="UTF-8"?>
<coverage generated="1752907843580" clover="3.2.0">
  <project timestamp="1752907843580" name="All files">
    <metrics statements="6600" coveredstatements="5964" conditionals="2563" coveredconditionals="2041" methods="1273" coveredmethods="1169" elements="10436" coveredelements="9174" complexity="0" loc="6600" ncloc="6600" packages="7" files="77" classes="77"/>
    <package name="actions">
      <metrics statements="394" coveredstatements="388" conditionals="74" coveredconditionals="64" methods="147" coveredmethods="146"/>
      <file name="action.ts" path="/home/yangren/git/lisn.js/packages/lisn.js/src/ts/actions/action.ts">
        <metrics statements="22" coveredstatements="22" conditionals="10" coveredconditionals="10" methods="3" coveredmethods="3"/>
        <line num="5" count="93" type="stmt"/>
        <line num="7" count="93" type="stmt"/>
        <line num="9" count="93" type="stmt"/>
        <line num="37" count="93" type="stmt"/>
        <line num="42" count="3206" type="cond" truecount="1" falsecount="0"/>
        <line num="43" count="1302" type="stmt"/>
        <line num="46" count="1904" type="stmt"/>
        <line num="50" count="98" type="cond" truecount="2" falsecount="0"/>
        <line num="54" count="98" type="stmt"/>
        <line num="55" count="98" type="cond" truecount="2" falsecount="0"/>
        <line num="59" count="98" type="stmt"/>
        <line num="60" count="51" type="cond" truecount="1" falsecount="0"/>
        <line num="61" count="51" type="cond" truecount="1" falsecount="0"/>
        <line num="62" count="29" type="stmt"/>
        <line num="67" count="98" type="stmt"/>
        <line num="70" count="1904" type="stmt"/>
        <line num="80" count="93" type="stmt"/>
        <line num="85" count="100" type="stmt"/>
        <line num="86" count="100" type="cond" truecount="1" falsecount="0"/>
        <line num="87" count="2" type="stmt"/>
        <line num="90" count="98" type="cond" truecount="2" falsecount="0"/>
        <line num="95" count="93" type="stmt"/>
      </file>
      <file name="add-class.ts" path="/home/yangren/git/lisn.js/packages/lisn.js/src/ts/actions/add-class.ts">
        <metrics statements="24" coveredstatements="24" conditionals="0" coveredconditionals="0" methods="10" coveredmethods="10"/>
        <line num="9" count="93" type="stmt"/>
        <line num="11" count="93" type="stmt"/>
        <line num="17" count="93" type="stmt"/>
        <line num="39" count="93" type="stmt"/>
        <line num="56" count="186" type="stmt"/>
        <line num="58" count="1" type="stmt"/>
        <line num="63" count="2" type="stmt"/>
        <line num="64" count="2" type="stmt"/>
        <line num="66" count="2" type="stmt"/>
        <line num="67" count="2" type="stmt"/>
        <line num="68" count="2" type="stmt"/>
        <line num="92" count="93" type="stmt"/>
        <line num="109" count="186" type="stmt"/>
        <line num="111" count="1" type="stmt"/>
        <line num="116" count="2" type="stmt"/>
        <line num="117" count="2" type="stmt"/>
        <line num="119" count="2" type="stmt"/>
        <line num="120" count="2" type="stmt"/>
        <line num="121" count="2" type="stmt"/>
        <line num="127" count="93" type="stmt"/>
        <line num="128" count="4" type="stmt"/>
        <line num="129" count="6" type="stmt"/>
        <line num="130" count="6" type="stmt"/>
        <line num="131" count="4" type="stmt"/>
      </file>
      <file name="animate-play.ts" path="/home/yangren/git/lisn.js/packages/lisn.js/src/ts/actions/animate-play.ts">
        <metrics statements="34" coveredstatements="34" conditionals="7" coveredconditionals="7" methods="12" coveredmethods="12"/>
        <line num="12" count="93" type="stmt"/>
        <line num="14" count="93" type="stmt"/>
        <line num="18" count="93" type="stmt"/>
        <line num="24" count="93" type="stmt"/>
        <line num="49" count="93" type="stmt"/>
        <line num="66" count="186" type="stmt"/>
        <line num="70" count="2" type="stmt"/>
        <line num="73" count="2" type="stmt"/>
        <line num="75" count="2" type="stmt"/>
        <line num="76" count="2" type="stmt"/>
        <line num="77" count="2" type="stmt"/>
        <line num="104" count="93" type="stmt"/>
        <line num="121" count="186" type="stmt"/>
        <line num="125" count="2" type="stmt"/>
        <line num="128" count="2" type="stmt"/>
        <line num="130" count="2" type="stmt"/>
        <line num="131" count="2" type="stmt"/>
        <line num="132" count="2" type="stmt"/>
        <line num="140" count="93" type="stmt"/>
        <line num="141" count="93" type="stmt"/>
        <line num="142" count="93" type="stmt"/>
        <line num="144" count="93" type="stmt"/>
        <line num="145" count="4" type="stmt"/>
        <line num="146" count="6" type="stmt"/>
        <line num="147" count="4" type="stmt"/>
        <line num="148" count="4" type="stmt"/>
        <line num="152" count="93" type="stmt"/>
        <line num="157" count="16" type="stmt"/>
        <line num="169" count="16" type="cond" truecount="1" falsecount="0"/>
        <line num="170" count="2" type="stmt"/>
        <line num="173" count="16" type="stmt"/>
        <line num="174" count="16" type="cond" truecount="5" falsecount="0"/>
        <line num="175" count="8" type="stmt"/>
        <line num="177" count="8" type="stmt"/>
      </file>
      <file name="animate.ts" path="/home/yangren/git/lisn.js/packages/lisn.js/src/ts/actions/animate.ts">
        <metrics statements="42" coveredstatements="40" conditionals="20" coveredconditionals="18" methods="10" coveredmethods="9"/>
        <line num="5" count="93" type="stmt"/>
        <line num="6" count="93" type="stmt"/>
        <line num="8" count="93" type="stmt"/>
        <line num="12" count="93" type="stmt"/>
        <line num="18" count="93" type="stmt"/>
        <line num="19" count="93" type="stmt"/>
        <line num="21" count="93" type="stmt"/>
        <line num="23" count="93" type="stmt"/>
        <line num="48" count="93" type="stmt"/>
        <line num="65" count="186" type="stmt"/>
        <line num="69" count="2" type="cond" truecount="1" falsecount="1"/>
        <line num="76" count="2" type="stmt"/>
        <line num="77" count="2" type="stmt"/>
        <line num="79" count="2" type="stmt"/>
        <line num="80" count="2" type="stmt"/>
        <line num="81" count="2" type="stmt"/>
        <line num="82" count="2" type="cond" truecount="2" falsecount="0"/>
        <line num="83" count="2" type="stmt"/>
        <line num="84" count="2" type="stmt"/>
        <line num="96" count="93" type="stmt"/>
        <line num="97" count="93" type="stmt"/>
        <line num="98" count="93" type="stmt"/>
        <line num="100" count="93" type="stmt"/>
        <line num="106" count="8" type="stmt"/>
        <line num="107" count="8" type="stmt"/>
        <line num="111" count="8" type="stmt"/>
        <line num="206" count="93" type="stmt"/>
        <line num="212" count="8" type="stmt"/>
        <line num="213" count="8" type="stmt"/>
        <line num="215" count="8" type="stmt"/>
        <line num="218" count="8" type="cond" truecount="3" falsecount="0"/>
        <line num="220" count="8" type="cond" truecount="2" falsecount="0"/>
        <line num="222" count="8" type="stmt"/>
        <line num="230" count="8" type="cond" truecount="3" falsecount="0"/>
        <line num="232" count="1" type="stmt"/>
        <line num="233" count="1" type="stmt"/>
        <line num="236" count="7" type="stmt"/>
        <line num="238" count="7" type="stmt"/>
        <line num="239" count="7" type="stmt"/>
        <line num="245" count="7" type="cond" truecount="2" falsecount="1"/>
        <line num="246" count="0" type="stmt"/>
        <line num="247" count="0" type="stmt"/>
      </file>
      <file name="display.ts" path="/home/yangren/git/lisn.js/packages/lisn.js/src/ts/actions/display.ts">
        <metrics statements="22" coveredstatements="22" conditionals="0" coveredconditionals="0" methods="10" coveredmethods="10"/>
        <line num="12" count="93" type="stmt"/>
        <line num="14" count="93" type="stmt"/>
        <line num="22" count="93" type="stmt"/>
        <line num="45" count="93" type="stmt"/>
        <line num="62" count="186" type="stmt"/>
        <line num="66" count="2" type="stmt"/>
        <line num="68" count="2" type="stmt"/>
        <line num="69" count="2" type="stmt"/>
        <line num="70" count="2" type="stmt"/>
        <line num="71" count="2" type="stmt"/>
        <line num="96" count="93" type="stmt"/>
        <line num="113" count="186" type="stmt"/>
        <line num="117" count="2" type="stmt"/>
        <line num="119" count="2" type="stmt"/>
        <line num="120" count="2" type="stmt"/>
        <line num="121" count="2" type="stmt"/>
        <line num="122" count="2" type="stmt"/>
        <line num="128" count="93" type="stmt"/>
        <line num="129" count="4" type="stmt"/>
        <line num="131" count="4" type="stmt"/>
        <line num="135" count="4" type="stmt"/>
        <line num="139" count="4" type="stmt"/>
      </file>
      <file name="open.ts" path="/home/yangren/git/lisn.js/packages/lisn.js/src/ts/actions/open.ts">
        <metrics statements="13" coveredstatements="13" conditionals="0" coveredconditionals="0" methods="9" coveredmethods="9"/>
        <line num="9" count="93" type="stmt"/>
        <line num="11" count="93" type="stmt"/>
        <line num="12" count="93" type="stmt"/>
        <line num="14" count="93" type="stmt"/>
        <line num="33" count="93" type="stmt"/>
        <line num="50" count="93" type="stmt"/>
        <line num="54" count="3" type="stmt"/>
        <line num="55" count="3" type="stmt"/>
        <line num="56" count="3" type="stmt"/>
        <line num="58" count="3" type="stmt"/>
        <line num="60" count="3" type="stmt"/>
        <line num="61" count="3" type="stmt"/>
        <line num="62" count="3" type="stmt"/>
      </file>
      <file name="pager.ts" path="/home/yangren/git/lisn.js/packages/lisn.js/src/ts/actions/pager.ts">
        <metrics statements="90" coveredstatements="87" conditionals="13" coveredconditionals="10" methods="47" coveredmethods="47"/>
        <line num="15" count="93" type="stmt"/>
        <line num="16" count="93" type="stmt"/>
        <line num="18" count="93" type="stmt"/>
        <line num="20" count="93" type="stmt"/>
        <line num="21" count="93" type="stmt"/>
        <line num="23" count="93" type="stmt"/>
        <line num="43" count="93" type="stmt"/>
        <line num="61" count="93" type="stmt"/>
        <line num="65" count="7" type="stmt"/>
        <line num="66" count="7" type="stmt"/>
        <line num="68" count="7" type="stmt"/>
        <line num="69" count="6" type="stmt"/>
        <line num="70" count="6" type="stmt"/>
        <line num="73" count="7" type="stmt"/>
        <line num="74" count="5" type="stmt"/>
        <line num="75" count="5" type="stmt"/>
        <line num="78" count="7" type="stmt"/>
        <line num="79" count="13" type="cond" truecount="2" falsecount="0"/>
        <line num="80" count="13" type="stmt"/>
        <line num="81" count="13" type="stmt"/>
        <line num="104" count="93" type="stmt"/>
        <line num="122" count="93" type="stmt"/>
        <line num="126" count="7" type="stmt"/>
        <line num="127" count="7" type="stmt"/>
        <line num="129" count="7" type="stmt"/>
        <line num="130" count="6" type="stmt"/>
        <line num="131" count="6" type="stmt"/>
        <line num="134" count="7" type="stmt"/>
        <line num="135" count="6" type="stmt"/>
        <line num="136" count="6" type="stmt"/>
        <line num="139" count="7" type="stmt"/>
        <line num="140" count="13" type="cond" truecount="2" falsecount="0"/>
        <line num="141" count="13" type="stmt"/>
        <line num="142" count="13" type="stmt"/>
        <line num="166" count="93" type="stmt"/>
        <line num="185" count="93" type="stmt"/>
        <line num="187" count="1" type="stmt"/>
        <line num="192" count="7" type="cond" truecount="0" falsecount="1"/>
        <line num="193" count="0" type="stmt"/>
        <line num="196" count="7" type="stmt"/>
        <line num="198" count="7" type="stmt"/>
        <line num="199" count="7" type="stmt"/>
        <line num="200" count="13" type="stmt"/>
        <line num="226" count="93" type="stmt"/>
        <line num="244" count="93" type="stmt"/>
        <line num="246" count="1" type="stmt"/>
        <line num="251" count="3" type="cond" truecount="0" falsecount="1"/>
        <line num="252" count="0" type="stmt"/>
        <line num="255" count="3" type="stmt"/>
        <line num="256" count="3" type="stmt"/>
        <line num="258" count="3" type="stmt"/>
        <line num="259" count="3" type="stmt"/>
        <line num="260" count="3" type="stmt"/>
        <line num="286" count="93" type="stmt"/>
        <line num="304" count="93" type="stmt"/>
        <line num="306" count="1" type="stmt"/>
        <line num="311" count="3" type="cond" truecount="0" falsecount="1"/>
        <line num="312" count="0" type="stmt"/>
        <line num="315" count="3" type="stmt"/>
        <line num="316" count="3" type="stmt"/>
        <line num="318" count="3" type="stmt"/>
        <line num="319" count="3" type="stmt"/>
        <line num="320" count="3" type="stmt"/>
        <line num="326" count="93" type="stmt"/>
        <line num="327" count="27" type="stmt"/>
        <line num="329" count="27" type="stmt"/>
        <line num="330" count="27" type="stmt"/>
        <line num="332" count="27" type="stmt"/>
        <line num="337" count="25" type="stmt"/>
        <line num="339" count="25" type="cond" truecount="2" falsecount="0"/>
        <line num="340" count="25" type="cond" truecount="1" falsecount="0"/>
        <line num="341" count="11" type="stmt"/>
        <line num="344" count="25" type="cond" truecount="1" falsecount="0"/>
        <line num="345" count="21" type="cond" truecount="1" falsecount="0"/>
        <line num="347" count="18" type="stmt"/>
        <line num="350" count="21" type="stmt"/>
        <line num="354" count="27" type="stmt"/>
        <line num="355" count="9" type="stmt"/>
        <line num="356" count="27" type="stmt"/>
        <line num="357" count="9" type="stmt"/>
        <line num="358" count="27" type="stmt"/>
        <line num="359" count="6" type="stmt"/>
        <line num="361" count="27" type="stmt"/>
        <line num="363" count="27" type="stmt"/>
        <line num="364" count="25" type="stmt"/>
        <line num="365" count="24" type="stmt"/>
        <line num="368" count="25" type="stmt"/>
        <line num="371" count="9" type="stmt"/>
        <line num="373" count="9" type="stmt"/>
        <line num="375" count="6" type="stmt"/>
      </file>
      <file name="scroll-to.ts" path="/home/yangren/git/lisn.js/packages/lisn.js/src/ts/actions/scroll-to.ts">
        <metrics statements="42" coveredstatements="42" conditionals="14" coveredconditionals="11" methods="11" coveredmethods="11"/>
        <line num="9" count="93" type="stmt"/>
        <line num="10" count="93" type="stmt"/>
        <line num="14" count="93" type="stmt"/>
        <line num="15" count="93" type="stmt"/>
        <line num="17" count="93" type="stmt"/>
        <line num="19" count="93" type="stmt"/>
        <line num="94" count="93" type="stmt"/>
        <line num="114" count="186" type="stmt"/>
        <line num="117" count="3" type="cond" truecount="1" falsecount="1"/>
        <line num="124" count="3" type="stmt"/>
        <line num="134" count="5" type="stmt"/>
        <line num="135" count="5" type="stmt"/>
        <line num="137" count="5" type="stmt"/>
        <line num="138" count="5" type="stmt"/>
        <line num="139" count="5" type="stmt"/>
        <line num="141" count="5" type="stmt"/>
        <line num="142" count="4" type="stmt"/>
        <line num="143" count="4" type="stmt"/>
        <line num="144" count="4" type="stmt"/>
        <line num="146" count="4" type="stmt"/>
        <line num="150" count="4" type="stmt"/>
        <line num="153" count="5" type="stmt"/>
        <line num="154" count="4" type="cond" truecount="1" falsecount="0"/>
        <line num="155" count="4" type="stmt"/>
        <line num="159" count="4" type="stmt"/>
        <line num="163" count="5" type="stmt"/>
        <line num="164" count="4" type="stmt"/>
        <line num="166" count="4" type="stmt"/>
        <line num="167" count="4" type="stmt"/>
        <line num="171" count="4" type="stmt"/>
        <line num="173" count="2" type="stmt"/>
        <line num="174" count="2" type="stmt"/>
        <line num="179" count="4" type="stmt"/>
        <line num="183" count="4" type="stmt"/>
        <line num="185" count="4" type="cond" truecount="1" falsecount="0"/>
        <line num="188" count="2" type="stmt"/>
        <line num="189" count="2" type="stmt"/>
        <line num="221" count="93" type="stmt"/>
        <line num="222" count="3" type="stmt"/>
        <line num="223" count="3" type="cond" truecount="2" falsecount="0"/>
        <line num="224" count="3" type="cond" truecount="2" falsecount="0"/>
        <line num="226" count="3" type="cond" truecount="3" falsecount="1"/>
      </file>
      <file name="set-attribute.ts" path="/home/yangren/git/lisn.js/packages/lisn.js/src/ts/actions/set-attribute.ts">
        <metrics statements="26" coveredstatements="25" conditionals="7" coveredconditionals="5" methods="7" coveredmethods="7"/>
        <line num="8" count="93" type="stmt"/>
        <line num="9" count="93" type="stmt"/>
        <line num="11" count="93" type="stmt"/>
        <line num="12" count="93" type="stmt"/>
        <line num="13" count="93" type="stmt"/>
        <line num="15" count="93" type="stmt"/>
        <line num="117" count="93" type="stmt"/>
        <line num="134" count="186" type="stmt"/>
        <line num="137" count="8" type="cond" truecount="1" falsecount="1"/>
        <line num="144" count="13" type="cond" truecount="0" falsecount="1"/>
        <line num="145" count="0" type="stmt"/>
        <line num="148" count="13" type="stmt"/>
        <line num="150" count="13" type="stmt"/>
        <line num="151" count="53" type="stmt"/>
        <line num="153" count="53" type="stmt"/>
        <line num="155" count="53" type="stmt"/>
        <line num="156" count="53" type="cond" truecount="2" falsecount="0"/>
        <line num="157" count="53" type="stmt"/>
        <line num="159" count="53" type="cond" truecount="2" falsecount="0"/>
        <line num="160" count="17" type="stmt"/>
        <line num="162" count="36" type="stmt"/>
        <line num="167" count="13" type="stmt"/>
        <line num="169" count="30" type="stmt"/>
        <line num="171" count="13" type="stmt"/>
        <line num="173" count="13" type="stmt"/>
        <line num="196" count="93" type="stmt"/>
      </file>
      <file name="show.ts" path="/home/yangren/git/lisn.js/packages/lisn.js/src/ts/actions/show.ts">
        <metrics statements="24" coveredstatements="24" conditionals="0" coveredconditionals="0" methods="10" coveredmethods="10"/>
        <line num="5" count="93" type="stmt"/>
        <line num="7" count="93" type="stmt"/>
        <line num="14" count="93" type="stmt"/>
        <line num="37" count="93" type="stmt"/>
        <line num="54" count="186" type="stmt"/>
        <line num="58" count="2" type="stmt"/>
        <line num="59" count="2" type="stmt"/>
        <line num="61" count="2" type="stmt"/>
        <line num="62" count="2" type="stmt"/>
        <line num="63" count="2" type="stmt"/>
        <line num="64" count="2" type="stmt"/>
        <line num="89" count="93" type="stmt"/>
        <line num="106" count="186" type="stmt"/>
        <line num="110" count="2" type="stmt"/>
        <line num="111" count="2" type="stmt"/>
        <line num="113" count="2" type="stmt"/>
        <line num="114" count="2" type="stmt"/>
        <line num="115" count="2" type="stmt"/>
        <line num="116" count="2" type="stmt"/>
        <line num="122" count="93" type="stmt"/>
        <line num="123" count="4" type="stmt"/>
        <line num="125" count="4" type="stmt"/>
        <line num="129" count="4" type="stmt"/>
        <line num="133" count="4" type="stmt"/>
      </file>
      <file name="trigger.ts" path="/home/yangren/git/lisn.js/packages/lisn.js/src/ts/actions/trigger.ts">
        <metrics statements="55" coveredstatements="55" conditionals="3" coveredconditionals="3" methods="18" coveredmethods="18"/>
        <line num="12" count="93" type="stmt"/>
        <line num="13" count="93" type="stmt"/>
        <line num="15" count="93" type="stmt"/>
        <line num="16" count="93" type="stmt"/>
        <line num="17" count="93" type="stmt"/>
        <line num="19" count="93" type="stmt"/>
        <line num="21" count="93" type="stmt"/>
        <line num="49" count="93" type="stmt"/>
        <line num="66" count="186" type="stmt"/>
        <line num="70" count="4" type="stmt"/>
        <line num="71" count="4" type="stmt"/>
        <line num="73" count="4" type="stmt"/>
        <line num="74" count="4" type="stmt"/>
        <line num="75" count="4" type="stmt"/>
        <line num="105" count="93" type="stmt"/>
        <line num="122" count="186" type="stmt"/>
        <line num="126" count="4" type="stmt"/>
        <line num="127" count="4" type="stmt"/>
        <line num="129" count="4" type="stmt"/>
        <line num="130" count="4" type="stmt"/>
        <line num="131" count="4" type="stmt"/>
        <line num="157" count="93" type="stmt"/>
        <line num="174" count="186" type="stmt"/>
        <line num="178" count="4" type="stmt"/>
        <line num="180" count="4" type="stmt"/>
        <line num="181" count="4" type="stmt"/>
        <line num="182" count="4" type="stmt"/>
        <line num="188" count="93" type="stmt"/>
        <line num="189" count="12" type="stmt"/>
        <line num="190" count="12" type="stmt"/>
        <line num="199" count="42" type="stmt"/>
        <line num="200" count="42" type="stmt"/>
        <line num="201" count="40" type="stmt"/>
        <line num="205" count="12" type="stmt"/>
        <line num="206" count="12" type="stmt"/>
        <line num="207" count="12" type="stmt"/>
        <line num="208" count="8" type="stmt"/>
        <line num="209" count="4" type="stmt"/>
        <line num="210" count="3" type="stmt"/>
        <line num="211" count="3" type="stmt"/>
        <line num="215" count="93" type="stmt"/>
        <line num="216" count="12" type="stmt"/>
        <line num="217" count="12" type="cond" truecount="1" falsecount="0"/>
        <line num="218" count="3" type="stmt"/>
        <line num="219" count="3" type="stmt"/>
        <line num="222" count="9" type="stmt"/>
        <line num="223" count="15" type="stmt"/>
        <line num="224" count="15" type="cond" truecount="1" falsecount="0"/>
        <line num="225" count="5" type="stmt"/>
        <line num="226" count="5" type="stmt"/>
        <line num="228" count="5" type="cond" truecount="1" falsecount="0"/>
        <line num="229" count="3" type="stmt"/>
        <line num="232" count="3" type="stmt"/>
        <line num="236" count="12" type="stmt"/>
        <line num="239" count="9" type="stmt"/>
      </file>
    </package>
    <package name="globals">
      <metrics statements="330" coveredstatements="327" conditionals="56" coveredconditionals="41" methods="105" coveredmethods="99"/>
      <file name="errors.ts" path="/home/yangren/git/lisn.js/packages/lisn.js/src/ts/globals/errors.ts">
        <metrics statements="8" coveredstatements="8" conditionals="2" coveredconditionals="0" methods="2" coveredmethods="2"/>
        <line num="5" count="93" type="stmt"/>
        <line num="10" count="93" type="stmt"/>
        <line num="15" count="93" type="stmt"/>
        <line num="17" count="164" type="stmt"/>
        <line num="18" count="164" type="stmt"/>
        <line num="25" count="93" type="stmt"/>
        <line num="27" count="1" type="stmt"/>
        <line num="28" count="1" type="stmt"/>
      </file>
      <file name="minification-constants.ts" path="/home/yangren/git/lisn.js/packages/lisn.js/src/ts/globals/minification-constants.ts">
        <metrics statements="113" coveredstatements="113" conditionals="2" coveredconditionals="1" methods="0" coveredmethods="0"/>
        <line num="9" count="93" type="stmt"/>
        <line num="10" count="93" type="stmt"/>
        <line num="12" count="93" type="stmt"/>
        <line num="13" count="93" type="stmt"/>
        <line num="14" count="93" type="stmt"/>
        <line num="15" count="93" type="stmt"/>
        <line num="16" count="93" type="stmt"/>
        <line num="17" count="93" type="stmt"/>
        <line num="18" count="93" type="stmt"/>
        <line num="19" count="93" type="stmt"/>
        <line num="21" count="93" type="stmt"/>
        <line num="22" count="93" type="stmt"/>
        <line num="24" count="93" type="stmt"/>
        <line num="25" count="93" type="stmt"/>
        <line num="26" count="93" type="stmt"/>
        <line num="28" count="93" type="stmt"/>
        <line num="29" count="93" type="stmt"/>
        <line num="31" count="93" type="stmt"/>
        <line num="32" count="93" type="stmt"/>
        <line num="34" count="93" type="stmt"/>
        <line num="35" count="93" type="stmt"/>
        <line num="37" count="93" type="stmt"/>
        <line num="38" count="93" type="stmt"/>
        <line num="40" count="93" type="stmt"/>
        <line num="41" count="93" type="stmt"/>
        <line num="42" count="93" type="stmt"/>
        <line num="44" count="93" type="stmt"/>
        <line num="45" count="93" type="stmt"/>
        <line num="47" count="93" type="stmt"/>
        <line num="48" count="93" type="stmt"/>
        <line num="50" count="93" type="stmt"/>
        <line num="51" count="93" type="stmt"/>
        <line num="52" count="93" type="stmt"/>
        <line num="54" count="93" type="stmt"/>
        <line num="55" count="93" type="stmt"/>
        <line num="56" count="93" type="stmt"/>
        <line num="57" count="93" type="stmt"/>
        <line num="58" count="93" type="stmt"/>
        <line num="59" count="93" type="stmt"/>
        <line num="60" count="93" type="stmt"/>
        <line num="61" count="93" type="stmt"/>
        <line num="63" count="93" type="stmt"/>
        <line num="64" count="93" type="stmt"/>
        <line num="65" count="93" type="stmt"/>
        <line num="66" count="93" type="stmt"/>
        <line num="68" count="93" type="stmt"/>
        <line num="69" count="93" type="stmt"/>
        <line num="71" count="93" type="stmt"/>
        <line num="72" count="93" type="stmt"/>
        <line num="75" count="93" type="stmt"/>
        <line num="76" count="93" type="stmt"/>
        <line num="78" count="93" type="stmt"/>
        <line num="80" count="93" type="stmt"/>
        <line num="83" count="93" type="stmt"/>
        <line num="84" count="93" type="stmt"/>
        <line num="85" count="93" type="stmt"/>
        <line num="86" count="93" type="stmt"/>
        <line num="87" count="93" type="stmt"/>
        <line num="89" count="93" type="stmt"/>
        <line num="91" count="93" type="stmt"/>
        <line num="93" count="93" type="stmt"/>
        <line num="94" count="93" type="stmt"/>
        <line num="96" count="93" type="stmt"/>
        <line num="98" count="93" type="stmt"/>
        <line num="100" count="93" type="stmt"/>
        <line num="102" count="93" type="stmt"/>
        <line num="103" count="93" type="stmt"/>
        <line num="104" count="93" type="stmt"/>
        <line num="105" count="93" type="stmt"/>
        <line num="108" count="93" type="stmt"/>
        <line num="109" count="93" type="stmt"/>
        <line num="110" count="93" type="stmt"/>
        <line num="111" count="93" type="stmt"/>
        <line num="114" count="93" type="stmt"/>
        <line num="115" count="93" type="stmt"/>
        <line num="116" count="93" type="stmt"/>
        <line num="117" count="93" type="stmt"/>
        <line num="118" count="93" type="stmt"/>
        <line num="119" count="93" type="stmt"/>
        <line num="121" count="93" type="stmt"/>
        <line num="123" count="93" type="stmt"/>
        <line num="124" count="93" type="stmt"/>
        <line num="126" count="93" type="stmt"/>
        <line num="127" count="93" type="stmt"/>
        <line num="128" count="93" type="stmt"/>
        <line num="130" count="93" type="stmt"/>
        <line num="132" count="93" type="stmt"/>
        <line num="134" count="93" type="stmt"/>
        <line num="135" count="93" type="stmt"/>
        <line num="137" count="93" type="stmt"/>
        <line num="138" count="93" type="stmt"/>
        <line num="139" count="93" type="stmt"/>
        <line num="140" count="93" type="stmt"/>
        <line num="141" count="93" type="stmt"/>
        <line num="142" count="93" type="stmt"/>
        <line num="143" count="93" type="stmt"/>
        <line num="144" count="93" type="stmt"/>
        <line num="145" count="93" type="stmt"/>
        <line num="146" count="93" type="stmt"/>
        <line num="147" count="93" type="stmt"/>
        <line num="148" count="93" type="stmt"/>
        <line num="149" count="93" type="stmt"/>
        <line num="150" count="93" type="stmt"/>
        <line num="151" count="93" type="stmt"/>
        <line num="152" count="93" type="stmt"/>
        <line num="154" count="93" type="stmt"/>
        <line num="155" count="93" type="stmt"/>
        <line num="156" count="93" type="stmt"/>
        <line num="157" count="93" type="stmt"/>
        <line num="158" count="93" type="stmt"/>
        <line num="159" count="93" type="stmt"/>
        <line num="161" count="93" type="stmt"/>
        <line num="164" count="93" type="stmt"/>
      </file>
      <file name="minification-helpers.ts" path="/home/yangren/git/lisn.js/packages/lisn.js/src/ts/globals/minification-helpers.ts">
        <metrics statements="207" coveredstatements="204" conditionals="52" coveredconditionals="40" methods="103" coveredmethods="97"/>
        <line num="9" count="93" type="stmt"/>
        <line num="21" count="93" type="stmt"/>
        <line num="25" count="93" type="cond" truecount="3" falsecount="5"/>
        <line num="30" count="93" type="stmt"/>
        <line num="31" count="265" type="stmt"/>
        <line num="33" count="93" type="stmt"/>
        <line num="34" count="7369" type="stmt"/>
        <line num="35" count="428" type="stmt"/>
        <line num="36" count="38" type="stmt"/>
        <line num="38" count="9669" type="stmt"/>
        <line num="40" count="1271" type="stmt"/>
        <line num="42" count="1173" type="stmt"/>
        <line num="44" count="6844" type="stmt"/>
        <line num="46" count="93" type="stmt"/>
        <line num="48" count="726" type="stmt"/>
        <line num="50" count="93" type="stmt"/>
        <line num="52" count="93" type="stmt"/>
        <line num="54" count="93" type="stmt"/>
        <line num="56" count="7162" type="stmt"/>
        <line num="58" count="93" type="stmt"/>
        <line num="60" count="17913" type="stmt"/>
        <line num="62" count="93" type="stmt"/>
        <line num="64" count="93" type="stmt"/>
        <line num="65" count="1022" type="stmt"/>
        <line num="67" count="6511" type="stmt"/>
        <line num="69" count="3024" type="stmt"/>
        <line num="71" count="93" type="stmt"/>
        <line num="72" count="121" type="cond" truecount="2" falsecount="0"/>
        <line num="78" count="93" type="stmt"/>
        <line num="79" count="3546" type="stmt"/>
        <line num="81" count="93" type="stmt"/>
        <line num="84" count="435" type="stmt"/>
        <line num="86" count="93" type="cond" truecount="1" falsecount="1"/>
        <line num="87" count="14" type="stmt"/>
        <line num="88" count="14" type="stmt"/>
        <line num="89" count="14" type="stmt"/>
        <line num="90" count="14" type="stmt"/>
        <line num="91" count="14" type="stmt"/>
        <line num="94" count="93" type="stmt"/>
        <line num="95" count="19430" type="cond" truecount="2" falsecount="0"/>
        <line num="97" count="93" type="stmt"/>
        <line num="98" count="12035" type="cond" truecount="2" falsecount="0"/>
        <line num="100" count="93" type="stmt"/>
        <line num="101" count="5674" type="cond" truecount="2" falsecount="0"/>
        <line num="103" count="18818" type="stmt"/>
        <line num="105" count="4511" type="stmt"/>
        <line num="107" count="93" type="stmt"/>
        <line num="108" count="26711" type="cond" truecount="2" falsecount="0"/>
        <line num="111" count="57283" type="stmt"/>
        <line num="114" count="93" type="stmt"/>
        <line num="115" count="12374" type="cond" truecount="2" falsecount="0"/>
        <line num="117" count="93" type="stmt"/>
        <line num="118" count="15658" type="stmt"/>
        <line num="120" count="93" type="stmt"/>
        <line num="123" count="93" type="stmt"/>
        <line num="124" count="5507" type="cond" truecount="2" falsecount="0"/>
        <line num="126" count="93" type="stmt"/>
        <line num="127" count="8" type="stmt"/>
        <line num="129" count="93" type="stmt"/>
        <line num="130" count="81" type="stmt"/>
        <line num="132" count="93" type="stmt"/>
        <line num="133" count="291" type="cond" truecount="2" falsecount="0"/>
        <line num="135" count="93" type="stmt"/>
        <line num="136" count="170" type="cond" truecount="2" falsecount="0"/>
        <line num="138" count="93" type="stmt"/>
        <line num="139" count="351" type="stmt"/>
        <line num="141" count="93" type="stmt"/>
        <line num="142" count="166" type="stmt"/>
        <line num="144" count="93" type="stmt"/>
        <line num="145" count="265" type="cond" truecount="2" falsecount="0"/>
        <line num="147" count="93" type="stmt"/>
        <line num="149" count="5737" type="stmt"/>
        <line num="151" count="93" type="stmt"/>
        <line num="152" count="2290" type="stmt"/>
        <line num="154" count="93" type="stmt"/>
        <line num="155" count="542" type="stmt"/>
        <line num="158" count="93" type="stmt"/>
        <line num="162" count="1337" type="stmt"/>
        <line num="164" count="93" type="stmt"/>
        <line num="166" count="93" type="stmt"/>
        <line num="168" count="93" type="stmt"/>
        <line num="169" count="31" type="stmt"/>
        <line num="173" count="93" type="stmt"/>
        <line num="174" count="311" type="stmt"/>
        <line num="186" count="93" type="stmt"/>
        <line num="187" count="171" type="stmt"/>
        <line num="189" count="93" type="stmt"/>
        <line num="190" count="19029" type="stmt"/>
        <line num="192" count="93" type="stmt"/>
        <line num="193" count="59" type="stmt"/>
        <line num="195" count="93" type="stmt"/>
        <line num="196" count="116" type="stmt"/>
        <line num="198" count="93" type="stmt"/>
        <line num="200" count="93" type="stmt"/>
        <line num="201" count="3799" type="stmt"/>
        <line num="203" count="93" type="cond" truecount="1" falsecount="0"/>
        <line num="204" count="3183" type="stmt"/>
        <line num="206" count="93" type="stmt"/>
        <line num="207" count="740" type="stmt"/>
        <line num="209" count="93" type="stmt"/>
        <line num="210" count="549" type="stmt"/>
        <line num="212" count="93" type="stmt"/>
        <line num="216" count="3105" type="stmt"/>
        <line num="218" count="93" type="stmt"/>
        <line num="224" count="0" type="stmt"/>
        <line num="226" count="93" type="stmt"/>
        <line num="232" count="17" type="stmt"/>
        <line num="234" count="93" type="stmt"/>
        <line num="241" count="7110" type="stmt"/>
        <line num="243" count="93" type="stmt"/>
        <line num="246" count="7756" type="cond" truecount="2" falsecount="0"/>
        <line num="247" count="6922" type="stmt"/>
        <line num="250" count="7756" type="cond" truecount="2" falsecount="0"/>
        <line num="253" count="93" type="stmt"/>
        <line num="254" count="3493" type="cond" truecount="1" falsecount="1"/>
        <line num="256" count="93" type="stmt"/>
        <line num="257" count="773537" type="cond" truecount="2" falsecount="0"/>
        <line num="259" count="93" type="stmt"/>
        <line num="260" count="197" type="stmt"/>
        <line num="262" count="93" type="stmt"/>
        <line num="264" count="2" type="stmt"/>
        <line num="266" count="848" type="stmt"/>
        <line num="268" count="93" type="stmt"/>
        <line num="269" count="0" type="stmt"/>
        <line num="271" count="514" type="stmt"/>
        <line num="273" count="93" type="stmt"/>
        <line num="275" count="93" type="stmt"/>
        <line num="277" count="5666" type="stmt"/>
        <line num="279" count="93" type="stmt"/>
        <line num="282" count="93" type="stmt"/>
        <line num="285" count="9644" type="stmt"/>
        <line num="288" count="1228" type="stmt"/>
        <line num="290" count="93" type="stmt"/>
        <line num="292" count="93" type="stmt"/>
        <line num="294" count="93" type="stmt"/>
        <line num="296" count="93" type="stmt"/>
        <line num="298" count="93" type="stmt"/>
        <line num="299" count="13661" type="stmt"/>
        <line num="301" count="93" type="stmt"/>
        <line num="303" count="93" type="stmt"/>
        <line num="305" count="93" type="stmt"/>
        <line num="307" count="93" type="stmt"/>
        <line num="309" count="93" type="stmt"/>
        <line num="311" count="93" type="stmt"/>
        <line num="313" count="93" type="stmt"/>
        <line num="315" count="93" type="stmt"/>
        <line num="317" count="93" type="stmt"/>
        <line num="319" count="93" type="stmt"/>
        <line num="321" count="93" type="stmt"/>
        <line num="323" count="93" type="stmt"/>
        <line num="325" count="93" type="stmt"/>
        <line num="327" count="93" type="stmt"/>
        <line num="330" count="34076" type="stmt"/>
        <line num="332" count="93" type="stmt"/>
        <line num="334" count="117580" type="stmt"/>
        <line num="336" count="93" type="stmt"/>
        <line num="337" count="5" type="cond" truecount="1" falsecount="1"/>
        <line num="339" count="93" type="stmt"/>
        <line num="340" count="1801" type="cond" truecount="2" falsecount="0"/>
        <line num="342" count="93" type="stmt"/>
        <line num="343" count="200" type="cond" truecount="1" falsecount="1"/>
        <line num="345" count="93" type="stmt"/>
        <line num="348" count="4465" type="stmt"/>
        <line num="354" count="93" type="stmt"/>
        <line num="359" count="276" type="stmt"/>
        <line num="365" count="93" type="stmt"/>
        <line num="366" count="3850" type="stmt"/>
        <line num="368" count="93" type="stmt"/>
        <line num="369" count="238" type="stmt"/>
        <line num="371" count="93" type="cond" truecount="1" falsecount="0"/>
        <line num="372" count="252" type="stmt"/>
        <line num="374" count="93" type="stmt"/>
        <line num="376" count="93" type="stmt"/>
        <line num="377" count="3856" type="stmt"/>
        <line num="379" count="93" type="stmt"/>
        <line num="380" count="363" type="stmt"/>
        <line num="382" count="93" type="stmt"/>
        <line num="385" count="4549" type="stmt"/>
        <line num="387" count="93" type="stmt"/>
        <line num="391" count="717" type="stmt"/>
        <line num="393" count="93" type="stmt"/>
        <line num="397" count="0" type="stmt"/>
        <line num="399" count="93" type="stmt"/>
        <line num="405" count="16046" type="stmt"/>
        <line num="407" count="93" type="stmt"/>
        <line num="408" count="10559" type="stmt"/>
        <line num="410" count="93" type="stmt"/>
        <line num="412" count="1509" type="stmt"/>
        <line num="414" count="7538" type="stmt"/>
        <line num="416" count="93" type="stmt"/>
        <line num="417" count="175" type="stmt"/>
        <line num="419" count="93" type="stmt"/>
        <line num="422" count="405" type="stmt"/>
        <line num="424" count="93" type="stmt"/>
        <line num="425" count="362" type="cond" truecount="1" falsecount="1"/>
        <line num="427" count="93" type="stmt"/>
        <line num="428" count="424" type="stmt"/>
        <line num="430" count="163" type="stmt"/>
        <line num="432" count="93" type="stmt"/>
        <line num="434" count="93" type="stmt"/>
        <line num="435" count="7" type="stmt"/>
        <line num="437" count="93" type="stmt"/>
        <line num="438" count="93" type="stmt"/>
        <line num="440" count="93" type="stmt"/>
        <line num="442" count="93" type="stmt"/>
        <line num="444" count="93" type="stmt"/>
        <line num="446" count="93" type="stmt"/>
      </file>
      <file name="settings.ts" path="/home/yangren/git/lisn.js/packages/lisn.js/src/ts/globals/settings.ts">
        <metrics statements="2" coveredstatements="2" conditionals="0" coveredconditionals="0" methods="0" coveredmethods="0"/>
        <line num="5" count="93" type="stmt"/>
        <line num="31" count="93" type="stmt"/>
      </file>
    </package>
    <package name="modules">
      <metrics statements="243" coveredstatements="242" conditionals="62" coveredconditionals="59" methods="65" coveredmethods="62"/>
      <file name="bit-spaces.ts" path="/home/yangren/git/lisn.js/packages/lisn.js/src/ts/modules/bit-spaces.ts">
        <metrics statements="29" coveredstatements="29" conditionals="15" coveredconditionals="15" methods="11" coveredmethods="11"/>
        <line num="5" count="93" type="stmt"/>
        <line num="7" count="93" type="stmt"/>
        <line num="123" count="93" type="stmt"/>
        <line num="195" count="281" type="stmt"/>
        <line num="197" count="375" type="stmt"/>
        <line num="198" count="281" type="stmt"/>
        <line num="199" count="281" type="stmt"/>
        <line num="209" count="279" type="stmt"/>
        <line num="217" count="93" type="stmt"/>
        <line num="220" count="372" type="stmt"/>
        <line num="229" count="281" type="stmt"/>
        <line num="234" count="93" type="stmt"/>
        <line num="238" count="375" type="stmt"/>
        <line num="239" count="375" type="stmt"/>
        <line num="240" count="375" type="cond" truecount="1" falsecount="0"/>
        <line num="241" count="1" type="stmt"/>
        <line num="244" count="374" type="stmt"/>
        <line num="245" count="374" type="stmt"/>
        <line num="252" count="9344" type="cond" truecount="3" falsecount="0"/>
        <line num="257" count="123" type="cond" truecount="1" falsecount="0"/>
        <line num="261" count="2" type="stmt"/>
        <line num="264" count="121" type="cond" truecount="2" falsecount="0"/>
        <line num="267" count="121" type="cond" truecount="2" falsecount="0"/>
        <line num="269" count="121" type="stmt"/>
        <line num="272" count="855" type="cond" truecount="2" falsecount="0"/>
        <line num="275" count="374" type="stmt"/>
        <line num="276" count="1586" type="stmt"/>
        <line num="282" count="374" type="stmt"/>
        <line num="284" count="374" type="stmt"/>
      </file>
      <file name="callback.ts" path="/home/yangren/git/lisn.js/packages/lisn.js/src/ts/modules/callback.ts">
        <metrics statements="74" coveredstatements="74" conditionals="17" coveredconditionals="16" methods="15" coveredmethods="15"/>
        <line num="5" count="93" type="stmt"/>
        <line num="6" count="93" type="stmt"/>
        <line num="8" count="93" type="stmt"/>
        <line num="10" count="93" type="stmt"/>
        <line num="30" count="93" type="stmt"/>
        <line num="34" count="5112" type="stmt"/>
        <line num="35" count="5112" type="stmt"/>
        <line num="37" count="5112" type="cond" truecount="2" falsecount="0"/>
        <line num="39" count="4871" type="stmt"/>
        <line num="40" count="4871" type="cond" truecount="1" falsecount="0"/>
        <line num="41" count="93" type="stmt"/>
        <line num="44" count="241" type="stmt"/>
        <line num="47" count="5019" type="cond" truecount="2" falsecount="0"/>
        <line num="49" count="167" type="stmt"/>
        <line num="51" count="5019" type="stmt"/>
        <line num="53" count="2618" type="cond" truecount="1" falsecount="0"/>
        <line num="54" count="2618" type="stmt"/>
        <line num="59" count="5019" type="cond" truecount="1" falsecount="0"/>
        <line num="60" count="241" type="stmt"/>
        <line num="63" count="5019" type="stmt"/>
        <line num="77" count="93" type="stmt"/>
        <line num="83" count="93" type="stmt"/>
        <line num="92" count="93" type="stmt"/>
        <line num="156" count="93" type="stmt"/>
        <line num="163" count="5033" type="cond" truecount="1" falsecount="1"/>
        <line num="167" count="5033" type="stmt"/>
        <line num="168" count="5033" type="stmt"/>
        <line num="170" count="5033" type="stmt"/>
        <line num="172" count="5033" type="stmt"/>
        <line num="174" count="5033" type="stmt"/>
        <line num="175" count="311" type="cond" truecount="1" falsecount="0"/>
        <line num="176" count="302" type="stmt"/>
        <line num="177" count="302" type="stmt"/>
        <line num="179" count="302" type="stmt"/>
        <line num="180" count="373" type="stmt"/>
        <line num="183" count="302" type="stmt"/>
        <line num="187" count="5033" type="stmt"/>
        <line num="189" count="5033" type="stmt"/>
        <line num="190" count="2643" type="stmt"/>
        <line num="191" count="2643" type="stmt"/>
        <line num="192" count="2643" type="cond" truecount="1" falsecount="0"/>
        <line num="193" count="10" type="stmt"/>
        <line num="194" count="10" type="stmt"/>
        <line num="197" count="2633" type="stmt"/>
        <line num="201" count="2630" type="stmt"/>
        <line num="202" count="2630" type="stmt"/>
        <line num="204" count="6" type="stmt"/>
        <line num="207" count="2628" type="cond" truecount="1" falsecount="0"/>
        <line num="208" count="2" type="stmt"/>
        <line num="211" count="2628" type="stmt"/>
        <line num="217" count="5033" type="stmt"/>
        <line num="232" count="93" type="stmt"/>
        <line num="234" count="93" type="stmt"/>
        <line num="235" count="93" type="stmt"/>
        <line num="237" count="93" type="stmt"/>
        <line num="240" count="2241" type="stmt"/>
        <line num="241" count="2241" type="stmt"/>
        <line num="243" count="2630" type="stmt"/>
        <line num="244" count="2630" type="stmt"/>
        <line num="247" count="2628" type="stmt"/>
        <line num="251" count="93" type="stmt"/>
        <line num="253" count="302" type="stmt"/>
        <line num="254" count="302" type="cond" truecount="1" falsecount="0"/>
        <line num="256" count="136" type="stmt"/>
        <line num="257" count="10" type="cond" truecount="1" falsecount="0"/>
        <line num="258" count="3" type="stmt"/>
        <line num="262" count="136" type="stmt"/>
        <line num="267" count="2633" type="stmt"/>
        <line num="268" count="2633" type="cond" truecount="1" falsecount="0"/>
        <line num="269" count="1129" type="stmt"/>
        <line num="270" count="1129" type="stmt"/>
        <line num="273" count="2633" type="stmt"/>
        <line num="274" count="2633" type="cond" truecount="1" falsecount="0"/>
        <line num="275" count="2241" type="stmt"/>
      </file>
      <file name="x-intersection-observer.ts" path="/home/yangren/git/lisn.js/packages/lisn.js/src/ts/modules/x-intersection-observer.ts">
        <metrics statements="37" coveredstatements="37" conditionals="3" coveredconditionals="3" methods="10" coveredmethods="10"/>
        <line num="5" count="93" type="stmt"/>
        <line num="19" count="93" type="stmt"/>
        <line num="67" count="52" type="stmt"/>
        <line num="68" count="52" type="stmt"/>
        <line num="70" count="52" type="stmt"/>
        <line num="71" count="123" type="stmt"/>
        <line num="73" count="123" type="stmt"/>
        <line num="74" count="170" type="cond" truecount="1" falsecount="0"/>
        <line num="75" count="99" type="stmt"/>
        <line num="76" count="99" type="stmt"/>
        <line num="79" count="71" type="stmt"/>
        <line num="82" count="123" type="cond" truecount="1" falsecount="0"/>
        <line num="83" count="37" type="stmt"/>
        <line num="87" count="52" type="stmt"/>
        <line num="92" count="52" type="stmt"/>
        <line num="93" count="52" type="stmt"/>
        <line num="94" count="1" type="stmt"/>
        <line num="96" count="52" type="stmt"/>
        <line num="97" count="1" type="stmt"/>
        <line num="100" count="52" type="stmt"/>
        <line num="101" count="106" type="stmt"/>
        <line num="102" count="130" type="stmt"/>
        <line num="103" count="130" type="stmt"/>
        <line num="107" count="52" type="stmt"/>
        <line num="108" count="153" type="stmt"/>
        <line num="111" count="169" type="cond" truecount="1" falsecount="0"/>
        <line num="112" count="69" type="stmt"/>
        <line num="115" count="100" type="stmt"/>
        <line num="116" count="100" type="stmt"/>
        <line num="120" count="52" type="stmt"/>
        <line num="121" count="61" type="stmt"/>
        <line num="122" count="70" type="stmt"/>
        <line num="123" count="70" type="stmt"/>
        <line num="127" count="52" type="stmt"/>
        <line num="128" count="1" type="stmt"/>
        <line num="129" count="1" type="stmt"/>
        <line num="132" count="52" type="stmt"/>
      </file>
      <file name="x-map.ts" path="/home/yangren/git/lisn.js/packages/lisn.js/src/ts/modules/x-map.ts">
        <metrics statements="46" coveredstatements="46" conditionals="12" coveredconditionals="12" methods="21" coveredmethods="18"/>
        <line num="5" count="93" type="stmt"/>
        <line num="6" count="93" type="stmt"/>
        <line num="23" count="93" type="stmt"/>
        <line num="24" count="4756" type="stmt"/>
        <line num="32" count="93" type="stmt"/>
        <line num="33" count="93" type="stmt"/>
        <line num="34" count="198" type="stmt"/>
        <line num="35" count="3979" type="stmt"/>
        <line num="43" count="93" type="stmt"/>
        <line num="45" count="886" type="stmt"/>
        <line num="53" count="93" type="stmt"/>
        <line num="54" count="93" type="stmt"/>
        <line num="55" count="1" type="stmt"/>
        <line num="56" count="1" type="stmt"/>
        <line num="58" count="93" type="stmt"/>
        <line num="99" count="20035" type="stmt"/>
        <line num="100" count="5649" type="stmt"/>
        <line num="101" count="5649" type="stmt"/>
        <line num="102" count="5649" type="stmt"/>
        <line num="104" count="5649" type="stmt"/>
        <line num="105" count="13645" type="stmt"/>
        <line num="106" count="13645" type="cond" truecount="1" falsecount="0"/>
        <line num="107" count="9654" type="stmt"/>
        <line num="108" count="9654" type="stmt"/>
        <line num="110" count="13645" type="stmt"/>
        <line num="113" count="5649" type="stmt"/>
        <line num="114" count="2990" type="stmt"/>
        <line num="115" count="2990" type="cond" truecount="3" falsecount="0"/>
        <line num="116" count="1826" type="stmt"/>
        <line num="119" count="2990" type="cond" truecount="1" falsecount="0"/>
        <line num="127" count="2329" type="stmt"/>
        <line num="142" count="93" type="stmt"/>
        <line num="168" count="93" type="stmt"/>
        <line num="176" count="93" type="stmt"/>
        <line num="184" count="4762" type="stmt"/>
        <line num="185" count="4762" type="stmt"/>
        <line num="187" count="5524" type="stmt"/>
        <line num="188" count="4762" type="stmt"/>
        <line num="189" count="4762" type="stmt"/>
        <line num="190" count="4762" type="stmt"/>
        <line num="191" count="4762" type="stmt"/>
        <line num="192" count="4762" type="stmt"/>
        <line num="205" count="93" type="stmt"/>
        <line num="212" count="93" type="stmt"/>
        <line num="220" count="887" type="stmt"/>
        <line num="221" count="887" type="stmt"/>
      </file>
      <file name="x-resize-observer.ts" path="/home/yangren/git/lisn.js/packages/lisn.js/src/ts/modules/x-resize-observer.ts">
        <metrics statements="57" coveredstatements="56" conditionals="15" coveredconditionals="13" methods="8" coveredmethods="8"/>
        <line num="5" count="93" type="stmt"/>
        <line num="7" count="93" type="stmt"/>
        <line num="9" count="93" type="stmt"/>
        <line num="24" count="93" type="stmt"/>
        <line num="53" count="69" type="cond" truecount="1" falsecount="1"/>
        <line num="57" count="69" type="stmt"/>
        <line num="62" count="69" type="stmt"/>
        <line num="64" count="69" type="stmt"/>
        <line num="66" count="69" type="cond" truecount="2" falsecount="0"/>
        <line num="68" count="69" type="stmt"/>
        <line num="69" count="69" type="stmt"/>
        <line num="72" count="410" type="stmt"/>
        <line num="73" count="662" type="stmt"/>
        <line num="74" count="662" type="stmt"/>
        <line num="75" count="662" type="cond" truecount="1" falsecount="0"/>
        <line num="76" count="300" type="cond" truecount="2" falsecount="0"/>
        <line num="78" count="150" type="stmt"/>
        <line num="85" count="150" type="stmt"/>
        <line num="88" count="300" type="stmt"/>
        <line num="91" count="362" type="stmt"/>
        <line num="94" count="410" type="stmt"/>
        <line num="100" count="410" type="cond" truecount="3" falsecount="0"/>
        <line num="101" count="91" type="stmt"/>
        <line num="102" count="91" type="cond" truecount="1" falsecount="0"/>
        <line num="103" count="91" type="stmt"/>
        <line num="104" count="91" type="stmt"/>
        <line num="107" count="91" type="stmt"/>
        <line num="112" count="69" type="stmt"/>
        <line num="113" count="69" type="stmt"/>
        <line num="114" count="69" type="cond" truecount="2" falsecount="1"/>
        <line num="115" count="0" type="stmt"/>
        <line num="120" count="69" type="stmt"/>
        <line num="121" count="182" type="stmt"/>
        <line num="122" count="182" type="stmt"/>
        <line num="123" count="182" type="stmt"/>
        <line num="128" count="69" type="stmt"/>
        <line num="129" count="7" type="stmt"/>
        <line num="131" count="7" type="stmt"/>
        <line num="132" count="31" type="stmt"/>
        <line num="136" count="69" type="stmt"/>
        <line num="137" count="170" type="stmt"/>
        <line num="138" count="170" type="stmt"/>
        <line num="141" count="186" type="cond" truecount="1" falsecount="0"/>
        <line num="142" count="35" type="stmt"/>
        <line num="145" count="151" type="stmt"/>
        <line num="146" count="151" type="stmt"/>
        <line num="150" count="69" type="stmt"/>
        <line num="151" count="41" type="stmt"/>
        <line num="153" count="41" type="stmt"/>
        <line num="154" count="50" type="stmt"/>
        <line num="155" count="50" type="stmt"/>
        <line num="156" count="50" type="stmt"/>
        <line num="160" count="69" type="stmt"/>
        <line num="161" count="1" type="stmt"/>
        <line num="162" count="1" type="stmt"/>
        <line num="163" count="1" type="stmt"/>
        <line num="164" count="1" type="stmt"/>
      </file>
    </package>
    <package name="triggers">
      <metrics statements="288" coveredstatements="260" conditionals="126" coveredconditionals="101" methods="68" coveredmethods="67"/>
      <file name="check-trigger.ts" path="/home/yangren/git/lisn.js/packages/lisn.js/src/ts/triggers/check-trigger.ts">
        <metrics statements="21" coveredstatements="20" conditionals="10" coveredconditionals="9" methods="8" coveredmethods="8"/>
        <line num="9" count="93" type="stmt"/>
        <line num="11" count="93" type="stmt"/>
        <line num="12" count="93" type="stmt"/>
        <line num="16" count="93" type="stmt"/>
        <line num="99" count="93" type="stmt"/>
        <line num="103" count="186" type="stmt"/>
        <line num="106" count="4" type="stmt"/>
        <line num="122" count="7" type="stmt"/>
        <line num="123" count="7" type="stmt"/>
        <line num="125" count="7" type="cond" truecount="0" falsecount="1"/>
        <line num="126" count="0" type="stmt"/>
        <line num="129" count="7" type="cond" truecount="2" falsecount="0"/>
        <line num="131" count="7" type="cond" truecount="1" falsecount="0"/>
        <line num="132" count="3" type="stmt"/>
        <line num="135" count="6" type="cond" truecount="2" falsecount="0"/>
        <line num="137" count="4" type="stmt"/>
        <line num="139" count="4" type="stmt"/>
        <line num="140" count="1" type="stmt"/>
        <line num="160" count="93" type="stmt"/>
        <line num="163" count="4" type="stmt"/>
        <line num="165" count="4" type="cond" truecount="4" falsecount="0"/>
      </file>
      <file name="layout-trigger.ts" path="/home/yangren/git/lisn.js/packages/lisn.js/src/ts/triggers/layout-trigger.ts">
        <metrics statements="37" coveredstatements="33" conditionals="18" coveredconditionals="14" methods="7" coveredmethods="7"/>
        <line num="11" count="93" type="stmt"/>
        <line num="20" count="93" type="stmt"/>
        <line num="21" count="93" type="stmt"/>
        <line num="27" count="93" type="stmt"/>
        <line num="31" count="93" type="stmt"/>
        <line num="33" count="93" type="stmt"/>
        <line num="135" count="93" type="stmt"/>
        <line num="139" count="186" type="stmt"/>
        <line num="142" count="7" type="stmt"/>
        <line num="154" count="7" type="cond" truecount="2" falsecount="0"/>
        <line num="174" count="8" type="cond" truecount="2" falsecount="0"/>
        <line num="175" count="8" type="cond" truecount="1" falsecount="0"/>
        <line num="176" count="1" type="stmt"/>
        <line num="179" count="7" type="stmt"/>
        <line num="180" count="7" type="stmt"/>
        <line num="182" count="7" type="cond" truecount="0" falsecount="1"/>
        <line num="183" count="0" type="stmt"/>
        <line num="186" count="7" type="stmt"/>
        <line num="187" count="7" type="stmt"/>
        <line num="188" count="7" type="stmt"/>
        <line num="189" count="7" type="stmt"/>
        <line num="191" count="7" type="cond" truecount="1" falsecount="1"/>
        <line num="192" count="7" type="stmt"/>
        <line num="193" count="7" type="stmt"/>
        <line num="195" count="0" type="stmt"/>
        <line num="196" count="0" type="stmt"/>
        <line num="199" count="7" type="stmt"/>
        <line num="200" count="7" type="stmt"/>
        <line num="202" count="7" type="stmt"/>
        <line num="204" count="7" type="cond" truecount="2" falsecount="1"/>
        <line num="205" count="7" type="stmt"/>
        <line num="241" count="93" type="stmt"/>
        <line num="242" count="7" type="stmt"/>
        <line num="244" count="7" type="cond" truecount="2" falsecount="0"/>
        <line num="247" count="7" type="cond" truecount="2" falsecount="1"/>
        <line num="248" count="0" type="stmt"/>
        <line num="250" count="7" type="stmt"/>
      </file>
      <file name="load-trigger.ts" path="/home/yangren/git/lisn.js/packages/lisn.js/src/ts/triggers/load-trigger.ts">
        <metrics statements="11" coveredstatements="11" conditionals="1" coveredconditionals="1" methods="4" coveredmethods="4"/>
        <line num="8" count="93" type="stmt"/>
        <line num="10" count="93" type="stmt"/>
        <line num="14" count="93" type="stmt"/>
        <line num="57" count="93" type="stmt"/>
        <line num="61" count="186" type="stmt"/>
        <line num="64" count="3" type="stmt"/>
        <line num="75" count="4" type="stmt"/>
        <line num="76" count="4" type="stmt"/>
        <line num="78" count="4" type="cond" truecount="1" falsecount="0"/>
        <line num="79" count="1" type="stmt"/>
        <line num="82" count="3" type="stmt"/>
      </file>
      <file name="pointer-trigger.ts" path="/home/yangren/git/lisn.js/packages/lisn.js/src/ts/triggers/pointer-trigger.ts">
        <metrics statements="38" coveredstatements="37" conditionals="11" coveredconditionals="10" methods="15" coveredmethods="15"/>
        <line num="19" count="93" type="stmt"/>
        <line num="20" count="93" type="stmt"/>
        <line num="22" count="93" type="stmt"/>
        <line num="23" count="93" type="stmt"/>
        <line num="24" count="93" type="stmt"/>
        <line num="26" count="93" type="stmt"/>
        <line num="33" count="93" type="stmt"/>
        <line num="119" count="93" type="stmt"/>
        <line num="123" count="186" type="stmt"/>
        <line num="126" count="4" type="stmt"/>
        <line num="142" count="7" type="stmt"/>
        <line num="143" count="7" type="stmt"/>
        <line num="145" count="7" type="stmt"/>
        <line num="229" count="93" type="stmt"/>
        <line num="233" count="186" type="stmt"/>
        <line num="236" count="4" type="stmt"/>
        <line num="252" count="7" type="stmt"/>
        <line num="253" count="7" type="stmt"/>
        <line num="255" count="7" type="stmt"/>
        <line num="336" count="93" type="stmt"/>
        <line num="340" count="186" type="stmt"/>
        <line num="343" count="4" type="stmt"/>
        <line num="359" count="7" type="stmt"/>
        <line num="360" count="7" type="stmt"/>
        <line num="362" count="7" type="stmt"/>
        <line num="395" count="93" type="stmt"/>
        <line num="398" count="12" type="stmt"/>
        <line num="400" count="12" type="cond" truecount="4" falsecount="0"/>
        <line num="408" count="93" type="stmt"/>
        <line num="415" count="21" type="cond" truecount="0" falsecount="1"/>
        <line num="416" count="0" type="stmt"/>
        <line num="419" count="21" type="cond" truecount="2" falsecount="0"/>
        <line num="420" count="21" type="cond" truecount="2" falsecount="0"/>
        <line num="427" count="21" type="cond" truecount="2" falsecount="0"/>
        <line num="428" count="7" type="stmt"/>
        <line num="430" count="14" type="stmt"/>
        <line num="431" count="14" type="stmt"/>
        <line num="434" count="21" type="stmt"/>
      </file>
      <file name="scroll-trigger.ts" path="/home/yangren/git/lisn.js/packages/lisn.js/src/ts/triggers/scroll-trigger.ts">
        <metrics statements="29" coveredstatements="26" conditionals="11" coveredconditionals="7" methods="6" coveredmethods="6"/>
        <line num="10" count="93" type="stmt"/>
        <line num="11" count="93" type="stmt"/>
        <line num="19" count="93" type="stmt"/>
        <line num="23" count="93" type="stmt"/>
        <line num="24" count="93" type="stmt"/>
        <line num="28" count="93" type="stmt"/>
        <line num="30" count="93" type="stmt"/>
        <line num="117" count="93" type="stmt"/>
        <line num="121" count="186" type="stmt"/>
        <line num="124" count="5" type="stmt"/>
        <line num="147" count="10" type="cond" truecount="1" falsecount="1"/>
        <line num="149" count="10" type="stmt"/>
        <line num="150" count="10" type="cond" truecount="0" falsecount="1"/>
        <line num="151" count="0" type="stmt"/>
        <line num="152" count="0" type="stmt"/>
        <line num="155" count="10" type="stmt"/>
        <line num="156" count="10" type="stmt"/>
        <line num="158" count="10" type="cond" truecount="0" falsecount="1"/>
        <line num="159" count="0" type="stmt"/>
        <line num="162" count="10" type="stmt"/>
        <line num="163" count="10" type="stmt"/>
        <line num="164" count="10" type="stmt"/>
        <line num="166" count="10" type="cond" truecount="1" falsecount="1"/>
        <line num="170" count="9" type="stmt"/>
        <line num="176" count="9" type="cond" truecount="1" falsecount="0"/>
        <line num="177" count="9" type="stmt"/>
        <line num="222" count="93" type="stmt"/>
        <line num="223" count="5" type="stmt"/>
        <line num="225" count="5" type="cond" truecount="4" falsecount="0"/>
      </file>
      <file name="trigger.ts" path="/home/yangren/git/lisn.js/packages/lisn.js/src/ts/triggers/trigger.ts">
        <metrics statements="98" coveredstatements="93" conditionals="42" coveredconditionals="39" methods="18" coveredmethods="18"/>
        <line num="55" count="93" type="stmt"/>
        <line num="56" count="93" type="stmt"/>
        <line num="58" count="93" type="stmt"/>
        <line num="60" count="93" type="stmt"/>
        <line num="62" count="93" type="stmt"/>
        <line num="63" count="93" type="stmt"/>
        <line num="64" count="93" type="stmt"/>
        <line num="65" count="93" type="stmt"/>
        <line num="66" count="93" type="stmt"/>
        <line num="72" count="93" type="stmt"/>
        <line num="74" count="93" type="stmt"/>
        <line num="83" count="93" type="stmt"/>
        <line num="104" count="93" type="stmt"/>
        <line num="131" count="81" type="stmt"/>
        <line num="132" count="81" type="cond" truecount="1" falsecount="0"/>
        <line num="133" count="66" type="stmt"/>
        <line num="135" count="15" type="stmt"/>
        <line num="139" count="186" type="stmt"/>
        <line num="141" count="3" type="stmt"/>
        <line num="153" count="108" type="stmt"/>
        <line num="155" count="108" type="cond" truecount="1" falsecount="1"/>
        <line num="162" count="108" type="cond" truecount="2" falsecount="0"/>
        <line num="163" count="108" type="cond" truecount="2" falsecount="0"/>
        <line num="164" count="108" type="cond" truecount="2" falsecount="0"/>
        <line num="165" count="108" type="cond" truecount="2" falsecount="0"/>
        <line num="166" count="108" type="cond" truecount="2" falsecount="0"/>
        <line num="171" count="108" type="stmt"/>
        <line num="173" count="108" type="stmt"/>
        <line num="178" count="117" type="cond" truecount="1" falsecount="0"/>
        <line num="179" count="3" type="stmt"/>
        <line num="182" count="114" type="stmt"/>
        <line num="183" count="114" type="stmt"/>
        <line num="184" count="114" type="stmt"/>
        <line num="189" count="114" type="cond" truecount="1" falsecount="0"/>
        <line num="190" count="19" type="stmt"/>
        <line num="191" count="19" type="cond" truecount="0" falsecount="1"/>
        <line num="193" count="0" type="stmt"/>
        <line num="196" count="0" type="stmt"/>
        <line num="200" count="114" type="stmt"/>
        <line num="201" count="120" type="stmt"/>
        <line num="202" count="120" type="stmt"/>
        <line num="205" count="114" type="stmt"/>
        <line num="207" count="114" type="cond" truecount="3" falsecount="0"/>
        <line num="208" count="3" type="stmt"/>
        <line num="212" count="108" type="stmt"/>
        <line num="213" count="60" type="stmt"/>
        <line num="216" count="61" type="stmt"/>
        <line num="222" count="108" type="stmt"/>
        <line num="223" count="37" type="cond" truecount="1" falsecount="0"/>
        <line num="224" count="36" type="stmt"/>
        <line num="227" count="37" type="stmt"/>
        <line num="234" count="108" type="stmt"/>
        <line num="235" count="21" type="stmt"/>
        <line num="238" count="22" type="stmt"/>
        <line num="246" count="108" type="stmt"/>
        <line num="247" count="12" type="stmt"/>
        <line num="248" count="12" type="stmt"/>
        <line num="249" count="12" type="stmt"/>
        <line num="250" count="12" type="stmt"/>
        <line num="253" count="108" type="stmt"/>
        <line num="254" count="108" type="stmt"/>
        <line num="255" count="108" type="cond" truecount="2" falsecount="0"/>
        <line num="256" count="108" type="stmt"/>
        <line num="257" count="108" type="stmt"/>
        <line num="358" count="93" type="stmt"/>
        <line num="363" count="1691" type="stmt"/>
        <line num="365" count="1691" type="stmt"/>
        <line num="366" count="60" type="stmt"/>
        <line num="367" count="60" type="stmt"/>
        <line num="368" count="60" type="cond" truecount="2" falsecount="0"/>
        <line num="372" count="60" type="stmt"/>
        <line num="378" count="60" type="stmt"/>
        <line num="379" count="13" type="cond" truecount="1" falsecount="0"/>
        <line num="380" count="13" type="stmt"/>
        <line num="384" count="60" type="stmt"/>
        <line num="385" count="63" type="stmt"/>
        <line num="386" count="63" type="stmt"/>
        <line num="388" count="63" type="cond" truecount="2" falsecount="0"/>
        <line num="390" count="63" type="stmt"/>
        <line num="399" count="63" type="cond" truecount="2" falsecount="0"/>
        <line num="401" count="63" type="stmt"/>
        <line num="402" count="63" type="stmt"/>
        <line num="407" count="63" type="stmt"/>
        <line num="414" count="63" type="stmt"/>
        <line num="415" count="63" type="stmt"/>
        <line num="419" count="0" type="cond" truecount="0" falsecount="1"/>
        <line num="421" count="0" type="stmt"/>
        <line num="424" count="0" type="stmt"/>
        <line num="428" count="63" type="stmt"/>
        <line num="431" count="56" type="stmt"/>
        <line num="434" count="1691" type="stmt"/>
        <line num="441" count="93" type="stmt"/>
        <line num="442" count="93" type="stmt"/>
        <line num="443" count="93" type="stmt"/>
        <line num="444" count="93" type="stmt"/>
        <line num="446" count="93" type="stmt"/>
        <line num="449" count="60" type="stmt"/>
        <line num="457" count="63" type="cond" truecount="4" falsecount="0"/>
      </file>
      <file name="view-trigger.ts" path="/home/yangren/git/lisn.js/packages/lisn.js/src/ts/triggers/view-trigger.ts">
        <metrics statements="54" coveredstatements="40" conditionals="33" coveredconditionals="21" methods="10" coveredmethods="9"/>
        <line num="11" count="93" type="stmt"/>
        <line num="12" count="93" type="stmt"/>
        <line num="16" count="93" type="stmt"/>
        <line num="17" count="93" type="stmt"/>
        <line num="18" count="93" type="stmt"/>
        <line num="19" count="93" type="stmt"/>
        <line num="20" count="93" type="stmt"/>
        <line num="25" count="93" type="stmt"/>
        <line num="32" count="93" type="stmt"/>
        <line num="33" count="93" type="stmt"/>
        <line num="35" count="93" type="stmt"/>
        <line num="37" count="93" type="stmt"/>
        <line num="45" count="93" type="stmt"/>
        <line num="154" count="93" type="stmt"/>
        <line num="158" count="186" type="stmt"/>
        <line num="161" count="9" type="stmt"/>
        <line num="180" count="11" type="stmt"/>
        <line num="182" count="11" type="cond" truecount="1" falsecount="1"/>
        <line num="188" count="11" type="stmt"/>
        <line num="190" count="11" type="cond" truecount="0" falsecount="1"/>
        <line num="191" count="0" type="stmt"/>
        <line num="194" count="11" type="stmt"/>
        <line num="200" count="11" type="cond" truecount="2" falsecount="0"/>
        <line num="201" count="11" type="cond" truecount="2" falsecount="0"/>
        <line num="202" count="11" type="stmt"/>
        <line num="204" count="11" type="stmt"/>
        <line num="205" count="11" type="cond" truecount="1" falsecount="1"/>
        <line num="206" count="0" type="stmt"/>
        <line num="208" count="0" type="stmt"/>
        <line num="210" count="11" type="stmt"/>
        <line num="211" count="11" type="stmt"/>
        <line num="212" count="11" type="stmt"/>
        <line num="217" count="11" type="stmt"/>
        <line num="218" count="11" type="stmt"/>
        <line num="219" count="11" type="cond" truecount="0" falsecount="1"/>
        <line num="223" count="0" type="stmt"/>
        <line num="224" count="0" type="stmt"/>
        <line num="228" count="11" type="cond" truecount="1" falsecount="1"/>
        <line num="229" count="0" type="stmt"/>
        <line num="231" count="11" type="stmt"/>
        <line num="294" count="93" type="stmt"/>
        <line num="295" count="9" type="stmt"/>
        <line num="297" count="9" type="cond" truecount="4" falsecount="0"/>
        <line num="303" count="9" type="cond" truecount="4" falsecount="0"/>
        <line num="307" count="9" type="stmt"/>
        <line num="311" count="93" type="stmt"/>
        <line num="312" count="0" type="stmt"/>
        <line num="313" count="0" type="cond" truecount="0" falsecount="1"/>
        <line num="319" count="0" type="stmt"/>
        <line num="320" count="0" type="stmt"/>
        <line num="321" count="0" type="cond" truecount="0" falsecount="2"/>
        <line num="328" count="0" type="stmt"/>
        <line num="330" count="0" type="stmt"/>
        <line num="334" count="0" type="stmt"/>
      </file>
    </package>
    <package name="utils">
      <metrics statements="1784" coveredstatements="1695" conditionals="832" coveredconditionals="729" methods="349" coveredmethods="329"/>
      <file name="animations.ts" path="/home/yangren/git/lisn.js/packages/lisn.js/src/ts/utils/animations.ts">
        <metrics statements="29" coveredstatements="29" conditionals="3" coveredconditionals="2" methods="7" coveredmethods="7"/>
        <line num="5" count="93" type="stmt"/>
        <line num="6" count="93" type="stmt"/>
        <line num="8" count="93" type="stmt"/>
        <line num="13" count="93" type="stmt"/>
        <line num="41" count="93" type="stmt"/>
        <line num="42" count="696" type="stmt"/>
        <line num="43" count="696" type="stmt"/>
        <line num="57" count="93" type="stmt"/>
        <line num="58" count="1" type="stmt"/>
        <line num="62" count="3" type="stmt"/>
        <line num="64" count="3" type="cond" truecount="1" falsecount="0"/>
        <line num="65" count="1" type="stmt"/>
        <line num="88" count="93" type="stmt"/>
        <line num="91" count="60" type="stmt"/>
        <line num="92" count="696" type="stmt"/>
        <line num="93" count="696" type="cond" truecount="1" falsecount="0"/>
        <line num="94" count="60" type="stmt"/>
        <line num="95" count="60" type="stmt"/>
        <line num="98" count="696" type="stmt"/>
        <line num="99" count="696" type="stmt"/>
        <line num="100" count="696" type="stmt"/>
        <line num="102" count="696" type="stmt"/>
        <line num="105" count="60" type="stmt"/>
        <line num="106" count="696" type="stmt"/>
        <line num="126" count="93" type="stmt"/>
        <line num="159" count="93" type="stmt"/>
        <line num="160" count="9" type="stmt"/>
        <line num="168" count="9" type="stmt"/>
        <line num="170" count="9" type="stmt"/>
      </file>
      <file name="css-alter.ts" path="/home/yangren/git/lisn.js/packages/lisn.js/src/ts/utils/css-alter.ts">
        <metrics statements="202" coveredstatements="177" conditionals="61" coveredconditionals="47" methods="52" coveredmethods="48"/>
        <line num="19" count="93" type="stmt"/>
        <line num="20" count="93" type="stmt"/>
        <line num="24" count="93" type="stmt"/>
        <line num="31" count="93" type="stmt"/>
        <line num="32" count="93" type="stmt"/>
        <line num="33" count="93" type="stmt"/>
        <line num="34" count="93" type="stmt"/>
        <line num="48" count="93" type="stmt"/>
        <line num="53" count="197" type="stmt"/>
        <line num="56" count="197" type="stmt"/>
        <line num="57" count="197" type="cond" truecount="1" falsecount="0"/>
        <line num="58" count="59" type="stmt"/>
        <line num="59" count="59" type="stmt"/>
        <line num="62" count="197" type="cond" truecount="1" falsecount="0"/>
        <line num="63" count="147" type="stmt"/>
        <line num="64" count="147" type="stmt"/>
        <line num="67" count="197" type="stmt"/>
        <line num="116" count="93" type="stmt"/>
        <line num="122" count="199" type="stmt"/>
        <line num="124" count="199" type="cond" truecount="1" falsecount="0"/>
        <line num="125" count="56" type="stmt"/>
        <line num="128" count="196" type="stmt"/>
        <line num="129" count="194" type="cond" truecount="1" falsecount="0"/>
        <line num="131" count="15" type="stmt"/>
        <line num="134" count="179" type="stmt"/>
        <line num="135" count="179" type="stmt"/>
        <line num="137" count="179" type="cond" truecount="1" falsecount="0"/>
        <line num="138" count="50" type="stmt"/>
        <line num="143" count="129" type="stmt"/>
        <line num="144" count="129" type="cond" truecount="1" falsecount="0"/>
        <line num="145" count="129" type="stmt"/>
        <line num="148" count="129" type="stmt"/>
        <line num="163" count="93" type="stmt"/>
        <line num="164" count="7" type="stmt"/>
        <line num="174" count="93" type="cond" truecount="1" falsecount="0"/>
        <line num="175" count="14" type="stmt"/>
        <line num="184" count="93" type="stmt"/>
        <line num="185" count="5" type="stmt"/>
        <line num="195" count="93" type="cond" truecount="1" falsecount="0"/>
        <line num="196" count="60" type="stmt"/>
        <line num="207" count="93" type="stmt"/>
        <line num="208" count="3" type="stmt"/>
        <line num="218" count="93" type="cond" truecount="1" falsecount="0"/>
        <line num="219" count="26" type="stmt"/>
        <line num="228" count="93" type="stmt"/>
        <line num="229" count="3" type="stmt"/>
        <line num="239" count="93" type="cond" truecount="1" falsecount="0"/>
        <line num="240" count="85" type="stmt"/>
        <line num="250" count="93" type="stmt"/>
        <line num="251" count="2" type="cond" truecount="2" falsecount="0"/>
        <line num="263" count="93" type="cond" truecount="1" falsecount="0"/>
        <line num="264" count="6" type="cond" truecount="2" falsecount="0"/>
        <line num="276" count="93" type="stmt"/>
        <line num="277" count="2" type="cond" truecount="2" falsecount="0"/>
        <line num="287" count="93" type="cond" truecount="1" falsecount="0"/>
        <line num="288" count="6" type="cond" truecount="2" falsecount="0"/>
        <line num="297" count="93" type="stmt"/>
        <line num="298" count="108" type="stmt"/>
        <line num="305" count="93" type="stmt"/>
        <line num="306" count="35" type="stmt"/>
        <line num="313" count="93" type="stmt"/>
        <line num="314" count="703" type="stmt"/>
        <line num="323" count="93" type="stmt"/>
        <line num="324" count="9" type="cond" truecount="2" falsecount="0"/>
        <line num="325" count="14" type="stmt"/>
        <line num="334" count="93" type="stmt"/>
        <line num="335" count="9" type="stmt"/>
        <line num="342" count="93" type="stmt"/>
        <line num="343" count="2033" type="stmt"/>
        <line num="350" count="93" type="stmt"/>
        <line num="357" count="93" type="stmt"/>
        <line num="358" count="500" type="stmt"/>
        <line num="365" count="93" type="stmt"/>
        <line num="374" count="93" type="stmt"/>
        <line num="378" count="28" type="stmt"/>
        <line num="385" count="93" type="stmt"/>
        <line num="395" count="93" type="stmt"/>
[...]
        <line num="215" count="20" type="cond" truecount="1" falsecount="0"/>
        <line num="216" count="1" type="stmt"/>
        <line num="219" count="19" type="stmt"/>
        <line num="222" count="20" type="stmt"/>
        <line num="223" count="20" type="stmt"/>
        <line num="224" count="20" type="stmt"/>
        <line num="225" count="20" type="stmt"/>
        <line num="226" count="20" type="stmt"/>
        <line num="228" count="20" type="cond" truecount="1" falsecount="0"/>
        <line num="229" count="179" type="cond" truecount="2" falsecount="0"/>
        <line num="268" count="93" type="stmt"/>
        <line num="269" count="93" type="stmt"/>
        <line num="270" count="93" type="stmt"/>
        <line num="275" count="93" type="stmt"/>
        <line num="276" count="93" type="stmt"/>
        <line num="278" count="93" type="stmt"/>
        <line num="282" count="93" type="stmt"/>
        <line num="284" count="93" type="stmt"/>
        <line num="286" count="3" type="cond" truecount="0" falsecount="2"/>
        <line num="289" count="93" type="stmt"/>
        <line num="291" count="93" type="stmt"/>
        <line num="292" count="10" type="stmt"/>
        <line num="294" count="93" type="stmt"/>
        <line num="300" count="19" type="stmt"/>
        <line num="301" count="19" type="stmt"/>
        <line num="302" count="19" type="stmt"/>
        <line num="303" count="19" type="stmt"/>
        <line num="305" count="19" type="stmt"/>
        <line num="307" count="19" type="stmt"/>
        <line num="308" count="10" type="stmt"/>
        <line num="310" count="10" type="cond" truecount="1" falsecount="0"/>
        <line num="315" count="7" type="stmt"/>
        <line num="316" count="7" type="stmt"/>
        <line num="318" count="7" type="cond" truecount="0" falsecount="1"/>
        <line num="319" count="0" type="stmt"/>
        <line num="320" count="0" type="cond" truecount="0" falsecount="1"/>
        <line num="321" count="0" type="stmt"/>
        <line num="325" count="7" type="stmt"/>
        <line num="332" count="7" type="stmt"/>
        <line num="336" count="7" type="stmt"/>
        <line num="337" count="7" type="stmt"/>
        <line num="342" count="19" type="stmt"/>
        <line num="343" count="10" type="cond" truecount="1" falsecount="2"/>
        <line num="344" count="0" type="stmt"/>
        <line num="345" count="0" type="stmt"/>
        <line num="348" count="10" type="cond" truecount="1" falsecount="0"/>
        <line num="349" count="7" type="stmt"/>
        <line num="350" count="7" type="stmt"/>
        <line num="352" count="7" type="stmt"/>
        <line num="359" count="7" type="cond" truecount="0" falsecount="1"/>
        <line num="360" count="0" type="stmt"/>
        <line num="361" count="0" type="stmt"/>
        <line num="366" count="19" type="stmt"/>
        <line num="367" count="0" type="cond" truecount="0" falsecount="3"/>
        <line num="368" count="0" type="stmt"/>
        <line num="369" count="0" type="cond" truecount="0" falsecount="3"/>
        <line num="370" count="0" type="stmt"/>
        <line num="372" count="0" type="stmt"/>
        <line num="373" count="0" type="stmt"/>
        <line num="374" count="0" type="stmt"/>
        <line num="376" count="0" type="cond" truecount="0" falsecount="1"/>
        <line num="377" count="0" type="stmt"/>
        <line num="378" count="0" type="stmt"/>
        <line num="379" count="0" type="stmt"/>
        <line num="383" count="0" type="cond" truecount="0" falsecount="1"/>
        <line num="384" count="0" type="stmt"/>
        <line num="389" count="0" type="cond" truecount="0" falsecount="1"/>
        <line num="390" count="0" type="stmt"/>
        <line num="403" count="19" type="stmt"/>
        <line num="404" count="10" type="stmt"/>
        <line num="405" count="10" type="stmt"/>
        <line num="407" count="10" type="cond" truecount="1" falsecount="0"/>
        <line num="413" count="7" type="stmt"/>
        <line num="417" count="19" type="stmt"/>
        <line num="418" count="19" type="stmt"/>
        <line num="419" count="63" type="stmt"/>
        <line num="421" count="63" type="stmt"/>
        <line num="423" count="63" type="stmt"/>
        <line num="425" count="63" type="stmt"/>
        <line num="426" count="63" type="stmt"/>
        <line num="428" count="63" type="stmt"/>
        <line num="430" count="63" type="stmt"/>
        <line num="431" count="63" type="stmt"/>
        <line num="433" count="63" type="stmt"/>
        <line num="434" count="63" type="stmt"/>
        <line num="440" count="19" type="stmt"/>
        <line num="441" count="63" type="stmt"/>
        <line num="442" count="63" type="stmt"/>
        <line num="445" count="19" type="stmt"/>
        <line num="447" count="19" type="stmt"/>
        <line num="448" count="3" type="stmt"/>
        <line num="449" count="12" type="stmt"/>
        <line num="451" count="12" type="stmt"/>
        <line num="453" count="12" type="stmt"/>
        <line num="455" count="12" type="stmt"/>
        <line num="456" count="12" type="stmt"/>
        <line num="458" count="12" type="stmt"/>
        <line num="460" count="12" type="stmt"/>
        <line num="461" count="12" type="stmt"/>
        <line num="462" count="12" type="stmt"/>
        <line num="463" count="12" type="stmt"/>
        <line num="467" count="19" type="stmt"/>
        <line num="468" count="3" type="stmt"/>
        <line num="469" count="12" type="stmt"/>
        <line num="470" count="12" type="stmt"/>
        <line num="474" count="19" type="stmt"/>
        <line num="477" count="93" type="stmt"/>
        <line num="482" count="20" type="stmt"/>
        <line num="484" count="20" type="stmt"/>
        <line num="485" count="20" type="stmt"/>
        <line num="487" count="20" type="stmt"/>
        <line num="488" count="366" type="cond" truecount="2" falsecount="0"/>
        <line num="490" count="20" type="cond" truecount="0" falsecount="1"/>
        <line num="491" count="87" type="cond" truecount="2" falsecount="0"/>
        <line num="493" count="20" type="cond" truecount="1" falsecount="0"/>
        <line num="494" count="76" type="stmt"/>
        <line num="496" count="20" type="cond" truecount="1" falsecount="0"/>
        <line num="497" count="7" type="stmt"/>
        <line num="498" count="7" type="cond" truecount="3" falsecount="1"/>
        <line num="499" count="0" type="stmt"/>
        <line num="503" count="7" type="stmt"/>
        <line num="504" count="7" type="stmt"/>
        <line num="507" count="20" type="cond" truecount="1" falsecount="0"/>
        <line num="508" count="4" type="stmt"/>
        <line num="509" count="4" type="cond" truecount="2" falsecount="1"/>
        <line num="510" count="0" type="stmt"/>
        <line num="514" count="4" type="stmt"/>
        <line num="515" count="4" type="stmt"/>
        <line num="518" count="20" type="cond" truecount="1" falsecount="0"/>
        <line num="519" count="4" type="cond" truecount="2" falsecount="0"/>
        <line num="523" count="20" type="stmt"/>
        <line num="524" count="1" type="stmt"/>
        <line num="527" count="20" type="stmt"/>
        <line num="528" count="7" type="cond" truecount="2" falsecount="0"/>
        <line num="529" count="1" type="stmt"/>
        <line num="531" count="6" type="stmt"/>
        <line num="538" count="7" type="stmt"/>
        <line num="539" count="1" type="stmt"/>
        <line num="543" count="20" type="stmt"/>
      </file>
      <file name="track-gesture.ts" path="/home/yangren/git/lisn.js/packages/lisn.js/src/ts/widgets/track-gesture.ts">
        <metrics statements="19" coveredstatements="18" conditionals="2" coveredconditionals="2" methods="5" coveredmethods="5"/>
        <line num="5" count="93" type="stmt"/>
        <line num="7" count="93" type="stmt"/>
        <line num="9" count="93" type="stmt"/>
        <line num="11" count="93" type="stmt"/>
        <line num="57" count="93" type="stmt"/>
        <line num="59" count="8" type="stmt"/>
        <line num="60" count="8" type="cond" truecount="1" falsecount="0"/>
        <line num="61" count="4" type="stmt"/>
        <line num="63" count="4" type="stmt"/>
        <line num="67" count="93" type="stmt"/>
        <line num="70" count="3" type="cond" truecount="1" falsecount="0"/>
        <line num="71" count="3" type="stmt"/>
        <line num="73" count="0" type="stmt"/>
        <line num="80" count="5" type="stmt"/>
        <line num="82" count="5" type="stmt"/>
        <line num="92" count="5" type="stmt"/>
        <line num="159" count="93" type="stmt"/>
        <line num="162" count="93" type="stmt"/>
        <line num="164" count="93" type="stmt"/>
      </file>
      <file name="track-scroll.ts" path="/home/yangren/git/lisn.js/packages/lisn.js/src/ts/widgets/track-scroll.ts">
        <metrics statements="19" coveredstatements="18" conditionals="2" coveredconditionals="2" methods="5" coveredmethods="5"/>
        <line num="5" count="93" type="stmt"/>
        <line num="7" count="93" type="stmt"/>
        <line num="9" count="93" type="stmt"/>
        <line num="11" count="93" type="stmt"/>
        <line num="46" count="93" type="stmt"/>
        <line num="48" count="8" type="stmt"/>
        <line num="49" count="8" type="cond" truecount="1" falsecount="0"/>
        <line num="50" count="4" type="stmt"/>
        <line num="52" count="4" type="stmt"/>
        <line num="56" count="93" type="stmt"/>
        <line num="59" count="3" type="cond" truecount="1" falsecount="0"/>
        <line num="60" count="3" type="stmt"/>
        <line num="62" count="0" type="stmt"/>
        <line num="69" count="5" type="stmt"/>
        <line num="71" count="5" type="stmt"/>
        <line num="81" count="5" type="stmt"/>
        <line num="108" count="93" type="stmt"/>
        <line num="111" count="93" type="stmt"/>
        <line num="113" count="93" type="stmt"/>
      </file>
      <file name="track-size.ts" path="/home/yangren/git/lisn.js/packages/lisn.js/src/ts/widgets/track-size.ts">
        <metrics statements="19" coveredstatements="18" conditionals="2" coveredconditionals="2" methods="5" coveredmethods="5"/>
        <line num="5" count="93" type="stmt"/>
        <line num="7" count="93" type="stmt"/>
        <line num="9" count="93" type="stmt"/>
        <line num="11" count="93" type="stmt"/>
        <line num="51" count="93" type="stmt"/>
        <line num="53" count="8" type="stmt"/>
        <line num="54" count="8" type="cond" truecount="1" falsecount="0"/>
        <line num="55" count="4" type="stmt"/>
        <line num="57" count="4" type="stmt"/>
        <line num="61" count="93" type="stmt"/>
        <line num="64" count="3" type="cond" truecount="1" falsecount="0"/>
        <line num="65" count="3" type="stmt"/>
        <line num="67" count="0" type="stmt"/>
        <line num="74" count="5" type="stmt"/>
        <line num="76" count="5" type="stmt"/>
        <line num="86" count="5" type="stmt"/>
        <line num="115" count="93" type="stmt"/>
        <line num="118" count="93" type="stmt"/>
        <line num="120" count="93" type="stmt"/>
      </file>
      <file name="track-view.ts" path="/home/yangren/git/lisn.js/packages/lisn.js/src/ts/widgets/track-view.ts">
        <metrics statements="24" coveredstatements="23" conditionals="6" coveredconditionals="5" methods="8" coveredmethods="8"/>
        <line num="5" count="93" type="stmt"/>
        <line num="7" count="93" type="stmt"/>
        <line num="8" count="93" type="stmt"/>
        <line num="14" count="93" type="stmt"/>
        <line num="16" count="93" type="stmt"/>
        <line num="65" count="93" type="stmt"/>
        <line num="67" count="8" type="stmt"/>
        <line num="68" count="8" type="cond" truecount="1" falsecount="0"/>
        <line num="69" count="4" type="stmt"/>
        <line num="71" count="4" type="stmt"/>
        <line num="75" count="93" type="stmt"/>
        <line num="78" count="3" type="cond" truecount="1" falsecount="0"/>
        <line num="79" count="3" type="stmt"/>
        <line num="81" count="0" type="stmt"/>
        <line num="88" count="5" type="stmt"/>
        <line num="90" count="5" type="stmt"/>
        <line num="96" count="5" type="stmt"/>
        <line num="98" count="5" type="stmt"/>
        <line num="157" count="93" type="stmt"/>
        <line num="160" count="93" type="stmt"/>
        <line num="162" count="93" type="stmt"/>
        <line num="165" count="3" type="stmt"/>
        <line num="167" count="3" type="cond" truecount="3" falsecount="1"/>
        <line num="171" count="3" type="stmt"/>
      </file>
      <file name="widget.ts" path="/home/yangren/git/lisn.js/packages/lisn.js/src/ts/widgets/widget.ts">
        <metrics statements="126" coveredstatements="126" conditionals="42" coveredconditionals="41" methods="23" coveredmethods="23"/>
        <line num="40" count="93" type="stmt"/>
        <line num="41" count="93" type="stmt"/>
        <line num="43" count="93" type="stmt"/>
        <line num="45" count="93" type="stmt"/>
        <line num="46" count="93" type="stmt"/>
        <line num="47" count="93" type="stmt"/>
        <line num="48" count="93" type="stmt"/>
        <line num="49" count="93" type="stmt"/>
        <line num="50" count="93" type="stmt"/>
        <line num="52" count="93" type="stmt"/>
        <line num="57" count="93" type="stmt"/>
        <line num="59" count="93" type="stmt"/>
        <line num="61" count="93" type="stmt"/>
        <line num="63" count="93" type="stmt"/>
        <line num="122" count="335" type="cond" truecount="2" falsecount="0"/>
        <line num="130" count="328" type="cond" truecount="1" falsecount="1"/>
        <line num="137" count="328" type="stmt"/>
        <line num="138" count="328" type="cond" truecount="1" falsecount="0"/>
        <line num="139" count="206" type="stmt"/>
        <line num="140" count="206" type="stmt"/>
        <line num="143" count="328" type="stmt"/>
        <line num="144" count="328" type="stmt"/>
        <line num="147" count="328" type="stmt"/>
        <line num="148" count="328" type="stmt"/>
        <line num="149" count="328" type="stmt"/>
        <line num="151" count="328" type="stmt"/>
        <line num="152" count="91" type="cond" truecount="1" falsecount="0"/>
        <line num="153" count="87" type="stmt"/>
        <line num="154" count="87" type="stmt"/>
        <line num="156" count="87" type="stmt"/>
        <line num="157" count="25" type="stmt"/>
        <line num="162" count="328" type="stmt"/>
        <line num="163" count="23" type="cond" truecount="3" falsecount="0"/>
        <line num="164" count="19" type="stmt"/>
        <line num="165" count="19" type="stmt"/>
        <line num="167" count="19" type="stmt"/>
        <line num="168" count="3" type="stmt"/>
        <line num="173" count="328" type="stmt"/>
        <line num="174" count="8" type="cond" truecount="1" falsecount="0"/>
        <line num="175" count="8" type="cond" truecount="2" falsecount="0"/>
        <line num="179" count="328" type="stmt"/>
        <line num="180" count="328" type="stmt"/>
        <line num="182" count="686" type="stmt"/>
        <line num="184" count="328" type="stmt"/>
        <line num="185" count="69" type="cond" truecount="1" falsecount="0"/>
        <line num="186" count="63" type="stmt"/>
        <line num="187" count="63" type="stmt"/>
        <line num="188" count="63" type="stmt"/>
        <line num="189" count="63" type="stmt"/>
        <line num="191" count="63" type="stmt"/>
        <line num="192" count="59" type="stmt"/>
        <line num="195" count="63" type="stmt"/>
        <line num="196" count="63" type="stmt"/>
        <line num="197" count="63" type="stmt"/>
        <line num="199" count="63" type="cond" truecount="1" falsecount="0"/>
        <line num="200" count="36" type="stmt"/>
        <line num="201" count="36" type="cond" truecount="1" falsecount="0"/>
        <line num="202" count="31" type="stmt"/>
        <line num="203" count="31" type="stmt"/>
        <line num="209" count="69" type="stmt"/>
        <line num="212" count="375" type="stmt"/>
        <line num="214" count="328" type="stmt"/>
        <line num="216" count="328" type="stmt"/>
        <line num="304" count="93" type="stmt"/>
        <line num="313" count="3278" type="cond" truecount="1" falsecount="0"/>
        <line num="314" count="838" type="stmt"/>
        <line num="317" count="2440" type="stmt"/>
        <line num="321" count="2440" type="stmt"/>
        <line num="323" count="2440" type="stmt"/>
        <line num="324" count="2440" type="cond" truecount="2" falsecount="0"/>
        <line num="326" count="2440" type="cond" truecount="1" falsecount="0"/>
        <line num="327" count="2440" type="stmt"/>
        <line num="328" count="2440" type="stmt"/>
        <line num="330" count="122" type="stmt"/>
        <line num="331" count="122" type="cond" truecount="2" falsecount="0"/>
        <line num="335" count="122" type="stmt"/>
        <line num="336" count="122" type="stmt"/>
        <line num="337" count="122" type="stmt"/>
        <line num="339" count="122" type="cond" truecount="2" falsecount="0"/>
        <line num="340" count="13" type="cond" truecount="1" falsecount="0"/>
        <line num="341" count="3" type="stmt"/>
        <line num="344" count="13" type="cond" truecount="1" falsecount="0"/>
        <line num="345" count="10" type="stmt"/>
        <line num="350" count="109" type="cond" truecount="2" falsecount="0"/>
        <line num="353" count="122" type="stmt"/>
        <line num="354" count="124" type="cond" truecount="2" falsecount="0"/>
        <line num="358" count="124" type="stmt"/>
        <line num="359" count="120" type="cond" truecount="1" falsecount="0"/>
        <line num="360" count="120" type="stmt"/>
        <line num="365" count="118" type="cond" truecount="1" falsecount="0"/>
        <line num="366" count="118" type="stmt"/>
        <line num="368" count="9" type="stmt"/>
        <line num="369" count="10" type="stmt"/>
        <line num="427" count="93" type="stmt"/>
        <line num="432" count="280" type="stmt"/>
        <line num="433" count="280" type="cond" truecount="1" falsecount="0"/>
        <line num="434" count="269" type="stmt"/>
        <line num="437" count="280" type="stmt"/>
        <line num="438" count="1684" type="stmt"/>
        <line num="440" count="276" type="stmt"/>
        <line num="447" count="93" type="stmt"/>
        <line num="452" count="160" type="stmt"/>
        <line num="453" count="160" type="stmt"/>
        <line num="457" count="160" type="stmt"/>
        <line num="458" count="898" type="stmt"/>
        <line num="461" count="160" type="stmt"/>
        <line num="468" count="93" type="stmt"/>
        <line num="469" count="1891" type="stmt"/>
        <line num="475" count="93" type="stmt"/>
        <line num="480" count="30" type="stmt"/>
        <line num="481" count="30" type="cond" truecount="1" falsecount="0"/>
        <line num="482" count="23" type="stmt"/>
        <line num="483" count="23" type="stmt"/>
        <line num="485" count="23" type="cond" truecount="1" falsecount="0"/>
        <line num="486" count="6" type="stmt"/>
        <line num="487" count="6" type="stmt"/>
        <line num="491" count="24" type="stmt"/>
        <line num="494" count="192" type="stmt"/>
        <line num="495" count="93" type="stmt"/>
        <line num="499" count="93" type="stmt"/>
        <line num="503" count="269" type="stmt"/>
        <line num="504" count="269" type="stmt"/>
        <line num="506" count="244" type="stmt"/>
        <line num="508" count="244" type="stmt"/>
        <line num="509" count="244" type="cond" truecount="2" falsecount="0"/>
        <line num="511" count="269" type="stmt"/>
      </file>
    </package>
  </project>
</coverage>
