TN:
SF:src/ts/actions/action.ts
FN:37,(anonymous_0)
FN:46,(anonymous_1)
FN:80,(anonymous_2)
FNF:3
FNH:3
FNDA:3206,(anonymous_0)
FNDA:98,(anonymous_1)
FNDA:100,(anonymous_2)
DA:5,93
DA:7,93
DA:9,93
DA:37,93
DA:42,3206
DA:43,1302
DA:46,1904
DA:50,98
DA:54,98
DA:55,98
DA:59,98
DA:60,55
DA:61,55
DA:62,29
DA:67,98
DA:70,1904
DA:80,93
DA:85,100
DA:86,100
DA:87,2
DA:90,98
DA:95,93
LF:22
LH:22
BRDA:42,0,0,1302
BRDA:50,1,0,4
BRDA:50,1,1,94
BRDA:55,2,0,35
BRDA:55,2,1,63
BRDA:60,3,0,55
BRDA:61,4,0,29
BRDA:86,5,0,2
BRDA:90,6,0,98
BRDA:90,6,1,13
BRF:10
BRH:10
end_of_record
TN:
SF:src/ts/actions/add-class.ts
FN:55,(anonymous_0)
FN:58,(anonymous_1)
FN:62,(anonymous_2)
FN:108,(anonymous_3)
FN:111,(anonymous_4)
FN:115,(anonymous_5)
FN:127,(anonymous_6)
FN:129,(anonymous_7)
FN:130,(anonymous_8)
FN:131,(anonymous_9)
FNF:10
FNH:10
FNDA:186,(anonymous_0)
FNDA:1,(anonymous_1)
FNDA:2,(anonymous_2)
FNDA:186,(anonymous_3)
FNDA:1,(anonymous_4)
FNDA:2,(anonymous_5)
FNDA:4,(anonymous_6)
FNDA:6,(anonymous_7)
FNDA:6,(anonymous_8)
FNDA:4,(anonymous_9)
DA:9,93
DA:11,93
DA:17,93
DA:39,93
DA:56,186
DA:58,1
DA:63,2
DA:64,2
DA:66,2
DA:67,2
DA:68,2
DA:92,93
DA:109,186
DA:111,1
DA:116,2
DA:117,2
DA:119,2
DA:120,2
DA:121,2
DA:127,93
DA:128,4
DA:129,6
DA:130,6
DA:131,4
LF:24
LH:24
BRF:0
BRH:0
end_of_record
TN:
SF:src/ts/actions/animate-play.ts
FN:65,(anonymous_0)
FN:66,(anonymous_1)
FN:69,(anonymous_2)
FN:120,(anonymous_3)
FN:121,(anonymous_4)
FN:124,(anonymous_5)
FN:144,(anonymous_6)
FN:146,(anonymous_7)
FN:147,(anonymous_8)
FN:148,(anonymous_9)
FN:152,(anonymous_10)
FN:168,(anonymous_11)
FNF:12
FNH:12
FNDA:186,(anonymous_0)
FNDA:1,(anonymous_1)
FNDA:2,(anonymous_2)
FNDA:186,(anonymous_3)
FNDA:1,(anonymous_4)
FNDA:2,(anonymous_5)
FNDA:4,(anonymous_6)
FNDA:6,(anonymous_7)
FNDA:4,(anonymous_8)
FNDA:4,(anonymous_9)
FNDA:16,(anonymous_10)
FNDA:16,(anonymous_11)
DA:12,93
DA:14,93
DA:18,93
DA:24,93
DA:49,93
DA:66,186
DA:70,2
DA:73,2
DA:75,2
DA:76,2
DA:77,2
DA:104,93
DA:121,186
DA:125,2
DA:128,2
DA:130,2
DA:131,2
DA:132,2
DA:140,93
DA:141,93
DA:142,93
DA:144,93
DA:145,4
DA:146,6
DA:147,4
DA:148,4
DA:152,93
DA:157,16
DA:169,16
DA:170,2
DA:173,16
DA:174,16
DA:175,8
DA:177,8
LF:34
LH:34
BRDA:155,0,0,14
BRDA:169,1,0,2
BRDA:174,2,0,8
BRDA:174,2,1,8
BRDA:174,3,0,16
BRDA:174,3,1,10
BRDA:174,3,2,3
BRF:7
BRH:7
end_of_record
TN:
SF:src/ts/actions/animate.ts
FN:64,(anonymous_0)
FN:65,(anonymous_1)
FN:68,(anonymous_2)
FN:79,(anonymous_3)
FN:80,(anonymous_4)
FN:81,(anonymous_5)
FN:100,(anonymous_6)
FN:111,(anonymous_7)
FN:206,(anonymous_8)
FN:246,(anonymous_9)
FNF:10
FNH:9
FNDA:186,(anonymous_0)
FNDA:1,(anonymous_1)
FNDA:2,(anonymous_2)
FNDA:2,(anonymous_3)
FNDA:2,(anonymous_4)
FNDA:2,(anonymous_5)
FNDA:8,(anonymous_6)
FNDA:8,(anonymous_7)
FNDA:8,(anonymous_8)
FNDA:0,(anonymous_9)
DA:5,93
DA:6,93
DA:8,93
DA:12,93
DA:18,93
DA:19,93
DA:21,93
DA:23,93
DA:48,93
DA:65,186
DA:69,2
DA:76,2
DA:77,2
DA:79,2
DA:80,2
DA:81,2
DA:82,2
DA:83,2
DA:84,2
DA:96,93
DA:97,93
DA:98,93
DA:100,93
DA:106,8
DA:107,8
DA:111,8
DA:206,93
DA:212,8
DA:213,8
DA:215,8
DA:218,8
DA:220,8
DA:222,8
DA:230,8
DA:232,1
DA:233,1
DA:236,7
DA:238,7
DA:239,7
DA:245,7
DA:246,0
DA:247,0
LF:42
LH:40
BRDA:69,0,0,2
BRDA:69,0,1,0
BRDA:82,1,0,1
BRDA:82,1,1,1
BRDA:104,2,0,6
BRDA:218,3,0,8
BRDA:218,3,1,6
BRDA:218,3,2,1
BRDA:220,4,0,8
BRDA:220,4,1,6
BRDA:230,5,0,1
BRDA:230,6,0,8
BRDA:230,6,1,5
BRDA:241,7,0,2
BRDA:241,7,1,5
BRDA:242,8,0,2
BRDA:242,8,1,5
BRDA:245,9,0,0
BRDA:245,10,0,7
BRDA:245,10,1,5
BRF:20
BRH:18
end_of_record
TN:
SF:src/ts/actions/display.ts
FN:61,(anonymous_0)
FN:62,(anonymous_1)
FN:65,(anonymous_2)
FN:112,(anonymous_3)
FN:113,(anonymous_4)
FN:116,(anonymous_5)
FN:128,(anonymous_6)
FN:130,(anonymous_7)
FN:134,(anonymous_8)
FN:138,(anonymous_9)
FNF:10
FNH:10
FNDA:186,(anonymous_0)
FNDA:1,(anonymous_1)
FNDA:2,(anonymous_2)
FNDA:186,(anonymous_3)
FNDA:1,(anonymous_4)
FNDA:2,(anonymous_5)
FNDA:4,(anonymous_6)
FNDA:4,(anonymous_7)
FNDA:4,(anonymous_8)
FNDA:4,(anonymous_9)
DA:12,93
DA:14,93
DA:22,93
DA:45,93
DA:62,186
DA:66,2
DA:68,2
DA:69,2
DA:70,2
DA:71,2
DA:96,93
DA:113,186
DA:117,2
DA:119,2
DA:120,2
DA:121,2
DA:122,2
DA:128,93
DA:129,4
DA:131,4
DA:135,4
DA:139,4
LF:22
LH:22
BRF:0
BRH:0
end_of_record
TN:
SF:src/ts/actions/open.ts
FN:49,(anonymous_0)
FN:50,(anonymous_1)
FN:53,(anonymous_2)
FN:54,(anonymous_3)
FN:55,(anonymous_4)
FN:56,(anonymous_5)
FN:60,(anonymous_6)
FN:61,(anonymous_7)
FN:62,(anonymous_8)
FNF:9
FNH:9
FNDA:93,(anonymous_0)
FNDA:1,(anonymous_1)
FNDA:3,(anonymous_2)
FNDA:3,(anonymous_3)
FNDA:3,(anonymous_4)
FNDA:3,(anonymous_5)
FNDA:3,(anonymous_6)
FNDA:3,(anonymous_7)
FNDA:3,(anonymous_8)
DA:9,93
DA:11,93
DA:12,93
DA:14,93
DA:33,93
DA:50,93
DA:54,3
DA:55,3
DA:56,3
DA:58,3
DA:60,3
DA:61,3
DA:62,3
LF:13
LH:13
BRF:0
BRH:0
end_of_record
TN:
SF:src/ts/actions/pager.ts
FN:60,(anonymous_0)
FN:61,(anonymous_1)
FN:64,(anonymous_2)
FN:68,(anonymous_3)
FN:73,(anonymous_4)
FN:78,(anonymous_5)
FN:121,(anonymous_6)
FN:122,(anonymous_7)
FN:125,(anonymous_8)
FN:129,(anonymous_9)
FN:134,(anonymous_10)
FN:139,(anonymous_11)
FN:184,(anonymous_12)
FN:187,(anonymous_13)
FN:191,(anonymous_14)
FN:198,(anonymous_15)
FN:199,(anonymous_16)
FN:200,(anonymous_17)
FN:243,(anonymous_18)
FN:246,(anonymous_19)
FN:250,(anonymous_20)
FN:258,(anonymous_21)
FN:259,(anonymous_22)
FN:260,(anonymous_23)
FN:303,(anonymous_24)
FN:306,(anonymous_25)
FN:310,(anonymous_26)
FN:318,(anonymous_27)
FN:319,(anonymous_28)
FN:320,(anonymous_29)
FN:326,(anonymous_30)
FN:329,(anonymous_31)
FN:330,(anonymous_32)
FN:332,(anonymous_33)
FN:354,(anonymous_34)
FN:356,(anonymous_35)
FN:358,(anonymous_36)
FN:364,(anonymous_37)
FN:365,(anonymous_38)
FN:367,(anonymous_39)
FN:368,(anonymous_40)
FN:370,(anonymous_41)
FN:371,(anonymous_42)
FN:372,(anonymous_43)
FN:373,(anonymous_44)
FN:374,(anonymous_45)
FN:375,(anonymous_46)
FNF:47
FNH:47
FNDA:93,(anonymous_0)
FNDA:1,(anonymous_1)
FNDA:7,(anonymous_2)
FNDA:6,(anonymous_3)
FNDA:5,(anonymous_4)
FNDA:13,(anonymous_5)
FNDA:93,(anonymous_6)
FNDA:1,(anonymous_7)
FNDA:7,(anonymous_8)
FNDA:6,(anonymous_9)
FNDA:6,(anonymous_10)
FNDA:13,(anonymous_11)
FNDA:93,(anonymous_12)
FNDA:1,(anonymous_13)
FNDA:7,(anonymous_14)
FNDA:6,(anonymous_15)
FNDA:6,(anonymous_16)
FNDA:13,(anonymous_17)
FNDA:93,(anonymous_18)
FNDA:1,(anonymous_19)
FNDA:3,(anonymous_20)
FNDA:3,(anonymous_21)
FNDA:3,(anonymous_22)
FNDA:3,(anonymous_23)
FNDA:93,(anonymous_24)
FNDA:1,(anonymous_25)
FNDA:3,(anonymous_26)
FNDA:3,(anonymous_27)
FNDA:3,(anonymous_28)
FNDA:3,(anonymous_29)
FNDA:27,(anonymous_30)
FNDA:25,(anonymous_31)
FNDA:24,(anonymous_32)
FNDA:25,(anonymous_33)
FNDA:9,(anonymous_34)
FNDA:9,(anonymous_35)
FNDA:6,(anonymous_36)
FNDA:25,(anonymous_37)
FNDA:24,(anonymous_38)
FNDA:25,(anonymous_39)
FNDA:25,(anonymous_40)
FNDA:9,(anonymous_41)
FNDA:9,(anonymous_42)
FNDA:9,(anonymous_43)
FNDA:9,(anonymous_44)
FNDA:6,(anonymous_45)
FNDA:6,(anonymous_46)
DA:15,93
DA:16,93
DA:18,93
DA:20,93
DA:21,93
DA:23,93
DA:43,93
DA:61,93
DA:65,7
DA:66,7
DA:68,7
DA:69,6
DA:70,6
DA:73,7
DA:74,5
DA:75,5
DA:78,7
DA:79,13
DA:80,13
DA:81,13
DA:104,93
DA:122,93
DA:126,7
DA:127,7
DA:129,7
DA:130,6
DA:131,6
DA:134,7
DA:135,6
DA:136,6
DA:139,7
DA:140,13
DA:141,13
DA:142,13
DA:166,93
DA:185,93
DA:187,1
DA:192,7
DA:193,0
DA:196,7
DA:198,7
DA:199,7
DA:200,13
DA:226,93
DA:244,93
DA:246,1
DA:251,3
DA:252,0
DA:255,3
DA:256,3
DA:258,3
DA:259,3
DA:260,3
DA:286,93
DA:304,93
DA:306,1
DA:311,3
DA:312,0
DA:315,3
DA:316,3
DA:318,3
DA:319,3
DA:320,3
DA:326,93
DA:327,27
DA:329,27
DA:330,27
DA:332,27
DA:337,25
DA:339,25
DA:340,25
DA:341,11
DA:344,25
DA:345,21
DA:347,18
DA:350,21
DA:354,27
DA:355,9
DA:356,27
DA:357,9
DA:358,27
DA:359,6
DA:361,27
DA:363,27
DA:364,25
DA:365,24
DA:368,25
DA:371,9
DA:373,9
DA:375,6
LF:90
LH:87
BRDA:79,0,0,5
BRDA:79,0,1,8
BRDA:140,1,0,5
BRDA:140,1,1,8
BRDA:192,2,0,0
BRDA:251,3,0,0
BRDA:311,4,0,0
BRDA:339,5,0,6
BRDA:339,5,1,19
BRDA:340,6,0,11
BRDA:344,7,0,21
BRDA:345,8,0,18
BRDA:367,9,0,12
BRF:13
BRH:10
end_of_record
TN:
SF:src/ts/actions/scroll-to.ts
FN:115,(anonymous_0)
FN:118,(anonymous_1)
FN:136,(anonymous_2)
FN:142,(anonymous_3)
FN:151,(anonymous_4)
FN:164,(anonymous_5)
FN:173,(anonymous_6)
FN:235,(anonymous_7)
FN:237,(anonymous_8)
FN:238,(anonymous_9)
FN:239,(anonymous_10)
FN:240,(anonymous_11)
FNF:12
FNH:12
FNDA:186,(anonymous_0)
FNDA:3,(anonymous_1)
FNDA:5,(anonymous_2)
FNDA:4,(anonymous_3)
FNDA:4,(anonymous_4)
FNDA:4,(anonymous_5)
FNDA:2,(anonymous_6)
FNDA:3,(anonymous_7)
FNDA:3,(anonymous_8)
FNDA:3,(anonymous_9)
FNDA:3,(anonymous_10)
FNDA:3,(anonymous_11)
DA:9,93
DA:10,93
DA:14,93
DA:15,93
DA:16,93
DA:18,93
DA:20,93
DA:96,93
DA:116,186
DA:119,3
DA:126,3
DA:137,5
DA:138,5
DA:139,5
DA:140,5
DA:142,5
DA:143,4
DA:144,4
DA:145,4
DA:147,4
DA:148,4
DA:151,5
DA:152,4
DA:153,4
DA:160,4
DA:164,5
DA:165,4
DA:167,4
DA:168,4
DA:172,4
DA:174,2
DA:175,2
DA:180,4
DA:189,4
DA:191,4
DA:194,2
DA:195,2
DA:235,93
DA:236,3
DA:237,3
DA:238,3
DA:239,3
DA:241,3
LF:43
LH:43
BRDA:119,0,0,3
BRDA:119,0,1,0
BRDA:138,1,0,5
BRDA:138,1,1,0
BRDA:152,2,0,4
BRDA:158,3,0,4
BRDA:158,3,1,0
BRDA:184,4,0,4
BRDA:184,4,1,0
BRDA:191,5,0,2
BRDA:237,6,0,3
BRDA:237,6,1,1
BRDA:238,7,0,3
BRDA:238,7,1,2
BRDA:241,8,0,3
BRDA:241,8,1,1
BRDA:241,9,0,2
BRDA:241,9,1,1
BRF:18
BRH:14
end_of_record
TN:
SF:src/ts/actions/set-attribute.ts
FN:133,(anonymous_0)
FN:136,(anonymous_1)
FN:143,(anonymous_2)
FN:150,(anonymous_3)
FN:167,(anonymous_4)
FN:169,(anonymous_5)
FN:171,(anonymous_6)
FNF:7
FNH:7
FNDA:186,(anonymous_0)
FNDA:8,(anonymous_1)
FNDA:13,(anonymous_2)
FNDA:53,(anonymous_3)
FNDA:13,(anonymous_4)
FNDA:30,(anonymous_5)
FNDA:10,(anonymous_6)
DA:8,93
DA:9,93
DA:11,93
DA:12,93
DA:13,93
DA:15,93
DA:117,93
DA:134,186
DA:137,8
DA:144,13
DA:145,0
DA:148,13
DA:150,13
DA:151,53
DA:153,53
DA:155,53
DA:156,53
DA:157,53
DA:159,53
DA:160,17
DA:162,36
DA:167,13
DA:169,30
DA:171,13
DA:173,13
DA:196,93
LF:26
LH:25
BRDA:137,0,0,8
BRDA:137,0,1,0
BRDA:144,1,0,0
BRDA:156,2,0,18
BRDA:156,2,1,35
BRDA:159,3,0,17
BRDA:159,3,1,36
BRF:7
BRH:5
end_of_record
TN:
SF:src/ts/actions/show.ts
FN:53,(anonymous_0)
FN:54,(anonymous_1)
FN:57,(anonymous_2)
FN:105,(anonymous_3)
FN:106,(anonymous_4)
FN:109,(anonymous_5)
FN:122,(anonymous_6)
FN:124,(anonymous_7)
FN:128,(anonymous_8)
FN:132,(anonymous_9)
FNF:10
FNH:10
FNDA:186,(anonymous_0)
FNDA:1,(anonymous_1)
FNDA:2,(anonymous_2)
FNDA:186,(anonymous_3)
FNDA:1,(anonymous_4)
FNDA:2,(anonymous_5)
FNDA:4,(anonymous_6)
FNDA:4,(anonymous_7)
FNDA:4,(anonymous_8)
FNDA:4,(anonymous_9)
DA:5,93
DA:7,93
DA:14,93
DA:37,93
DA:54,186
DA:58,2
DA:59,2
DA:61,2
DA:62,2
DA:63,2
DA:64,2
DA:89,93
DA:106,186
DA:110,2
DA:111,2
DA:113,2
DA:114,2
DA:115,2
DA:116,2
DA:122,93
DA:123,4
DA:125,4
DA:129,4
DA:133,4
LF:24
LH:24
BRF:0
BRH:0
end_of_record
TN:
SF:src/ts/actions/trigger.ts
FN:65,(anonymous_0)
FN:66,(anonymous_1)
FN:69,(anonymous_2)
FN:121,(anonymous_3)
FN:122,(anonymous_4)
FN:125,(anonymous_5)
FN:173,(anonymous_6)
FN:174,(anonymous_7)
FN:177,(anonymous_8)
FN:188,(anonymous_9)
FN:190,(anonymous_10)
FN:206,(anonymous_11)
FN:207,(anonymous_12)
FN:208,(anonymous_13)
FN:209,(anonymous_14)
FN:210,(anonymous_15)
FN:211,(anonymous_16)
FN:215,(anonymous_17)
FNF:18
FNH:18
FNDA:186,(anonymous_0)
FNDA:1,(anonymous_1)
FNDA:4,(anonymous_2)
FNDA:186,(anonymous_3)
FNDA:1,(anonymous_4)
FNDA:4,(anonymous_5)
FNDA:186,(anonymous_6)
FNDA:1,(anonymous_7)
FNDA:4,(anonymous_8)
FNDA:12,(anonymous_9)
FNDA:42,(anonymous_10)
FNDA:12,(anonymous_11)
FNDA:12,(anonymous_12)
FNDA:8,(anonymous_13)
FNDA:4,(anonymous_14)
FNDA:3,(anonymous_15)
FNDA:3,(anonymous_16)
FNDA:12,(anonymous_17)
DA:12,93
DA:13,93
DA:15,93
DA:16,93
DA:17,93
DA:19,93
DA:21,93
DA:49,93
DA:66,186
DA:70,4
DA:71,4
DA:73,4
DA:74,4
DA:75,4
DA:105,93
DA:122,186
DA:126,4
DA:127,4
DA:129,4
DA:130,4
DA:131,4
DA:157,93
DA:174,186
DA:178,4
DA:180,4
DA:181,4
DA:182,4
DA:188,93
DA:189,12
DA:190,12
DA:199,42
DA:200,42
DA:201,40
DA:205,12
DA:206,12
DA:207,12
DA:208,8
DA:209,4
DA:210,3
DA:211,3
DA:215,93
DA:216,12
DA:217,12
DA:218,3
DA:219,3
DA:222,9
DA:223,15
DA:224,15
DA:225,5
DA:226,5
DA:228,5
DA:229,3
DA:232,3
DA:236,12
DA:239,9
LF:55
LH:55
BRDA:217,0,0,3
BRDA:224,1,0,5
BRDA:228,2,0,3
BRF:3
BRH:3
end_of_record
TN:
SF:src/ts/globals/errors.ts
FN:16,(anonymous_0)
FN:26,(anonymous_1)
FNF:2
FNH:2
FNDA:164,(anonymous_0)
FNDA:1,(anonymous_1)
DA:5,93
DA:10,93
DA:15,93
DA:17,164
DA:18,164
DA:25,93
DA:27,1
DA:28,1
LF:8
LH:8
BRDA:16,0,0,0
BRDA:26,1,0,0
BRF:2
BRH:0
end_of_record
TN:
SF:src/ts/globals/minification-constants.ts
FNF:0
FNH:0
DA:9,93
DA:10,93
DA:12,93
DA:13,93
DA:14,93
DA:15,93
DA:16,93
DA:17,93
DA:18,93
DA:19,93
DA:21,93
DA:22,93
DA:24,93
DA:25,93
DA:26,93
DA:28,93
DA:29,93
DA:31,93
DA:32,93
DA:34,93
DA:35,93
DA:37,93
DA:38,93
DA:40,93
DA:41,93
DA:42,93
DA:44,93
DA:45,93
DA:47,93
DA:48,93
DA:50,93
DA:51,93
DA:52,93
DA:54,93
DA:55,93
DA:56,93
DA:57,93
DA:58,93
DA:59,93
DA:60,93
DA:61,93
DA:63,93
DA:64,93
DA:65,93
DA:66,93
DA:68,93
DA:69,93
DA:71,93
DA:72,93
DA:74,93
DA:75,93
DA:77,93
DA:78,93
DA:80,93
DA:81,93
DA:82,93
DA:83,93
DA:84,93
DA:86,93
DA:88,93
DA:90,93
DA:91,93
DA:92,93
DA:94,93
DA:95,93
DA:96,93
DA:97,93
DA:98,93
DA:99,93
DA:101,93
DA:102,93
DA:103,93
DA:104,93
DA:106,93
DA:107,93
DA:108,93
DA:109,93
DA:110,93
DA:111,93
DA:113,93
DA:115,93
DA:116,93
DA:118,93
DA:119,93
DA:120,93
DA:122,93
DA:124,93
DA:126,93
DA:127,93
DA:129,93
DA:130,93
DA:132,93
DA:133,93
DA:134,93
DA:135,93
DA:136,93
DA:137,93
DA:138,93
DA:139,93
DA:140,93
DA:141,93
DA:142,93
DA:143,93
DA:144,93
DA:145,93
DA:146,93
DA:147,93
DA:149,93
DA:150,93
DA:151,93
DA:152,93
DA:153,93
DA:154,93
LF:113
LH:113
BRF:0
BRH:0
end_of_record
TN:
SF:src/ts/globals/minification-helpers.ts
FN:33,(anonymous_0)
FN:34,(anonymous_1)
FN:36,(anonymous_2)
FN:38,(anonymous_3)
FN:39,(anonymous_4)
FN:41,(anonymous_5)
FN:43,(anonymous_6)
FN:45,(anonymous_7)
FN:47,(anonymous_8)
FN:49,(anonymous_9)
FN:51,(anonymous_10)
FN:53,(anonymous_11)
FN:57,(anonymous_12)
FN:59,(anonymous_13)
FN:61,(anonymous_14)
FN:63,(anonymous_15)
FN:65,(anonymous_16)
FN:67,(anonymous_17)
FN:70,(anonymous_18)
FN:72,(anonymous_19)
FN:74,(anonymous_20)
FN:81,(anonymous_21)
FN:84,(anonymous_22)
FN:89,(anonymous_23)
FN:97,(anonymous_24)
FN:100,(anonymous_25)
FN:103,(anonymous_26)
FN:106,(anonymous_27)
FN:108,(anonymous_28)
FN:110,(anonymous_29)
FN:114,(anonymous_30)
FN:117,(anonymous_31)
FN:120,(anonymous_32)
FN:123,(anonymous_33)
FN:126,(anonymous_34)
FN:129,(anonymous_35)
FN:132,(anonymous_36)
FN:135,(anonymous_37)
FN:138,(anonymous_38)
FN:141,(anonymous_39)
FN:144,(anonymous_40)
FN:147,(anonymous_41)
FN:150,(anonymous_42)
FN:152,(anonymous_43)
FN:154,(anonymous_44)
FN:157,(anonymous_45)
FN:161,(anonymous_46)
FN:171,(anonymous_47)
FN:176,(anonymous_48)
FN:189,(anonymous_49)
FN:192,(anonymous_50)
FN:195,(anonymous_51)
FN:198,(anonymous_52)
FN:201,(anonymous_53)
FN:203,(anonymous_54)
FN:206,(anonymous_55)
FN:209,(anonymous_56)
FN:212,(anonymous_57)
FN:215,(anonymous_58)
FN:221,(anonymous_59)
FN:229,(anonymous_60)
FN:237,(anonymous_61)
FN:246,(anonymous_62)
FN:250,(anonymous_63)
FN:256,(anonymous_64)
FN:259,(anonymous_65)
FN:262,(anonymous_66)
FN:265,(anonymous_67)
FN:269,(anonymous_68)
FN:271,(anonymous_69)
FN:274,(anonymous_70)
FN:278,(anonymous_71)
FN:285,(anonymous_72)
FN:291,(anonymous_73)
FN:301,(anonymous_74)
FN:332,(anonymous_75)
FN:337,(anonymous_76)
FN:339,(anonymous_77)
FN:341,(anonymous_78)
FN:344,(anonymous_79)
FN:347,(anonymous_80)
FN:350,(anonymous_81)
FN:359,(anonymous_82)
FN:370,(anonymous_83)
FN:374,(anonymous_84)
FN:376,(anonymous_85)
FN:379,(anonymous_86)
FN:381,(anonymous_87)
FN:384,(anonymous_88)
FN:387,(anonymous_89)
FN:392,(anonymous_90)
FN:398,(anonymous_91)
FN:404,(anonymous_92)
FN:412,(anonymous_93)
FN:415,(anonymous_94)
FN:419,(anonymous_95)
FN:421,(anonymous_96)
FN:424,(anonymous_97)
FN:429,(anonymous_98)
FN:432,(anonymous_99)
FN:435,(anonymous_100)
FN:437,(anonymous_101)
FN:439,(anonymous_102)
FNF:103
FNH:97
FNDA:269,(anonymous_0)
FNDA:92,(anonymous_1)
FNDA:7368,(anonymous_2)
FNDA:427,(anonymous_3)
FNDA:38,(anonymous_4)
FNDA:9199,(anonymous_5)
FNDA:1266,(anonymous_6)
FNDA:1168,(anonymous_7)
FNDA:6844,(anonymous_8)
FNDA:0,(anonymous_9)
FNDA:725,(anonymous_10)
FNDA:92,(anonymous_11)
FNDA:32,(anonymous_12)
FNDA:7142,(anonymous_13)
FNDA:34,(anonymous_14)
FNDA:17812,(anonymous_15)
FNDA:42,(anonymous_16)
FNDA:1234,(anonymous_17)
FNDA:6323,(anonymous_18)
FNDA:2931,(anonymous_19)
FNDA:121,(anonymous_20)
FNDA:2756,(anonymous_21)
FNDA:435,(anonymous_22)
FNDA:14,(anonymous_23)
FNDA:19181,(anonymous_24)
FNDA:11853,(anonymous_25)
FNDA:5665,(anonymous_26)
FNDA:18539,(anonymous_27)
FNDA:4511,(anonymous_28)
FNDA:26609,(anonymous_29)
FNDA:57467,(anonymous_30)
FNDA:12188,(anonymous_31)
FNDA:16010,(anonymous_32)
FNDA:51,(anonymous_33)
FNDA:5414,(anonymous_34)
FNDA:8,(anonymous_35)
FNDA:81,(anonymous_36)
FNDA:291,(anonymous_37)
FNDA:170,(anonymous_38)
FNDA:351,(anonymous_39)
FNDA:166,(anonymous_40)
FNDA:265,(anonymous_41)
FNDA:0,(anonymous_42)
FNDA:5800,(anonymous_43)
FNDA:2289,(anonymous_44)
FNDA:542,(anonymous_45)
FNDA:1337,(anonymous_46)
FNDA:47,(anonymous_47)
FNDA:311,(anonymous_48)
FNDA:171,(anonymous_49)
FNDA:18378,(anonymous_50)
FNDA:59,(anonymous_51)
FNDA:116,(anonymous_52)
FNDA:34,(anonymous_53)
FNDA:3799,(anonymous_54)
FNDA:3181,(anonymous_55)
FNDA:740,(anonymous_56)
FNDA:549,(anonymous_57)
FNDA:3109,(anonymous_58)
FNDA:0,(anonymous_59)
FNDA:17,(anonymous_60)
FNDA:6924,(anonymous_61)
FNDA:7570,(anonymous_62)
FNDA:6736,(anonymous_63)
FNDA:3388,(anonymous_64)
FNDA:771179,(anonymous_65)
FNDA:197,(anonymous_66)
FNDA:2,(anonymous_67)
FNDA:899,(anonymous_68)
FNDA:0,(anonymous_69)
FNDA:514,(anonymous_70)
FNDA:5573,(anonymous_71)
FNDA:9645,(anonymous_72)
FNDA:1343,(anonymous_73)
FNDA:13661,(anonymous_74)
FNDA:33859,(anonymous_75)
FNDA:24,(anonymous_76)
FNDA:117735,(anonymous_77)
FNDA:5,(anonymous_78)
FNDA:1801,(anonymous_79)
FNDA:200,(anonymous_80)
FNDA:4459,(anonymous_81)
FNDA:276,(anonymous_82)
FNDA:3909,(anonymous_83)
FNDA:238,(anonymous_84)
FNDA:252,(anonymous_85)
FNDA:9,(anonymous_86)
FNDA:3763,(anonymous_87)
FNDA:363,(anonymous_88)
FNDA:4542,(anonymous_89)
FNDA:312,(anonymous_90)
FNDA:0,(anonymous_91)
FNDA:15142,(anonymous_92)
FNDA:10554,(anonymous_93)
FNDA:1509,(anonymous_94)
FNDA:7447,(anonymous_95)
FNDA:175,(anonymous_96)
FNDA:405,(anonymous_97)
FNDA:362,(anonymous_98)
FNDA:424,(anonymous_99)
FNDA:163,(anonymous_100)
FNDA:0,(anonymous_101)
FNDA:7,(anonymous_102)
DA:9,93
DA:21,93
DA:24,93
DA:30,93
DA:33,93
DA:34,269
DA:36,93
DA:37,7368
DA:38,427
DA:39,38
DA:41,9199
DA:43,1266
DA:45,1168
DA:47,6844
DA:49,93
DA:51,725
DA:53,93
DA:55,93
DA:57,93
DA:59,7142
DA:61,93
DA:63,17812
DA:65,93
DA:67,93
DA:68,1234
DA:70,6323
DA:72,2931
DA:74,93
DA:75,121
DA:81,93
DA:82,2756
DA:84,93
DA:87,435
DA:89,93
DA:90,14
DA:91,14
DA:92,14
DA:93,14
DA:94,14
DA:97,93
DA:98,19181
DA:100,93
DA:101,11853
DA:103,93
DA:104,5665
DA:106,18539
DA:108,4511
DA:110,93
DA:111,26609
DA:114,57467
DA:117,93
DA:118,12188
DA:120,93
DA:121,16010
DA:123,93
DA:126,93
DA:127,5414
DA:129,93
DA:130,8
DA:132,93
DA:133,81
DA:135,93
DA:136,291
DA:138,93
DA:139,170
DA:141,93
DA:142,351
DA:144,93
DA:145,166
DA:147,93
DA:148,265
DA:150,93
DA:152,5800
DA:154,93
DA:155,2289
DA:157,93
DA:158,542
DA:161,93
DA:165,1337
DA:167,93
DA:169,93
DA:171,93
DA:172,47
DA:176,93
DA:177,311
DA:189,93
DA:190,171
DA:192,93
DA:193,18378
DA:195,93
DA:196,59
DA:198,93
DA:199,116
DA:201,93
DA:203,93
DA:204,3799
DA:206,93
DA:207,3181
DA:209,93
DA:210,740
DA:212,93
DA:213,549
DA:215,93
DA:219,3109
DA:221,93
DA:227,0
DA:229,93
DA:235,17
DA:237,93
DA:244,6924
DA:246,93
DA:249,7570
DA:250,6736
DA:253,7570
DA:256,93
DA:257,3388
DA:259,93
DA:260,771179
DA:262,93
DA:263,197
DA:265,93
DA:267,2
DA:269,899
DA:271,93
DA:272,0
DA:274,514
DA:276,93
DA:278,93
DA:280,5573
DA:282,93
DA:285,93
DA:288,9645
DA:291,1343
DA:293,93
DA:295,93
DA:297,93
DA:299,93
DA:301,93
DA:302,13661
DA:304,93
DA:306,93
DA:308,93
DA:310,93
DA:312,93
DA:314,93
DA:316,93
DA:318,93
DA:320,93
DA:322,93
DA:324,93
DA:326,93
DA:328,93
DA:330,93
DA:332,93
DA:335,33859
DA:337,93
DA:339,117735
DA:341,93
DA:342,5
DA:344,93
DA:345,1801
DA:347,93
DA:348,200
DA:350,93
DA:353,4459
DA:359,93
DA:364,276
DA:370,93
DA:371,3909
DA:373,93
DA:374,238
DA:376,93
DA:377,252
DA:379,93
DA:381,93
DA:382,3763
DA:384,93
DA:385,363
DA:387,93
DA:390,4542
DA:392,93
DA:396,312
DA:398,93
DA:402,0
DA:404,93
DA:410,15142
DA:412,93
DA:413,10554
DA:415,93
DA:417,1509
DA:419,7447
DA:421,93
DA:422,175
DA:424,93
DA:427,405
DA:429,93
DA:430,362
DA:432,93
DA:433,424
DA:435,163
DA:437,93
DA:439,93
DA:440,7
DA:442,93
DA:443,93
DA:445,93
DA:447,93
DA:449,93
DA:451,93
LF:209
LH:206
BRDA:25,0,0,93
BRDA:25,0,1,93
BRDA:25,0,2,93
BRDA:25,0,3,0
BRDA:25,0,4,0
BRDA:25,0,5,0
BRDA:25,0,6,0
BRDA:25,0,7,0
BRDA:31,1,0,0
BRDA:31,1,1,93
BRDA:75,2,0,47
BRDA:75,2,1,74
BRDA:77,3,0,74
BRDA:77,3,1,0
BRDA:89,4,0,0
BRDA:89,5,0,14
BRDA:98,6,0,19181
BRDA:98,6,1,11880
BRDA:101,7,0,11853
BRDA:101,7,1,7616
BRDA:104,8,0,5665
BRDA:104,8,1,4247
BRDA:111,9,0,26609
BRDA:111,9,1,26605
BRDA:118,10,0,12188
BRDA:118,10,1,122
BRDA:127,11,0,5414
BRDA:127,11,1,547
BRDA:136,12,0,291
BRDA:136,12,1,291
BRDA:139,13,0,170
BRDA:139,13,1,29
BRDA:148,14,0,265
BRDA:148,14,1,265
BRDA:206,15,0,267
BRDA:249,16,0,6482
BRDA:249,16,1,1088
BRDA:253,17,0,6245
BRDA:253,17,1,1325
BRDA:257,18,0,3388
BRDA:257,18,1,0
BRDA:260,19,0,771179
BRDA:260,19,1,1101
BRDA:342,20,0,5
BRDA:342,20,1,0
BRDA:345,21,0,1801
BRDA:345,21,1,170
BRDA:348,22,0,200
BRDA:348,22,1,0
BRDA:376,23,0,252
BRDA:395,24,0,312
BRDA:401,25,0,0
BRDA:430,26,0,0
BRDA:430,26,1,362
BRF:54
BRH:41
end_of_record
TN:
SF:src/ts/globals/settings.ts
FNF:0
FNH:0
DA:5,93
DA:31,93
LF:2
LH:2
BRF:0
BRH:0
end_of_record
TN:
SF:src/ts/modules/bit-spaces.ts
FN:194,(anonymous_0)
FN:197,(anonymous_1)
FN:198,(anonymous_2)
FN:199,(anonymous_3)
FN:209,(anonymous_4)
FN:217,(anonymous_5)
FN:229,(anonymous_6)
FN:234,(anonymous_7)
FN:251,(anonymous_8)
FN:256,(anonymous_9)
FN:272,(anonymous_10)
FNF:11
FNH:11
FNDA:281,(anonymous_0)
FNDA:375,(anonymous_1)
FNDA:1,(anonymous_2)
FNDA:1,(anonymous_3)
FNDA:279,(anonymous_4)
FNDA:372,(anonymous_5)
FNDA:281,(anonymous_6)
FNDA:375,(anonymous_7)
FNDA:9251,(anonymous_8)
FNDA:123,(anonymous_9)
FNDA:855,(anonymous_10)
DA:5,93
DA:7,93
DA:123,93
DA:195,281
DA:197,375
DA:198,281
DA:199,281
DA:209,279
DA:217,93
DA:220,372
DA:229,281
DA:234,93
DA:238,375
DA:239,375
DA:240,375
DA:241,1
DA:244,374
DA:245,374
DA:252,9251
DA:257,123
DA:261,2
DA:264,121
DA:267,121
DA:269,121
DA:272,855
DA:275,374
DA:276,1586
DA:282,374
DA:284,374
LF:29
LH:29
BRDA:240,0,0,1
BRDA:252,1,0,9251
BRDA:252,1,1,9251
BRDA:252,1,2,6952
BRDA:257,2,0,2
BRDA:258,3,0,123
BRDA:258,3,1,84
BRDA:258,3,2,121
BRDA:258,3,3,87
BRDA:264,4,0,82
BRDA:264,4,1,39
BRDA:267,5,0,87
BRDA:267,5,1,34
BRDA:272,6,0,855
BRDA:272,6,1,6
BRF:15
BRH:15
end_of_record
TN:
SF:src/ts/modules/callback.ts
FN:30,(anonymous_0)
FN:35,(anonymous_1)
FN:49,(anonymous_2)
FN:52,(anonymous_3)
FN:162,(anonymous_4)
FN:172,(anonymous_5)
FN:174,(anonymous_6)
FN:187,(anonymous_7)
FN:189,(anonymous_8)
FN:190,(anonymous_9)
FN:199,(anonymous_10)
FN:234,(anonymous_11)
FN:237,(anonymous_12)
FN:252,(anonymous_13)
FN:266,(anonymous_14)
FNF:15
FNH:15
FNDA:5019,(anonymous_0)
FNDA:2448,(anonymous_1)
FNDA:166,(anonymous_2)
FNDA:2614,(anonymous_3)
FNDA:4940,(anonymous_4)
FNDA:3974,(anonymous_5)
FNDA:311,(anonymous_6)
FNDA:4046,(anonymous_7)
FNDA:2639,(anonymous_8)
FNDA:2639,(anonymous_9)
FNDA:2626,(anonymous_10)
FNDA:93,(anonymous_11)
FNDA:2238,(anonymous_12)
FNDA:302,(anonymous_13)
FNDA:2629,(anonymous_14)
DA:5,93
DA:6,93
DA:8,93
DA:10,93
DA:30,93
DA:34,5019
DA:35,5019
DA:37,5019
DA:39,4778
DA:40,4778
DA:41,93
DA:44,241
DA:47,4926
DA:49,166
DA:51,4926
DA:53,2614
DA:54,2614
DA:59,4926
DA:60,241
DA:63,4926
DA:77,93
DA:83,93
DA:92,93
DA:156,93
DA:163,4940
DA:167,4940
DA:168,4940
DA:170,4940
DA:172,4940
DA:174,4940
DA:175,311
DA:176,302
DA:177,302
DA:179,302
DA:180,373
DA:183,302
DA:187,4940
DA:189,4940
DA:190,2639
DA:191,2639
DA:192,2639
DA:193,10
DA:194,10
DA:197,2629
DA:201,2626
DA:202,2626
DA:204,6
DA:207,2624
DA:208,2
DA:211,2624
DA:217,4940
DA:232,93
DA:234,93
DA:235,93
DA:237,93
DA:240,2238
DA:241,2238
DA:243,2626
DA:244,2626
DA:247,2624
DA:251,93
DA:253,302
DA:254,302
DA:256,136
DA:257,10
DA:258,3
DA:262,136
DA:267,2629
DA:268,2629
DA:269,1127
DA:270,1127
DA:273,2629
DA:274,2629
DA:275,2238
LF:74
LH:74
BRDA:32,0,0,4683
BRDA:37,1,0,4778
BRDA:37,1,1,241
BRDA:40,2,0,93
BRDA:47,3,0,4685
BRDA:47,3,1,241
BRDA:53,4,0,2614
BRDA:59,5,0,241
BRDA:163,6,0,4940
BRDA:163,6,1,0
BRDA:175,7,0,302
BRDA:192,8,0,10
BRDA:207,9,0,2
BRDA:254,10,0,136
BRDA:257,11,0,3
BRDA:268,12,0,1127
BRDA:274,13,0,2238
BRF:17
BRH:16
end_of_record
TN:
SF:src/ts/modules/x-intersection-observer.ts
FN:63,(anonymous_0)
FN:70,(anonymous_1)
FN:92,(anonymous_2)
FN:94,(anonymous_3)
FN:97,(anonymous_4)
FN:100,(anonymous_5)
FN:107,(anonymous_6)
FN:120,(anonymous_7)
FN:127,(anonymous_8)
FN:132,(anonymous_9)
FNF:10
FNH:10
FNDA:52,(anonymous_0)
FNDA:123,(anonymous_1)
FNDA:1,(anonymous_2)
FNDA:1,(anonymous_3)
FNDA:1,(anonymous_4)
FNDA:106,(anonymous_5)
FNDA:153,(anonymous_6)
FNDA:61,(anonymous_7)
FNDA:1,(anonymous_8)
FNDA:1,(anonymous_9)
DA:5,93
DA:19,93
DA:67,52
DA:68,52
DA:70,52
DA:71,123
DA:73,123
DA:74,170
DA:75,99
DA:76,99
DA:79,71
DA:82,123
DA:83,37
DA:87,52
DA:92,52
DA:93,52
DA:94,1
DA:96,52
DA:97,1
DA:100,52
DA:101,106
DA:102,130
DA:103,130
DA:107,52
DA:108,153
DA:111,169
DA:112,69
DA:115,100
DA:116,100
DA:120,52
DA:121,61
DA:122,70
DA:123,70
DA:127,52
DA:128,1
DA:129,1
DA:132,52
LF:37
LH:37
BRDA:74,0,0,99
BRDA:82,1,0,37
BRDA:111,2,0,69
BRF:3
BRH:3
end_of_record
TN:
SF:src/ts/modules/x-map.ts
FN:23,(anonymous_0)
FN:33,(anonymous_1)
FN:34,(anonymous_2)
FN:43,(anonymous_3)
FN:54,(anonymous_4)
FN:55,(anonymous_5)
FN:95,(anonymous_6)
FN:99,(anonymous_7)
FN:100,(anonymous_8)
FN:101,(anonymous_9)
FN:102,(anonymous_10)
FN:104,(anonymous_11)
FN:113,(anonymous_12)
FN:183,(anonymous_13)
FN:187,(anonymous_14)
FN:188,(anonymous_15)
FN:189,(anonymous_16)
FN:190,(anonymous_17)
FN:191,(anonymous_18)
FN:192,(anonymous_19)
FN:219,(anonymous_20)
FNF:21
FNH:18
FNDA:4756,(anonymous_0)
FNDA:198,(anonymous_1)
FNDA:3979,(anonymous_2)
FNDA:886,(anonymous_3)
FNDA:1,(anonymous_4)
FNDA:1,(anonymous_5)
FNDA:5649,(anonymous_6)
FNDA:19897,(anonymous_7)
FNDA:4,(anonymous_8)
FNDA:3,(anonymous_9)
FNDA:134,(anonymous_10)
FNDA:13635,(anonymous_11)
FNDA:2985,(anonymous_12)
FNDA:4762,(anonymous_13)
FNDA:5429,(anonymous_14)
FNDA:622,(anonymous_15)
FNDA:0,(anonymous_16)
FNDA:0,(anonymous_17)
FNDA:721,(anonymous_18)
FNDA:0,(anonymous_19)
FNDA:887,(anonymous_20)
DA:5,93
DA:6,93
DA:23,93
DA:24,4756
DA:32,93
DA:33,93
DA:34,198
DA:35,3979
DA:43,93
DA:45,886
DA:53,93
DA:54,93
DA:55,1
DA:56,1
DA:58,93
DA:99,19897
DA:100,5649
DA:101,5649
DA:102,5649
DA:104,5649
DA:105,13635
DA:106,13635
DA:107,9651
DA:108,9651
DA:110,13635
DA:113,5649
DA:114,2985
DA:115,2985
DA:116,1826
DA:119,2985
DA:127,2327
DA:142,93
DA:168,93
DA:176,93
DA:184,4762
DA:185,4762
DA:187,5429
DA:188,4762
DA:189,4762
DA:190,4762
DA:191,4762
DA:192,4762
DA:205,93
DA:212,93
DA:220,887
DA:221,887
LF:46
LH:46
BRDA:106,0,0,9651
BRDA:115,1,0,1826
BRDA:115,2,0,2985
BRDA:115,2,1,1828
BRDA:119,3,0,2327
BRDA:120,4,0,2985
BRDA:120,4,1,2985
BRDA:120,4,2,2985
BRDA:123,5,0,2985
BRDA:123,5,1,2984
BRDA:123,5,2,2327
BRDA:123,5,3,1
BRF:12
BRH:12
end_of_record
TN:
SF:src/ts/modules/x-resize-observer.ts
FN:52,(anonymous_0)
FN:69,(anonymous_1)
FN:101,(anonymous_2)
FN:120,(anonymous_3)
FN:128,(anonymous_4)
FN:136,(anonymous_5)
FN:150,(anonymous_6)
FN:160,(anonymous_7)
FNF:8
FNH:8
FNDA:69,(anonymous_0)
FNDA:398,(anonymous_1)
FNDA:89,(anonymous_2)
FNDA:182,(anonymous_3)
FNDA:7,(anonymous_4)
FNDA:170,(anonymous_5)
FNDA:41,(anonymous_6)
FNDA:1,(anonymous_7)
DA:5,93
DA:7,93
DA:9,93
DA:24,93
DA:53,69
DA:57,69
DA:62,69
DA:64,69
DA:66,69
DA:68,69
DA:69,69
DA:72,398
DA:73,656
DA:74,656
DA:75,656
DA:76,300
DA:78,150
DA:85,150
DA:88,300
DA:91,356
DA:94,398
DA:100,398
DA:101,89
DA:102,89
DA:103,89
DA:104,89
DA:107,89
DA:112,69
DA:113,69
DA:114,69
DA:115,0
DA:120,69
DA:121,182
DA:122,182
DA:123,182
DA:128,69
DA:129,7
DA:131,7
DA:132,31
DA:136,69
DA:137,170
DA:138,170
DA:141,186
DA:142,35
DA:145,151
DA:146,151
DA:150,69
DA:151,41
DA:153,41
DA:154,50
DA:155,50
DA:156,50
DA:160,69
DA:161,1
DA:162,1
DA:163,1
DA:164,1
LF:57
LH:56
BRDA:53,0,0,69
BRDA:53,0,1,0
BRDA:66,1,0,69
BRDA:66,1,1,60
BRDA:75,2,0,300
BRDA:76,3,0,150
BRDA:76,3,1,150
BRDA:100,4,0,89
BRDA:100,5,0,398
BRDA:100,5,1,313
BRDA:102,6,0,89
BRDA:114,7,0,0
BRDA:114,8,0,69
BRDA:114,8,1,69
BRDA:141,9,0,35
BRF:15
BRH:13
end_of_record
TN:
SF:src/ts/triggers/check-trigger.ts
FN:102,(anonymous_0)
FN:105,(anonymous_1)
FN:117,(anonymous_2)
FN:123,(anonymous_3)
FN:135,(anonymous_4)
FN:139,(anonymous_5)
FN:160,(anonymous_6)
FN:164,(anonymous_7)
FNF:8
FNH:8
FNDA:186,(anonymous_0)
FNDA:4,(anonymous_1)
FNDA:7,(anonymous_2)
FNDA:2,(anonymous_3)
FNDA:6,(anonymous_4)
FNDA:1,(anonymous_5)
FNDA:4,(anonymous_6)
FNDA:4,(anonymous_7)
DA:9,93
DA:11,93
DA:12,93
DA:16,93
DA:99,93
DA:103,186
DA:106,4
DA:122,7
DA:123,7
DA:125,7
DA:126,0
DA:129,7
DA:131,7
DA:132,3
DA:135,6
DA:137,4
DA:139,4
DA:140,1
DA:160,93
DA:163,4
DA:165,4
LF:21
LH:20
BRDA:125,0,0,0
BRDA:129,1,0,7
BRDA:129,1,1,5
BRDA:131,2,0,3
BRDA:135,3,0,4
BRDA:135,3,1,2
BRDA:165,4,0,4
BRDA:165,4,1,3
BRDA:165,5,0,1
BRDA:165,5,1,3
BRF:10
BRH:9
end_of_record
TN:
SF:src/ts/triggers/layout-trigger.ts
FN:138,(anonymous_0)
FN:141,(anonymous_1)
FN:153,(anonymous_2)
FN:169,(anonymous_3)
FN:180,(anonymous_4)
FN:241,(anonymous_5)
FN:243,(anonymous_6)
FNF:7
FNH:7
FNDA:186,(anonymous_0)
FNDA:7,(anonymous_1)
FNDA:7,(anonymous_2)
FNDA:8,(anonymous_3)
FNDA:3,(anonymous_4)
FNDA:7,(anonymous_5)
FNDA:7,(anonymous_6)
DA:11,93
DA:20,93
DA:21,93
DA:27,93
DA:31,93
DA:33,93
DA:135,93
DA:139,186
DA:142,7
DA:154,7
DA:174,8
DA:175,8
DA:176,1
DA:179,7
DA:180,7
DA:182,7
DA:183,0
DA:186,7
DA:187,7
DA:188,7
DA:189,7
DA:191,7
DA:192,7
DA:193,7
DA:195,0
DA:196,0
DA:199,7
DA:200,7
DA:202,7
DA:204,7
DA:205,7
DA:241,93
DA:242,7
DA:244,7
DA:247,7
DA:248,0
DA:250,7
LF:37
LH:33
BRDA:149,0,0,7
BRDA:149,0,1,1
BRDA:154,1,0,7
BRDA:154,1,1,2
BRDA:174,2,0,8
BRDA:174,2,1,1
BRDA:175,3,0,1
BRDA:182,4,0,0
BRDA:191,5,0,7
BRDA:191,5,1,0
BRDA:204,6,0,7
BRDA:204,7,0,7
BRDA:204,7,1,0
BRDA:244,8,0,3
BRDA:244,8,1,4
BRDA:247,9,0,0
BRDA:247,10,0,7
BRDA:247,10,1,3
BRF:18
BRH:14
end_of_record
TN:
SF:src/ts/triggers/load-trigger.ts
FN:60,(anonymous_0)
FN:63,(anonymous_1)
FN:74,(anonymous_2)
FN:76,(anonymous_3)
FNF:4
FNH:4
FNDA:186,(anonymous_0)
FNDA:3,(anonymous_1)
FNDA:4,(anonymous_2)
FNDA:1,(anonymous_3)
DA:8,93
DA:10,93
DA:14,93
DA:57,93
DA:61,186
DA:64,3
DA:75,4
DA:76,4
DA:78,4
DA:79,1
DA:82,3
LF:11
LH:11
BRDA:78,0,0,1
BRF:1
BRH:1
end_of_record
TN:
SF:src/ts/triggers/pointer-trigger.ts
FN:122,(anonymous_0)
FN:125,(anonymous_1)
FN:137,(anonymous_2)
FN:143,(anonymous_3)
FN:232,(anonymous_4)
FN:235,(anonymous_5)
FN:247,(anonymous_6)
FN:253,(anonymous_7)
FN:339,(anonymous_8)
FN:342,(anonymous_9)
FN:354,(anonymous_10)
FN:360,(anonymous_11)
FN:395,(anonymous_12)
FN:399,(anonymous_13)
FN:408,(anonymous_14)
FNF:15
FNH:15
FNDA:186,(anonymous_0)
FNDA:4,(anonymous_1)
FNDA:7,(anonymous_2)
FNDA:2,(anonymous_3)
FNDA:186,(anonymous_4)
FNDA:4,(anonymous_5)
FNDA:7,(anonymous_6)
FNDA:2,(anonymous_7)
FNDA:186,(anonymous_8)
FNDA:4,(anonymous_9)
FNDA:7,(anonymous_10)
FNDA:2,(anonymous_11)
FNDA:12,(anonymous_12)
FNDA:12,(anonymous_13)
FNDA:21,(anonymous_14)
DA:19,93
DA:20,93
DA:22,93
DA:23,93
DA:24,93
DA:26,93
DA:33,93
DA:119,93
DA:123,186
DA:126,4
DA:142,7
DA:143,7
DA:145,7
DA:229,93
DA:233,186
DA:236,4
DA:252,7
DA:253,7
DA:255,7
DA:336,93
DA:340,186
DA:343,4
DA:359,7
DA:360,7
DA:362,7
DA:395,93
DA:398,12
DA:400,12
DA:408,93
DA:415,21
DA:416,0
DA:419,21
DA:420,21
DA:427,21
DA:428,7
DA:430,14
DA:431,14
DA:434,21
LF:38
LH:37
BRDA:400,0,0,12
BRDA:400,0,1,9
BRDA:400,1,0,3
BRDA:400,1,1,9
BRDA:415,2,0,0
BRDA:419,3,0,21
BRDA:419,3,1,6
BRDA:420,4,0,21
BRDA:420,4,1,15
BRDA:427,5,0,7
BRDA:427,5,1,14
BRF:11
BRH:10
end_of_record
TN:
SF:src/ts/triggers/scroll-trigger.ts
FN:120,(anonymous_0)
FN:123,(anonymous_1)
FN:142,(anonymous_2)
FN:156,(anonymous_3)
FN:222,(anonymous_4)
FN:224,(anonymous_5)
FNF:6
FNH:6
FNDA:186,(anonymous_0)
FNDA:5,(anonymous_1)
FNDA:10,(anonymous_2)
FNDA:2,(anonymous_3)
FNDA:5,(anonymous_4)
FNDA:5,(anonymous_5)
DA:10,93
DA:11,93
DA:19,93
DA:23,93
DA:24,93
DA:28,93
DA:30,93
DA:117,93
DA:121,186
DA:124,5
DA:147,10
DA:149,10
DA:150,10
DA:151,0
DA:152,0
DA:155,10
DA:156,10
DA:158,10
DA:159,0
DA:162,10
DA:163,10
DA:164,10
DA:166,10
DA:170,9
DA:176,9
DA:177,9
DA:222,93
DA:223,5
DA:225,5
LF:29
LH:26
BRDA:147,0,0,10
BRDA:147,0,1,0
BRDA:150,1,0,0
BRDA:158,2,0,0
BRDA:166,3,0,10
BRDA:166,3,1,0
BRDA:176,4,0,9
BRDA:225,5,0,5
BRDA:225,5,1,4
BRDA:225,6,0,1
BRDA:225,6,1,4
BRF:11
BRH:7
end_of_record
TN:
SF:src/ts/triggers/trigger.ts
FN:130,(anonymous_0)
FN:138,(anonymous_1)
FN:141,(anonymous_2)
FN:152,(anonymous_3)
FN:173,(anonymous_4)
FN:212,(anonymous_5)
FN:215,(anonymous_6)
FN:222,(anonymous_7)
FN:226,(anonymous_8)
FN:234,(anonymous_9)
FN:237,(anonymous_10)
FN:246,(anonymous_11)
FN:256,(anonymous_12)
FN:257,(anonymous_13)
FN:358,(anonymous_14)
FN:365,(anonymous_15)
FN:446,(anonymous_16)
FN:456,(anonymous_17)
FNF:18
FNH:18
FNDA:81,(anonymous_0)
FNDA:186,(anonymous_1)
FNDA:3,(anonymous_2)
FNDA:108,(anonymous_3)
FNDA:117,(anonymous_4)
FNDA:60,(anonymous_5)
FNDA:61,(anonymous_6)
FNDA:37,(anonymous_7)
FNDA:37,(anonymous_8)
FNDA:21,(anonymous_9)
FNDA:22,(anonymous_10)
FNDA:12,(anonymous_11)
FNDA:35,(anonymous_12)
FNDA:15,(anonymous_13)
FNDA:1691,(anonymous_14)
FNDA:60,(anonymous_15)
FNDA:60,(anonymous_16)
FNDA:63,(anonymous_17)
DA:55,93
DA:56,93
DA:58,93
DA:60,93
DA:62,93
DA:63,93
DA:64,93
DA:65,93
DA:66,93
DA:72,93
DA:74,93
DA:83,93
DA:104,93
DA:131,81
DA:132,81
DA:133,66
DA:135,15
DA:139,186
DA:141,3
DA:153,108
DA:155,108
DA:162,108
DA:163,108
DA:164,108
DA:165,108
DA:166,108
DA:171,108
DA:173,108
DA:178,117
DA:179,3
DA:182,114
DA:183,114
DA:184,114
DA:189,114
DA:190,19
DA:191,19
DA:193,0
DA:196,0
DA:200,114
DA:201,120
DA:202,120
DA:205,114
DA:207,114
DA:208,3
DA:212,108
DA:213,60
DA:216,61
DA:222,108
DA:223,37
DA:224,36
DA:227,37
DA:234,108
DA:235,21
DA:238,22
DA:246,108
DA:247,12
DA:248,12
DA:249,12
DA:250,12
DA:253,108
DA:254,108
DA:255,108
DA:256,108
DA:257,108
DA:358,93
DA:363,1691
DA:365,1691
DA:366,60
DA:367,60
DA:368,60
DA:372,60
DA:378,60
DA:379,13
DA:380,13
DA:384,60
DA:385,63
DA:386,63
DA:388,63
DA:390,63
DA:399,63
DA:401,63
DA:402,63
DA:407,63
DA:414,63
DA:415,63
DA:419,0
DA:421,0
DA:424,0
DA:428,63
DA:431,56
DA:434,1691
DA:441,93
DA:442,93
DA:443,93
DA:444,93
DA:446,93
DA:449,60
DA:457,63
LF:98
LH:93
BRDA:132,0,0,66
BRDA:155,1,0,108
BRDA:155,1,1,0
BRDA:162,2,0,108
BRDA:162,2,1,86
BRDA:163,3,0,108
BRDA:163,3,1,103
BRDA:164,4,0,108
BRDA:164,4,1,89
BRDA:165,5,0,108
BRDA:165,5,1,89
BRDA:166,6,0,108
BRDA:166,6,1,89
BRDA:178,7,0,3
BRDA:189,8,0,19
BRDA:191,9,0,0
BRDA:207,10,0,3
BRDA:207,11,0,114
BRDA:207,11,1,72
BRDA:223,12,0,36
BRDA:236,13,0,7
BRDA:236,13,1,14
BRDA:255,14,0,1
BRDA:255,14,1,107
BRDA:368,15,0,38
BRDA:368,15,1,22
BRDA:373,16,0,60
BRDA:373,16,1,11
BRDA:379,17,0,13
BRDA:388,18,0,63
BRDA:388,18,1,43
BRDA:399,19,0,63
BRDA:399,19,1,58
BRDA:403,20,0,63
BRDA:403,20,1,1
BRDA:416,21,0,63
BRDA:416,21,1,59
BRDA:419,22,0,0
BRDA:457,23,0,63
BRDA:457,23,1,58
BRDA:457,24,0,5
BRDA:457,24,1,58
BRF:42
BRH:39
end_of_record
TN:
SF:src/ts/triggers/view-trigger.ts
FN:157,(anonymous_0)
FN:160,(anonymous_1)
FN:179,(anonymous_2)
FN:188,(anonymous_3)
FN:204,(anonymous_4)
FN:294,(anonymous_5)
FN:296,(anonymous_6)
FN:302,(anonymous_7)
FN:307,(anonymous_8)
FN:311,(anonymous_9)
FNF:10
FNH:9
FNDA:186,(anonymous_0)
FNDA:9,(anonymous_1)
FNDA:11,(anonymous_2)
FNDA:6,(anonymous_3)
FNDA:11,(anonymous_4)
FNDA:9,(anonymous_5)
FNDA:9,(anonymous_6)
FNDA:9,(anonymous_7)
FNDA:9,(anonymous_8)
FNDA:0,(anonymous_9)
DA:11,93
DA:12,93
DA:16,93
DA:17,93
DA:18,93
DA:19,93
DA:20,93
DA:25,93
DA:32,93
DA:33,93
DA:35,93
DA:37,93
DA:45,93
DA:154,93
DA:158,186
DA:161,9
DA:180,11
DA:182,11
DA:188,11
DA:190,11
DA:191,0
DA:194,11
DA:200,11
DA:201,11
DA:202,11
DA:204,11
DA:205,11
DA:206,0
DA:208,0
DA:210,11
DA:211,11
DA:212,11
DA:217,11
DA:218,11
DA:219,11
DA:223,0
DA:224,0
DA:228,11
DA:229,0
DA:231,11
DA:294,93
DA:295,9
DA:297,9
DA:303,9
DA:307,9
DA:311,93
DA:312,0
DA:313,0
DA:319,0
DA:320,0
DA:321,0
DA:328,0
DA:330,0
DA:334,0
LF:54
LH:40
BRDA:182,0,0,11
BRDA:182,0,1,0
BRDA:190,1,0,0
BRDA:200,2,0,11
BRDA:200,2,1,9
BRDA:201,3,0,11
BRDA:201,3,1,3
BRDA:205,4,0,0
BRDA:205,4,1,11
BRDA:219,5,0,0
BRDA:220,6,0,11
BRDA:220,6,1,11
BRDA:228,7,0,0
BRDA:228,7,1,11
BRDA:297,8,0,1
BRDA:297,8,1,8
BRDA:297,9,0,9
BRDA:297,9,1,2
BRDA:299,10,0,8
BRDA:299,10,1,7
BRDA:299,11,0,1
BRDA:299,11,1,7
BRDA:303,12,0,9
BRDA:303,12,1,8
BRDA:303,13,0,1
BRDA:303,13,1,8
BRDA:313,14,0,0
BRDA:321,15,0,0
BRDA:321,15,1,0
BRDA:322,16,0,0
BRDA:322,16,1,0
BRDA:322,16,2,0
BRDA:322,16,3,0
BRF:33
BRH:21
end_of_record
TN:
SF:src/ts/utils/animations.ts
FN:55,(anonymous_0)
FN:56,(anonymous_1)
FN:75,(anonymous_2)
FN:105,newAnimationFrameIterator
FN:111,(anonymous_4)
FN:182,newCriticallyDampedAnimationIterator
FN:194,(anonymous_6)
FN:233,(anonymous_7)
FN:266,(anonymous_8)
FNF:9
FNH:7
FNDA:330,(anonymous_0)
FNDA:330,(anonymous_1)
FNDA:1,(anonymous_2)
FNDA:60,newAnimationFrameIterator
FNDA:330,(anonymous_4)
FNDA:0,newCriticallyDampedAnimationIterator
FNDA:0,(anonymous_6)
FNDA:24,(anonymous_7)
FNDA:9,(anonymous_8)
DA:5,93
DA:6,93
DA:8,93
DA:13,93
DA:17,93
DA:55,93
DA:56,330
DA:57,330
DA:75,93
DA:79,1
DA:80,4
DA:81,4
DA:82,1
DA:105,93
DA:109,60
DA:111,60
DA:112,330
DA:113,330
DA:115,60
DA:116,60
DA:119,330
DA:120,330
DA:121,330
DA:123,330
DA:126,60
DA:127,330
DA:182,93
DA:188,0
DA:189,0
DA:190,0
DA:191,0
DA:192,0
DA:194,0
DA:195,0
DA:203,0
DA:206,0
DA:207,0
DA:208,0
DA:211,0
DA:214,0
DA:233,93
DA:266,93
DA:267,9
DA:275,9
DA:277,9
LF:45
LH:32
BRDA:81,0,0,1
BRDA:109,1,0,60
BRDA:109,2,0,60
BRDA:109,3,0,60
BRDA:109,3,1,60
BRDA:113,4,0,60
BRDA:113,5,0,330
BRDA:113,5,1,270
BRDA:207,6,0,0
BRDA:211,7,0,0
BRDA:211,7,1,0
BRDA:237,8,0,0
BRF:12
BRH:8
end_of_record
TN:
SF:src/ts/utils/browser.ts
FN:14,(anonymous_0)
FN:24,(anonymous_1)
FN:36,(anonymous_2)
FN:46,(anonymous_3)
FNF:4
FNH:3
FNDA:0,(anonymous_0)
FNDA:1,(anonymous_1)
FNDA:1,(anonymous_2)
FNDA:14,(anonymous_3)
DA:5,93
DA:14,93
DA:15,0
DA:24,93
DA:25,1
DA:36,93
DA:37,1
DA:46,93
DA:47,14
LF:9
LH:8
BRDA:15,0,0,0
BRDA:15,0,1,0
BRDA:25,1,0,1
BRDA:25,1,1,0
BRDA:26,2,0,1
BRDA:26,2,1,1
BRDA:37,3,0,1
BRDA:37,3,1,0
BRDA:47,4,0,14
BRDA:47,4,1,0
BRF:10
BRH:5
end_of_record
TN:
SF:src/ts/utils/css-alter.ts
FN:58,(anonymous_0)
FN:126,(anonymous_1)
FN:173,(anonymous_2)
FN:184,(anonymous_3)
FN:194,(anonymous_4)
FN:205,(anonymous_5)
FN:217,(anonymous_6)
FN:228,(anonymous_7)
FN:238,(anonymous_8)
FN:249,(anonymous_9)
FN:260,(anonymous_10)
FN:273,(anonymous_11)
FN:286,(anonymous_12)
FN:297,(anonymous_13)
FN:307,(anonymous_14)
FN:315,(anonymous_15)
FN:323,(anonymous_16)
FN:333,(anonymous_17)
FN:335,(anonymous_18)
FN:344,(anonymous_19)
FN:345,(anonymous_20)
FN:352,(anonymous_21)
FN:367,(anonymous_22)
FN:384,(anonymous_23)
FN:405,(anonymous_24)
FN:427,(anonymous_25)
FN:452,(anonymous_26)
FN:467,(anonymous_27)
FN:486,(anonymous_28)
FN:506,(anonymous_29)
FN:543,(anonymous_30)
FN:575,(anonymous_31)
FN:591,(anonymous_32)
FN:607,(anonymous_33)
FN:622,(anonymous_34)
FN:640,(anonymous_35)
FN:659,(anonymous_36)
FN:683,(anonymous_37)
FN:698,(anonymous_38)
FN:716,(anonymous_39)
FN:730,(anonymous_40)
FN:734,(anonymous_41)
FN:750,(anonymous_42)
FN:764,(anonymous_43)
FN:770,(anonymous_44)
FN:776,(anonymous_45)
FN:817,(anonymous_46)
FN:877,(anonymous_47)
FN:891,(anonymous_48)
FN:900,(anonymous_49)
FN:904,(anonymous_50)
FN:907,(anonymous_51)
FNF:52
FNH:48
FNDA:197,(anonymous_0)
FNDA:197,(anonymous_1)
FNDA:7,(anonymous_2)
FNDA:14,(anonymous_3)
FNDA:5,(anonymous_4)
FNDA:58,(anonymous_5)
FNDA:3,(anonymous_6)
FNDA:26,(anonymous_7)
FNDA:3,(anonymous_8)
FNDA:85,(anonymous_9)
FNDA:2,(anonymous_10)
FNDA:6,(anonymous_11)
FNDA:2,(anonymous_12)
FNDA:6,(anonymous_13)
FNDA:108,(anonymous_14)
FNDA:35,(anonymous_15)
FNDA:703,(anonymous_16)
FNDA:9,(anonymous_17)
FNDA:14,(anonymous_18)
FNDA:9,(anonymous_19)
FNDA:9,(anonymous_20)
FNDA:2033,(anonymous_21)
FNDA:500,(anonymous_22)
FNDA:28,(anonymous_23)
FNDA:8,(anonymous_24)
FNDA:2,(anonymous_25)
FNDA:3561,(anonymous_26)
FNDA:10,(anonymous_27)
FNDA:1262,(anonymous_28)
FNDA:1155,(anonymous_29)
FNDA:441,(anonymous_30)
FNDA:332,(anonymous_31)
FNDA:566,(anonymous_32)
FNDA:0,(anonymous_33)
FNDA:1390,(anonymous_34)
FNDA:105,(anonymous_35)
FNDA:2,(anonymous_36)
FNDA:2,(anonymous_37)
FNDA:0,(anonymous_38)
FNDA:0,(anonymous_39)
FNDA:134,(anonymous_40)
FNDA:1,(anonymous_41)
FNDA:245,(anonymous_42)
FNDA:21,(anonymous_43)
FNDA:13,(anonymous_44)
FNDA:0,(anonymous_45)
FNDA:119,(anonymous_46)
FNDA:197,(anonymous_47)
FNDA:197,(anonymous_48)
FNDA:184,(anonymous_49)
FNDA:179,(anonymous_50)
FNDA:194,(anonymous_51)
DA:29,93
DA:30,93
DA:34,93
DA:41,93
DA:42,93
DA:43,93
DA:44,93
DA:58,93
DA:63,197
DA:66,197
DA:67,197
DA:68,59
DA:69,59
DA:72,197
DA:73,147
DA:74,147
DA:77,197
DA:126,93
DA:132,197
DA:134,197
DA:135,56
DA:138,194
DA:139,194
DA:141,15
DA:144,179
DA:145,179
DA:147,179
DA:148,50
DA:153,129
DA:154,129
DA:155,129
DA:158,129
DA:173,93
DA:174,7
DA:184,93
DA:185,14
DA:194,93
DA:195,5
DA:205,93
DA:206,58
DA:217,93
DA:218,3
DA:228,93
DA:229,26
DA:238,93
DA:239,3
DA:249,93
DA:250,85
DA:260,93
DA:261,2
DA:273,93
DA:274,6
DA:286,93
DA:287,2
DA:297,93
DA:298,6
DA:307,93
DA:308,108
DA:315,93
DA:316,35
DA:323,93
DA:324,703
DA:333,93
DA:334,9
DA:335,14
DA:344,93
DA:345,9
DA:352,93
DA:353,2033
DA:360,93
DA:367,93
DA:368,500
DA:375,93
DA:384,93
DA:388,28
DA:395,93
DA:405,93
DA:406,8
DA:407,16
DA:418,93
DA:427,93
DA:431,2
DA:440,93
DA:452,93
DA:453,3561
DA:467,93
DA:468,10
DA:469,10
DA:476,93
DA:486,93
DA:487,1262
DA:494,93
DA:506,93
DA:510,1155
DA:516,93
DA:525,93
DA:531,93
DA:543,93
DA:544,441
DA:550,93
DA:559,93
DA:565,93
DA:575,93
DA:576,332
DA:583,93
DA:591,93
DA:592,566
DA:599,93
DA:607,93
DA:608,0
DA:615,93
DA:622,93
DA:626,1390
DA:633,93
DA:640,93
DA:641,105
DA:648,93
DA:659,93
DA:662,2
DA:663,2
DA:664,2
DA:667,0
DA:683,93
DA:686,2
DA:687,2
DA:698,93
DA:699,0
DA:701,0
DA:702,0
DA:705,0
DA:716,93
DA:720,0
DA:721,0
DA:730,93
DA:731,134
DA:733,134
DA:735,1
DA:737,1
DA:738,0
DA:741,1
DA:750,93
DA:751,245
DA:752,245
DA:753,30
DA:756,242
DA:757,242
DA:764,93
DA:770,93
DA:776,93
DA:781,0
DA:782,0
DA:785,0
DA:786,0
DA:788,0
DA:789,0
DA:790,0
DA:794,0
DA:795,0
DA:796,0
DA:797,0
DA:798,0
DA:802,0
DA:803,0
DA:806,0
DA:817,93
DA:826,119
DA:827,0
DA:830,119
DA:831,119
DA:832,385
DA:833,385
DA:837,385
DA:838,87
DA:840,298
DA:842,298
DA:843,298
DA:846,385
DA:847,87
DA:849,298
DA:858,93
DA:870,93
DA:872,93
DA:877,93
DA:878,197
DA:879,197
DA:880,16
DA:883,181
DA:884,362
DA:885,362
DA:886,184
DA:891,93
DA:892,197
DA:893,197
DA:894,79
DA:895,79
DA:898,197
DA:899,197
DA:901,184
DA:902,184
DA:905,179
DA:908,194
DA:912,197
LF:202
LH:177
BRDA:67,0,0,59
BRDA:72,1,0,147
BRDA:130,2,0,0
BRDA:134,3,0,56
BRDA:139,4,0,15
BRDA:147,5,0,50
BRDA:154,6,0,129
BRDA:184,7,0,11
BRDA:205,8,0,55
BRDA:228,9,0,23
BRDA:249,10,0,19
BRDA:261,11,0,1
BRDA:261,11,1,1
BRDA:273,12,0,6
BRDA:274,13,0,3
BRDA:274,13,1,3
BRDA:287,14,0,1
BRDA:287,14,1,1
BRDA:297,15,0,6
BRDA:298,16,0,3
BRDA:298,16,1,3
BRDA:334,17,0,9
BRDA:334,17,1,8
BRDA:469,18,0,10
BRDA:469,18,1,10
BRDA:509,19,0,365
BRDA:663,20,0,2
BRDA:687,21,0,2
BRDA:687,21,1,0
BRDA:701,22,0,0
BRDA:721,23,0,0
BRDA:721,23,1,0
BRDA:735,24,0,1
BRDA:735,24,1,0
BRDA:737,25,0,0
BRDA:750,26,0,215
BRDA:752,27,0,30
BRDA:781,28,0,0
BRDA:781,29,0,0
BRDA:781,29,1,0
BRDA:788,30,0,0
BRDA:797,31,0,0
BRDA:820,32,0,0
BRDA:826,33,0,0
BRDA:830,34,0,119
BRDA:830,34,1,52
BRDA:837,35,0,87
BRDA:837,35,1,298
BRDA:842,36,0,298
BRDA:842,36,1,148
BRDA:842,37,0,8
BRDA:842,37,1,140
BRDA:842,38,0,148
BRDA:842,38,1,54
BRDA:846,39,0,87
BRDA:846,39,1,298
BRDA:849,40,0,298
BRDA:849,40,1,282
BRDA:879,41,0,16
BRDA:885,42,0,184
BRDA:893,43,0,79
BRF:61
BRH:47
end_of_record
TN:
SF:src/ts/utils/directions.ts
FN:31,(anonymous_0)
FN:65,(anonymous_1)
FN:105,(anonymous_2)
FN:141,(anonymous_3)
FN:182,(anonymous_4)
FN:191,(anonymous_5)
FN:199,(anonymous_6)
FN:207,(anonymous_7)
FNF:8
FNH:8
FNDA:327,(anonymous_0)
FNDA:474,(anonymous_1)
FNDA:41,(anonymous_2)
FNDA:27,(anonymous_3)
FNDA:82,(anonymous_4)
FNDA:7,(anonymous_5)
FNDA:157,(anonymous_6)
FNDA:13,(anonymous_7)
DA:5,93
DA:6,93
DA:18,93
DA:19,93
DA:31,93
DA:35,327
DA:36,201
DA:39,126
DA:40,26
DA:43,100
DA:44,39
DA:46,61
DA:65,93
DA:69,474
DA:71,474
DA:72,37
DA:73,437
DA:74,61
DA:75,376
DA:76,126
DA:77,250
DA:78,61
DA:79,189
DA:80,120
DA:83,69
DA:105,93
DA:108,41
DA:109,2
DA:112,39
DA:141,93
DA:144,27
DA:150,21
DA:151,2
DA:154,19
DA:155,19
DA:156,31
DA:157,31
DA:162,17
DA:166,19
DA:167,4
DA:168,16
DA:169,6
DA:174,19
DA:182,93
DA:184,82
DA:191,93
DA:192,7
DA:199,93
DA:200,157
DA:207,93
DA:210,13
DA:216,93
DA:227,93
DA:233,93
DA:243,93
DA:252,93
LF:56
LH:56
BRDA:35,0,0,201
BRDA:35,1,0,327
BRDA:35,1,1,226
BRDA:39,2,0,26
BRDA:43,3,0,39
BRDA:44,4,0,19
BRDA:44,4,1,20
BRDA:46,5,0,20
BRDA:46,5,1,41
BRDA:67,6,0,37
BRDA:71,7,0,37
BRDA:71,7,1,437
BRDA:73,8,0,61
BRDA:73,8,1,376
BRDA:75,9,0,126
BRDA:75,9,1,250
BRDA:77,10,0,61
BRDA:77,10,1,189
BRDA:79,11,0,120
BRDA:108,12,0,2
BRDA:150,13,0,2
BRDA:157,14,0,17
BRDA:158,15,0,31
BRDA:158,15,1,31
BRDA:158,15,2,31
BRDA:166,16,0,4
BRDA:168,17,0,6
BRF:27
BRH:27
end_of_record
TN:
SF:src/ts/utils/dom-alter.ts
FN:48,(anonymous_0)
FN:89,(anonymous_1)
FN:124,(anonymous_2)
FN:164,(anonymous_3)
FN:195,(anonymous_4)
FN:237,(anonymous_5)
FN:281,(anonymous_6)
FN:296,(anonymous_7)
FN:312,(anonymous_8)
FN:325,(anonymous_9)
FN:357,(anonymous_10)
FN:386,(anonymous_11)
FN:405,(anonymous_12)
FN:424,(anonymous_13)
FN:447,(anonymous_14)
FN:467,(anonymous_15)
FN:506,(anonymous_16)
FN:519,(anonymous_17)
FN:528,(anonymous_18)
FN:532,(anonymous_19)
FN:541,(anonymous_20)
FN:569,(anonymous_21)
FN:589,(anonymous_22)
FNF:23
FNH:19
FNDA:92,(anonymous_0)
FNDA:21,(anonymous_1)
FNDA:52,(anonymous_2)
FNDA:9,(anonymous_3)
FNDA:28,(anonymous_4)
FNDA:405,(anonymous_5)
FNDA:25,(anonymous_6)
FNDA:54,(anonymous_7)
FNDA:25,(anonymous_8)
FNDA:0,(anonymous_9)
FNDA:24,(anonymous_10)
FNDA:0,(anonymous_11)
FNDA:17,(anonymous_12)
FNDA:1,(anonymous_13)
FNDA:0,(anonymous_14)
FNDA:0,(anonymous_15)
FNDA:288,(anonymous_16)
FNDA:1022,(anonymous_17)
FNDA:258,(anonymous_18)
FNDA:240,(anonymous_19)
FNDA:10,(anonymous_20)
FNDA:113,(anonymous_21)
FNDA:17,(anonymous_22)
DA:13,93
DA:14,93
DA:16,93
DA:18,93
DA:27,93
DA:28,93
DA:29,93
DA:30,93
DA:48,93
DA:55,92
DA:57,92
DA:58,19
DA:63,19
DA:68,92
DA:69,92
DA:71,92
DA:79,93
DA:89,93
DA:96,21
DA:97,21
DA:99,21
DA:100,21
DA:105,21
DA:113,93
DA:124,93
DA:131,52
DA:132,30
DA:138,30
DA:145,52
DA:153,93
DA:164,93
DA:171,9
DA:172,9
DA:173,9
DA:174,9
DA:182,93
DA:195,93
DA:202,28
DA:203,18
DA:204,23
DA:211,28
DA:219,93
DA:237,93
DA:245,405
DA:246,405
DA:247,405
DA:248,58
DA:251,405
DA:252,150
DA:258,405
DA:259,361
DA:261,44
DA:270,93
DA:281,93
DA:288,25
DA:289,23
DA:296,93
DA:297,54
DA:298,54
DA:299,50
DA:300,50
DA:303,54
DA:312,93
DA:313,25
DA:325,93
DA:333,0
DA:334,0
DA:335,0
DA:342,0
DA:345,0
DA:357,93
DA:365,24
DA:366,24
DA:367,24
DA:374,2
DA:377,22
DA:386,93
DA:389,0
DA:397,93
DA:405,93
DA:408,17
DA:416,93
DA:424,93
DA:425,1
DA:426,1
DA:427,1
DA:428,1
DA:429,1
DA:430,1
DA:441,93
DA:447,93
DA:448,0
DA:449,0
DA:450,0
DA:467,93
DA:471,0
DA:472,0
DA:474,0
DA:481,0
DA:483,0
DA:489,0
DA:498,93
DA:506,93
DA:510,288
DA:519,93
DA:522,1022
DA:528,93
DA:532,258
DA:533,240
DA:541,93
DA:547,10
DA:548,10
DA:549,10
DA:550,10
DA:551,10
DA:564,93
DA:569,93
DA:573,113
DA:574,22
DA:577,91
DA:578,91
DA:579,83
DA:580,3
DA:582,80
DA:586,91
DA:589,93
DA:600,17
DA:602,17
DA:603,17
DA:604,17
DA:606,17
DA:607,17
DA:608,10
DA:609,10
DA:610,10
DA:612,10
DA:613,0
DA:616,10
DA:617,0
DA:623,17
LF:140
LH:123
BRDA:57,0,0,19
BRDA:97,1,0,21
BRDA:97,1,1,3
BRDA:131,2,0,30
BRDA:202,3,0,18
BRDA:245,4,0,405
BRDA:245,4,1,44
BRDA:246,5,0,405
BRDA:246,5,1,329
BRDA:247,6,0,58
BRDA:247,7,0,405
BRDA:247,7,1,354
BRDA:251,8,0,150
BRDA:258,9,0,361
BRDA:258,9,1,44
BRDA:283,10,0,3
BRDA:296,11,0,0
BRDA:298,12,0,50
BRDA:313,13,0,25
BRDA:313,13,1,20
BRDA:332,14,0,0
BRDA:333,15,0,0
BRDA:333,15,1,0
BRDA:335,16,0,0
BRDA:336,17,0,0
BRDA:336,17,1,0
BRDA:336,17,2,0
BRDA:336,17,3,0
BRDA:336,17,4,0
BRDA:336,17,5,0
BRDA:364,18,0,0
BRDA:365,19,0,24
BRDA:365,19,1,0
BRDA:367,20,0,2
BRDA:368,21,0,24
BRDA:368,21,1,2
BRDA:368,21,2,2
BRDA:368,21,3,0
BRDA:368,21,4,2
BRDA:368,21,5,2
BRDA:426,22,0,1
BRDA:429,23,0,1
BRDA:469,24,0,0
BRDA:484,25,0,0
BRDA:484,25,1,0
BRDA:511,26,0,288
BRDA:511,26,1,123
BRDA:512,27,0,288
BRDA:512,27,1,37
BRDA:522,28,0,1022
BRDA:522,28,1,756
BRDA:544,29,0,10
BRDA:545,30,0,10
BRDA:573,31,0,22
BRDA:578,32,0,83
BRDA:579,33,0,3
BRDA:579,33,1,80
BRDA:592,34,0,0
BRDA:596,35,0,0
BRDA:597,36,0,17
BRDA:598,37,0,17
BRDA:599,38,0,17
BRDA:600,39,0,17
BRDA:600,39,1,0
BRDA:602,40,0,17
BRDA:602,40,1,0
BRDA:603,41,0,17
BRDA:603,41,1,0
BRDA:607,42,0,10
BRDA:607,43,0,17
BRDA:607,43,1,16
BRDA:607,43,2,16
BRDA:609,44,0,10
BRDA:612,45,0,0
BRDA:616,46,0,0
BRDA:616,47,0,10
BRDA:616,47,1,0
BRF:77
BRH:52
end_of_record
TN:
SF:src/ts/utils/dom-events.ts
FN:26,(anonymous_0)
FN:37,(anonymous_1)
FN:38,(anonymous_2)
FN:52,(anonymous_3)
FN:62,(anonymous_4)
FN:92,(anonymous_5)
FN:95,(anonymous_6)
FN:100,(anonymous_7)
FN:100,(anonymous_8)
FN:106,(anonymous_9)
FN:120,(anonymous_10)
FN:121,(anonymous_11)
FN:128,(anonymous_12)
FN:139,(anonymous_13)
FN:140,(anonymous_14)
FN:146,(anonymous_15)
FN:162,(anonymous_16)
FN:163,(anonymous_17)
FN:169,(anonymous_18)
FN:174,(anonymous_19)
FN:184,(anonymous_20)
FN:198,(anonymous_21)
FNF:22
FNH:18
FNDA:230,(anonymous_0)
FNDA:230,(anonymous_1)
FNDA:234,(anonymous_2)
FNDA:0,(anonymous_3)
FNDA:4,(anonymous_4)
FNDA:93,(anonymous_5)
FNDA:93,(anonymous_6)
FNDA:94,(anonymous_7)
FNDA:93,(anonymous_8)
FNDA:93,(anonymous_9)
FNDA:2837,(anonymous_10)
FNDA:2837,(anonymous_11)
FNDA:0,(anonymous_12)
FNDA:94,(anonymous_13)
FNDA:94,(anonymous_14)
FNDA:0,(anonymous_15)
FNDA:128,(anonymous_16)
FNDA:128,(anonymous_17)
FNDA:94,(anonymous_18)
FNDA:94,(anonymous_19)
FNDA:0,(anonymous_20)
FNDA:8,(anonymous_21)
DA:5,93
DA:7,93
DA:26,93
DA:33,230
DA:38,230
DA:39,234
DA:40,234
DA:41,230
DA:42,230
DA:44,4
DA:47,230
DA:48,226
DA:51,4
DA:52,0
DA:53,0
DA:58,0
DA:62,4
DA:63,4
DA:64,4
DA:68,4
DA:92,93
DA:95,93
DA:96,93
DA:100,94
DA:101,93
DA:102,92
DA:106,93
DA:107,93
DA:108,93
DA:120,93
DA:121,2837
DA:122,2837
DA:123,2837
DA:124,2837
DA:125,2837
DA:128,0
DA:139,93
DA:140,94
DA:141,94
DA:142,94
DA:143,94
DA:146,0
DA:147,0
DA:148,0
DA:162,93
DA:163,128
DA:164,128
DA:165,34
DA:166,34
DA:169,94
DA:172,94
DA:174,94
DA:175,94
DA:176,94
DA:177,94
DA:178,94
DA:180,94
DA:183,94
DA:184,94
DA:185,0
DA:189,94
DA:198,93
DA:202,93
DA:203,93
DA:205,93
DA:207,93
DA:208,0
DA:210,93
LF:68
LH:59
BRDA:40,0,0,230
BRDA:47,1,0,226
BRDA:51,2,0,0
BRDA:63,3,0,4
BRDA:100,4,0,94
BRDA:100,4,1,93
BRDA:101,5,0,92
BRDA:123,6,0,2837
BRDA:123,7,0,2837
BRDA:123,7,1,2837
BRDA:141,8,0,94
BRDA:147,9,0,0
BRDA:164,10,0,34
BRDA:176,11,0,94
BRDA:183,12,0,94
BRDA:207,13,0,0
BRDA:207,13,1,93
BRF:17
BRH:14
end_of_record
TN:
SF:src/ts/utils/dom-optimize.ts
FN:40,(anonymous_0)
FN:41,(anonymous_1)
FN:51,(anonymous_2)
FN:52,(anonymous_3)
FN:62,(anonymous_4)
FN:71,(anonymous_5)
FN:81,(anonymous_6)
FN:82,(anonymous_7)
FN:83,(anonymous_8)
FN:92,(anonymous_9)
FN:93,(anonymous_10)
FN:94,(anonymous_11)
FN:105,(anonymous_12)
FN:113,(anonymous_13)
FN:132,(anonymous_14)
FN:148,(anonymous_15)
FNF:16
FNH:16
FNDA:6185,(anonymous_0)
FNDA:6185,(anonymous_1)
FNDA:1754,(anonymous_2)
FNDA:1754,(anonymous_3)
FNDA:243,(anonymous_4)
FNDA:1,(anonymous_5)
FNDA:2046,(anonymous_6)
FNDA:5336,(anonymous_7)
FNDA:5308,(anonymous_8)
FNDA:186,(anonymous_9)
FNDA:368,(anonymous_10)
FNDA:354,(anonymous_11)
FNDA:7939,(anonymous_12)
FNDA:2422,(anonymous_13)
FNDA:2407,(anonymous_14)
FNDA:2825,(anonymous_15)
DA:30,93
DA:32,93
DA:33,93
DA:40,93
DA:41,6185
DA:42,6185
DA:51,93
DA:52,1754
DA:53,1754
DA:62,93
DA:63,243
DA:71,93
DA:72,1
DA:80,93
DA:81,93
DA:82,2046
DA:83,5336
DA:91,93
DA:92,93
DA:93,186
DA:94,368
DA:101,93
DA:102,93
DA:103,93
DA:105,93
DA:106,7939
DA:107,7939
DA:108,1721
DA:109,1721
DA:113,93
DA:120,2422
DA:121,1548
DA:123,1548
DA:132,2422
DA:133,2407
DA:134,1277
DA:136,1277
DA:139,2407
DA:141,705
DA:143,1702
DA:148,93
DA:150,2825
DA:151,7895
DA:152,7895
LF:44
LH:44
BRDA:107,0,0,1721
BRDA:139,1,0,705
BRDA:139,1,1,1702
BRF:3
BRH:3
end_of_record
TN:
SF:src/ts/utils/dom-query.ts
FN:15,(anonymous_0)
FN:16,(anonymous_1)
FN:26,(anonymous_2)
FN:35,(anonymous_3)
FN:43,(anonymous_4)
FNF:5
FNH:5
FNDA:81,(anonymous_0)
FNDA:222,(anonymous_1)
FNDA:222,(anonymous_2)
FNDA:108,(anonymous_3)
FNDA:119,(anonymous_4)
DA:5,93
DA:15,93
DA:16,81
DA:17,222
DA:26,93
DA:27,222
DA:35,93
DA:36,108
DA:43,93
DA:44,119
DA:51,93
LF:11
LH:11
BRDA:44,0,0,119
BRDA:44,0,1,0
BRDA:44,0,2,0
BRDA:44,0,3,0
BRF:4
BRH:1
end_of_record
TN:
SF:src/ts/utils/dom-search.ts
FN:63,(anonymous_0)
FN:81,(anonymous_1)
FN:140,(anonymous_2)
FN:144,(anonymous_3)
FN:151,(anonymous_4)
FN:155,(anonymous_5)
FN:158,(anonymous_6)
FN:163,(anonymous_7)
FN:168,(anonymous_8)
FN:171,(anonymous_9)
FN:174,(anonymous_10)
FNF:11
FNH:11
FNDA:287,(anonymous_0)
FNDA:760,(anonymous_1)
FNDA:17,(anonymous_2)
FNDA:17,(anonymous_3)
FNDA:113,(anonymous_4)
FNDA:43,(anonymous_5)
FNDA:43,(anonymous_6)
FNDA:134,(anonymous_7)
FNDA:43,(anonymous_8)
FNDA:43,(anonymous_9)
FNDA:86,(anonymous_10)
DA:9,93
DA:11,93
DA:12,93
DA:13,93
DA:63,93
DA:67,287
DA:68,1
DA:71,286
DA:73,34
DA:74,34
DA:75,1
DA:77,33
DA:80,252
DA:81,760
DA:84,252
DA:85,2
DA:88,250
DA:89,250
DA:90,250
DA:93,250
DA:94,5
DA:96,245
DA:97,85
DA:100,245
DA:101,30
DA:104,215
DA:108,220
DA:109,43
DA:110,177
DA:111,43
DA:113,134
DA:114,48
DA:115,86
DA:116,43
DA:117,43
DA:118,43
DA:127,220
DA:128,51
DA:131,169
DA:140,93
DA:144,17
DA:148,93
DA:149,93
DA:151,93
DA:153,113
DA:155,93
DA:156,43
DA:158,93
DA:159,43
DA:160,43
DA:163,93
DA:166,134
DA:168,93
DA:169,43
DA:171,93
DA:172,43
DA:174,93
DA:179,86
DA:181,86
DA:182,16
DA:185,70
DA:186,70
DA:187,0
DA:190,70
DA:191,70
DA:192,70
DA:193,170
DA:204,170
DA:205,64
DA:206,64
DA:210,70
LF:71
LH:70
BRDA:67,0,0,1
BRDA:71,1,0,34
BRDA:74,2,0,1
BRDA:81,3,0,760
BRDA:81,3,1,755
BRDA:81,3,2,595
BRDA:84,4,0,2
BRDA:93,5,0,5
BRDA:93,5,1,245
BRDA:96,6,0,85
BRDA:97,7,0,85
BRDA:97,7,1,30
BRDA:100,8,0,30
BRDA:108,9,0,43
BRDA:108,9,1,177
BRDA:110,10,0,43
BRDA:110,10,1,134
BRDA:113,11,0,48
BRDA:113,11,1,86
BRDA:115,12,0,43
BRDA:115,12,1,43
BRDA:117,13,0,43
BRDA:117,13,1,0
BRDA:127,14,0,51
BRDA:143,15,0,17
BRDA:160,16,0,43
BRDA:160,16,1,43
BRDA:160,16,2,1
BRDA:179,17,0,86
BRDA:179,17,1,32
BRDA:181,18,0,16
BRDA:186,19,0,0
BRDA:191,20,0,35
BRDA:191,20,1,35
BRDA:204,21,0,64
BRDA:204,22,0,170
BRDA:204,22,1,126
BRDA:205,23,0,32
BRDA:205,23,1,32
BRDA:205,24,0,10
BRDA:205,24,1,22
BRDA:210,25,0,70
BRDA:210,25,1,17
BRF:43
BRH:41
end_of_record
TN:
SF:src/ts/utils/dom.ts
FN:18,(anonymous_0)
FN:27,(anonymous_1)
FNF:2
FNH:2
FNDA:15,(anonymous_0)
FNDA:11,(anonymous_1)
DA:5,93
DA:9,93
DA:11,93
DA:18,93
DA:20,15
DA:27,93
DA:28,11
DA:34,93
LF:8
LH:8
BRF:0
BRH:0
end_of_record
TN:
SF:src/ts/utils/event.ts
FN:19,(anonymous_0)
FN:42,(anonymous_1)
FN:68,(anonymous_2)
FN:99,(anonymous_3)
FN:122,(anonymous_4)
FN:133,(anonymous_5)
FN:144,(anonymous_6)
FN:167,(anonymous_7)
FN:177,(anonymous_8)
FN:218,(anonymous_9)
FN:232,(anonymous_10)
FN:250,(anonymous_11)
FN:264,(anonymous_12)
FN:278,(anonymous_13)
FN:293,(anonymous_14)
FNF:15
FNH:14
FNDA:2,(anonymous_0)
FNDA:3358,(anonymous_1)
FNDA:2,(anonymous_2)
FNDA:1215,(anonymous_3)
FNDA:356,(anonymous_4)
FNDA:57,(anonymous_5)
FNDA:7894,(anonymous_6)
FNDA:204,(anonymous_7)
FNDA:0,(anonymous_8)
FNDA:3231,(anonymous_9)
FNDA:8718,(anonymous_10)
FNDA:4573,(anonymous_11)
FNDA:911,(anonymous_12)
FNDA:3234,(anonymous_13)
FNDA:4573,(anonymous_14)
DA:5,93
DA:6,93
DA:8,93
DA:9,93
DA:11,93
DA:19,93
DA:23,2
DA:24,2
DA:26,0
DA:42,93
DA:48,3358
DA:49,3358
DA:50,3358
DA:52,124
DA:55,3234
DA:56,3234
DA:60,3234
DA:61,3234
DA:62,1721
DA:63,2
DA:66,1721
DA:68,2
DA:69,2
DA:70,2
DA:75,3234
DA:80,3234
DA:81,3234
DA:99,93
DA:105,1215
DA:106,1215
DA:107,1215
DA:109,1215
DA:110,304
DA:113,911
DA:114,911
DA:115,911
DA:122,93
DA:123,356
DA:124,356
DA:125,356
DA:133,93
DA:134,57
DA:135,57
DA:136,57
DA:144,93
DA:145,7894
DA:147,7852
DA:150,42
DA:162,42
DA:164,42
DA:165,168
DA:166,168
DA:168,204
DA:169,204
DA:170,41
DA:172,163
DA:177,42
DA:178,42
DA:179,42
DA:180,42
DA:181,41
DA:186,41
DA:191,42
DA:193,42
DA:194,42
DA:206,93
DA:218,3231
DA:232,93
DA:235,8718
DA:241,8718
DA:242,4271
DA:243,4447
DA:244,4447
DA:247,8718
DA:250,93
DA:256,4573
DA:257,4573
DA:264,93
DA:270,911
DA:271,911
DA:275,911
DA:278,93
DA:285,3234
DA:286,3234
DA:293,93
DA:294,4573
DA:295,4573
DA:298,1289
DA:301,3284
LF:89
LH:88
BRDA:23,0,0,2
BRDA:23,0,1,0
BRDA:24,1,0,2
BRDA:24,1,1,0
BRDA:26,2,0,0
BRDA:26,2,1,0
BRDA:48,3,0,3358
BRDA:48,3,1,1616
BRDA:50,4,0,124
BRDA:61,5,0,1721
BRDA:62,6,0,2
BRDA:63,7,0,2
BRDA:63,7,1,1
BRDA:66,8,0,2
BRDA:66,9,0,1721
BRDA:66,9,1,7
BRDA:105,10,0,1215
BRDA:105,10,1,660
BRDA:109,11,0,304
BRDA:124,12,0,356
BRDA:135,13,0,57
BRDA:145,14,0,7852
BRDA:169,15,0,41
BRDA:241,16,0,4271
BRDA:241,16,1,4447
BRDA:241,17,0,8718
BRDA:241,17,1,4468
BRDA:243,18,0,4447
BRDA:295,19,0,1289
BRDA:295,20,0,4573
BRDA:295,20,1,1289
BRF:31
BRH:27
end_of_record
TN:
SF:src/ts/utils/gesture-key.ts
FN:78,(anonymous_0)
FN:93,(anonymous_1)
FN:94,(anonymous_2)
FN:95,(anonymous_3)
FN:96,(anonymous_4)
FNF:5
FNH:5
FNDA:131,(anonymous_0)
FNDA:655,(anonymous_1)
FNDA:785,(anonymous_2)
FNDA:320,(anonymous_3)
FNDA:320,(anonymous_4)
DA:5,93
DA:6,93
DA:8,93
DA:12,93
DA:14,93
DA:78,93
DA:85,131
DA:86,33
DA:89,131
DA:90,131
DA:91,131
DA:93,655
DA:94,785
DA:95,320
DA:96,320
DA:97,131
DA:98,131
DA:100,131
DA:101,131
DA:102,131
DA:103,131
DA:104,131
DA:106,131
DA:107,166
DA:108,6
DA:111,160
DA:130,160
DA:131,160
DA:133,6
DA:136,154
DA:137,154
DA:139,154
DA:140,154
DA:141,154
DA:143,154
DA:144,123
DA:145,31
DA:147,2
DA:151,131
DA:152,8
DA:153,123
DA:154,2
DA:155,121
DA:156,33
DA:158,88
DA:164,123
DA:180,93
DA:181,93
DA:182,93
DA:183,93
DA:184,93
DA:185,93
DA:186,93
DA:187,93
DA:188,93
DA:189,93
DA:191,93
DA:193,93
LF:58
LH:58
BRDA:85,0,0,33
BRDA:91,1,0,131
BRDA:91,1,1,130
BRDA:107,2,0,6
BRDA:107,3,0,166
BRDA:107,3,1,161
BRDA:124,4,0,15
BRDA:124,4,1,145
BRDA:126,5,0,0
BRDA:126,5,1,160
BRDA:130,6,0,160
BRDA:130,6,1,6
BRDA:131,7,0,6
BRDA:137,8,0,42
BRDA:137,8,1,112
BRDA:143,9,0,123
BRDA:143,9,1,31
BRDA:145,10,0,2
BRDA:151,11,0,8
BRDA:151,11,1,123
BRDA:153,12,0,2
BRDA:153,12,1,121
BRDA:155,13,0,33
BRDA:155,13,1,88
BRDA:156,14,0,21
BRDA:156,14,1,12
BRDA:156,15,0,11
BRDA:156,15,1,1
BRDA:164,16,0,3
BRDA:164,16,1,120
BRF:30
BRH:29
end_of_record
TN:
SF:src/ts/utils/gesture-pointer.ts
FN:35,(anonymous_0)
FN:55,(anonymous_1)
FNF:2
FNH:2
FNDA:87,(anonymous_0)
FNDA:183,(anonymous_1)
DA:5,93
DA:6,93
DA:8,93
DA:9,93
DA:35,93
DA:41,87
DA:42,0
DA:45,87
DA:46,87
DA:50,87
DA:51,87
DA:53,87
DA:56,183
DA:57,183
DA:58,183
DA:62,145
DA:67,145
DA:69,38
DA:73,87
DA:74,87
DA:75,36
DA:78,51
DA:79,5
DA:82,46
DA:83,46
DA:84,46
DA:85,1
DA:88,45
DA:89,45
DA:90,45
DA:95,45
LF:31
LH:30
BRDA:41,0,0,0
BRDA:50,1,0,16
BRDA:50,1,1,71
BRDA:51,2,0,16
BRDA:51,2,1,71
BRDA:57,3,0,183
BRDA:57,3,1,176
BRDA:58,4,0,145
BRDA:58,5,0,183
BRDA:58,5,1,163
BRDA:63,6,0,145
BRDA:63,6,1,140
BRDA:63,6,2,11
BRDA:63,6,3,140
BRDA:63,6,4,129
BRDA:74,7,0,36
BRDA:78,8,0,5
BRDA:84,9,0,1
BRDA:95,10,0,18
BRDA:95,10,1,27
BRF:20
BRH:19
end_of_record
TN:
SF:src/ts/utils/gesture-touch.ts
FN:83,(anonymous_0)
FN:111,(anonymous_1)
FN:112,(anonymous_2)
FN:117,(anonymous_3)
FN:219,(anonymous_4)
FN:225,(anonymous_5)
FN:280,(anonymous_6)
FN:281,(anonymous_7)
FN:282,(anonymous_8)
FNF:9
FNH:9
FNDA:96,(anonymous_0)
FNDA:92,(anonymous_1)
FNDA:92,(anonymous_2)
FNDA:16,(anonymous_3)
FNDA:102,(anonymous_4)
FNDA:137,(anonymous_5)
FNDA:94,(anonymous_6)
FNDA:146,(anonymous_7)
FNDA:130,(anonymous_8)
DA:5,93
DA:6,93
DA:10,93
DA:12,93
DA:20,93
DA:83,93
DA:93,96
DA:94,0
DA:97,96
DA:99,96
DA:100,2
DA:103,94
DA:105,94
DA:107,94
DA:109,94
DA:111,94
DA:112,94
DA:113,94
DA:115,94
DA:117,16
DA:118,5
DA:121,94
DA:122,94
DA:123,94
DA:125,19
DA:126,19
DA:130,19
DA:136,10
DA:141,10
DA:146,10
DA:147,10
DA:148,10
DA:149,10
DA:153,94
DA:156,94
DA:157,94
DA:159,94
DA:161,84
DA:163,84
DA:165,65
DA:167,65
DA:172,65
DA:173,8
DA:176,57
DA:177,45
DA:178,12
DA:179,1
DA:180,1
DA:183,56
DA:187,94
DA:188,39
DA:191,39
DA:194,55
DA:219,93
DA:225,137
DA:227,102
DA:228,204
DA:229,9
DA:232,195
DA:233,2
DA:236,193
DA:237,248
DA:241,100
DA:243,100
DA:244,135
DA:245,135
DA:247,37
DA:250,98
DA:251,98
DA:252,98
DA:253,98
DA:255,98
DA:256,98
DA:258,98
DA:259,98
DA:261,98
DA:264,98
DA:275,100
DA:280,93
DA:281,146
DA:282,130
DA:283,94
DA:284,68
DA:287,26
LF:84
LH:83
BRDA:93,0,0,0
BRDA:99,1,0,2
BRDA:107,2,0,94
BRDA:107,2,1,3
BRDA:107,3,0,94
BRDA:107,3,1,39
BRDA:108,4,0,3
BRDA:108,4,1,2
BRDA:115,5,0,5
BRDA:123,6,0,19
BRDA:130,7,0,10
BRDA:131,8,0,19
BRDA:131,8,1,19
BRDA:131,8,2,19
BRDA:146,9,0,5
BRDA:146,9,1,5
BRDA:153,10,0,8
BRDA:153,10,1,86
BRDA:153,11,0,94
BRDA:153,11,1,91
BRDA:159,12,0,84
BRDA:165,13,0,3
BRDA:165,13,1,62
BRDA:172,14,0,8
BRDA:176,15,0,45
BRDA:176,15,1,12
BRDA:178,16,0,1
BRDA:187,17,0,39
BRDA:191,18,0,31
BRDA:191,18,1,8
BRDA:221,19,0,6
BRDA:228,20,0,9
BRDA:232,21,0,2
BRDA:245,22,0,37
BRDA:283,23,0,68
BRDA:283,24,0,94
BRDA:283,24,1,49
BRF:37
BRH:36
end_of_record
TN:
SF:src/ts/utils/gesture-wheel.ts
FN:59,(anonymous_0)
FNF:1
FNH:1
FNDA:318,(anonymous_0)
DA:5,93
DA:6,93
DA:10,93
DA:12,93
DA:13,93
DA:15,93
DA:59,93
DA:65,318
DA:66,41
DA:69,318
DA:70,318
DA:71,318
DA:72,318
DA:73,318
DA:75,318
DA:76,351
DA:77,5
DA:80,346
DA:81,346
DA:82,346
DA:83,346
DA:84,346
DA:85,346
DA:87,346
DA:89,79
DA:92,79
DA:93,63
DA:96,79
DA:98,79
DA:99,79
DA:100,267
DA:103,7
DA:104,7
DA:107,346
DA:108,346
DA:109,346
DA:111,346
DA:113,346
DA:114,315
DA:115,31
DA:117,2
DA:121,318
DA:122,3
DA:123,315
DA:124,2
DA:125,313
DA:126,73
DA:128,240
DA:134,315
LF:49
LH:49
BRDA:65,0,0,41
BRDA:76,1,0,5
BRDA:76,2,0,351
BRDA:76,2,1,346
BRDA:87,3,0,79
BRDA:87,3,1,267
BRDA:87,4,0,346
BRDA:87,4,1,87
BRDA:92,5,0,63
BRDA:100,6,0,7
BRDA:100,7,0,267
BRDA:100,7,1,17
BRDA:111,8,0,0
BRDA:111,8,1,346
BRDA:113,9,0,315
BRDA:113,9,1,31
BRDA:115,10,0,2
BRDA:121,11,0,3
BRDA:121,11,1,315
BRDA:123,12,0,2
BRDA:123,12,1,313
BRDA:125,13,0,73
BRDA:125,13,1,240
BRDA:126,14,0,37
BRDA:126,14,1,36
BRDA:126,15,0,33
BRDA:126,15,1,3
BRDA:134,16,0,6
BRDA:134,16,1,309
BRF:29
BRH:28
end_of_record
TN:
SF:src/ts/utils/gesture.ts
FN:46,(anonymous_0)
FN:54,(anonymous_1)
FN:63,(anonymous_2)
FN:72,(anonymous_3)
FN:79,(anonymous_4)
FNF:5
FNH:5
FNDA:35,(anonymous_0)
FNDA:143,(anonymous_1)
FNDA:13,(anonymous_2)
FNDA:13,(anonymous_3)
FNDA:871,(anonymous_4)
DA:5,93
DA:6,93
DA:10,93
DA:46,93
DA:47,35
DA:54,93
DA:55,143
DA:63,93
DA:64,13
DA:72,93
DA:73,13
DA:79,93
DA:80,871
DA:86,93
DA:97,93
DA:105,93
LF:16
LH:16
BRF:0
BRH:0
end_of_record
TN:
SF:src/ts/utils/layout.ts
FN:31,(anonymous_0)
FN:39,(anonymous_1)
FN:53,(anonymous_2)
FN:68,(anonymous_3)
FN:83,(anonymous_4)
FN:97,(anonymous_5)
FN:105,(anonymous_6)
FN:169,(anonymous_7)
FN:188,(anonymous_8)
FN:202,(anonymous_9)
FN:218,(anonymous_10)
FNF:11
FNH:11
FNDA:11,(anonymous_0)
FNDA:12,(anonymous_1)
FNDA:37,(anonymous_2)
FNDA:28,(anonymous_3)
FNDA:18,(anonymous_4)
FNDA:11,(anonymous_5)
FNDA:123,(anonymous_6)
FNDA:23,(anonymous_7)
FNDA:29,(anonymous_8)
FNDA:65,(anonymous_9)
FNDA:333,(anonymous_10)
DA:5,93
DA:7,93
DA:8,93
DA:17,93
DA:18,93
DA:20,93
DA:31,93
DA:32,11
DA:39,93
DA:41,12
DA:53,93
DA:56,37
DA:68,93
DA:71,28
DA:83,93
DA:84,18
DA:97,93
DA:99,11
DA:105,93
DA:110,123
DA:117,109
DA:118,14
DA:121,109
DA:125,93
DA:126,93
DA:128,93
DA:134,93
DA:143,93
DA:152,93
DA:157,93
DA:158,93
DA:161,93
DA:169,93
DA:174,23
DA:175,23
DA:176,100
DA:177,100
DA:178,53
DA:179,53
DA:180,53
DA:185,23
DA:188,93
DA:193,29
DA:194,27
DA:195,4
DA:198,23
DA:199,23
DA:202,93
DA:207,65
DA:208,65
DA:209,57
DA:211,8
DA:212,8
DA:214,0
DA:218,93
DA:223,333
DA:224,121
DA:226,212
DA:228,212
DA:229,175
DA:230,175
DA:231,115
DA:232,115
DA:234,115
DA:235,6
DA:238,109
DA:239,4
DA:242,105
DA:246,97
DA:247,97
DA:248,83
DA:249,59
DA:250,85
DA:254,83
LF:74
LH:73
BRDA:117,0,0,14
BRDA:177,1,0,53
BRDA:179,2,0,53
BRDA:194,3,0,4
BRDA:211,4,0,8
BRDA:223,5,0,121
BRDA:228,6,0,175
BRDA:230,7,0,115
BRDA:231,8,0,115
BRDA:231,8,1,63
BRDA:232,9,0,115
BRDA:232,9,1,63
BRDA:234,10,0,6
BRDA:234,11,0,115
BRDA:234,11,1,81
BRDA:238,12,0,4
BRDA:238,13,0,109
BRDA:238,13,1,82
BRDA:248,14,0,59
BRF:19
BRH:19
end_of_record
TN:
SF:src/ts/utils/log.ts
FN:20,(anonymous_0)
FN:32,(anonymous_1)
FN:44,(anonymous_2)
FN:54,(anonymous_3)
FNF:4
FNH:3
FNDA:0,(anonymous_0)
FNDA:14,(anonymous_1)
FNDA:8,(anonymous_2)
FNDA:21,(anonymous_3)
DA:5,93
DA:6,93
DA:10,93
DA:12,93
DA:20,93
DA:21,0
DA:22,0
DA:32,93
DA:33,14
DA:34,14
DA:44,93
DA:45,8
DA:49,5
DA:53,93
DA:54,93
DA:55,21
DA:56,21
DA:57,21
DA:58,21
LF:19
LH:17
BRDA:21,0,0,0
BRDA:33,1,0,14
BRDA:45,2,0,5
BRDA:46,3,0,8
BRDA:46,3,1,8
BRDA:46,3,2,7
BRF:6
BRH:5
end_of_record
TN:
SF:src/ts/utils/math.ts
FN:15,(anonymous_0)
FN:25,(anonymous_1)
FN:34,(anonymous_2)
FN:52,(anonymous_3)
FN:69,(anonymous_4)
FN:83,(anonymous_5)
FN:106,(anonymous_6)
FN:137,(anonymous_7)
FN:138,(anonymous_8)
FN:147,(anonymous_9)
FN:148,(anonymous_10)
FN:157,(anonymous_11)
FN:159,(anonymous_12)
FN:169,(anonymous_13)
FN:171,(anonymous_14)
FN:182,(anonymous_15)
FN:191,(anonymous_16)
FN:206,(anonymous_17)
FN:213,(anonymous_18)
FN:229,(anonymous_19)
FN:253,(anonymous_20)
FN:264,(anonymous_21)
FN:275,(anonymous_22)
FN:292,(anonymous_23)
FN:317,(anonymous_24)
FN:358,(anonymous_25)
FN:363,(anonymous_26)
FN:366,(anonymous_27)
FN:376,(anonymous_28)
FN:389,(anonymous_29)
FN:406,(anonymous_30)
FNF:31
FNH:31
FNDA:1416,(anonymous_0)
FNDA:7507,(anonymous_1)
FNDA:5101,(anonymous_2)
FNDA:330,(anonymous_3)
FNDA:2723,(anonymous_4)
FNDA:266,(anonymous_5)
FNDA:1680,(anonymous_6)
FNDA:1854,(anonymous_7)
FNDA:4671,(anonymous_8)
FNDA:3,(anonymous_9)
FNDA:10,(anonymous_10)
FNDA:574,(anonymous_11)
FNDA:461,(anonymous_12)
FNDA:3,(anonymous_13)
FNDA:14,(anonymous_14)
FNDA:3328,(anonymous_15)
FNDA:4932,(anonymous_16)
FNDA:1566,(anonymous_17)
FNDA:7,(anonymous_18)
FNDA:1559,(anonymous_19)
FNDA:163,(anonymous_20)
FNDA:26,(anonymous_21)
FNDA:5,(anonymous_22)
FNDA:5,(anonymous_23)
FNDA:524,(anonymous_24)
FNDA:349,(anonymous_25)
FNDA:6,(anonymous_26)
FNDA:1056,(anonymous_27)
FNDA:158,(anonymous_28)
FNDA:2,(anonymous_29)
FNDA:521,(anonymous_30)
DA:5,93
DA:6,93
DA:15,93
DA:16,1416
DA:17,1416
DA:25,93
DA:26,7507
DA:34,93
DA:38,5101
DA:43,5101
DA:52,93
DA:56,330
DA:57,330
DA:60,330
DA:69,93
DA:73,2723
DA:74,2723
DA:83,93
DA:87,266
DA:88,266
DA:106,93
DA:111,1680
DA:112,1680
DA:113,1680
DA:114,1680
DA:117,1680
DA:118,5
DA:119,1675
DA:120,103
DA:121,1572
DA:122,13
DA:124,1559
DA:127,1680
DA:137,93
DA:138,4671
DA:147,93
DA:148,10
DA:157,93
DA:158,574
DA:159,461
DA:169,93
DA:170,3
DA:171,14
DA:182,93
DA:183,3328
DA:191,93
DA:193,4932
DA:194,1863
DA:198,4932
DA:206,1566
DA:213,93
DA:229,93
DA:230,1559
DA:231,1559
DA:232,1559
DA:234,1559
DA:253,93
DA:257,163
DA:264,93
DA:265,26
DA:275,93
DA:276,5
DA:277,5
DA:292,93
DA:293,5
DA:317,93
DA:325,524
DA:326,524
DA:331,524
DA:332,524
DA:334,524
DA:335,524
DA:337,524
DA:339,22
DA:340,22
DA:341,502
DA:342,502
DA:343,502
DA:344,502
DA:346,502
DA:347,502
DA:350,524
DA:358,93
DA:362,349
DA:363,6
DA:366,1056
DA:376,93
DA:379,158
DA:389,93
DA:392,2
DA:406,93
DA:407,521
LF:92
LH:92
BRDA:15,0,0,1
BRDA:26,1,0,7507
BRDA:26,1,1,5657
BRDA:36,2,0,0
BRDA:38,3,0,137
BRDA:38,3,1,4964
BRDA:43,4,0,3295
BRDA:43,4,1,1806
BRDA:43,5,0,5101
BRDA:43,5,1,3302
BRDA:54,6,0,113
BRDA:57,7,0,9
BRDA:57,7,1,321
BRDA:60,8,0,317
BRDA:60,8,1,13
BRDA:60,9,0,330
BRDA:60,9,1,321
BRDA:71,10,0,0
BRDA:74,11,0,1015
BRDA:74,11,1,1708
BRDA:74,12,0,2723
BRDA:74,12,1,1017
BRDA:85,13,0,0
BRDA:88,14,0,5
BRDA:88,14,1,261
BRDA:88,15,0,266
BRDA:88,15,1,197
BRDA:113,16,0,1680
BRDA:113,16,1,1083
BRDA:114,17,0,1680
BRDA:114,17,1,1626
BRDA:117,18,0,5
BRDA:117,18,1,1675
BRDA:118,19,0,1
BRDA:118,19,1,4
BRDA:118,20,0,4
BRDA:118,20,1,2
BRDA:118,20,2,1
BRDA:119,21,0,103
BRDA:119,21,1,1572
BRDA:119,22,0,1675
BRDA:119,22,1,594
BRDA:120,23,0,4
BRDA:120,23,1,99
BRDA:121,24,0,13
BRDA:121,24,1,1559
BRDA:121,25,0,1572
BRDA:121,25,1,43
BRDA:122,26,0,2
BRDA:122,26,1,11
BRDA:158,27,0,514
BRDA:158,27,1,60
BRDA:170,28,0,3
BRDA:170,28,1,0
BRDA:193,29,0,6795
BRDA:193,29,1,4955
BRDA:194,30,0,1840
BRDA:194,30,1,23
BRDA:198,31,0,1464
BRDA:198,31,1,3468
BRDA:229,32,0,0
BRDA:256,33,0,0
BRDA:293,34,0,2
BRDA:293,34,1,3
BRDA:325,35,0,524
BRDA:334,36,0,0
BRDA:334,37,0,0
BRDA:337,38,0,22
BRDA:337,38,1,502
BRDA:341,39,0,502
BRDA:360,40,0,348
BRDA:362,41,0,1
BRDA:407,42,0,20
BRDA:407,42,1,501
BRF:74
BRH:66
end_of_record
TN:
SF:src/ts/utils/misc.ts
FN:11,(anonymous_0)
FN:30,(anonymous_1)
FN:51,(anonymous_2)
FN:79,(anonymous_3)
FN:84,(anonymous_4)
FN:87,(anonymous_5)
FNF:6
FNH:5
FNDA:4454,(anonymous_0)
FNDA:2608,(anonymous_1)
FNDA:42,(anonymous_2)
FNDA:0,(anonymous_3)
FNDA:260,(anonymous_4)
FNDA:75,(anonymous_5)
DA:7,93
DA:9,93
DA:11,93
DA:12,4454
DA:13,13367
DA:14,0
DA:17,13367
DA:18,8420
DA:19,2
DA:21,8418
DA:30,93
DA:37,2608
DA:40,2608
DA:41,7275
DA:42,4209
DA:46,2608
DA:51,93
DA:56,42
DA:57,294
DA:58,0
DA:61,294
DA:62,294
DA:64,294
DA:65,4
DA:66,2
DA:68,290
DA:69,287
DA:70,5
DA:72,3
DA:73,1
DA:76,34
DA:79,93
DA:82,0
DA:84,93
DA:85,260
DA:87,93
DA:88,75
DA:97,93
LF:38
LH:35
BRDA:13,0,0,0
BRDA:17,1,0,8420
BRDA:18,2,0,2
BRDA:18,2,1,8418
BRDA:18,3,0,8420
BRDA:18,3,1,2
BRDA:41,4,0,4209
BRDA:54,5,0,42
BRDA:57,6,0,0
BRDA:64,7,0,4
BRDA:64,7,1,290
BRDA:64,8,0,294
BRDA:64,8,1,4
BRDA:65,9,0,2
BRDA:68,10,0,287
BRDA:68,10,1,3
BRDA:68,11,0,290
BRDA:68,11,1,287
BRDA:69,12,0,5
BRDA:72,13,0,1
BRDA:82,14,0,0
BRDA:82,14,1,0
BRDA:85,15,0,60
BRDA:85,15,1,200
BRDA:85,16,0,73
BRDA:85,16,1,127
BRDA:88,17,0,49
BRDA:88,17,1,26
BRDA:88,18,0,75
BRDA:88,18,1,64
BRDA:88,18,2,58
BRDA:90,19,0,19
BRDA:90,19,1,7
BRDA:90,20,0,26
BRDA:90,20,1,23
BRDA:90,20,2,19
BRF:36
BRH:32
end_of_record
TN:
SF:src/ts/utils/normalize-wheel.ts
FN:157,(anonymous_0)
FNF:1
FNH:1
FNDA:346,(anonymous_0)
DA:54,93
DA:157,93
DA:158,346
DA:159,346
DA:160,346
DA:161,346
DA:163,346
DA:166,346
DA:167,346
DA:169,346
DA:170,0
DA:172,346
DA:173,0
DA:175,346
DA:176,0
DA:179,346
DA:180,0
DA:182,0
DA:183,0
DA:186,0
DA:187,0
DA:192,346
DA:193,121
DA:195,346
DA:196,276
DA:199,346
LF:26
LH:18
BRDA:166,0,0,346
BRDA:169,1,0,0
BRDA:172,2,0,0
BRDA:175,3,0,0
BRDA:179,4,0,0
BRDA:179,5,0,346
BRDA:179,5,1,225
BRDA:179,5,2,342
BRDA:180,6,0,0
BRDA:180,6,1,0
BRDA:192,7,0,121
BRDA:192,8,0,346
BRDA:192,8,1,121
BRDA:193,9,0,51
BRDA:193,9,1,70
BRDA:195,10,0,276
BRDA:195,11,0,346
BRDA:195,11,1,276
BRDA:196,12,0,130
BRDA:196,12,1,146
BRF:20
BRH:14
end_of_record
TN:
SF:src/ts/utils/overlays.ts
FN:84,(anonymous_0)
FN:103,(anonymous_1)
FN:182,(anonymous_2)
FN:186,(anonymous_3)
FN:205,(anonymous_4)
FN:221,(anonymous_5)
FN:226,(anonymous_6)
FN:254,(anonymous_7)
FN:261,(anonymous_8)
FN:270,(anonymous_9)
FNF:10
FNH:10
FNDA:2,(anonymous_0)
FNDA:1031,(anonymous_1)
FNDA:20,(anonymous_2)
FNDA:2,(anonymous_3)
FNDA:1031,(anonymous_4)
FNDA:1033,(anonymous_5)
FNDA:1033,(anonymous_6)
FNDA:2,(anonymous_7)
FNDA:1031,(anonymous_8)
FNDA:123,(anonymous_9)
DA:5,93
DA:6,93
DA:8,93
DA:14,93
DA:15,93
DA:16,93
DA:17,93
DA:18,93
DA:24,93
DA:84,93
DA:85,2
DA:86,2
DA:87,0
DA:90,2
DA:103,93
DA:104,1031
DA:105,1031
DA:107,1031
DA:108,1015
DA:112,1015
DA:113,908
DA:115,10
DA:117,908
DA:122,123
DA:123,123
DA:126,107
DA:128,16
DA:131,123
DA:136,123
DA:141,123
DA:142,123
DA:143,123
DA:144,1
DA:149,123
DA:153,0
DA:160,123
DA:162,99
DA:165,123
DA:167,123
DA:180,93
DA:182,93
DA:183,20
DA:186,93
DA:189,2
DA:190,2
DA:191,2
DA:192,2
DA:193,0
DA:196,2
DA:205,93
DA:208,1031
DA:209,1031
DA:210,1031
DA:212,1031
DA:221,93
DA:224,1033
DA:226,93
DA:227,1033
DA:232,1033
DA:236,1027
DA:240,981
DA:243,1027
DA:247,1004
DA:251,1033
DA:254,93
DA:258,2
DA:261,93
DA:265,1031
DA:270,93
DA:271,123
DA:273,123
DA:275,123
DA:276,123
DA:277,80
DA:280,123
DA:281,123
DA:282,474
DA:285,123
LF:78
LH:75
BRDA:86,0,0,0
BRDA:90,1,0,2
BRDA:90,1,1,1
BRDA:107,2,0,1015
BRDA:112,3,0,908
BRDA:113,4,0,10
BRDA:123,5,0,107
BRDA:123,5,1,16
BRDA:132,6,0,123
BRDA:132,6,1,7
BRDA:132,7,0,123
BRDA:132,7,1,120
BRDA:137,8,0,123
BRDA:137,8,1,7
BRDA:137,9,0,123
BRDA:137,9,1,120
BRDA:143,10,0,1
BRDA:143,11,0,123
BRDA:143,11,1,123
BRDA:145,12,0,1
BRDA:145,12,1,0
BRDA:145,12,2,1
BRDA:145,12,3,1
BRDA:149,13,0,0
BRDA:160,14,0,99
BRDA:190,15,0,2
BRDA:190,15,1,2
BRDA:192,16,0,0
BRDA:198,17,0,2
BRDA:198,17,1,2
BRDA:209,18,0,1031
BRDA:209,18,1,159
BRDA:214,19,0,1031
BRDA:214,19,1,1015
BRDA:229,20,0,1033
BRDA:229,20,1,56
BRDA:232,21,0,1027
BRDA:233,22,0,1033
BRDA:233,22,1,115
BRDA:236,23,0,981
BRDA:237,24,0,1027
BRDA:237,24,1,984
BRDA:243,25,0,1004
BRDA:244,26,0,1027
BRDA:244,26,1,1007
BRDA:258,27,0,2
BRDA:258,27,1,2
BRDA:259,28,0,0
BRDA:259,28,1,2
BRDA:265,29,0,1031
BRDA:265,29,1,166
BRDA:266,30,0,108
BRDA:266,30,1,58
BRF:53
BRH:48
end_of_record
TN:
SF:src/ts/utils/pointer.ts
FN:17,(anonymous_0)
FN:26,(anonymous_1)
FNF:2
FNH:2
FNDA:48,(anonymous_0)
FNDA:11,(anonymous_1)
DA:5,93
DA:6,93
DA:10,93
DA:17,93
DA:18,48
DA:26,93
DA:27,11
DA:33,93
LF:8
LH:8
BRF:0
BRH:0
end_of_record
TN:
SF:src/ts/utils/position.ts
FN:13,(anonymous_0)
FN:19,(anonymous_1)
FNF:2
FNH:0
FNDA:0,(anonymous_0)
FNDA:0,(anonymous_1)
DA:5,93
DA:6,93
DA:13,93
DA:14,0
DA:19,93
DA:22,0
DA:28,93
DA:37,93
DA:39,93
LF:9
LH:7
BRF:0
BRH:0
end_of_record
TN:
SF:src/ts/utils/scroll.ts
FN:157,(anonymous_0)
FN:211,(anonymous_1)
FN:230,(anonymous_2)
FN:254,(anonymous_3)
FN:285,(anonymous_4)
FN:304,(anonymous_5)
FN:305,(anonymous_6)
FN:315,(anonymous_7)
FN:332,(anonymous_8)
FN:337,(anonymous_9)
FN:351,(anonymous_10)
FN:363,(anonymous_11)
FN:373,(anonymous_12)
FN:380,(anonymous_13)
FN:387,(anonymous_14)
FN:394,(anonymous_15)
FN:405,(anonymous_16)
FN:416,(anonymous_17)
FN:425,(anonymous_18)
FN:435,(anonymous_19)
FN:444,(anonymous_20)
FN:454,(anonymous_21)
FN:463,(anonymous_22)
FN:471,(anonymous_23)
FN:499,(anonymous_24)
FN:508,(anonymous_25)
FN:515,(anonymous_26)
FN:518,(anonymous_27)
FN:521,(anonymous_28)
FN:536,(anonymous_29)
FN:539,(anonymous_30)
FN:561,(anonymous_31)
FN:575,(anonymous_32)
FN:587,(anonymous_33)
FN:591,(anonymous_34)
FN:614,(anonymous_35)
FN:619,(anonymous_36)
FN:645,(anonymous_37)
FN:683,(anonymous_38)
FN:770,(anonymous_39)
FN:772,(anonymous_40)
FN:776,(anonymous_41)
FNF:42
FNH:40
FNDA:485,(anonymous_0)
FNDA:66,(anonymous_1)
FNDA:28,(anonymous_2)
FNDA:32,(anonymous_3)
FNDA:64,(anonymous_4)
FNDA:3,(anonymous_5)
FNDA:2,(anonymous_6)
FNDA:2,(anonymous_7)
FNDA:118,(anonymous_8)
FNDA:59,(anonymous_9)
FNDA:267,(anonymous_10)
FNDA:143,(anonymous_11)
FNDA:14,(anonymous_12)
FNDA:7,(anonymous_13)
FNDA:3,(anonymous_14)
FNDA:379,(anonymous_15)
FNDA:379,(anonymous_16)
FNDA:2,(anonymous_17)
FNDA:63,(anonymous_18)
FNDA:21,(anonymous_19)
FNDA:51,(anonymous_20)
FNDA:108,(anonymous_21)
FNDA:0,(anonymous_22)
FNDA:316,(anonymous_23)
FNDA:109,(anonymous_24)
FNDA:321,(anonymous_25)
FNDA:0,(anonymous_26)
FNDA:758,(anonymous_27)
FNDA:316,(anonymous_28)
FNDA:96,(anonymous_29)
FNDA:64,(anonymous_30)
FNDA:321,(anonymous_31)
FNDA:73,(anonymous_32)
FNDA:10,(anonymous_33)
FNDA:10,(anonymous_34)
FNDA:59,(anonymous_35)
FNDA:65,(anonymous_36)
FNDA:65,(anonymous_37)
FNDA:59,(anonymous_38)
FNDA:207,(anonymous_39)
FNDA:93,(anonymous_40)
FNDA:93,(anonymous_41)
DA:5,93
DA:6,93
DA:8,93
DA:19,93
DA:23,93
DA:24,93
DA:25,93
DA:29,93
DA:30,93
DA:31,93
DA:32,93
DA:33,93
DA:34,93
DA:36,93
DA:38,93
DA:157,93
DA:165,485
DA:166,485
DA:167,160
DA:173,325
DA:174,288
DA:175,288
DA:176,81
DA:180,244
DA:181,244
DA:183,244
DA:184,13
DA:185,231
DA:189,19
DA:190,19
DA:191,19
DA:192,19
DA:194,212
DA:195,212
DA:198,212
DA:199,212
DA:200,212
DA:206,212
DA:209,244
DA:210,207
DA:211,207
DA:212,66
DA:213,66
DA:217,244
DA:230,93
DA:239,28
DA:240,28
DA:241,36
DA:242,10
DA:246,18
DA:254,93
DA:257,32
DA:258,32
DA:259,32
DA:260,18
DA:262,14
DA:285,93
DA:289,64
DA:290,60
DA:293,60
DA:294,60
DA:295,2
DA:297,1
DA:301,59
DA:303,59
DA:304,3
DA:305,2
DA:307,59
DA:308,59
DA:310,59
DA:311,2
DA:312,4
DA:316,2
DA:322,57
DA:323,57
DA:324,114
DA:330,59
DA:332,118
DA:337,59
DA:338,59
DA:339,58
DA:342,59
DA:343,57
DA:344,114
DA:351,267
DA:352,59
DA:354,59
DA:355,59
DA:363,93
DA:365,143
DA:373,93
DA:374,14
DA:380,93
DA:381,7
DA:387,93
DA:388,3
DA:394,93
DA:395,379
DA:405,93
DA:406,379
DA:416,93
DA:417,2
DA:425,93
DA:426,63
DA:428,63
DA:435,93
DA:436,21
DA:444,93
DA:445,51
DA:447,51
DA:454,93
DA:455,108
DA:456,108
DA:463,93
DA:465,0
DA:471,93
DA:473,316
DA:497,93
DA:499,93
DA:500,109
DA:503,93
DA:505,93
DA:507,93
DA:508,93
DA:512,321
DA:515,93
DA:516,0
DA:518,93
DA:519,758
DA:521,93
DA:525,316
DA:526,270
DA:529,46
DA:530,45
DA:533,1
DA:536,93
DA:537,96
DA:539,93
DA:543,64
DA:544,64
DA:545,60
DA:549,60
DA:561,93
DA:565,321
DA:566,321
DA:567,321
DA:568,321
DA:575,93
DA:579,73
DA:581,73
DA:582,12
DA:583,2
DA:586,10
DA:588,10
DA:592,10
DA:598,61
DA:599,2
DA:600,2
DA:601,1
DA:604,1
DA:607,59
DA:608,1
DA:611,58
DA:614,93
DA:617,59
DA:619,59
DA:623,65
DA:624,65
DA:627,59
DA:628,59
DA:633,59
DA:634,59
DA:636,59
DA:637,6
DA:638,6
DA:641,59
DA:645,93
DA:651,65
DA:653,65
DA:654,57
DA:655,21
DA:657,36
DA:661,65
DA:662,56
DA:663,18
DA:665,38
DA:670,65
DA:671,65
DA:672,65
DA:673,65
DA:674,65
DA:675,65
DA:677,65
DA:678,65
DA:680,65
DA:683,93
DA:687,59
DA:688,59
DA:689,59
DA:690,59
DA:692,59
DA:693,59
DA:697,59
DA:699,59
DA:712,59
DA:713,326
DA:714,326
DA:716,59
DA:721,267
DA:723,267
DA:725,5
DA:726,5
DA:729,262
DA:730,524
DA:738,524
DA:739,524
DA:742,262
DA:748,262
DA:749,262
DA:750,54
DA:753,262
DA:755,262
DA:756,54
DA:757,54
DA:761,54
DA:769,93
DA:770,93
DA:771,207
DA:772,93
DA:774,93
DA:776,93
DA:777,93
DA:783,93
DA:784,93
DA:786,93
DA:787,1
DA:793,92
DA:794,1
DA:795,91
DA:796,6
DA:801,207
DA:806,93
DA:807,93
LF:243
LH:241
BRDA:165,0,0,485
BRDA:165,0,1,109
BRDA:166,1,0,160
BRDA:168,2,0,160
BRDA:168,2,1,140
BRDA:173,3,0,288
BRDA:175,4,0,81
BRDA:180,5,0,112
BRDA:180,5,1,132
BRDA:183,6,0,13
BRDA:183,6,1,231
BRDA:185,7,0,19
BRDA:185,7,1,212
BRDA:194,8,0,100
BRDA:194,8,1,112
BRDA:203,9,0,2
BRDA:203,9,1,210
BRDA:206,10,0,212
BRDA:206,10,1,12
BRDA:209,11,0,207
BRDA:241,12,0,10
BRDA:259,13,0,18
BRDA:294,14,0,2
BRDA:295,15,0,1
BRDA:303,16,0,3
BRDA:303,16,1,56
BRDA:310,17,0,2
BRDA:310,17,1,57
BRDA:338,18,0,58
BRDA:342,19,0,57
BRDA:395,20,0,0
BRDA:395,20,1,379
BRDA:406,21,0,0
BRDA:406,21,1,379
BRDA:417,22,0,2
BRDA:417,22,1,0
BRDA:436,23,0,21
BRDA:436,23,1,0
BRDA:456,24,0,0
BRDA:456,24,1,108
BRDA:456,25,0,108
BRDA:456,25,1,0
BRDA:511,26,0,59
BRDA:519,27,0,758
BRDA:519,27,1,0
BRDA:525,28,0,270
BRDA:526,29,0,270
BRDA:526,29,1,267
BRDA:529,30,0,45
BRDA:529,31,0,46
BRDA:529,31,1,11
BRDA:529,31,2,10
BRDA:537,32,0,96
BRDA:537,32,1,7
BRDA:545,33,0,8
BRDA:545,33,1,52
BRDA:551,34,0,60
BRDA:551,34,1,52
BRDA:553,35,0,60
BRDA:553,35,1,58
BRDA:555,36,0,60
BRDA:555,36,1,15
BRDA:556,37,0,60
BRDA:556,37,1,57
BRDA:557,38,0,60
BRDA:557,38,1,58
BRDA:566,39,0,321
BRDA:566,39,1,262
BRDA:567,40,0,321
BRDA:581,41,0,12
BRDA:582,42,0,2
BRDA:582,43,0,12
BRDA:582,43,1,12
BRDA:590,44,0,3
BRDA:590,44,1,7
BRDA:594,45,0,3
BRDA:594,45,1,7
BRDA:598,46,0,2
BRDA:600,47,0,1
BRDA:607,48,0,1
BRDA:607,49,0,59
BRDA:607,49,1,59
BRDA:607,50,0,59
BRDA:607,50,1,9
BRDA:623,51,0,65
BRDA:623,51,1,55
BRDA:624,52,0,65
BRDA:624,52,1,55
BRDA:636,53,0,6
BRDA:636,54,0,59
BRDA:636,54,1,9
BRDA:653,55,0,57
BRDA:654,56,0,21
BRDA:654,56,1,36
BRDA:661,57,0,56
BRDA:662,58,0,18
BRDA:662,58,1,38
BRDA:692,59,0,59
BRDA:692,59,1,59
BRDA:693,60,0,59
BRDA:693,60,1,59
BRDA:699,61,0,59
BRDA:699,61,1,0
BRDA:714,62,0,59
BRDA:723,63,0,5
BRDA:749,64,0,54
BRDA:755,65,0,54
BRDA:771,66,0,93
BRDA:777,67,0,9
BRDA:777,67,1,84
BRDA:786,68,0,1
BRDA:786,68,1,92
BRDA:793,69,0,1
BRDA:793,69,1,91
BRDA:795,70,0,6
BRDA:806,71,0,93
BRF:116
BRH:108
end_of_record
TN:
SF:src/ts/utils/size.ts
FN:19,(anonymous_0)
FN:42,(anonymous_1)
FN:62,(anonymous_2)
FN:70,(anonymous_3)
FN:77,(anonymous_4)
FN:86,(anonymous_5)
FN:96,(anonymous_6)
FN:119,(anonymous_7)
FN:140,(anonymous_8)
FN:142,(anonymous_9)
FNF:10
FNH:10
FNDA:311,(anonymous_0)
FNDA:311,(anonymous_1)
FNDA:16,(anonymous_2)
FNDA:18,(anonymous_3)
FNDA:20,(anonymous_4)
FNDA:24,(anonymous_5)
FNDA:646,(anonymous_6)
FNDA:622,(anonymous_7)
FNDA:24,(anonymous_8)
FNDA:12,(anonymous_9)
DA:5,93
DA:6,93
DA:10,93
DA:11,93
DA:19,93
[...]
BRDA:1115,47,1,9
BRDA:1146,48,0,0
BRDA:1146,48,1,0
BRDA:1147,49,0,0
BRDA:1147,49,1,0
BRDA:1166,50,0,4
BRDA:1168,51,0,4
BRDA:1177,52,0,1
BRDA:1182,53,0,0
BRDA:1182,54,0,0
BRDA:1182,54,1,0
BRDA:1202,55,0,0
BRDA:1222,56,0,0
BRDA:1262,57,0,0
BRDA:1262,57,1,0
BRDA:1262,58,0,0
BRDA:1262,58,1,0
BRDA:1264,59,0,0
BRDA:1264,59,1,0
BRDA:1268,60,0,0
BRDA:1268,60,1,0
BRDA:1272,61,0,0
BRDA:1272,61,1,0
BRDA:1276,62,0,0
BRDA:1276,62,1,0
BRDA:1278,63,0,0
BRDA:1278,63,1,0
BRDA:1280,64,0,0
BRDA:1280,64,1,0
BRDA:1282,65,0,0
BRDA:1282,65,1,0
BRDA:1284,66,0,0
BRDA:1284,66,1,0
BRDA:1286,67,0,0
BRDA:1286,67,1,0
BRDA:1288,68,0,0
BRDA:1288,68,1,0
BRDA:1290,69,0,0
BRDA:1290,69,1,0
BRDA:1294,70,0,0
BRDA:1294,70,1,0
BRF:123
BRH:58
end_of_record
TN:
SF:src/ts/widgets/scroll-to-top.ts
FN:174,(anonymous_0)
FN:186,(anonymous_1)
FN:189,(anonymous_2)
FN:203,(anonymous_3)
FN:206,(anonymous_4)
FN:213,(anonymous_5)
FN:223,(anonymous_6)
FN:242,(anonymous_7)
FN:249,(anonymous_8)
FN:253,(anonymous_9)
FN:259,(anonymous_10)
FN:316,(anonymous_11)
FN:320,(anonymous_12)
FN:324,(anonymous_13)
FN:401,(anonymous_14)
FN:405,(anonymous_15)
FN:406,(anonymous_16)
FN:407,(anonymous_17)
FN:408,(anonymous_18)
FNF:19
FNH:18
FNDA:20,(anonymous_0)
FNDA:93,(anonymous_1)
FNDA:3,(anonymous_2)
FNDA:1,(anonymous_3)
FNDA:0,(anonymous_4)
FNDA:1,(anonymous_5)
FNDA:11,(anonymous_6)
FNDA:2,(anonymous_7)
FNDA:12,(anonymous_8)
FNDA:12,(anonymous_9)
FNDA:11,(anonymous_10)
FNDA:3,(anonymous_11)
FNDA:1,(anonymous_12)
FNDA:2,(anonymous_13)
FNDA:3,(anonymous_14)
FNDA:3,(anonymous_15)
FNDA:3,(anonymous_16)
FNDA:1,(anonymous_17)
FNDA:3,(anonymous_18)
DA:5,93
DA:6,93
DA:10,93
DA:24,93
DA:31,93
DA:32,93
DA:33,93
DA:34,93
DA:35,93
DA:36,93
DA:38,93
DA:39,93
DA:41,93
DA:169,93
DA:175,20
DA:176,1
DA:179,19
DA:180,19
DA:181,4
DA:183,15
DA:187,93
DA:190,3
DA:191,3
DA:193,0
DA:204,1
DA:205,1
DA:206,1
DA:207,0
DA:208,0
DA:210,0
DA:213,1
DA:214,1
DA:215,1
DA:219,1
DA:220,1
DA:224,11
DA:225,11
DA:228,11
DA:230,11
DA:231,11
DA:233,11
DA:237,11
DA:238,11
DA:242,11
DA:243,2
DA:247,11
DA:249,11
DA:250,12
DA:253,11
DA:254,12
DA:259,11
DA:260,11
DA:264,11
DA:265,11
DA:266,1
DA:269,10
DA:271,2
DA:272,2
DA:282,2
DA:286,2
DA:293,2
DA:296,10
DA:297,10
DA:298,10
DA:299,10
DA:300,10
DA:302,10
DA:304,10
DA:306,10
DA:308,10
DA:312,10
DA:316,10
DA:317,3
DA:320,10
DA:321,1
DA:324,10
DA:325,2
DA:326,2
DA:328,2
DA:329,2
DA:330,2
DA:331,2
DA:332,2
DA:334,2
DA:335,2
DA:338,2
DA:340,1
DA:343,2
DA:345,1
DA:348,2
DA:349,2
DA:390,93
DA:391,93
DA:394,93
DA:395,93
DA:396,93
DA:397,93
DA:399,93
DA:401,93
DA:404,3
DA:405,3
DA:407,3
DA:409,3
LF:103
LH:99
BRDA:175,0,0,1
BRDA:180,1,0,4
BRDA:190,2,0,3
BRDA:207,3,0,0
BRDA:214,4,0,1
BRDA:228,5,0,11
BRDA:228,5,1,5
BRDA:230,6,0,11
BRDA:230,6,1,10
BRDA:233,7,0,11
BRDA:233,7,1,2
BRDA:233,7,2,2
BRDA:239,8,0,2
BRDA:239,8,1,9
BRDA:259,9,0,11
BRDA:259,9,1,11
BRDA:260,10,0,2
BRDA:260,10,1,9
BRDA:265,11,0,1
BRDA:269,12,0,2
BRDA:282,13,0,2
BRDA:282,13,1,2
BRDA:282,13,2,0
BRDA:282,13,3,2
BRDA:282,13,4,2
BRDA:288,14,0,0
BRDA:288,14,1,2
BRDA:334,15,0,2
BRDA:338,16,0,1
BRDA:343,17,0,1
BRDA:407,18,0,1
BRDA:407,18,1,0
BRDA:409,19,0,3
BRDA:409,19,1,3
BRDA:409,20,0,0
BRDA:409,20,1,3
BRF:36
BRH:31
end_of_record
TN:
SF:src/ts/widgets/scrollbar.ts
FN:223,(anonymous_0)
FN:246,(anonymous_1)
FN:254,(anonymous_2)
FN:264,(anonymous_3)
FN:267,(anonymous_4)
FN:287,(anonymous_5)
FN:298,(anonymous_6)
FN:306,(anonymous_7)
FN:462,(anonymous_8)
FN:535,(anonymous_9)
FN:585,(anonymous_10)
FN:631,(anonymous_11)
FN:685,(anonymous_12)
FN:694,(anonymous_13)
FN:698,(anonymous_14)
FN:714,(anonymous_15)
FN:833,(anonymous_16)
FN:841,(anonymous_17)
FN:842,(anonymous_18)
FN:843,(anonymous_19)
FN:844,(anonymous_20)
FN:848,(anonymous_21)
FN:857,(anonymous_22)
FN:866,(anonymous_23)
FN:882,(anonymous_24)
FN:975,(anonymous_25)
FN:982,(anonymous_26)
FN:989,(anonymous_27)
FN:1030,(anonymous_28)
FN:1033,(anonymous_29)
FN:1042,(anonymous_30)
FNF:31
FNH:20
FNDA:17,(anonymous_0)
FNDA:1,(anonymous_1)
FNDA:0,(anonymous_2)
FNDA:93,(anonymous_3)
FNDA:3,(anonymous_4)
FNDA:8,(anonymous_5)
FNDA:8,(anonymous_6)
FNDA:6,(anonymous_7)
FNDA:8,(anonymous_8)
FNDA:7,(anonymous_9)
FNDA:14,(anonymous_10)
FNDA:36,(anonymous_11)
FNDA:18,(anonymous_12)
FNDA:0,(anonymous_13)
FNDA:16,(anonymous_14)
FNDA:0,(anonymous_15)
FNDA:0,(anonymous_16)
FNDA:0,(anonymous_17)
FNDA:0,(anonymous_18)
FNDA:0,(anonymous_19)
FNDA:0,(anonymous_20)
FNDA:7,(anonymous_21)
FNDA:3,(anonymous_22)
FNDA:7,(anonymous_23)
FNDA:3,(anonymous_24)
FNDA:3,(anonymous_25)
FNDA:0,(anonymous_26)
FNDA:3,(anonymous_27)
FNDA:0,(anonymous_28)
FNDA:33,(anonymous_29)
FNDA:0,(anonymous_30)
DA:10,93
DA:11,93
DA:13,93
DA:17,93
DA:18,93
DA:40,93
DA:49,93
DA:53,93
DA:58,93
DA:59,93
DA:60,93
DA:70,93
DA:71,93
DA:78,93
DA:79,93
DA:81,93
DA:87,93
DA:207,93
DA:224,17
DA:225,1
DA:228,16
DA:229,0
DA:232,16
DA:233,16
DA:234,4
DA:236,12
DA:252,1
DA:253,1
DA:254,1
DA:255,0
DA:256,0
DA:260,1
DA:261,1
DA:265,93
DA:268,3
DA:269,3
DA:270,3
DA:273,0
DA:277,0
DA:288,8
DA:289,1
DA:292,8
DA:293,8
DA:295,8
DA:296,8
DA:298,8
DA:299,8
DA:300,1
DA:303,7
DA:306,8
DA:421,93
DA:422,93
DA:425,93
DA:426,93
DA:427,93
DA:428,93
DA:429,93
DA:430,93
DA:431,93
DA:432,93
DA:433,93
DA:434,93
DA:435,93
DA:436,93
DA:437,93
DA:438,93
DA:439,93
DA:440,93
DA:442,93
DA:443,93
DA:444,93
DA:445,93
DA:447,93
DA:449,93
DA:462,93
DA:465,8
DA:467,8
DA:468,8
DA:470,8
DA:472,8
DA:474,8
DA:481,8
DA:483,8
DA:484,8
DA:485,8
DA:487,8
DA:488,8
DA:489,8
DA:491,8
DA:493,7
DA:496,7
DA:498,7
DA:500,6
DA:504,6
DA:507,5
DA:508,1
DA:509,1
DA:511,0
DA:512,0
DA:518,8
DA:520,8
DA:535,93
DA:553,7
DA:555,7
DA:563,7
DA:565,7
DA:566,7
DA:567,7
DA:568,7
DA:569,7
DA:571,7
DA:572,7
DA:574,7
DA:575,0
DA:581,7
DA:585,7
DA:586,14
DA:588,14
DA:589,14
DA:590,14
DA:595,14
DA:597,14
DA:598,14
DA:599,14
DA:602,14
DA:603,14
DA:605,14
DA:606,14
DA:607,0
DA:608,0
DA:609,0
DA:612,14
DA:613,14
DA:615,14
DA:617,14
DA:618,0
DA:620,14
DA:622,14
DA:631,7
DA:632,36
DA:633,36
DA:635,36
DA:639,36
DA:643,36
DA:649,36
DA:655,36
DA:661,36
DA:667,36
DA:674,36
DA:675,0
DA:676,0
DA:678,36
DA:679,36
DA:685,7
DA:686,18
DA:687,17
DA:690,18
DA:691,18
DA:693,18
DA:694,0
DA:698,7
DA:699,16
DA:700,16
DA:709,7
DA:710,7
DA:711,7
DA:714,7
DA:715,0
DA:716,0
DA:717,0
DA:719,0
DA:720,0
DA:721,0
DA:724,0
DA:727,0
DA:729,0
DA:730,0
DA:732,0
DA:733,0
DA:734,0
DA:737,0
DA:745,0
DA:749,0
DA:752,0
DA:753,0
DA:755,0
DA:759,0
DA:763,0
DA:769,0
DA:770,0
DA:774,0
DA:776,0
DA:777,0
DA:780,0
DA:781,0
DA:783,0
DA:785,0
DA:794,0
DA:796,0
DA:798,0
DA:801,0
DA:804,0
DA:805,0
DA:808,0
DA:809,0
DA:813,0
DA:818,0
DA:820,0
DA:825,0
DA:826,0
DA:827,0
DA:833,7
DA:834,0
DA:835,0
DA:837,0
DA:838,0
DA:841,7
DA:842,7
DA:843,7
DA:844,7
DA:848,7
DA:849,7
DA:850,7
DA:851,7
DA:852,0
DA:857,7
DA:858,3
DA:859,3
DA:860,0
DA:866,7
DA:869,7
DA:876,7
DA:882,7
DA:883,3
DA:884,3
DA:889,7
DA:890,0
DA:891,0
DA:894,7
DA:895,7
DA:897,7
DA:898,6
DA:901,7
DA:902,7
DA:903,7
DA:910,7
DA:911,4
DA:915,4
DA:918,7
DA:920,7
DA:921,7
DA:922,3
DA:925,7
DA:926,3
DA:930,7
DA:932,7
DA:934,7
DA:935,7
DA:936,7
DA:937,7
DA:939,7
DA:940,1
DA:941,6
DA:942,1
DA:945,7
DA:949,7
DA:954,7
DA:959,7
DA:962,7
DA:963,7
DA:964,7
DA:966,7
DA:967,7
DA:970,7
DA:971,7
DA:972,7
DA:975,7
DA:976,3
DA:977,3
DA:978,3
DA:979,3
DA:982,7
DA:983,0
DA:984,0
DA:985,0
DA:986,0
DA:989,7
DA:990,3
DA:992,3
DA:993,3
DA:994,3
DA:997,3
DA:998,3
DA:999,1
DA:1002,3
DA:1004,3
DA:1005,3
DA:1006,3
DA:1008,3
DA:1009,3
DA:1012,3
DA:1013,3
DA:1014,3
DA:1017,3
DA:1018,3
DA:1020,3
DA:1021,12
DA:1024,3
DA:1025,3
DA:1026,3
DA:1030,93
DA:1031,0
DA:1033,93
DA:1034,33
DA:1035,116
DA:1036,226
DA:1037,212
DA:1042,93
DA:1047,0
DA:1048,0
LF:320
LH:246
BRDA:224,0,0,1
BRDA:228,1,0,0
BRDA:233,2,0,4
BRDA:255,3,0,0
BRDA:268,4,0,3
BRDA:268,4,1,0
BRDA:269,5,0,3
BRDA:288,6,0,1
BRDA:298,7,0,8
BRDA:298,7,1,8
BRDA:299,8,0,1
BRDA:472,9,0,1
BRDA:472,9,1,7
BRDA:474,10,0,1
BRDA:474,10,1,7
BRDA:476,11,0,0
BRDA:476,11,1,7
BRDA:481,12,0,8
BRDA:481,12,1,1
BRDA:484,13,0,1
BRDA:484,13,1,7
BRDA:491,14,0,7
BRDA:491,15,0,8
BRDA:491,15,1,7
BRDA:498,16,0,6
BRDA:504,17,0,5
BRDA:504,17,1,1
BRDA:508,18,0,1
BRDA:508,18,1,0
BRDA:518,19,0,8
BRDA:518,19,1,7
BRDA:518,19,2,1
BRDA:526,20,0,8
BRDA:526,20,1,2
BRDA:555,21,0,7
BRDA:555,21,1,0
BRDA:563,22,0,7
BRDA:563,22,1,7
BRDA:563,22,2,0
BRDA:565,23,0,7
BRDA:565,23,1,7
BRDA:565,23,2,0
BRDA:566,24,0,7
BRDA:566,24,1,7
BRDA:567,25,0,7
BRDA:567,25,1,7
BRDA:568,26,0,7
BRDA:568,26,1,7
BRDA:569,27,0,7
BRDA:569,27,1,6
BRDA:571,28,0,7
BRDA:571,28,1,7
BRDA:571,28,2,0
BRDA:572,29,0,7
BRDA:572,29,1,7
BRDA:572,29,2,0
BRDA:574,30,0,0
BRDA:574,31,0,7
BRDA:574,31,1,0
BRDA:586,32,0,14
BRDA:586,32,1,14
BRDA:593,33,0,7
BRDA:593,33,1,7
BRDA:597,34,0,14
BRDA:597,35,0,14
BRDA:597,35,1,2
BRDA:603,36,0,0
BRDA:603,36,1,14
BRDA:606,37,0,0
BRDA:612,38,0,14
BRDA:612,38,1,14
BRDA:617,39,0,0
BRDA:632,40,0,18
BRDA:632,40,1,18
BRDA:633,41,0,18
BRDA:633,41,1,18
BRDA:635,42,0,18
BRDA:635,42,1,18
BRDA:639,43,0,18
BRDA:639,43,1,18
BRDA:661,44,0,18
BRDA:661,44,1,18
BRDA:667,45,0,36
BRDA:667,45,1,0
BRDA:667,45,2,0
BRDA:674,46,0,0
BRDA:674,46,1,36
BRDA:686,47,0,17
BRDA:686,48,0,18
BRDA:686,48,1,17
BRDA:693,49,0,0
BRDA:716,50,0,0
BRDA:716,50,1,0
BRDA:717,51,0,0
BRDA:717,51,1,0
BRDA:720,52,0,0
BRDA:720,53,0,0
BRDA:720,53,1,0
BRDA:727,54,0,0
BRDA:727,54,1,0
BRDA:729,55,0,0
BRDA:729,55,1,0
BRDA:729,55,2,0
BRDA:730,56,0,0
BRDA:730,56,1,0
BRDA:730,56,2,0
BRDA:730,56,3,0
BRDA:732,57,0,0
BRDA:745,58,0,0
BRDA:745,59,0,0
BRDA:745,59,1,0
BRDA:745,59,2,0
BRDA:745,59,3,0
BRDA:745,59,4,0
BRDA:755,60,0,0
BRDA:755,60,1,0
BRDA:759,61,0,0
BRDA:759,61,1,0
BRDA:763,62,0,0
BRDA:763,62,1,0
BRDA:770,63,0,0
BRDA:770,63,1,0
BRDA:776,64,0,0
BRDA:780,65,0,0
BRDA:780,65,1,0
BRDA:783,66,0,0
BRDA:783,66,1,0
BRDA:783,67,0,0
BRDA:783,67,1,0
BRDA:785,68,0,0
BRDA:785,68,1,0
BRDA:789,69,0,0
BRDA:789,69,1,0
BRDA:795,70,0,0
BRDA:795,70,1,0
BRDA:796,71,0,0
BRDA:796,71,1,0
BRDA:804,72,0,0
BRDA:804,73,0,0
BRDA:804,73,1,0
BRDA:804,73,2,0
BRDA:809,74,0,0
BRDA:809,74,1,0
BRDA:818,75,0,0
BRDA:818,75,1,0
BRDA:834,76,0,0
BRDA:834,76,1,0
BRDA:849,77,0,7
BRDA:851,78,0,0
BRDA:859,79,0,0
BRDA:889,80,0,0
BRDA:897,81,0,6
BRDA:897,82,0,7
BRDA:897,82,1,6
BRDA:906,83,0,7
BRDA:906,83,1,5
BRDA:910,84,0,4
BRDA:910,85,0,7
BRDA:910,85,1,5
BRDA:921,86,0,3
BRDA:925,87,0,3
BRDA:930,88,0,7
BRDA:930,88,1,0
BRDA:930,89,0,7
BRDA:930,89,1,1
BRDA:939,90,0,1
BRDA:939,90,1,6
BRDA:939,91,0,7
BRDA:939,91,1,6
BRDA:941,92,0,1
BRDA:962,93,0,7
BRDA:970,94,0,7
BRDA:970,95,0,7
BRDA:970,95,1,0
BRDA:993,96,0,3
BRDA:998,97,0,1
BRDA:998,98,0,3
BRDA:998,98,1,2
BRDA:1004,99,0,3
BRDA:1012,100,0,3
BRDA:1012,101,0,3
BRDA:1012,101,1,0
BRDA:1047,102,0,0
BRDA:1047,103,0,0
BRDA:1047,103,1,0
BRF:185
BRH:101
end_of_record
TN:
SF:src/ts/widgets/sortable.ts
FN:161,(anonymous_0)
FN:169,(anonymous_1)
FN:172,(anonymous_2)
FN:186,(anonymous_3)
FN:214,(anonymous_4)
FN:228,(anonymous_5)
FN:285,(anonymous_6)
FN:286,(anonymous_7)
FN:291,(anonymous_8)
FN:294,(anonymous_9)
FN:305,(anonymous_10)
FN:307,(anonymous_11)
FN:332,(anonymous_12)
FN:342,(anonymous_13)
FN:366,(anonymous_14)
FN:382,(anonymous_15)
FN:403,(anonymous_16)
FN:417,(anonymous_17)
FN:447,(anonymous_18)
FN:467,(anonymous_19)
FN:477,(anonymous_20)
FN:487,(anonymous_21)
FN:488,(anonymous_22)
FN:490,(anonymous_23)
FN:493,(anonymous_24)
FN:496,(anonymous_25)
FN:507,(anonymous_26)
FN:518,(anonymous_27)
FN:523,(anonymous_28)
FN:527,(anonymous_29)
FNF:30
FNH:26
FNDA:30,(anonymous_0)
FNDA:93,(anonymous_1)
FNDA:3,(anonymous_2)
FNDA:22,(anonymous_3)
FNDA:20,(anonymous_4)
FNDA:179,(anonymous_5)
FNDA:3,(anonymous_6)
FNDA:0,(anonymous_7)
FNDA:10,(anonymous_8)
FNDA:19,(anonymous_9)
FNDA:0,(anonymous_10)
FNDA:10,(anonymous_11)
FNDA:7,(anonymous_12)
FNDA:10,(anonymous_13)
FNDA:0,(anonymous_14)
FNDA:0,(anonymous_15)
FNDA:10,(anonymous_16)
FNDA:19,(anonymous_17)
FNDA:3,(anonymous_18)
FNDA:3,(anonymous_19)
FNDA:20,(anonymous_20)
FNDA:87,(anonymous_21)
FNDA:366,(anonymous_22)
FNDA:87,(anonymous_23)
FNDA:76,(anonymous_24)
FNDA:7,(anonymous_25)
FNDA:4,(anonymous_26)
FNDA:4,(anonymous_27)
FNDA:1,(anonymous_28)
FNDA:7,(anonymous_29)
DA:5,93
DA:6,93
DA:8,93
DA:18,93
DA:19,93
DA:20,93
DA:21,93
DA:27,93
DA:28,93
DA:30,93
DA:32,93
DA:94,93
DA:162,30
DA:163,30
DA:164,6
DA:166,24
DA:170,93
DA:173,3
DA:174,3
DA:176,0
DA:187,22
DA:188,22
DA:190,22
DA:191,22
DA:192,19
DA:199,19
DA:200,17
DA:202,17
DA:203,17
DA:208,22
DA:209,2
DA:212,20
DA:214,20
DA:215,20
DA:216,1
DA:219,19
DA:222,20
DA:223,20
DA:224,20
DA:225,20
DA:226,20
DA:228,20
DA:229,179
DA:268,93
DA:269,93
DA:270,93
DA:275,93
DA:276,93
DA:278,93
DA:282,93
DA:284,93
DA:286,3
DA:289,93
DA:291,93
DA:292,10
DA:294,93
DA:300,19
DA:301,19
DA:302,19
DA:303,19
DA:305,19
DA:307,19
DA:308,10
DA:310,10
DA:315,7
DA:316,7
DA:318,7
DA:319,0
DA:320,0
DA:321,0
DA:325,7
DA:332,7
DA:336,7
DA:337,7
DA:342,19
DA:343,10
DA:344,0
DA:345,0
DA:348,10
DA:349,7
DA:350,7
DA:352,7
DA:359,7
DA:360,0
DA:361,0
DA:366,19
DA:367,0
DA:368,0
DA:369,0
DA:370,0
DA:372,0
DA:373,0
DA:374,0
DA:376,0
DA:377,0
DA:378,0
DA:379,0
DA:383,0
DA:384,0
DA:389,0
DA:390,0
DA:403,19
DA:404,10
DA:405,10
DA:407,10
DA:413,7
DA:417,19
DA:418,19
DA:419,63
DA:421,63
DA:423,63
DA:425,63
DA:426,63
DA:428,63
DA:430,63
DA:431,63
DA:433,63
DA:434,63
DA:440,19
DA:441,63
DA:442,63
DA:445,19
DA:447,19
DA:448,3
DA:449,12
DA:451,12
DA:453,12
DA:455,12
DA:456,12
DA:458,12
DA:460,12
DA:461,12
DA:462,12
DA:463,12
DA:467,19
DA:468,3
DA:469,12
DA:470,12
DA:474,19
DA:477,93
DA:482,20
DA:484,20
DA:485,20
DA:487,20
DA:488,366
DA:490,20
DA:491,87
DA:493,20
DA:494,76
DA:496,20
DA:497,7
DA:498,7
DA:499,0
DA:503,7
DA:504,7
DA:507,20
DA:508,4
DA:509,4
DA:510,0
DA:514,4
DA:515,4
DA:518,20
DA:519,4
DA:523,20
DA:524,1
DA:527,20
DA:528,7
DA:529,1
DA:531,6
DA:538,7
DA:539,1
DA:543,20
LF:172
LH:147
BRDA:163,0,0,6
BRDA:173,1,0,3
BRDA:190,2,0,22
BRDA:190,2,1,19
BRDA:191,3,0,19
BRDA:199,4,0,17
BRDA:202,5,0,17
BRDA:208,6,0,2
BRDA:214,7,0,20
BRDA:214,7,1,18
BRDA:215,8,0,1
BRDA:228,9,0,97
BRDA:229,10,0,82
BRDA:229,10,1,97
BRDA:286,11,0,0
BRDA:286,11,1,0
BRDA:310,12,0,7
BRDA:311,13,0,10
BRDA:311,13,1,10
BRDA:311,13,2,7
BRDA:318,14,0,0
BRDA:320,15,0,0
BRDA:343,16,0,0
BRDA:343,17,0,10
BRDA:343,17,1,0
BRDA:348,18,0,7
BRDA:359,19,0,0
BRDA:367,20,0,0
BRDA:367,21,0,0
BRDA:367,21,1,0
BRDA:369,22,0,0
BRDA:369,23,0,0
BRDA:369,23,1,0
BRDA:376,24,0,0
BRDA:383,25,0,0
BRDA:389,26,0,0
BRDA:407,27,0,7
BRDA:408,28,0,10
BRDA:408,28,1,10
BRDA:408,28,2,10
BRDA:408,28,3,7
BRDA:408,28,4,7
BRDA:488,29,0,114
BRDA:488,29,1,252
BRDA:490,30,0,0
BRDA:491,31,0,5
BRDA:491,31,1,82
BRDA:493,32,0,68
BRDA:496,33,0,4
BRDA:498,34,0,0
BRDA:498,35,0,7
BRDA:498,35,1,7
BRDA:498,35,2,7
BRDA:507,36,0,2
BRDA:509,37,0,0
BRDA:509,38,0,4
BRDA:509,38,1,4
BRDA:518,39,0,4
BRDA:519,40,0,2
BRDA:519,40,1,2
BRDA:528,41,0,1
BRDA:528,41,1,6
BRDA:533,42,0,4
BRDA:533,42,1,2
BRF:64
BRH:45
end_of_record
TN:
SF:src/ts/widgets/track-gesture.ts
FN:58,(anonymous_0)
FN:66,(anonymous_1)
FN:69,(anonymous_2)
FN:79,(anonymous_3)
FN:92,(anonymous_4)
FNF:5
FNH:5
FNDA:8,(anonymous_0)
FNDA:93,(anonymous_1)
FNDA:3,(anonymous_2)
FNDA:5,(anonymous_3)
FNDA:2,(anonymous_4)
DA:5,93
DA:7,93
DA:9,93
DA:11,93
DA:57,93
DA:59,8
DA:60,8
DA:61,4
DA:63,4
DA:67,93
DA:70,3
DA:71,3
DA:73,0
DA:80,5
DA:82,5
DA:92,5
DA:159,93
DA:162,93
DA:164,93
LF:19
LH:18
BRDA:60,0,0,4
BRDA:70,1,0,3
BRF:2
BRH:2
end_of_record
TN:
SF:src/ts/widgets/track-scroll.ts
FN:47,(anonymous_0)
FN:55,(anonymous_1)
FN:58,(anonymous_2)
FN:68,(anonymous_3)
FN:81,(anonymous_4)
FNF:5
FNH:5
FNDA:8,(anonymous_0)
FNDA:93,(anonymous_1)
FNDA:3,(anonymous_2)
FNDA:5,(anonymous_3)
FNDA:2,(anonymous_4)
DA:5,93
DA:7,93
DA:9,93
DA:11,93
DA:46,93
DA:48,8
DA:49,8
DA:50,4
DA:52,4
DA:56,93
DA:59,3
DA:60,3
DA:62,0
DA:69,5
DA:71,5
DA:81,5
DA:108,93
DA:111,93
DA:113,93
LF:19
LH:18
BRDA:49,0,0,4
BRDA:59,1,0,3
BRF:2
BRH:2
end_of_record
TN:
SF:src/ts/widgets/track-size.ts
FN:52,(anonymous_0)
FN:60,(anonymous_1)
FN:63,(anonymous_2)
FN:73,(anonymous_3)
FN:86,(anonymous_4)
FNF:5
FNH:5
FNDA:8,(anonymous_0)
FNDA:93,(anonymous_1)
FNDA:3,(anonymous_2)
FNDA:5,(anonymous_3)
FNDA:2,(anonymous_4)
DA:5,93
DA:7,93
DA:9,93
DA:11,93
DA:51,93
DA:53,8
DA:54,8
DA:55,4
DA:57,4
DA:61,93
DA:64,3
DA:65,3
DA:67,0
DA:74,5
DA:76,5
DA:86,5
DA:115,93
DA:118,93
DA:120,93
LF:19
LH:18
BRDA:54,0,0,4
BRDA:64,1,0,3
BRF:2
BRH:2
end_of_record
TN:
SF:src/ts/widgets/track-view.ts
FN:66,(anonymous_0)
FN:74,(anonymous_1)
FN:77,(anonymous_2)
FN:87,(anonymous_3)
FN:98,(anonymous_4)
FN:162,(anonymous_5)
FN:166,(anonymous_6)
FN:171,(anonymous_7)
FNF:8
FNH:8
FNDA:8,(anonymous_0)
FNDA:93,(anonymous_1)
FNDA:3,(anonymous_2)
FNDA:5,(anonymous_3)
FNDA:2,(anonymous_4)
FNDA:3,(anonymous_5)
FNDA:3,(anonymous_6)
FNDA:3,(anonymous_7)
DA:5,93
DA:7,93
DA:8,93
DA:14,93
DA:16,93
DA:65,93
DA:67,8
DA:68,8
DA:69,4
DA:71,4
DA:75,93
DA:78,3
DA:79,3
DA:81,0
DA:88,5
DA:90,5
DA:96,5
DA:98,5
DA:157,93
DA:160,93
DA:162,93
DA:165,3
DA:167,3
DA:171,3
LF:24
LH:23
BRDA:68,0,0,4
BRDA:78,1,0,3
BRDA:167,2,0,3
BRDA:167,2,1,3
BRDA:167,3,0,0
BRDA:167,3,1,3
BRF:6
BRH:5
end_of_record
TN:
SF:src/ts/widgets/widget.ts
FN:121,(anonymous_0)
FN:129,(anonymous_1)
FN:151,(anonymous_2)
FN:162,(anonymous_3)
FN:173,(anonymous_4)
FN:179,(anonymous_5)
FN:180,(anonymous_6)
FN:182,(anonymous_7)
FN:184,(anonymous_8)
FN:186,(anonymous_9)
FN:212,(anonymous_10)
FN:214,(anonymous_11)
FN:216,(anonymous_12)
FN:304,(anonymous_13)
FN:329,(anonymous_14)
FN:367,(anonymous_15)
FN:427,(anonymous_16)
FN:447,(anonymous_17)
FN:468,(anonymous_18)
FN:475,(anonymous_19)
FN:494,(anonymous_20)
FN:499,(anonymous_21)
FN:506,(anonymous_22)
FNF:23
FNH:23
FNDA:335,(anonymous_0)
FNDA:328,(anonymous_1)
FNDA:91,(anonymous_2)
FNDA:23,(anonymous_3)
FNDA:8,(anonymous_4)
FNDA:131,(anonymous_5)
FNDA:131,(anonymous_6)
FNDA:686,(anonymous_7)
FNDA:69,(anonymous_8)
FNDA:63,(anonymous_9)
FNDA:375,(anonymous_10)
FNDA:198,(anonymous_11)
FNDA:9,(anonymous_12)
FNDA:3185,(anonymous_13)
FNDA:122,(anonymous_14)
FNDA:9,(anonymous_15)
FNDA:280,(anonymous_16)
FNDA:160,(anonymous_17)
FNDA:1798,(anonymous_18)
FNDA:30,(anonymous_19)
FNDA:192,(anonymous_20)
FNDA:269,(anonymous_21)
FNDA:248,(anonymous_22)
DA:40,93
DA:41,93
DA:43,93
DA:45,93
DA:46,93
DA:47,93
DA:48,93
DA:49,93
DA:50,93
DA:52,93
DA:57,93
DA:59,93
DA:61,93
DA:63,93
DA:122,335
DA:130,328
DA:137,328
DA:138,328
DA:139,206
DA:140,206
DA:143,328
DA:144,328
DA:147,328
DA:148,328
DA:149,328
DA:151,328
DA:152,91
DA:153,87
DA:154,87
DA:156,87
DA:157,25
DA:162,328
DA:163,23
DA:164,19
DA:165,19
DA:167,19
DA:168,3
DA:173,328
DA:174,8
DA:175,8
DA:179,328
DA:180,328
DA:182,686
DA:184,328
DA:185,69
DA:186,63
DA:187,63
DA:188,63
DA:189,63
DA:191,63
DA:192,59
DA:195,63
DA:196,63
DA:197,63
DA:199,63
DA:200,36
DA:201,36
DA:202,31
DA:203,31
DA:209,69
DA:212,375
DA:214,328
DA:216,328
DA:304,93
DA:313,3185
DA:314,838
DA:317,2347
DA:321,2347
DA:323,2347
DA:324,2347
DA:326,2347
DA:327,2347
DA:328,2347
DA:330,122
DA:331,122
DA:335,122
DA:336,122
DA:337,122
DA:339,122
DA:340,13
DA:341,3
DA:344,13
DA:345,10
DA:350,109
DA:353,122
DA:354,124
DA:358,124
DA:359,120
DA:360,120
DA:365,118
DA:366,118
DA:368,9
DA:369,10
DA:427,93
DA:432,280
DA:433,280
DA:434,269
DA:437,280
DA:438,1687
DA:440,276
DA:447,93
DA:452,160
DA:453,160
DA:457,160
DA:458,901
DA:461,160
DA:468,93
DA:469,1798
DA:475,93
DA:480,30
DA:481,30
DA:482,23
DA:483,23
DA:485,23
DA:486,6
DA:487,6
DA:491,24
DA:494,192
DA:495,93
DA:499,93
DA:503,269
DA:504,269
DA:506,248
DA:508,248
DA:509,248
DA:511,269
LF:126
LH:126
BRDA:122,0,0,335
BRDA:122,0,1,198
BRDA:130,1,0,328
BRDA:130,1,1,0
BRDA:138,2,0,206
BRDA:152,3,0,87
BRDA:163,4,0,19
BRDA:163,5,0,23
BRDA:163,5,1,22
BRDA:174,6,0,8
BRDA:175,7,0,4
BRDA:175,7,1,4
BRDA:185,8,0,63
BRDA:199,9,0,36
BRDA:201,10,0,31
BRDA:313,11,0,838
BRDA:324,12,0,2347
BRDA:324,12,1,1491
BRDA:326,13,0,2347
BRDA:331,14,0,6
BRDA:331,14,1,116
BRDA:339,15,0,13
BRDA:339,15,1,109
BRDA:340,16,0,3
BRDA:344,17,0,10
BRDA:346,18,0,8
BRDA:346,18,1,2
BRDA:350,19,0,109
BRDA:350,19,1,85
BRDA:354,20,0,62
BRDA:354,20,1,62
BRDA:359,21,0,120
BRDA:365,22,0,118
BRDA:430,23,0,120
BRDA:433,24,0,269
BRDA:450,25,0,62
BRDA:481,26,0,23
BRDA:485,27,0,6
BRDA:505,28,0,269
BRDA:505,28,1,93
BRDA:509,29,0,248
BRDA:509,29,1,48
BRF:42
BRH:41
end_of_record
