TN:
SF:src/ts/actions/action.ts
FN:37,(anonymous_0)
FN:46,(anonymous_1)
FN:80,(anonymous_2)
FNF:3
FNH:3
FNDA:3172,(anonymous_0)
FNDA:98,(anonymous_1)
FNDA:100,(anonymous_2)
DA:5,92
DA:7,92
DA:9,92
DA:37,92
DA:42,3172
DA:43,1288
DA:46,1884
DA:50,98
DA:54,98
DA:55,98
DA:59,98
DA:60,51
DA:61,51
DA:62,29
DA:67,98
DA:70,1884
DA:80,92
DA:85,100
DA:86,100
DA:87,2
DA:90,98
DA:95,92
LF:22
LH:22
BRDA:42,0,0,1288
BRDA:50,1,0,4
BRDA:50,1,1,94
BRDA:55,2,0,35
BRDA:55,2,1,63
BRDA:60,3,0,51
BRDA:61,4,0,29
BRDA:86,5,0,2
BRDA:90,6,0,98
BRDA:90,6,1,74
BRF:10
BRH:10
end_of_record
TN:
SF:src/ts/actions/add-class.ts
FN:51,(anonymous_0)
FN:54,(anonymous_1)
FN:58,(anonymous_2)
FN:104,(anonymous_3)
FN:107,(anonymous_4)
FN:111,(anonymous_5)
FN:123,(anonymous_6)
FN:125,(anonymous_7)
FN:127,(anonymous_8)
FN:129,(anonymous_9)
FNF:10
FNH:10
FNDA:184,(anonymous_0)
FNDA:1,(anonymous_1)
FNDA:2,(anonymous_2)
FNDA:184,(anonymous_3)
FNDA:1,(anonymous_4)
FNDA:2,(anonymous_5)
FNDA:4,(anonymous_6)
FNDA:6,(anonymous_7)
FNDA:6,(anonymous_8)
FNDA:4,(anonymous_9)
DA:9,92
DA:11,92
DA:13,92
DA:35,92
DA:52,184
DA:54,1
DA:59,2
DA:60,2
DA:62,2
DA:63,2
DA:64,2
DA:88,92
DA:105,184
DA:107,1
DA:112,2
DA:113,2
DA:115,2
DA:116,2
DA:117,2
DA:123,92
DA:124,4
DA:125,6
DA:127,6
DA:130,4
DA:131,8
LF:25
LH:25
BRF:0
BRH:0
end_of_record
TN:
SF:src/ts/actions/animate-play.ts
FN:65,(anonymous_0)
FN:66,(anonymous_1)
FN:69,(anonymous_2)
FN:120,(anonymous_3)
FN:121,(anonymous_4)
FN:124,(anonymous_5)
FN:144,(anonymous_6)
FN:146,(anonymous_7)
FN:147,(anonymous_8)
FN:148,(anonymous_9)
FN:152,(anonymous_10)
FN:168,(anonymous_11)
FNF:12
FNH:12
FNDA:184,(anonymous_0)
FNDA:1,(anonymous_1)
FNDA:2,(anonymous_2)
FNDA:184,(anonymous_3)
FNDA:1,(anonymous_4)
FNDA:2,(anonymous_5)
FNDA:4,(anonymous_6)
FNDA:6,(anonymous_7)
FNDA:4,(anonymous_8)
FNDA:4,(anonymous_9)
FNDA:16,(anonymous_10)
FNDA:16,(anonymous_11)
DA:12,92
DA:14,92
DA:18,92
DA:24,92
DA:49,92
DA:66,184
DA:70,2
DA:73,2
DA:75,2
DA:76,2
DA:77,2
DA:104,92
DA:121,184
DA:125,2
DA:128,2
DA:130,2
DA:131,2
DA:132,2
DA:140,92
DA:141,92
DA:142,92
DA:144,92
DA:145,4
DA:146,6
DA:147,4
DA:148,4
DA:152,92
DA:157,16
DA:169,16
DA:170,2
DA:173,16
DA:174,16
DA:175,8
DA:177,8
LF:34
LH:34
BRDA:155,0,0,14
BRDA:169,1,0,2
BRDA:174,2,0,8
BRDA:174,2,1,8
BRDA:174,3,0,16
BRDA:174,3,1,10
BRDA:174,3,2,3
BRF:7
BRH:7
end_of_record
TN:
SF:src/ts/actions/animate.ts
FN:64,(anonymous_0)
FN:65,(anonymous_1)
FN:68,(anonymous_2)
FN:79,(anonymous_3)
FN:80,(anonymous_4)
FN:81,(anonymous_5)
FN:100,(anonymous_6)
FN:111,(anonymous_7)
FN:206,(anonymous_8)
FN:246,(anonymous_9)
FNF:10
FNH:9
FNDA:184,(anonymous_0)
FNDA:1,(anonymous_1)
FNDA:2,(anonymous_2)
FNDA:2,(anonymous_3)
FNDA:2,(anonymous_4)
FNDA:2,(anonymous_5)
FNDA:8,(anonymous_6)
FNDA:8,(anonymous_7)
FNDA:8,(anonymous_8)
FNDA:0,(anonymous_9)
DA:5,92
DA:6,92
DA:8,92
DA:12,92
DA:18,92
DA:19,92
DA:21,92
DA:23,92
DA:48,92
DA:65,184
DA:69,2
DA:76,2
DA:77,2
DA:79,2
DA:80,2
DA:81,2
DA:82,2
DA:83,2
DA:84,2
DA:96,92
DA:97,92
DA:98,92
DA:100,92
DA:106,8
DA:107,8
DA:111,8
DA:206,92
DA:212,8
DA:213,8
DA:215,8
DA:218,8
DA:220,8
DA:222,8
DA:230,8
DA:232,1
DA:233,1
DA:236,7
DA:238,7
DA:239,7
DA:245,7
DA:246,0
DA:247,0
LF:42
LH:40
BRDA:69,0,0,2
BRDA:69,0,1,0
BRDA:82,1,0,1
BRDA:82,1,1,1
BRDA:104,2,0,6
BRDA:218,3,0,8
BRDA:218,3,1,6
BRDA:218,3,2,1
BRDA:220,4,0,8
BRDA:220,4,1,6
BRDA:230,5,0,1
BRDA:230,6,0,8
BRDA:230,6,1,5
BRDA:241,7,0,2
BRDA:241,7,1,5
BRDA:242,8,0,2
BRDA:242,8,1,5
BRDA:245,9,0,0
BRDA:245,10,0,7
BRDA:245,10,1,5
BRF:20
BRH:18
end_of_record
TN:
SF:src/ts/actions/display.ts
FN:61,(anonymous_0)
FN:62,(anonymous_1)
FN:65,(anonymous_2)
FN:112,(anonymous_3)
FN:113,(anonymous_4)
FN:116,(anonymous_5)
FN:128,(anonymous_6)
FN:130,(anonymous_7)
FN:134,(anonymous_8)
FN:138,(anonymous_9)
FNF:10
FNH:10
FNDA:184,(anonymous_0)
FNDA:1,(anonymous_1)
FNDA:2,(anonymous_2)
FNDA:184,(anonymous_3)
FNDA:1,(anonymous_4)
FNDA:2,(anonymous_5)
FNDA:4,(anonymous_6)
FNDA:4,(anonymous_7)
FNDA:4,(anonymous_8)
FNDA:4,(anonymous_9)
DA:12,92
DA:14,92
DA:22,92
DA:45,92
DA:62,184
DA:66,2
DA:68,2
DA:69,2
DA:70,2
DA:71,2
DA:96,92
DA:113,184
DA:117,2
DA:119,2
DA:120,2
DA:121,2
DA:122,2
DA:128,92
DA:129,4
DA:131,4
DA:135,4
DA:139,4
LF:22
LH:22
BRF:0
BRH:0
end_of_record
TN:
SF:src/ts/actions/open.ts
FN:49,(anonymous_0)
FN:50,(anonymous_1)
FN:53,(anonymous_2)
FN:54,(anonymous_3)
FN:55,(anonymous_4)
FN:56,(anonymous_5)
FN:60,(anonymous_6)
FN:61,(anonymous_7)
FN:62,(anonymous_8)
FNF:9
FNH:9
FNDA:92,(anonymous_0)
FNDA:1,(anonymous_1)
FNDA:3,(anonymous_2)
FNDA:3,(anonymous_3)
FNDA:3,(anonymous_4)
FNDA:3,(anonymous_5)
FNDA:3,(anonymous_6)
FNDA:3,(anonymous_7)
FNDA:3,(anonymous_8)
DA:9,92
DA:11,92
DA:12,92
DA:14,92
DA:33,92
DA:50,92
DA:54,3
DA:55,3
DA:56,3
DA:58,3
DA:60,3
DA:61,3
DA:62,3
LF:13
LH:13
BRF:0
BRH:0
end_of_record
TN:
SF:src/ts/actions/pager.ts
FN:60,(anonymous_0)
FN:61,(anonymous_1)
FN:64,(anonymous_2)
FN:68,(anonymous_3)
FN:73,(anonymous_4)
FN:78,(anonymous_5)
FN:121,(anonymous_6)
FN:122,(anonymous_7)
FN:125,(anonymous_8)
FN:129,(anonymous_9)
FN:134,(anonymous_10)
FN:139,(anonymous_11)
FN:184,(anonymous_12)
FN:187,(anonymous_13)
FN:191,(anonymous_14)
FN:198,(anonymous_15)
FN:199,(anonymous_16)
FN:200,(anonymous_17)
FN:243,(anonymous_18)
FN:246,(anonymous_19)
FN:250,(anonymous_20)
FN:258,(anonymous_21)
FN:259,(anonymous_22)
FN:260,(anonymous_23)
FN:303,(anonymous_24)
FN:306,(anonymous_25)
FN:310,(anonymous_26)
FN:318,(anonymous_27)
FN:319,(anonymous_28)
FN:320,(anonymous_29)
FN:326,(anonymous_30)
FN:329,(anonymous_31)
FN:330,(anonymous_32)
FN:332,(anonymous_33)
FN:354,(anonymous_34)
FN:356,(anonymous_35)
FN:358,(anonymous_36)
FN:364,(anonymous_37)
FN:365,(anonymous_38)
FN:367,(anonymous_39)
FN:368,(anonymous_40)
FN:370,(anonymous_41)
FN:371,(anonymous_42)
FN:372,(anonymous_43)
FN:373,(anonymous_44)
FN:374,(anonymous_45)
FN:375,(anonymous_46)
FNF:47
FNH:47
FNDA:92,(anonymous_0)
FNDA:1,(anonymous_1)
FNDA:7,(anonymous_2)
FNDA:6,(anonymous_3)
FNDA:5,(anonymous_4)
FNDA:13,(anonymous_5)
FNDA:92,(anonymous_6)
FNDA:1,(anonymous_7)
FNDA:7,(anonymous_8)
FNDA:6,(anonymous_9)
FNDA:6,(anonymous_10)
FNDA:13,(anonymous_11)
FNDA:92,(anonymous_12)
FNDA:1,(anonymous_13)
FNDA:7,(anonymous_14)
FNDA:6,(anonymous_15)
FNDA:6,(anonymous_16)
FNDA:13,(anonymous_17)
FNDA:92,(anonymous_18)
FNDA:1,(anonymous_19)
FNDA:3,(anonymous_20)
FNDA:3,(anonymous_21)
FNDA:3,(anonymous_22)
FNDA:3,(anonymous_23)
FNDA:92,(anonymous_24)
FNDA:1,(anonymous_25)
FNDA:3,(anonymous_26)
FNDA:3,(anonymous_27)
FNDA:3,(anonymous_28)
FNDA:3,(anonymous_29)
FNDA:27,(anonymous_30)
FNDA:25,(anonymous_31)
FNDA:24,(anonymous_32)
FNDA:25,(anonymous_33)
FNDA:9,(anonymous_34)
FNDA:9,(anonymous_35)
FNDA:6,(anonymous_36)
FNDA:25,(anonymous_37)
FNDA:24,(anonymous_38)
FNDA:25,(anonymous_39)
FNDA:25,(anonymous_40)
FNDA:9,(anonymous_41)
FNDA:9,(anonymous_42)
FNDA:9,(anonymous_43)
FNDA:9,(anonymous_44)
FNDA:6,(anonymous_45)
FNDA:6,(anonymous_46)
DA:15,92
DA:16,92
DA:18,92
DA:20,92
DA:21,92
DA:23,92
DA:43,92
DA:61,92
DA:65,7
DA:66,7
DA:68,7
DA:69,6
DA:70,6
DA:73,7
DA:74,5
DA:75,5
DA:78,7
DA:79,13
DA:80,13
DA:81,13
DA:104,92
DA:122,92
DA:126,7
DA:127,7
DA:129,7
DA:130,6
DA:131,6
DA:134,7
DA:135,6
DA:136,6
DA:139,7
DA:140,13
DA:141,13
DA:142,13
DA:166,92
DA:185,92
DA:187,1
DA:192,7
DA:193,0
DA:196,7
DA:198,7
DA:199,7
DA:200,13
DA:226,92
DA:244,92
DA:246,1
DA:251,3
DA:252,0
DA:255,3
DA:256,3
DA:258,3
DA:259,3
DA:260,3
DA:286,92
DA:304,92
DA:306,1
DA:311,3
DA:312,0
DA:315,3
DA:316,3
DA:318,3
DA:319,3
DA:320,3
DA:326,92
DA:327,27
DA:329,27
DA:330,27
DA:332,27
DA:337,25
DA:339,25
DA:340,25
DA:341,11
DA:344,25
DA:345,21
DA:347,18
DA:350,21
DA:354,27
DA:355,9
DA:356,27
DA:357,9
DA:358,27
DA:359,6
DA:361,27
DA:363,27
DA:364,25
DA:365,24
DA:368,25
DA:371,9
DA:373,9
DA:375,6
LF:90
LH:87
BRDA:79,0,0,5
BRDA:79,0,1,8
BRDA:140,1,0,5
BRDA:140,1,1,8
BRDA:192,2,0,0
BRDA:251,3,0,0
BRDA:311,4,0,0
BRDA:339,5,0,6
BRDA:339,5,1,19
BRDA:340,6,0,11
BRDA:344,7,0,21
BRDA:345,8,0,18
BRDA:367,9,0,12
BRF:13
BRH:10
end_of_record
TN:
SF:src/ts/actions/scroll-to.ts
FN:113,(anonymous_0)
FN:116,(anonymous_1)
FN:133,(anonymous_2)
FN:141,(anonymous_3)
FN:153,(anonymous_4)
FN:163,(anonymous_5)
FN:172,(anonymous_6)
FN:221,(anonymous_7)
FN:223,(anonymous_8)
FN:224,(anonymous_9)
FN:225,(anonymous_10)
FNF:11
FNH:11
FNDA:184,(anonymous_0)
FNDA:3,(anonymous_1)
FNDA:5,(anonymous_2)
FNDA:4,(anonymous_3)
FNDA:4,(anonymous_4)
FNDA:4,(anonymous_5)
FNDA:2,(anonymous_6)
FNDA:3,(anonymous_7)
FNDA:3,(anonymous_8)
FNDA:3,(anonymous_9)
FNDA:3,(anonymous_10)
DA:9,92
DA:10,92
DA:14,92
DA:15,92
DA:17,92
DA:19,92
DA:94,92
DA:114,184
DA:117,3
DA:124,3
DA:134,5
DA:135,5
DA:137,5
DA:138,5
DA:139,5
DA:141,5
DA:142,4
DA:143,4
DA:144,4
DA:146,4
DA:150,4
DA:153,5
DA:154,4
DA:155,4
DA:159,4
DA:163,5
DA:164,4
DA:166,4
DA:167,4
DA:171,4
DA:173,2
DA:174,2
DA:179,4
DA:183,4
DA:185,4
DA:188,2
DA:189,2
DA:221,92
DA:222,3
DA:223,3
DA:224,3
DA:226,3
LF:42
LH:42
BRDA:117,0,0,3
BRDA:117,0,1,0
BRDA:154,1,0,4
BRDA:181,2,0,4
BRDA:181,2,1,0
BRDA:185,3,0,2
BRDA:223,4,0,3
BRDA:223,4,1,1
BRDA:224,5,0,3
BRDA:224,5,1,2
BRDA:226,6,0,3
BRDA:226,6,1,3
BRDA:226,7,0,0
BRDA:226,7,1,3
BRF:14
BRH:11
end_of_record
TN:
SF:src/ts/actions/set-attribute.ts
FN:133,(anonymous_0)
FN:136,(anonymous_1)
FN:143,(anonymous_2)
FN:150,(anonymous_3)
FN:167,(anonymous_4)
FN:169,(anonymous_5)
FN:171,(anonymous_6)
FNF:7
FNH:7
FNDA:184,(anonymous_0)
FNDA:8,(anonymous_1)
FNDA:13,(anonymous_2)
FNDA:53,(anonymous_3)
FNDA:13,(anonymous_4)
FNDA:30,(anonymous_5)
FNDA:10,(anonymous_6)
DA:8,92
DA:9,92
DA:11,92
DA:12,92
DA:13,92
DA:15,92
DA:117,92
DA:134,184
DA:137,8
DA:144,13
DA:145,0
DA:148,13
DA:150,13
DA:151,53
DA:153,53
DA:155,53
DA:156,53
DA:157,53
DA:159,53
DA:160,17
DA:162,36
DA:167,13
DA:169,30
DA:171,13
DA:173,13
DA:196,92
LF:26
LH:25
BRDA:137,0,0,8
BRDA:137,0,1,0
BRDA:144,1,0,0
BRDA:156,2,0,18
BRDA:156,2,1,35
BRDA:159,3,0,17
BRDA:159,3,1,36
BRF:7
BRH:5
end_of_record
TN:
SF:src/ts/actions/show.ts
FN:53,(anonymous_0)
FN:54,(anonymous_1)
FN:57,(anonymous_2)
FN:105,(anonymous_3)
FN:106,(anonymous_4)
FN:109,(anonymous_5)
FN:122,(anonymous_6)
FN:124,(anonymous_7)
FN:128,(anonymous_8)
FN:132,(anonymous_9)
FNF:10
FNH:10
FNDA:184,(anonymous_0)
FNDA:1,(anonymous_1)
FNDA:2,(anonymous_2)
FNDA:184,(anonymous_3)
FNDA:1,(anonymous_4)
FNDA:2,(anonymous_5)
FNDA:4,(anonymous_6)
FNDA:4,(anonymous_7)
FNDA:4,(anonymous_8)
FNDA:4,(anonymous_9)
DA:5,92
DA:7,92
DA:14,92
DA:37,92
DA:54,184
DA:58,2
DA:59,2
DA:61,2
DA:62,2
DA:63,2
DA:64,2
DA:89,92
DA:106,184
DA:110,2
DA:111,2
DA:113,2
DA:114,2
DA:115,2
DA:116,2
DA:122,92
DA:123,4
DA:125,4
DA:129,4
DA:133,4
LF:24
LH:24
BRF:0
BRH:0
end_of_record
TN:
SF:src/ts/actions/trigger.ts
FN:65,(anonymous_0)
FN:66,(anonymous_1)
FN:69,(anonymous_2)
FN:121,(anonymous_3)
FN:122,(anonymous_4)
FN:125,(anonymous_5)
FN:173,(anonymous_6)
FN:174,(anonymous_7)
FN:177,(anonymous_8)
FN:188,(anonymous_9)
FN:190,(anonymous_10)
FN:206,(anonymous_11)
FN:207,(anonymous_12)
FN:208,(anonymous_13)
FN:209,(anonymous_14)
FN:210,(anonymous_15)
FN:211,(anonymous_16)
FN:215,(anonymous_17)
FNF:18
FNH:18
FNDA:184,(anonymous_0)
FNDA:1,(anonymous_1)
FNDA:4,(anonymous_2)
FNDA:184,(anonymous_3)
FNDA:1,(anonymous_4)
FNDA:4,(anonymous_5)
FNDA:184,(anonymous_6)
FNDA:1,(anonymous_7)
FNDA:4,(anonymous_8)
FNDA:12,(anonymous_9)
FNDA:42,(anonymous_10)
FNDA:12,(anonymous_11)
FNDA:12,(anonymous_12)
FNDA:8,(anonymous_13)
FNDA:4,(anonymous_14)
FNDA:3,(anonymous_15)
FNDA:3,(anonymous_16)
FNDA:12,(anonymous_17)
DA:12,92
DA:13,92
DA:15,92
DA:16,92
DA:17,92
DA:19,92
DA:21,92
DA:49,92
DA:66,184
DA:70,4
DA:71,4
DA:73,4
DA:74,4
DA:75,4
DA:105,92
DA:122,184
DA:126,4
DA:127,4
DA:129,4
DA:130,4
DA:131,4
DA:157,92
DA:174,184
DA:178,4
DA:180,4
DA:181,4
DA:182,4
DA:188,92
DA:189,12
DA:190,12
DA:199,42
DA:200,42
DA:201,40
DA:205,12
DA:206,12
DA:207,12
DA:208,8
DA:209,4
DA:210,3
DA:211,3
DA:215,92
DA:216,12
DA:217,12
DA:218,3
DA:219,3
DA:222,9
DA:223,15
DA:224,15
DA:225,5
DA:226,5
DA:228,5
DA:229,3
DA:232,3
DA:236,12
DA:239,9
LF:55
LH:55
BRDA:217,0,0,3
BRDA:224,1,0,5
BRDA:228,2,0,3
BRF:3
BRH:3
end_of_record
TN:
SF:src/ts/globals/errors.ts
FN:16,(anonymous_0)
FN:26,(anonymous_1)
FNF:2
FNH:2
FNDA:164,(anonymous_0)
FNDA:1,(anonymous_1)
DA:5,92
DA:10,92
DA:15,92
DA:17,164
DA:18,164
DA:25,92
DA:27,1
DA:28,1
LF:8
LH:8
BRDA:16,0,0,0
BRDA:26,1,0,0
BRF:2
BRH:0
end_of_record
TN:
SF:src/ts/globals/minification-constants.ts
FNF:0
FNH:0
DA:9,92
DA:10,92
DA:12,92
DA:13,92
DA:14,92
DA:15,92
DA:16,92
DA:17,92
DA:18,92
DA:19,92
DA:21,92
DA:22,92
DA:24,92
DA:25,92
DA:26,92
DA:28,92
DA:29,92
DA:31,92
DA:32,92
DA:34,92
DA:35,92
DA:37,92
DA:38,92
DA:40,92
DA:41,92
DA:42,92
DA:44,92
DA:45,92
DA:47,92
DA:48,92
DA:50,92
DA:51,92
DA:52,92
DA:54,92
DA:55,92
DA:56,92
DA:57,92
DA:58,92
DA:59,92
DA:60,92
DA:61,92
DA:63,92
DA:64,92
DA:65,92
DA:66,92
DA:68,92
DA:69,92
DA:71,92
DA:72,92
DA:75,92
DA:76,92
DA:78,92
DA:80,92
DA:83,92
DA:84,92
DA:85,92
DA:86,92
DA:87,92
DA:89,92
DA:91,92
DA:93,92
DA:94,92
DA:96,92
DA:98,92
DA:100,92
DA:102,92
DA:103,92
DA:104,92
DA:105,92
DA:108,92
DA:109,92
DA:110,92
DA:111,92
DA:114,92
DA:115,92
DA:116,92
DA:117,92
DA:118,92
DA:119,92
DA:121,92
DA:123,92
DA:124,92
DA:126,92
DA:127,92
DA:128,92
DA:130,92
DA:132,92
DA:134,92
DA:135,92
DA:137,92
DA:138,92
DA:139,92
DA:140,92
DA:141,92
DA:142,92
DA:143,92
DA:144,92
DA:145,92
DA:146,92
DA:147,92
DA:148,92
DA:149,92
DA:150,92
DA:151,92
DA:152,92
DA:154,92
DA:155,92
DA:156,92
DA:157,92
DA:158,92
DA:159,92
DA:161,92
DA:164,92
LF:113
LH:113
BRDA:162,0,0,0
BRDA:162,0,1,92
BRF:2
BRH:1
end_of_record
TN:
SF:src/ts/globals/minification-helpers.ts
FN:30,(anonymous_0)
FN:31,(anonymous_1)
FN:33,(anonymous_2)
FN:35,(anonymous_3)
FN:36,(anonymous_4)
FN:38,(anonymous_5)
FN:40,(anonymous_6)
FN:42,(anonymous_7)
FN:44,(anonymous_8)
FN:46,(anonymous_9)
FN:48,(anonymous_10)
FN:50,(anonymous_11)
FN:54,(anonymous_12)
FN:56,(anonymous_13)
FN:58,(anonymous_14)
FN:60,(anonymous_15)
FN:62,(anonymous_16)
FN:64,(anonymous_17)
FN:67,(anonymous_18)
FN:69,(anonymous_19)
FN:71,(anonymous_20)
FN:80,(anonymous_21)
FN:82,(anonymous_22)
FN:87,(anonymous_23)
FN:95,(anonymous_24)
FN:98,(anonymous_25)
FN:101,(anonymous_26)
FN:104,(anonymous_27)
FN:106,(anonymous_28)
FN:108,(anonymous_29)
FN:112,(anonymous_30)
FN:115,(anonymous_31)
FN:118,(anonymous_32)
FN:121,(anonymous_33)
FN:124,(anonymous_34)
FN:127,(anonymous_35)
FN:130,(anonymous_36)
FN:133,(anonymous_37)
FN:136,(anonymous_38)
FN:139,(anonymous_39)
FN:142,(anonymous_40)
FN:145,(anonymous_41)
FN:148,(anonymous_42)
FN:150,(anonymous_43)
FN:152,(anonymous_44)
FN:155,(anonymous_45)
FN:159,(anonymous_46)
FN:169,(anonymous_47)
FN:174,(anonymous_48)
FN:187,(anonymous_49)
FN:190,(anonymous_50)
FN:193,(anonymous_51)
FN:196,(anonymous_52)
FN:199,(anonymous_53)
FN:201,(anonymous_54)
FN:203,(anonymous_55)
FN:206,(anonymous_56)
FN:209,(anonymous_57)
FN:211,(anonymous_58)
FN:217,(anonymous_59)
FN:226,(anonymous_60)
FN:230,(anonymous_61)
FN:236,(anonymous_62)
FN:239,(anonymous_63)
FN:242,(anonymous_64)
FN:244,(anonymous_65)
FN:248,(anonymous_66)
FN:255,(anonymous_67)
FN:261,(anonymous_68)
FN:271,(anonymous_69)
FN:300,(anonymous_70)
FN:305,(anonymous_71)
FN:307,(anonymous_72)
FN:309,(anonymous_73)
FN:312,(anonymous_74)
FN:315,(anonymous_75)
FN:318,(anonymous_76)
FN:327,(anonymous_77)
FN:338,(anonymous_78)
FN:342,(anonymous_79)
FN:344,(anonymous_80)
FN:347,(anonymous_81)
FN:349,(anonymous_82)
FN:352,(anonymous_83)
FN:355,(anonymous_84)
FN:360,(anonymous_85)
FN:366,(anonymous_86)
FN:372,(anonymous_87)
FN:380,(anonymous_88)
FN:383,(anonymous_89)
FN:387,(anonymous_90)
FN:389,(anonymous_91)
FN:392,(anonymous_92)
FN:397,(anonymous_93)
FN:400,(anonymous_94)
FN:403,(anonymous_95)
FN:405,(anonymous_96)
FN:407,(anonymous_97)
FNF:98
FNH:93
FNDA:264,(anonymous_0)
FNDA:92,(anonymous_1)
FNDA:7299,(anonymous_2)
FNDA:410,(anonymous_3)
FNDA:38,(anonymous_4)
FNDA:8945,(anonymous_5)
FNDA:1184,(anonymous_6)
FNDA:1087,(anonymous_7)
FNDA:6792,(anonymous_8)
FNDA:0,(anonymous_9)
FNDA:724,(anonymous_10)
FNDA:92,(anonymous_11)
FNDA:32,(anonymous_12)
FNDA:7101,(anonymous_13)
FNDA:34,(anonymous_14)
FNDA:17340,(anonymous_15)
FNDA:38,(anonymous_16)
FNDA:1012,(anonymous_17)
FNDA:6238,(anonymous_18)
FNDA:2903,(anonymous_19)
FNDA:121,(anonymous_20)
FNDA:0,(anonymous_21)
FNDA:420,(anonymous_22)
FNDA:14,(anonymous_23)
FNDA:19042,(anonymous_24)
FNDA:11796,(anonymous_25)
FNDA:5490,(anonymous_26)
FNDA:18431,(anonymous_27)
FNDA:8686,(anonymous_28)
FNDA:26377,(anonymous_29)
FNDA:54790,(anonymous_30)
FNDA:12134,(anonymous_31)
FNDA:15381,(anonymous_32)
FNDA:51,(anonymous_33)
FNDA:5365,(anonymous_34)
FNDA:8,(anonymous_35)
FNDA:81,(anonymous_36)
FNDA:291,(anonymous_37)
FNDA:170,(anonymous_38)
FNDA:351,(anonymous_39)
FNDA:166,(anonymous_40)
FNDA:265,(anonymous_41)
FNDA:0,(anonymous_42)
FNDA:5622,(anonymous_43)
FNDA:2276,(anonymous_44)
FNDA:542,(anonymous_45)
FNDA:1307,(anonymous_46)
FNDA:31,(anonymous_47)
FNDA:311,(anonymous_48)
FNDA:171,(anonymous_49)
FNDA:17479,(anonymous_50)
FNDA:59,(anonymous_51)
FNDA:116,(anonymous_52)
FNDA:32,(anonymous_53)
FNDA:3798,(anonymous_54)
FNDA:3143,(anonymous_55)
FNDA:743,(anonymous_56)
FNDA:522,(anonymous_57)
FNDA:3091,(anonymous_58)
FNDA:6873,(anonymous_59)
FNDA:7515,(anonymous_60)
FNDA:6684,(anonymous_61)
FNDA:3330,(anonymous_62)
FNDA:774097,(anonymous_63)
FNDA:839,(anonymous_64)
FNDA:514,(anonymous_65)
FNDA:5538,(anonymous_66)
FNDA:10055,(anonymous_67)
FNDA:1210,(anonymous_68)
FNDA:26186,(anonymous_69)
FNDA:37719,(anonymous_70)
FNDA:24,(anonymous_71)
FNDA:114094,(anonymous_72)
FNDA:5,(anonymous_73)
FNDA:1741,(anonymous_74)
FNDA:162,(anonymous_75)
FNDA:4388,(anonymous_76)
FNDA:277,(anonymous_77)
FNDA:3745,(anonymous_78)
FNDA:238,(anonymous_79)
FNDA:252,(anonymous_80)
FNDA:9,(anonymous_81)
FNDA:3715,(anonymous_82)
FNDA:343,(anonymous_83)
FNDA:4277,(anonymous_84)
FNDA:1295,(anonymous_85)
FNDA:0,(anonymous_86)
FNDA:16964,(anonymous_87)
FNDA:10385,(anonymous_88)
FNDA:1503,(anonymous_89)
FNDA:7344,(anonymous_90)
FNDA:175,(anonymous_91)
FNDA:405,(anonymous_92)
FNDA:354,(anonymous_93)
FNDA:418,(anonymous_94)
FNDA:163,(anonymous_95)
FNDA:0,(anonymous_96)
FNDA:7,(anonymous_97)
DA:9,92
DA:21,92
DA:25,92
DA:30,92
DA:31,264
DA:33,92
DA:34,7299
DA:35,410
DA:36,38
DA:38,8945
DA:40,1184
DA:42,1087
DA:44,6792
DA:46,92
DA:48,724
DA:50,92
DA:52,92
DA:54,92
DA:56,7101
DA:58,92
DA:60,17340
DA:62,92
DA:64,92
DA:65,1012
DA:67,6238
DA:69,2903
DA:71,92
DA:72,121
DA:78,92
DA:82,92
DA:85,420
DA:87,92
DA:88,14
DA:89,14
DA:90,14
DA:91,14
DA:92,14
DA:95,92
DA:96,19042
DA:98,92
DA:99,11796
DA:101,92
DA:102,5490
DA:104,18431
DA:106,8686
DA:108,92
DA:109,26377
DA:112,54790
DA:115,92
DA:116,12134
DA:118,92
DA:119,15381
DA:121,92
DA:124,92
DA:125,5365
DA:127,92
DA:128,8
DA:130,92
DA:131,81
DA:133,92
DA:134,291
DA:136,92
DA:137,170
DA:139,92
DA:140,351
DA:142,92
DA:143,166
DA:145,92
DA:146,265
DA:148,92
DA:150,5622
DA:152,92
DA:153,2276
DA:155,92
DA:156,542
DA:159,92
DA:163,1307
DA:165,92
DA:167,92
DA:169,92
DA:170,31
DA:174,92
DA:175,311
DA:187,92
DA:188,171
DA:190,92
DA:191,17479
DA:193,92
DA:194,59
DA:196,92
DA:197,116
DA:199,92
DA:201,3798
DA:203,92
DA:204,3143
DA:206,92
DA:207,743
DA:209,522
DA:211,92
DA:215,3091
DA:217,92
DA:224,6873
DA:226,92
DA:229,7515
DA:230,6684
DA:233,7515
DA:236,92
DA:237,3330
DA:239,92
DA:240,774097
DA:242,839
DA:244,514
DA:246,92
DA:248,92
DA:250,5538
DA:252,92
DA:255,92
DA:258,10055
DA:261,1210
DA:263,92
DA:265,92
DA:267,92
DA:269,92
DA:271,92
DA:272,26186
DA:274,92
DA:276,92
DA:278,92
DA:280,92
DA:282,92
DA:284,92
DA:286,92
DA:288,92
DA:290,92
DA:292,92
DA:294,92
DA:296,92
DA:298,92
DA:300,92
DA:303,37719
DA:305,92
DA:307,114094
DA:309,92
DA:310,5
DA:312,92
DA:313,1741
DA:315,92
DA:316,162
DA:318,92
DA:321,4388
DA:327,92
DA:332,277
DA:338,92
DA:339,3745
DA:341,92
DA:342,238
DA:344,92
DA:345,252
DA:347,92
DA:349,92
DA:350,3715
DA:352,92
DA:353,343
DA:355,92
DA:358,4277
DA:360,92
DA:364,1295
DA:366,92
DA:370,0
DA:372,92
DA:378,16964
DA:380,92
DA:381,10385
DA:383,92
DA:385,1503
DA:387,7344
DA:389,92
DA:390,175
DA:392,92
DA:395,405
DA:397,92
DA:398,354
DA:400,92
DA:401,418
DA:403,163
DA:405,92
DA:407,92
DA:408,7
DA:410,92
DA:411,92
DA:413,92
DA:415,92
DA:417,92
DA:419,92
LF:194
LH:193
BRDA:25,0,0,92
BRDA:25,0,1,92
BRDA:25,0,2,92
BRDA:25,0,3,0
BRDA:25,0,4,0
BRDA:25,0,5,0
BRDA:25,0,6,0
BRDA:25,0,7,0
BRDA:72,1,0,47
BRDA:72,1,1,74
BRDA:74,2,0,74
BRDA:74,2,1,0
BRDA:78,3,0,92
BRDA:78,3,1,0
BRDA:87,4,0,0
BRDA:87,5,0,14
BRDA:96,6,0,19042
BRDA:96,6,1,11747
BRDA:99,7,0,11796
BRDA:99,7,1,7559
BRDA:102,8,0,5490
BRDA:102,8,1,4080
BRDA:109,9,0,26377
BRDA:109,9,1,26373
BRDA:116,10,0,12134
BRDA:116,10,1,122
BRDA:125,11,0,5365
BRDA:125,11,1,534
BRDA:134,12,0,291
BRDA:134,12,1,291
BRDA:137,13,0,170
BRDA:137,13,1,29
BRDA:146,14,0,265
BRDA:146,14,1,265
BRDA:203,15,0,267
BRDA:229,16,0,6432
BRDA:229,16,1,1083
BRDA:233,17,0,6193
BRDA:233,17,1,1322
BRDA:237,18,0,3330
BRDA:237,18,1,0
BRDA:240,19,0,774097
BRDA:240,19,1,1096
BRDA:310,20,0,5
BRDA:310,20,1,0
BRDA:313,21,0,1741
BRDA:313,21,1,170
BRDA:316,22,0,162
BRDA:316,22,1,0
BRDA:344,23,0,252
BRDA:363,24,0,1295
BRDA:369,25,0,0
BRDA:398,26,0,0
BRDA:398,26,1,354
BRF:54
BRH:41
end_of_record
TN:
SF:src/ts/globals/settings.ts
FNF:0
FNH:0
DA:5,92
DA:31,92
LF:2
LH:2
BRF:0
BRH:0
end_of_record
TN:
SF:src/ts/modules/bit-spaces.ts
FN:194,(anonymous_0)
FN:197,(anonymous_1)
FN:198,(anonymous_2)
FN:199,(anonymous_3)
FN:209,(anonymous_4)
FN:217,(anonymous_5)
FN:229,(anonymous_6)
FN:234,(anonymous_7)
FN:251,(anonymous_8)
FN:256,(anonymous_9)
FN:272,(anonymous_10)
FNF:11
FNH:11
FNDA:278,(anonymous_0)
FNDA:371,(anonymous_1)
FNDA:1,(anonymous_2)
FNDA:1,(anonymous_3)
FNDA:276,(anonymous_4)
FNDA:368,(anonymous_5)
FNDA:278,(anonymous_6)
FNDA:371,(anonymous_7)
FNDA:9225,(anonymous_8)
FNDA:123,(anonymous_9)
FNDA:855,(anonymous_10)
DA:5,92
DA:7,92
DA:123,92
DA:195,278
DA:197,371
DA:198,278
DA:199,278
DA:209,276
DA:217,92
DA:220,368
DA:229,278
DA:234,92
DA:238,371
DA:239,371
DA:240,371
DA:241,1
DA:244,370
DA:245,370
DA:252,9225
DA:257,123
DA:261,2
DA:264,121
DA:267,121
DA:269,121
DA:272,855
DA:275,370
DA:276,1569
DA:282,370
DA:284,370
LF:29
LH:29
BRDA:240,0,0,1
BRDA:252,1,0,9225
BRDA:252,1,1,9225
BRDA:252,1,2,6926
BRDA:257,2,0,2
BRDA:258,3,0,123
BRDA:258,3,1,84
BRDA:258,3,2,121
BRDA:258,3,3,87
BRDA:264,4,0,82
BRDA:264,4,1,39
BRDA:267,5,0,87
BRDA:267,5,1,34
BRDA:272,6,0,855
BRDA:272,6,1,6
BRF:15
BRH:15
end_of_record
TN:
SF:src/ts/modules/callback.ts
FN:30,(anonymous_0)
FN:35,(anonymous_1)
FN:49,(anonymous_2)
FN:52,(anonymous_3)
FN:162,(anonymous_4)
FN:172,(anonymous_5)
FN:174,(anonymous_6)
FN:187,(anonymous_7)
FN:189,(anonymous_8)
FN:190,(anonymous_9)
FN:199,(anonymous_10)
FN:234,(anonymous_11)
FN:237,(anonymous_12)
FN:252,(anonymous_13)
FN:266,(anonymous_14)
FNF:15
FNH:15
FNDA:4969,(anonymous_0)
FNDA:2293,(anonymous_1)
FNDA:159,(anonymous_2)
FNDA:2452,(anonymous_3)
FNDA:4890,(anonymous_4)
FNDA:3926,(anonymous_5)
FNDA:280,(anonymous_6)
FNDA:3990,(anonymous_7)
FNDA:2477,(anonymous_8)
FNDA:2477,(anonymous_9)
FNDA:2464,(anonymous_10)
FNDA:92,(anonymous_11)
FNDA:2146,(anonymous_12)
FNDA:271,(anonymous_13)
FNDA:2467,(anonymous_14)
DA:5,92
DA:6,92
DA:8,92
DA:10,92
DA:30,92
DA:34,4969
DA:35,4969
DA:37,4969
DA:39,4742
DA:40,4742
DA:41,93
DA:44,227
DA:47,4876
DA:49,159
DA:51,4876
DA:53,2452
DA:54,2452
DA:59,4876
DA:60,227
DA:63,4876
DA:77,92
DA:83,92
DA:92,92
DA:156,92
DA:163,4890
DA:167,4890
DA:168,4890
DA:170,4890
DA:172,4890
DA:174,4890
DA:175,280
DA:176,271
DA:177,271
DA:179,271
DA:180,331
DA:183,271
DA:187,4890
DA:189,4890
DA:190,2477
DA:191,2477
DA:192,2477
DA:193,10
DA:194,10
DA:197,2467
DA:201,2464
DA:202,2464
DA:204,6
DA:207,2462
DA:208,2
DA:211,2462
DA:217,4890
DA:232,92
DA:234,92
DA:235,92
DA:237,92
DA:240,2146
DA:241,2146
DA:243,2464
DA:244,2464
DA:247,2462
DA:251,92
DA:253,271
DA:254,271
DA:256,122
DA:257,10
DA:258,3
DA:262,122
DA:267,2467
DA:268,2467
DA:269,1106
DA:270,1106
DA:273,2467
DA:274,2467
DA:275,2146
LF:74
LH:74
BRDA:32,0,0,4643
BRDA:37,1,0,4742
BRDA:37,1,1,227
BRDA:40,2,0,93
BRDA:47,3,0,4649
BRDA:47,3,1,227
BRDA:53,4,0,2452
BRDA:59,5,0,227
BRDA:163,6,0,4890
BRDA:163,6,1,0
BRDA:175,7,0,271
BRDA:192,8,0,10
BRDA:207,9,0,2
BRDA:254,10,0,122
BRDA:257,11,0,3
BRDA:268,12,0,1106
BRDA:274,13,0,2146
BRF:17
BRH:16
end_of_record
TN:
SF:src/ts/modules/x-intersection-observer.ts
FN:63,(anonymous_0)
FN:70,(anonymous_1)
FN:92,(anonymous_2)
FN:94,(anonymous_3)
FN:97,(anonymous_4)
FN:100,(anonymous_5)
FN:107,(anonymous_6)
FN:120,(anonymous_7)
FN:127,(anonymous_8)
FN:132,(anonymous_9)
FNF:10
FNH:10
FNDA:52,(anonymous_0)
FNDA:123,(anonymous_1)
FNDA:1,(anonymous_2)
FNDA:1,(anonymous_3)
FNDA:1,(anonymous_4)
FNDA:106,(anonymous_5)
FNDA:153,(anonymous_6)
FNDA:61,(anonymous_7)
FNDA:1,(anonymous_8)
FNDA:1,(anonymous_9)
DA:5,92
DA:19,92
DA:67,52
DA:68,52
DA:70,52
DA:71,123
DA:73,123
DA:74,170
DA:75,99
DA:76,99
DA:79,71
DA:82,123
DA:83,37
DA:87,52
DA:92,52
DA:93,52
DA:94,1
DA:96,52
DA:97,1
DA:100,52
DA:101,106
DA:102,130
DA:103,130
DA:107,52
DA:108,153
DA:111,169
DA:112,69
DA:115,100
DA:116,100
DA:120,52
DA:121,61
DA:122,70
DA:123,70
DA:127,52
DA:128,1
DA:129,1
DA:132,52
LF:37
LH:37
BRDA:74,0,0,99
BRDA:82,1,0,37
BRDA:111,2,0,69
BRF:3
BRH:3
end_of_record
TN:
SF:src/ts/modules/x-map.ts
FN:23,(anonymous_0)
FN:33,(anonymous_1)
FN:34,(anonymous_2)
FN:43,(anonymous_3)
FN:54,(anonymous_4)
FN:55,(anonymous_5)
FN:95,(anonymous_6)
FN:99,(anonymous_7)
FN:100,(anonymous_8)
FN:101,(anonymous_9)
FN:102,(anonymous_10)
FN:104,(anonymous_11)
FN:113,(anonymous_12)
FN:184,(anonymous_13)
FN:188,(anonymous_14)
FN:189,(anonymous_15)
FN:190,(anonymous_16)
FN:191,(anonymous_17)
FN:192,(anonymous_18)
FN:193,(anonymous_19)
FN:221,(anonymous_20)
FNF:21
FNH:18
FNDA:4726,(anonymous_0)
FNDA:196,(anonymous_1)
FNDA:3957,(anonymous_2)
FNDA:883,(anonymous_3)
FNDA:1,(anonymous_4)
FNDA:1,(anonymous_5)
FNDA:5616,(anonymous_6)
FNDA:19639,(anonymous_7)
FNDA:4,(anonymous_8)
FNDA:3,(anonymous_9)
FNDA:120,(anonymous_10)
FNDA:13332,(anonymous_11)
FNDA:2842,(anonymous_12)
FNDA:4732,(anonymous_13)
FNDA:5338,(anonymous_14)
FNDA:610,(anonymous_15)
FNDA:0,(anonymous_16)
FNDA:0,(anonymous_17)
FNDA:709,(anonymous_18)
FNDA:0,(anonymous_19)
FNDA:884,(anonymous_20)
DA:5,92
DA:6,92
DA:23,92
DA:24,4726
DA:32,92
DA:33,92
DA:34,196
DA:35,3957
DA:43,92
DA:45,883
DA:53,92
DA:54,92
DA:55,1
DA:56,1
DA:58,92
DA:99,19639
DA:100,5616
DA:101,5616
DA:102,5616
DA:104,5616
DA:105,13332
DA:106,13332
DA:107,9453
DA:108,9453
DA:110,13332
DA:113,5616
DA:114,2842
DA:115,2842
DA:116,1784
DA:119,2842
DA:127,2226
DA:142,92
DA:168,92
DA:176,92
DA:185,4732
DA:186,4732
DA:188,5338
DA:189,4732
DA:190,4732
DA:191,4732
DA:192,4732
DA:193,4732
DA:206,92
DA:213,92
DA:222,884
DA:223,884
LF:46
LH:46
BRDA:106,0,0,9453
BRDA:115,1,0,1784
BRDA:115,2,0,2842
BRDA:115,2,1,1786
BRDA:119,3,0,2226
BRDA:120,4,0,2842
BRDA:120,4,1,2842
BRDA:120,4,2,2842
BRDA:123,5,0,2842
BRDA:123,5,1,2841
BRDA:123,5,2,2226
BRDA:123,5,3,1
BRF:12
BRH:12
end_of_record
TN:
SF:src/ts/modules/x-resize-observer.ts
FN:52,(anonymous_0)
FN:69,(anonymous_1)
FN:101,(anonymous_2)
FN:120,(anonymous_3)
FN:128,(anonymous_4)
FN:136,(anonymous_5)
FN:150,(anonymous_6)
FN:160,(anonymous_7)
FNF:8
FNH:8
FNDA:69,(anonymous_0)
FNDA:378,(anonymous_1)
FNDA:85,(anonymous_2)
FNDA:174,(anonymous_3)
FNDA:7,(anonymous_4)
FNDA:162,(anonymous_5)
FNDA:30,(anonymous_6)
FNDA:1,(anonymous_7)
DA:5,92
DA:7,92
DA:9,92
DA:24,92
DA:53,69
DA:57,69
DA:62,69
DA:64,69
DA:66,69
DA:68,69
DA:69,69
DA:72,378
DA:73,630
DA:74,630
DA:75,630
DA:76,284
DA:78,142
DA:85,142
DA:88,284
DA:91,346
DA:94,378
DA:100,378
DA:101,85
DA:102,85
DA:103,85
DA:104,85
DA:107,85
DA:112,69
DA:113,69
DA:114,69
DA:115,0
DA:120,69
DA:121,174
DA:122,174
DA:123,174
DA:128,69
DA:129,7
DA:131,7
DA:132,31
DA:136,69
DA:137,162
DA:138,162
DA:141,178
DA:142,35
DA:145,143
DA:146,143
DA:150,69
DA:151,30
DA:153,30
DA:154,39
DA:155,39
DA:156,39
DA:160,69
DA:161,1
DA:162,1
DA:163,1
DA:164,1
LF:57
LH:56
BRDA:53,0,0,69
BRDA:53,0,1,0
BRDA:66,1,0,69
BRDA:66,1,1,68
BRDA:75,2,0,284
BRDA:76,3,0,142
BRDA:76,3,1,142
BRDA:100,4,0,85
BRDA:100,5,0,378
BRDA:100,5,1,296
BRDA:102,6,0,85
BRDA:114,7,0,0
BRDA:114,8,0,69
BRDA:114,8,1,69
BRDA:141,9,0,35
BRF:15
BRH:13
end_of_record
TN:
SF:src/ts/triggers/check-trigger.ts
FN:102,(anonymous_0)
FN:105,(anonymous_1)
FN:117,(anonymous_2)
FN:123,(anonymous_3)
FN:135,(anonymous_4)
FN:139,(anonymous_5)
FN:160,(anonymous_6)
FN:164,(anonymous_7)
FNF:8
FNH:8
FNDA:184,(anonymous_0)
FNDA:4,(anonymous_1)
FNDA:7,(anonymous_2)
FNDA:2,(anonymous_3)
FNDA:6,(anonymous_4)
FNDA:1,(anonymous_5)
FNDA:4,(anonymous_6)
FNDA:4,(anonymous_7)
DA:9,92
DA:11,92
DA:12,92
DA:16,92
DA:99,92
DA:103,184
DA:106,4
DA:122,7
DA:123,7
DA:125,7
DA:126,0
DA:129,7
DA:131,7
DA:132,3
DA:135,6
DA:137,4
DA:139,4
DA:140,1
DA:160,92
DA:163,4
DA:165,4
LF:21
LH:20
BRDA:120,0,0,2
BRDA:125,1,0,0
BRDA:129,2,0,7
BRDA:129,2,1,5
BRDA:131,3,0,3
BRDA:135,4,0,4
BRDA:135,4,1,2
BRDA:165,5,0,4
BRDA:165,5,1,3
BRDA:165,6,0,1
BRDA:165,6,1,3
BRF:11
BRH:10
end_of_record
TN:
SF:src/ts/triggers/layout-trigger.ts
FN:138,(anonymous_0)
FN:141,(anonymous_1)
FN:153,(anonymous_2)
FN:169,(anonymous_3)
FN:180,(anonymous_4)
FN:241,(anonymous_5)
FN:243,(anonymous_6)
FNF:7
FNH:7
FNDA:184,(anonymous_0)
FNDA:7,(anonymous_1)
FNDA:7,(anonymous_2)
FNDA:8,(anonymous_3)
FNDA:3,(anonymous_4)
FNDA:7,(anonymous_5)
FNDA:7,(anonymous_6)
DA:11,92
DA:20,92
DA:21,92
DA:27,92
DA:31,92
DA:33,92
DA:135,92
DA:139,184
DA:142,7
DA:154,7
DA:174,8
DA:175,8
DA:176,1
DA:179,7
DA:180,7
DA:182,7
DA:183,0
DA:186,7
DA:187,7
DA:188,7
DA:189,7
DA:191,7
DA:192,7
DA:193,7
DA:195,0
DA:196,0
DA:199,7
DA:200,7
DA:202,7
DA:204,7
DA:205,7
DA:241,92
DA:242,7
DA:244,7
DA:247,7
DA:248,0
DA:250,7
LF:37
LH:33
BRDA:149,0,0,7
BRDA:149,0,1,1
BRDA:154,1,0,7
BRDA:154,1,1,2
BRDA:174,2,0,8
BRDA:174,2,1,1
BRDA:175,3,0,1
BRDA:182,4,0,0
BRDA:191,5,0,7
BRDA:191,5,1,0
BRDA:204,6,0,7
BRDA:204,7,0,7
BRDA:204,7,1,0
BRDA:244,8,0,3
BRDA:244,8,1,4
BRDA:247,9,0,0
BRDA:247,10,0,7
BRDA:247,10,1,3
BRF:18
BRH:14
end_of_record
TN:
SF:src/ts/triggers/load-trigger.ts
FN:60,(anonymous_0)
FN:63,(anonymous_1)
FN:74,(anonymous_2)
FN:76,(anonymous_3)
FNF:4
FNH:4
FNDA:184,(anonymous_0)
FNDA:3,(anonymous_1)
FNDA:4,(anonymous_2)
FNDA:1,(anonymous_3)
DA:8,92
DA:10,92
DA:14,92
DA:57,92
DA:61,184
DA:64,3
DA:75,4
DA:76,4
DA:78,4
DA:79,1
DA:82,3
LF:11
LH:11
BRDA:78,0,0,1
BRF:1
BRH:1
end_of_record
TN:
SF:src/ts/triggers/pointer-trigger.ts
FN:122,(anonymous_0)
FN:125,(anonymous_1)
FN:137,(anonymous_2)
FN:143,(anonymous_3)
FN:232,(anonymous_4)
FN:235,(anonymous_5)
FN:247,(anonymous_6)
FN:253,(anonymous_7)
FN:339,(anonymous_8)
FN:342,(anonymous_9)
FN:354,(anonymous_10)
FN:360,(anonymous_11)
FN:395,(anonymous_12)
FN:399,(anonymous_13)
FN:408,(anonymous_14)
FNF:15
FNH:15
FNDA:184,(anonymous_0)
FNDA:4,(anonymous_1)
FNDA:7,(anonymous_2)
FNDA:2,(anonymous_3)
FNDA:184,(anonymous_4)
FNDA:4,(anonymous_5)
FNDA:7,(anonymous_6)
FNDA:2,(anonymous_7)
FNDA:184,(anonymous_8)
FNDA:4,(anonymous_9)
FNDA:7,(anonymous_10)
FNDA:2,(anonymous_11)
FNDA:12,(anonymous_12)
FNDA:12,(anonymous_13)
FNDA:21,(anonymous_14)
DA:19,92
DA:20,92
DA:22,92
DA:23,92
DA:24,92
DA:26,92
DA:33,92
DA:119,92
DA:123,184
DA:126,4
DA:142,7
DA:143,7
DA:145,7
DA:229,92
DA:233,184
DA:236,4
DA:252,7
DA:253,7
DA:255,7
DA:336,92
DA:340,184
DA:343,4
DA:359,7
DA:360,7
DA:362,7
DA:395,92
DA:398,12
DA:400,12
DA:408,92
DA:415,21
DA:416,0
DA:419,21
DA:426,21
DA:427,7
DA:429,14
DA:430,14
DA:433,21
LF:37
LH:36
BRDA:140,0,0,2
BRDA:250,1,0,2
BRDA:357,2,0,2
BRDA:400,3,0,12
BRDA:400,3,1,9
BRDA:400,4,0,3
BRDA:400,4,1,9
BRDA:415,5,0,0
BRDA:419,6,0,21
BRDA:419,6,1,15
BRDA:426,7,0,7
BRDA:426,7,1,14
BRF:12
BRH:11
end_of_record
TN:
SF:src/ts/triggers/scroll-trigger.ts
FN:120,(anonymous_0)
FN:123,(anonymous_1)
FN:142,(anonymous_2)
FN:156,(anonymous_3)
FN:222,(anonymous_4)
FN:224,(anonymous_5)
FNF:6
FNH:6
FNDA:184,(anonymous_0)
FNDA:5,(anonymous_1)
FNDA:10,(anonymous_2)
FNDA:2,(anonymous_3)
FNDA:5,(anonymous_4)
FNDA:5,(anonymous_5)
DA:10,92
DA:11,92
DA:19,92
DA:23,92
DA:24,92
DA:28,92
DA:30,92
DA:117,92
DA:121,184
DA:124,5
DA:147,10
DA:149,10
DA:150,10
DA:151,0
DA:152,0
DA:155,10
DA:156,10
DA:158,10
DA:159,0
DA:162,10
DA:163,10
DA:164,10
DA:166,10
DA:170,9
DA:176,9
DA:177,9
DA:222,92
DA:223,5
DA:225,5
LF:29
LH:26
BRDA:147,0,0,10
BRDA:147,0,1,0
BRDA:150,1,0,0
BRDA:158,2,0,0
BRDA:166,3,0,10
BRDA:166,3,1,0
BRDA:176,4,0,9
BRDA:225,5,0,5
BRDA:225,5,1,4
BRDA:225,6,0,1
BRDA:225,6,1,4
BRF:11
BRH:7
end_of_record
TN:
SF:src/ts/triggers/trigger.ts
FN:130,(anonymous_0)
FN:138,(anonymous_1)
FN:141,(anonymous_2)
FN:152,(anonymous_3)
FN:173,(anonymous_4)
FN:212,(anonymous_5)
FN:215,(anonymous_6)
FN:222,(anonymous_7)
FN:226,(anonymous_8)
FN:234,(anonymous_9)
FN:237,(anonymous_10)
FN:246,(anonymous_11)
FN:256,(anonymous_12)
FN:257,(anonymous_13)
FN:358,(anonymous_14)
FN:365,(anonymous_15)
FN:446,(anonymous_16)
FN:456,(anonymous_17)
FNF:18
FNH:18
FNDA:81,(anonymous_0)
FNDA:184,(anonymous_1)
FNDA:3,(anonymous_2)
FNDA:108,(anonymous_3)
FNDA:117,(anonymous_4)
FNDA:60,(anonymous_5)
FNDA:61,(anonymous_6)
FNDA:37,(anonymous_7)
FNDA:37,(anonymous_8)
FNDA:21,(anonymous_9)
FNDA:22,(anonymous_10)
FNDA:12,(anonymous_11)
FNDA:35,(anonymous_12)
FNDA:15,(anonymous_13)
FNDA:1673,(anonymous_14)
FNDA:60,(anonymous_15)
FNDA:60,(anonymous_16)
FNDA:63,(anonymous_17)
DA:55,92
DA:56,92
DA:58,92
DA:60,92
DA:62,92
DA:63,92
DA:64,92
DA:65,92
DA:66,92
DA:72,92
DA:74,92
DA:83,92
DA:104,92
DA:131,81
DA:132,81
DA:133,66
DA:135,15
DA:139,184
DA:141,3
DA:153,108
DA:155,108
DA:162,108
DA:163,108
DA:164,108
DA:165,108
DA:166,108
DA:171,108
DA:173,108
DA:178,117
DA:179,3
DA:182,114
DA:183,114
DA:184,114
DA:189,114
DA:190,19
DA:191,19
DA:193,0
DA:196,0
DA:200,114
DA:201,120
DA:202,120
DA:205,114
DA:207,114
DA:208,3
DA:212,108
DA:213,60
DA:216,61
DA:222,108
DA:223,37
DA:224,36
DA:227,37
DA:234,108
DA:235,21
DA:238,22
DA:246,108
DA:247,12
DA:248,12
DA:249,12
DA:250,12
DA:253,108
DA:254,108
DA:255,108
DA:256,108
DA:257,108
DA:358,92
DA:363,1673
DA:365,1673
DA:366,60
DA:367,60
DA:368,60
DA:372,60
DA:378,60
DA:379,13
DA:380,13
DA:384,60
DA:385,63
DA:386,63
DA:388,63
DA:390,63
DA:399,63
DA:401,63
DA:402,63
DA:407,63
DA:414,63
DA:415,63
DA:419,0
DA:421,0
DA:424,0
DA:428,63
DA:431,56
DA:434,1673
DA:441,92
DA:442,92
DA:443,92
DA:444,92
DA:446,92
DA:449,60
DA:457,63
LF:98
LH:93
BRDA:132,0,0,66
BRDA:155,1,0,108
BRDA:155,1,1,0
BRDA:162,2,0,108
BRDA:162,2,1,86
BRDA:163,3,0,108
BRDA:163,3,1,103
BRDA:164,4,0,108
BRDA:164,4,1,91
BRDA:165,5,0,108
BRDA:165,5,1,89
BRDA:166,6,0,108
BRDA:166,6,1,89
BRDA:178,7,0,3
BRDA:189,8,0,19
BRDA:191,9,0,0
BRDA:207,10,0,3
BRDA:207,11,0,114
BRDA:207,11,1,72
BRDA:223,12,0,36
BRDA:236,13,0,7
BRDA:236,13,1,14
BRDA:255,14,0,1
BRDA:255,14,1,107
BRDA:257,15,0,15
BRDA:257,15,1,0
BRDA:368,16,0,38
BRDA:368,16,1,22
BRDA:373,17,0,60
BRDA:373,17,1,11
BRDA:379,18,0,13
BRDA:388,19,0,63
BRDA:388,19,1,43
BRDA:399,20,0,63
BRDA:399,20,1,58
BRDA:403,21,0,63
BRDA:403,21,1,1
BRDA:416,22,0,63
BRDA:416,22,1,59
BRDA:419,23,0,0
BRDA:457,24,0,63
BRDA:457,24,1,58
BRDA:457,25,0,5
BRDA:457,25,1,58
BRF:44
BRH:40
end_of_record
TN:
SF:src/ts/triggers/view-trigger.ts
FN:160,(anonymous_0)
FN:163,(anonymous_1)
FN:182,(anonymous_2)
FN:191,(anonymous_3)
FN:207,(anonymous_4)
FN:297,(anonymous_5)
FN:299,(anonymous_6)
FN:305,(anonymous_7)
FN:310,(anonymous_8)
FN:314,(anonymous_9)
FNF:10
FNH:9
FNDA:184,(anonymous_0)
FNDA:9,(anonymous_1)
FNDA:11,(anonymous_2)
FNDA:6,(anonymous_3)
FNDA:11,(anonymous_4)
FNDA:9,(anonymous_5)
FNDA:9,(anonymous_6)
FNDA:9,(anonymous_7)
FNDA:9,(anonymous_8)
FNDA:0,(anonymous_9)
DA:11,92
DA:12,92
DA:14,92
DA:18,92
DA:19,92
DA:20,92
DA:21,92
DA:22,92
DA:23,92
DA:28,92
DA:35,92
DA:36,92
DA:38,92
DA:40,92
DA:48,92
DA:157,92
DA:161,184
DA:164,9
DA:183,11
DA:185,11
DA:191,11
DA:193,11
DA:194,0
DA:197,11
DA:203,11
DA:204,11
DA:205,11
DA:207,11
DA:208,11
DA:209,0
DA:211,0
DA:213,11
DA:214,11
DA:215,11
DA:220,11
DA:221,11
DA:222,11
DA:226,0
DA:227,0
DA:231,11
DA:232,0
DA:234,11
DA:297,92
DA:298,9
DA:300,9
DA:306,9
DA:310,9
DA:314,92
DA:316,0
DA:322,0
DA:323,0
DA:324,0
DA:326,0
DA:327,0
DA:335,0
DA:336,0
DA:337,0
DA:344,0
DA:346,0
DA:350,0
LF:60
LH:42
BRDA:185,0,0,11
BRDA:185,0,1,0
BRDA:191,1,0,6
BRDA:191,1,1,0
BRDA:193,2,0,0
BRDA:203,3,0,11
BRDA:203,3,1,9
BRDA:204,4,0,11
BRDA:204,4,1,3
BRDA:208,5,0,0
BRDA:208,5,1,11
BRDA:222,6,0,0
BRDA:223,7,0,11
BRDA:223,7,1,11
BRDA:231,8,0,0
BRDA:231,8,1,11
BRDA:300,9,0,1
BRDA:300,9,1,8
BRDA:300,10,0,9
BRDA:300,10,1,2
BRDA:302,11,0,8
BRDA:302,11,1,7
BRDA:302,12,0,1
BRDA:302,12,1,7
BRDA:306,13,0,9
BRDA:306,13,1,8
BRDA:306,14,0,1
BRDA:306,14,1,8
BRDA:316,15,0,0
BRDA:316,15,1,0
BRDA:316,15,2,0
BRDA:322,16,0,0
BRDA:322,16,1,0
BRDA:326,17,0,0
BRDA:337,18,0,0
BRDA:337,18,1,0
BRDA:338,19,0,0
BRDA:338,19,1,0
BRDA:338,19,2,0
BRDA:338,19,3,0
BRF:40
BRH:22
end_of_record
TN:
SF:src/ts/utils/animations.ts
FN:34,(anonymous_0)
FN:67,(anonymous_1)
FNF:2
FNH:2
FNDA:24,(anonymous_0)
FNDA:9,(anonymous_1)
DA:5,92
DA:6,92
DA:8,92
DA:13,92
DA:34,92
DA:67,92
DA:68,9
DA:76,9
DA:78,9
LF:9
LH:9
BRDA:38,0,0,0
BRF:1
BRH:0
end_of_record
TN:
SF:src/ts/utils/css-alter.ts
FN:46,(anonymous_0)
FN:114,(anonymous_1)
FN:161,(anonymous_2)
FN:172,(anonymous_3)
FN:182,(anonymous_4)
FN:193,(anonymous_5)
FN:205,(anonymous_6)
FN:216,(anonymous_7)
FN:226,(anonymous_8)
FN:237,(anonymous_9)
FN:248,(anonymous_10)
FN:261,(anonymous_11)
FN:274,(anonymous_12)
FN:285,(anonymous_13)
FN:295,(anonymous_14)
FN:303,(anonymous_15)
FN:311,(anonymous_16)
FN:319,(anonymous_17)
FN:327,(anonymous_18)
FN:328,(anonymous_19)
FN:335,(anonymous_20)
FN:343,(anonymous_21)
FN:344,(anonymous_22)
FN:353,(anonymous_23)
FN:364,(anonymous_24)
FN:365,(anonymous_25)
FN:377,(anonymous_26)
FN:390,(anonymous_27)
FN:409,(anonymous_28)
FN:417,(anonymous_29)
FN:418,(anonymous_30)
FN:428,(anonymous_31)
FN:442,(anonymous_32)
FN:443,(anonymous_33)
FN:459,(anonymous_34)
FN:473,(anonymous_35)
FN:474,(anonymous_36)
FN:490,(anonymous_37)
FN:498,(anonymous_38)
FN:499,(anonymous_39)
FN:507,(anonymous_40)
FN:515,(anonymous_41)
FN:516,(anonymous_42)
FN:524,(anonymous_43)
FN:532,(anonymous_44)
FN:533,(anonymous_45)
FN:540,(anonymous_46)
FN:551,(anonymous_47)
FN:552,(anonymous_48)
FN:559,(anonymous_49)
FN:567,(anonymous_50)
FN:568,(anonymous_51)
FN:576,(anonymous_52)
FN:580,(anonymous_53)
FN:596,(anonymous_54)
FN:610,(anonymous_55)
FN:616,(anonymous_56)
FN:622,(anonymous_57)
FN:663,(anonymous_58)
FN:731,(anonymous_59)
FN:745,(anonymous_60)
FN:754,(anonymous_61)
FN:758,(anonymous_62)
FN:761,(anonymous_63)
FNF:64
FNH:60
FNDA:185,(anonymous_0)
FNDA:187,(anonymous_1)
FNDA:5,(anonymous_2)
FNDA:16,(anonymous_3)
FNDA:5,(anonymous_4)
FNDA:46,(anonymous_5)
FNDA:3,(anonymous_6)
FNDA:26,(anonymous_7)
FNDA:3,(anonymous_8)
FNDA:85,(anonymous_9)
FNDA:2,(anonymous_10)
FNDA:6,(anonymous_11)
FNDA:2,(anonymous_12)
FNDA:6,(anonymous_13)
FNDA:108,(anonymous_14)
FNDA:35,(anonymous_15)
FNDA:654,(anonymous_16)
FNDA:2013,(anonymous_17)
FNDA:1482,(anonymous_18)
FNDA:1478,(anonymous_19)
FNDA:489,(anonymous_20)
FNDA:133,(anonymous_21)
FNDA:125,(anonymous_22)
FNDA:8,(anonymous_23)
FNDA:8,(anonymous_24)
FNDA:8,(anonymous_25)
FNDA:3560,(anonymous_26)
FNDA:10,(anonymous_27)
FNDA:1255,(anonymous_28)
FNDA:1129,(anonymous_29)
FNDA:1129,(anonymous_30)
FNDA:1137,(anonymous_31)
FNDA:1010,(anonymous_32)
FNDA:1010,(anonymous_33)
FNDA:443,(anonymous_34)
FNDA:336,(anonymous_35)
FNDA:336,(anonymous_36)
FNDA:305,(anonymous_37)
FNDA:245,(anonymous_38)
FNDA:245,(anonymous_39)
FNDA:289,(anonymous_40)
FNDA:301,(anonymous_41)
FNDA:289,(anonymous_42)
FNDA:0,(anonymous_43)
FNDA:0,(anonymous_44)
FNDA:0,(anonymous_45)
FNDA:1318,(anonymous_46)
FNDA:857,(anonymous_47)
FNDA:844,(anonymous_48)
FNDA:102,(anonymous_49)
FNDA:84,(anonymous_50)
FNDA:84,(anonymous_51)
FNDA:132,(anonymous_52)
FNDA:1,(anonymous_53)
FNDA:249,(anonymous_54)
FNDA:21,(anonymous_55)
FNDA:13,(anonymous_56)
FNDA:0,(anonymous_57)
FNDA:108,(anonymous_58)
FNDA:185,(anonymous_59)
FNDA:187,(anonymous_60)
FNDA:174,(anonymous_61)
FNDA:169,(anonymous_62)
FNDA:184,(anonymous_63)
DA:19,92
DA:20,92
DA:24,92
DA:29,92
DA:30,92
DA:31,92
DA:32,92
DA:46,92
DA:51,185
DA:54,185
DA:55,185
DA:56,59
DA:57,59
DA:60,185
DA:61,143
DA:62,143
DA:65,185
DA:114,92
DA:120,187
DA:122,187
DA:123,56
DA:126,184
DA:127,184
DA:129,15
DA:132,169
DA:133,169
DA:135,169
DA:136,42
DA:141,127
DA:142,127
DA:143,127
DA:146,127
DA:161,92
DA:162,5
DA:172,92
DA:173,16
DA:182,92
DA:183,5
DA:193,92
DA:194,46
DA:205,92
DA:206,3
DA:216,92
DA:217,26
DA:226,92
DA:227,3
DA:237,92
DA:238,85
DA:248,92
DA:249,2
DA:261,92
DA:262,6
DA:274,92
DA:275,2
DA:285,92
DA:286,6
DA:295,92
DA:296,108
DA:303,92
DA:304,35
DA:311,92
DA:312,654
DA:319,92
DA:320,2013
DA:327,92
DA:328,1482
DA:335,92
DA:336,489
DA:343,92
DA:344,133
DA:353,92
DA:357,8
DA:364,92
DA:365,8
DA:377,92
DA:378,3560
DA:390,92
DA:391,10
DA:392,10
DA:399,92
DA:409,92
DA:410,1255
DA:417,92
DA:418,1129
DA:428,92
DA:429,1137
DA:435,92
DA:442,92
DA:443,1010
DA:449,92
DA:459,92
DA:460,443
DA:466,92
DA:473,92
DA:474,336
DA:480,92
DA:490,92
DA:491,305
DA:498,92
DA:499,245
DA:507,92
DA:508,289
DA:515,92
DA:516,301
DA:524,92
DA:525,0
DA:532,92
DA:533,0
DA:540,92
DA:544,1318
DA:551,92
DA:552,857
DA:559,92
DA:560,102
DA:567,92
DA:568,84
DA:576,92
DA:577,132
DA:579,132
DA:581,1
DA:583,1
DA:584,0
DA:587,1
DA:596,92
DA:597,249
DA:598,249
DA:599,33
DA:602,246
DA:603,246
DA:610,92
DA:616,92
DA:622,92
DA:627,0
DA:628,0
DA:631,0
DA:632,0
DA:634,0
DA:635,0
DA:636,0
DA:640,0
DA:641,0
DA:642,0
DA:643,0
DA:644,0
DA:648,0
DA:649,0
DA:652,0
DA:663,92
DA:673,108
DA:674,0
DA:677,108
DA:679,108
DA:680,108
DA:681,368
DA:682,368
DA:686,368
DA:687,84
DA:689,284
DA:691,284
DA:693,284
DA:694,0
DA:696,0
DA:699,284
DA:702,368
DA:703,84
DA:705,284
DA:724,92
DA:726,92
DA:731,92
DA:732,185
DA:733,185
DA:734,16
DA:737,169
DA:738,338
DA:739,338
DA:740,174
DA:745,92
DA:746,187
DA:747,187
DA:748,75
DA:749,75
DA:752,187
DA:753,187
DA:755,174
DA:756,174
DA:759,169
DA:762,184
DA:766,187
LF:188
LH:167
BRDA:55,0,0,59
BRDA:60,1,0,143
BRDA:118,2,0,0
BRDA:122,3,0,56
BRDA:127,4,0,15
BRDA:135,5,0,42
BRDA:142,6,0,127
BRDA:172,7,0,13
BRDA:193,8,0,43
BRDA:216,9,0,23
BRDA:237,10,0,19
BRDA:249,11,0,1
BRDA:249,11,1,1
BRDA:261,12,0,6
BRDA:262,13,0,3
BRDA:262,13,1,3
BRDA:275,14,0,1
BRDA:275,14,1,1
BRDA:285,15,0,6
BRDA:286,16,0,3
BRDA:286,16,1,3
BRDA:392,17,0,10
BRDA:392,17,1,10
BRDA:428,18,0,91
BRDA:442,19,0,279
BRDA:581,20,0,1
BRDA:581,20,1,0
BRDA:583,21,0,0
BRDA:596,22,0,216
BRDA:598,23,0,33
BRDA:627,24,0,0
BRDA:627,25,0,0
BRDA:627,25,1,0
BRDA:634,26,0,0
BRDA:643,27,0,0
BRDA:666,28,0,0
BRDA:673,29,0,0
BRDA:679,30,0,108
BRDA:679,30,1,69
BRDA:686,31,0,84
BRDA:686,31,1,284
BRDA:691,32,0,284
BRDA:691,32,1,148
BRDA:691,33,0,8
BRDA:691,33,1,140
BRDA:691,34,0,148
BRDA:691,34,1,54
BRDA:693,35,0,0
BRDA:696,36,0,0
BRDA:696,36,1,0
BRDA:702,37,0,84
BRDA:702,37,1,284
BRDA:705,38,0,284
BRDA:705,38,1,273
BRDA:733,39,0,16
BRDA:739,40,0,174
BRDA:747,41,0,75
BRF:57
BRH:44
end_of_record
TN:
SF:src/ts/utils/directions.ts
FN:31,(anonymous_0)
FN:65,(anonymous_1)
FN:105,(anonymous_2)
FN:141,(anonymous_3)
FN:182,(anonymous_4)
FN:191,(anonymous_5)
FN:199,(anonymous_6)
FN:207,(anonymous_7)
FNF:8
FNH:8
FNDA:318,(anonymous_0)
FNDA:474,(anonymous_1)
FNDA:41,(anonymous_2)
FNDA:27,(anonymous_3)
FNDA:82,(anonymous_4)
FNDA:7,(anonymous_5)
FNDA:157,(anonymous_6)
FNDA:13,(anonymous_7)
DA:5,92
DA:6,92
DA:18,92
DA:19,92
DA:31,92
DA:35,318
DA:36,192
DA:39,126
DA:40,26
DA:43,100
DA:44,39
DA:46,61
DA:65,92
DA:69,474
DA:71,474
DA:72,37
DA:73,437
DA:74,61
DA:75,376
DA:76,126
DA:77,250
DA:78,61
DA:79,189
DA:80,120
DA:83,69
DA:105,92
DA:108,41
DA:109,2
DA:112,39
DA:141,92
DA:144,27
DA:150,21
DA:151,2
DA:154,19
DA:155,19
DA:156,31
DA:157,31
DA:162,17
DA:166,19
DA:167,4
DA:168,16
DA:169,6
DA:174,19
DA:182,92
DA:184,82
DA:191,92
DA:192,7
DA:199,92
DA:200,157
DA:207,92
DA:210,13
DA:216,92
DA:227,92
DA:233,92
DA:243,92
DA:252,92
LF:56
LH:56
BRDA:35,0,0,192
BRDA:35,1,0,318
BRDA:35,1,1,217
BRDA:39,2,0,26
BRDA:43,3,0,39
BRDA:44,4,0,19
BRDA:44,4,1,20
BRDA:46,5,0,20
BRDA:46,5,1,41
BRDA:67,6,0,37
BRDA:71,7,0,37
BRDA:71,7,1,437
BRDA:73,8,0,61
BRDA:73,8,1,376
BRDA:75,9,0,126
BRDA:75,9,1,250
BRDA:77,10,0,61
BRDA:77,10,1,189
BRDA:79,11,0,120
BRDA:108,12,0,2
BRDA:150,13,0,2
BRDA:157,14,0,17
BRDA:158,15,0,31
BRDA:158,15,1,31
BRDA:158,15,2,31
BRDA:166,16,0,4
BRDA:168,17,0,6
BRF:27
BRH:27
end_of_record
TN:
SF:src/ts/utils/dom-alter.ts
FN:43,(anonymous_0)
FN:74,(anonymous_1)
FN:80,(anonymous_2)
FN:90,(anonymous_3)
FN:113,(anonymous_4)
FN:119,(anonymous_5)
FN:130,(anonymous_6)
FN:159,(anonymous_7)
FN:166,(anonymous_8)
FN:179,(anonymous_9)
FN:197,(anonymous_10)
FN:204,(anonymous_11)
FN:215,(anonymous_12)
FN:239,(anonymous_13)
FN:246,(anonymous_14)
FN:266,(anonymous_15)
FN:299,(anonymous_16)
FN:306,(anonymous_17)
FN:317,(anonymous_18)
FN:332,(anonymous_19)
FN:346,(anonymous_20)
FN:370,(anonymous_21)
FN:390,(anonymous_22)
FN:422,(anonymous_23)
FN:425,(anonymous_24)
FN:433,(anonymous_25)
FN:446,(anonymous_26)
FN:455,(anonymous_27)
FN:459,(anonymous_28)
FN:468,(anonymous_29)
FN:490,(anonymous_30)
FNF:31
FNH:27
FNDA:92,(anonymous_0)
FNDA:23,(anonymous_1)
FNDA:23,(anonymous_2)
FNDA:14,(anonymous_3)
FNDA:4,(anonymous_4)
FNDA:4,(anonymous_5)
FNDA:53,(anonymous_6)
FNDA:6,(anonymous_7)
FNDA:6,(anonymous_8)
FNDA:9,(anonymous_9)
FNDA:5,(anonymous_10)
FNDA:5,(anonymous_11)
FNDA:20,(anonymous_12)
FNDA:3,(anonymous_13)
FNDA:3,(anonymous_14)
FNDA:384,(anonymous_15)
FNDA:199,(anonymous_16)
FNDA:199,(anonymous_17)
FNDA:25,(anonymous_18)
FNDA:53,(anonymous_19)
FNDA:10,(anonymous_20)
FNDA:0,(anonymous_21)
FNDA:0,(anonymous_22)
FNDA:0,(anonymous_23)
FNDA:0,(anonymous_24)
FNDA:283,(anonymous_25)
FNDA:975,(anonymous_26)
FNDA:251,(anonymous_27)
FNDA:233,(anonymous_28)
FNDA:10,(anonymous_29)
FNDA:106,(anonymous_30)
DA:13,92
DA:14,92
DA:16,92
DA:23,92
DA:24,92
DA:25,92
DA:43,92
DA:50,92
DA:52,92
DA:53,18
DA:58,18
DA:63,92
DA:64,92
DA:66,92
DA:74,92
DA:80,23
DA:90,92
DA:97,14
DA:99,14
DA:100,14
DA:105,14
DA:113,92
DA:119,4
DA:130,92
DA:137,53
DA:138,31
DA:144,31
DA:151,53
DA:159,92
DA:166,6
DA:167,6
DA:179,92
DA:186,9
DA:187,9
DA:188,9
DA:189,9
DA:197,92
DA:204,5
DA:215,92
DA:222,20
DA:223,16
DA:224,20
DA:231,20
DA:239,92
DA:246,3
DA:247,3
DA:266,92
DA:274,384
DA:275,384
DA:276,384
DA:277,55
DA:280,384
DA:281,148
DA:287,384
DA:288,344
DA:290,40
DA:299,92
DA:306,199
DA:317,92
DA:324,25
DA:325,23
DA:332,92
DA:333,53
DA:334,53
DA:335,52
DA:336,52
DA:339,53
DA:346,92
DA:347,10
DA:350,10
DA:351,10
DA:357,0
DA:359,10
DA:360,10
DA:363,10
DA:370,92
DA:371,0
DA:372,0
DA:373,0
DA:390,92
DA:394,0
DA:395,0
DA:397,0
DA:404,0
DA:405,0
DA:407,0
DA:413,0
DA:422,92
DA:425,0
DA:433,92
DA:437,283
DA:446,92
DA:449,975
DA:455,92
DA:459,251
DA:460,233
DA:468,92
DA:474,10
DA:475,10
DA:476,10
DA:477,10
DA:478,10
DA:483,92
DA:485,92
DA:490,92
DA:494,106
DA:495,22
DA:498,84
DA:499,84
DA:500,80
DA:501,2
DA:503,78
DA:507,84
LF:113
LH:101
BRDA:52,0,0,18
BRDA:137,1,0,31
BRDA:222,2,0,16
BRDA:274,3,0,384
BRDA:274,3,1,40
BRDA:275,4,0,384
BRDA:275,4,1,313
BRDA:276,5,0,55
BRDA:276,6,0,384
BRDA:276,6,1,334
BRDA:280,7,0,148
BRDA:287,8,0,344
BRDA:287,8,1,40
BRDA:319,9,0,3
BRDA:332,10,0,0
BRDA:334,11,0,52
BRDA:351,12,0,0
BRDA:351,12,1,10
BRDA:352,13,0,10
BRDA:352,13,1,0
BRDA:352,13,2,0
BRDA:392,14,0,0
BRDA:408,15,0,0
BRDA:408,15,1,0
BRDA:424,16,0,0
BRDA:438,17,0,283
BRDA:438,17,1,124
BRDA:439,18,0,283
BRDA:439,18,1,37
BRDA:449,19,0,975
BRDA:449,19,1,716
BRDA:471,20,0,10
BRDA:472,21,0,10
BRDA:494,22,0,22
BRDA:499,23,0,80
BRDA:500,24,0,2
BRDA:500,24,1,78
BRF:37
BRH:29
end_of_record
TN:
SF:src/ts/utils/dom-events.ts
FN:26,(anonymous_0)
FN:37,(anonymous_1)
FN:38,(anonymous_2)
FN:52,(anonymous_3)
FN:62,(anonymous_4)
FN:92,(anonymous_5)
FN:95,(anonymous_6)
FN:100,(anonymous_7)
FN:100,(anonymous_8)
FN:106,(anonymous_9)
FN:120,(anonymous_10)
FN:121,(anonymous_11)
FN:128,(anonymous_12)
FN:139,(anonymous_13)
FN:140,(anonymous_14)
FN:146,(anonymous_15)
FN:162,(anonymous_16)
FN:163,(anonymous_17)
FN:169,(anonymous_18)
FN:174,(anonymous_19)
FN:184,(anonymous_20)
FN:198,(anonymous_21)
FNF:22
FNH:18
FNDA:227,(anonymous_0)
FNDA:227,(anonymous_1)
FNDA:231,(anonymous_2)
FNDA:0,(anonymous_3)
FNDA:4,(anonymous_4)
FNDA:92,(anonymous_5)
FNDA:92,(anonymous_6)
FNDA:93,(anonymous_7)
FNDA:92,(anonymous_8)
FNDA:92,(anonymous_9)
FNDA:2810,(anonymous_10)
FNDA:2810,(anonymous_11)
FNDA:0,(anonymous_12)
FNDA:93,(anonymous_13)
FNDA:93,(anonymous_14)
FNDA:0,(anonymous_15)
FNDA:127,(anonymous_16)
FNDA:127,(anonymous_17)
FNDA:93,(anonymous_18)
FNDA:93,(anonymous_19)
FNDA:0,(anonymous_20)
FNDA:8,(anonymous_21)
DA:5,92
DA:7,92
DA:26,92
DA:33,227
DA:38,227
DA:39,231
DA:40,231
DA:41,227
DA:42,227
DA:44,4
DA:47,227
DA:48,223
DA:51,4
DA:52,0
DA:53,0
DA:58,0
DA:62,4
DA:63,4
DA:64,4
DA:68,4
DA:92,92
DA:95,92
DA:96,92
DA:100,93
DA:101,92
DA:102,91
DA:106,92
DA:107,92
DA:108,92
DA:120,92
DA:121,2810
DA:122,2810
DA:123,2810
DA:124,2810
DA:125,2810
DA:128,0
DA:139,92
DA:140,93
DA:141,93
DA:142,93
DA:143,93
DA:146,0
DA:147,0
DA:148,0
DA:162,92
DA:163,127
DA:164,127
DA:165,34
DA:166,34
DA:169,93
DA:172,93
DA:174,93
DA:175,93
DA:176,93
DA:177,93
DA:178,93
DA:180,93
DA:183,93
DA:184,93
DA:185,0
DA:189,93
DA:198,92
DA:202,92
DA:203,92
DA:205,92
DA:207,92
DA:208,0
DA:210,92
LF:68
LH:59
BRDA:40,0,0,227
BRDA:47,1,0,223
BRDA:51,2,0,0
BRDA:63,3,0,4
BRDA:100,4,0,93
BRDA:100,4,1,92
BRDA:101,5,0,91
BRDA:123,6,0,2810
BRDA:123,7,0,2810
BRDA:123,7,1,2810
BRDA:141,8,0,93
BRDA:147,9,0,0
BRDA:164,10,0,34
BRDA:176,11,0,93
BRDA:183,12,0,93
BRDA:207,13,0,0
BRDA:207,13,1,92
BRF:17
BRH:14
end_of_record
TN:
SF:src/ts/utils/dom-optimize.ts
FN:40,(anonymous_0)
FN:41,(anonymous_1)
FN:51,(anonymous_2)
FN:52,(anonymous_3)
FN:62,(anonymous_4)
FN:71,(anonymous_5)
FN:83,(anonymous_6)
FN:91,(anonymous_7)
FN:110,(anonymous_8)
FN:126,(anonymous_9)
FNF:10
FNH:10
FNDA:7621,(anonymous_0)
FNDA:7621,(anonymous_1)
FNDA:2672,(anonymous_2)
FNDA:2672,(anonymous_3)
FNDA:247,(anonymous_4)
FNDA:1,(anonymous_5)
FNDA:10293,(anonymous_6)
FNDA:3376,(anonymous_7)
FNDA:3363,(anonymous_8)
FNDA:5001,(anonymous_9)
DA:30,92
DA:32,92
DA:33,92
DA:40,92
DA:41,7621
DA:42,7621
DA:51,92
DA:52,2672
DA:53,2672
DA:62,92
DA:63,247
DA:71,92
DA:72,1
DA:79,92
DA:80,92
DA:81,92
DA:83,92
DA:84,10293
DA:85,10293
DA:86,1479
DA:87,1479
DA:91,92
DA:98,3376
DA:99,2762
DA:101,2762
DA:110,3376
DA:111,3363
DA:112,2239
DA:114,2239
DA:117,3363
DA:119,1901
DA:121,1462
DA:126,92
DA:128,5001
DA:129,10254
DA:130,10254
LF:36
LH:36
BRDA:85,0,0,1479
BRDA:117,1,0,1901
BRDA:117,1,1,1462
BRF:3
BRH:3
end_of_record
TN:
SF:src/ts/utils/dom-query.ts
FN:15,(anonymous_0)
FN:16,(anonymous_1)
FN:24,(anonymous_2)
FN:33,(anonymous_3)
FN:41,(anonymous_4)
FNF:5
FNH:5
FNDA:81,(anonymous_0)
FNDA:222,(anonymous_1)
FNDA:222,(anonymous_2)
FNDA:96,(anonymous_3)
FNDA:108,(anonymous_4)
DA:5,92
DA:15,92
DA:16,222
DA:24,92
DA:25,222
DA:33,92
DA:34,96
DA:41,92
DA:42,108
DA:49,92
LF:10
LH:10
BRDA:42,0,0,108
BRDA:42,0,1,0
BRDA:42,0,2,0
BRDA:42,0,3,0
BRF:4
BRH:1
end_of_record
TN:
SF:src/ts/utils/dom-search.ts
FN:63,(anonymous_0)
FN:81,(anonymous_1)
FN:140,(anonymous_2)
FN:144,(anonymous_3)
FN:151,(anonymous_4)
FN:155,(anonymous_5)
FN:158,(anonymous_6)
FN:163,(anonymous_7)
FN:168,(anonymous_8)
FN:171,(anonymous_9)
FN:174,(anonymous_10)
FNF:11
FNH:11
FNDA:285,(anonymous_0)
FNDA:760,(anonymous_1)
FNDA:15,(anonymous_2)
FNDA:15,(anonymous_3)
FNDA:113,(anonymous_4)
FNDA:43,(anonymous_5)
FNDA:43,(anonymous_6)
FNDA:134,(anonymous_7)
FNDA:43,(anonymous_8)
FNDA:43,(anonymous_9)
FNDA:86,(anonymous_10)
DA:9,92
DA:11,92
DA:12,92
DA:13,92
DA:63,92
DA:67,285
DA:68,1
DA:71,284
DA:73,32
DA:74,32
DA:75,1
DA:77,31
DA:80,252
DA:81,760
DA:84,252
DA:85,2
DA:88,250
DA:89,250
DA:90,250
DA:93,250
DA:94,5
DA:96,245
DA:97,85
DA:100,245
DA:101,30
DA:104,215
DA:108,220
DA:109,43
DA:110,177
DA:111,43
DA:113,134
DA:114,48
DA:115,86
DA:116,43
DA:117,43
DA:118,43
DA:127,220
DA:128,51
DA:131,169
DA:140,92
DA:144,15
DA:148,92
DA:149,92
DA:151,92
DA:153,113
DA:155,92
DA:156,43
DA:158,92
DA:159,43
DA:160,43
DA:163,92
DA:166,134
DA:168,92
DA:169,43
DA:171,92
DA:172,43
DA:174,92
DA:179,86
DA:181,86
DA:182,16
DA:185,70
DA:186,70
DA:187,0
DA:190,70
DA:191,70
DA:192,70
DA:193,170
DA:204,170
DA:205,64
DA:206,64
DA:210,70
LF:71
LH:70
BRDA:67,0,0,1
BRDA:71,1,0,32
BRDA:74,2,0,1
BRDA:81,3,0,760
BRDA:81,3,1,755
BRDA:81,3,2,595
BRDA:84,4,0,2
BRDA:93,5,0,5
BRDA:93,5,1,245
BRDA:96,6,0,85
BRDA:97,7,0,85
BRDA:97,7,1,30
BRDA:100,8,0,30
BRDA:108,9,0,43
BRDA:108,9,1,177
BRDA:110,10,0,43
BRDA:110,10,1,134
BRDA:113,11,0,48
BRDA:113,11,1,86
BRDA:115,12,0,43
BRDA:115,12,1,43
BRDA:117,13,0,43
BRDA:117,13,1,0
BRDA:127,14,0,51
BRDA:143,15,0,15
BRDA:160,16,0,43
BRDA:160,16,1,43
BRDA:160,16,2,1
BRDA:179,17,0,86
BRDA:179,17,1,32
BRDA:181,18,0,16
BRDA:186,19,0,0
BRDA:191,20,0,35
BRDA:191,20,1,35
BRDA:204,21,0,64
BRDA:204,22,0,170
BRDA:204,22,1,126
BRDA:205,23,0,32
BRDA:205,23,1,32
BRDA:205,24,0,10
BRDA:205,24,1,22
BRDA:210,25,0,70
BRDA:210,25,1,17
BRF:43
BRH:41
end_of_record
TN:
SF:src/ts/utils/dom.ts
FN:18,(anonymous_0)
FN:27,(anonymous_1)
FNF:2
FNH:2
FNDA:15,(anonymous_0)
FNDA:11,(anonymous_1)
DA:5,92
DA:9,92
DA:11,92
DA:18,92
DA:20,15
DA:27,92
DA:28,11
DA:34,92
LF:8
LH:8
BRF:0
BRH:0
end_of_record
TN:
SF:src/ts/utils/event.ts
FN:19,(anonymous_0)
FN:42,(anonymous_1)
FN:67,(anonymous_2)
FN:98,(anonymous_3)
FN:120,(anonymous_4)
FN:131,(anonymous_5)
FN:142,(anonymous_6)
FN:165,(anonymous_7)
FN:175,(anonymous_8)
FN:216,(anonymous_9)
FN:230,(anonymous_10)
FN:248,(anonymous_11)
FN:262,(anonymous_12)
FN:276,(anonymous_13)
FN:291,(anonymous_14)
FNF:15
FNH:14
FNDA:2,(anonymous_0)
FNDA:3343,(anonymous_1)
FNDA:2,(anonymous_2)
FNDA:1194,(anonymous_3)
FNDA:354,(anonymous_4)
FNDA:57,(anonymous_5)
FNDA:7843,(anonymous_6)
FNDA:204,(anonymous_7)
FNDA:0,(anonymous_8)
FNDA:3216,(anonymous_9)
FNDA:8646,(anonymous_10)
FNDA:4537,(anonymous_11)
FNDA:890,(anonymous_12)
FNDA:3219,(anonymous_13)
FNDA:4537,(anonymous_14)
DA:5,92
DA:6,92
DA:8,92
DA:9,92
DA:11,92
DA:19,92
DA:23,2
DA:24,2
DA:26,0
DA:42,92
DA:48,3343
DA:49,3343
DA:51,124
DA:54,3219
DA:55,3219
DA:59,3219
DA:60,3219
DA:61,3213
DA:62,5
DA:65,3213
DA:67,2
DA:68,2
DA:69,2
DA:74,3219
DA:79,3219
DA:80,3219
DA:98,92
DA:104,1194
DA:105,1194
DA:107,1194
DA:108,304
DA:111,890
DA:112,890
DA:113,890
DA:120,92
DA:121,354
DA:122,354
DA:123,354
DA:131,92
DA:132,57
DA:133,57
DA:134,57
DA:142,92
DA:143,7843
DA:145,7801
DA:148,42
DA:160,42
DA:162,42
DA:163,168
DA:164,168
DA:166,204
DA:167,204
DA:168,41
DA:170,163
DA:175,42
DA:176,42
DA:177,42
DA:178,42
DA:179,41
DA:184,41
DA:189,42
DA:191,42
DA:192,42
DA:204,92
DA:216,3216
DA:230,92
DA:233,8646
DA:239,8646
DA:240,24
DA:241,8622
DA:242,8622
DA:245,8646
DA:248,92
DA:254,4537
DA:255,4537
DA:262,92
DA:268,890
DA:269,890
DA:273,890
DA:276,92
DA:283,3219
DA:284,3219
DA:291,92
DA:292,4537
DA:293,4537
DA:296,1259
DA:299,3278
LF:87
LH:86
BRDA:23,0,0,2
BRDA:23,0,1,0
BRDA:24,1,0,2
BRDA:24,1,1,0
BRDA:26,2,0,0
BRDA:26,2,1,0
BRDA:46,3,0,1601
BRDA:49,4,0,124
BRDA:60,5,0,3213
BRDA:61,6,0,5
BRDA:62,7,0,5
BRDA:62,7,1,4
BRDA:65,8,0,2
BRDA:65,9,0,3213
BRDA:65,9,1,7
BRDA:102,10,0,639
BRDA:107,11,0,304
BRDA:122,12,0,354
BRDA:133,13,0,57
BRDA:143,14,0,7801
BRDA:167,15,0,41
BRDA:239,16,0,24
BRDA:239,16,1,8622
BRDA:239,17,0,8646
BRDA:239,17,1,8643
BRDA:241,18,0,8622
BRDA:293,19,0,1259
BRDA:293,20,0,4537
BRDA:293,20,1,1259
BRF:29
BRH:25
end_of_record
TN:
SF:src/ts/utils/gesture-key.ts
FN:78,(anonymous_0)
FN:93,(anonymous_1)
FN:94,(anonymous_2)
FN:95,(anonymous_3)
FN:96,(anonymous_4)
FNF:5
FNH:5
FNDA:131,(anonymous_0)
FNDA:655,(anonymous_1)
FNDA:785,(anonymous_2)
FNDA:320,(anonymous_3)
FNDA:320,(anonymous_4)
DA:5,92
DA:6,92
DA:8,92
DA:12,92
DA:14,92
DA:78,92
DA:85,131
DA:86,33
DA:89,131
DA:90,131
DA:91,131
DA:93,655
DA:94,785
DA:95,320
DA:96,320
DA:97,131
DA:98,131
DA:100,131
DA:101,131
DA:102,131
DA:103,131
DA:104,131
DA:106,131
DA:107,166
DA:108,6
DA:111,160
DA:130,160
DA:131,160
DA:133,6
DA:136,154
DA:137,154
DA:139,154
DA:140,154
DA:141,154
DA:143,154
DA:144,123
DA:145,31
DA:147,2
DA:151,131
DA:152,8
DA:153,123
DA:154,2
DA:155,121
DA:156,33
DA:158,88
DA:164,123
DA:180,92
DA:181,92
DA:182,92
DA:183,92
DA:184,92
DA:185,92
DA:186,92
DA:187,92
DA:188,92
DA:189,92
DA:191,92
DA:193,92
LF:58
LH:58
BRDA:85,0,0,33
BRDA:91,1,0,131
BRDA:91,1,1,130
BRDA:107,2,0,6
BRDA:107,3,0,166
BRDA:107,3,1,161
BRDA:124,4,0,15
BRDA:124,4,1,145
BRDA:126,5,0,0
BRDA:126,5,1,160
BRDA:130,6,0,160
BRDA:130,6,1,6
BRDA:131,7,0,6
BRDA:137,8,0,42
BRDA:137,8,1,112
BRDA:143,9,0,123
BRDA:143,9,1,31
BRDA:145,10,0,2
BRDA:151,11,0,8
BRDA:151,11,1,123
BRDA:153,12,0,2
BRDA:153,12,1,121
BRDA:155,13,0,33
BRDA:155,13,1,88
BRDA:156,14,0,21
BRDA:156,14,1,12
BRDA:156,15,0,11
BRDA:156,15,1,1
BRDA:164,16,0,3
BRDA:164,16,1,120
BRF:30
BRH:29
end_of_record
TN:
SF:src/ts/utils/gesture-pointer.ts
FN:35,(anonymous_0)
FN:55,(anonymous_1)
FNF:2
FNH:2
FNDA:87,(anonymous_0)
FNDA:183,(anonymous_1)
DA:5,92
DA:6,92
DA:8,92
DA:9,92
DA:35,92
DA:41,87
DA:42,0
DA:45,87
DA:46,87
DA:50,87
DA:51,87
DA:53,87
DA:56,183
DA:57,183
DA:58,183
DA:62,145
DA:67,145
DA:69,38
DA:73,87
DA:74,87
DA:75,36
DA:78,51
DA:79,5
DA:82,46
DA:83,46
DA:84,46
DA:85,1
DA:88,45
DA:89,45
DA:90,45
DA:95,45
LF:31
LH:30
BRDA:41,0,0,0
BRDA:50,1,0,16
BRDA:50,1,1,71
BRDA:51,2,0,16
BRDA:51,2,1,71
BRDA:57,3,0,183
BRDA:57,3,1,176
BRDA:58,4,0,145
BRDA:58,5,0,183
BRDA:58,5,1,163
BRDA:63,6,0,145
BRDA:63,6,1,140
BRDA:63,6,2,11
BRDA:63,6,3,140
BRDA:63,6,4,129
BRDA:74,7,0,36
BRDA:78,8,0,5
BRDA:84,9,0,1
BRDA:95,10,0,18
BRDA:95,10,1,27
BRF:20
BRH:19
end_of_record
TN:
SF:src/ts/utils/gesture-touch.ts
FN:83,(anonymous_0)
FN:111,(anonymous_1)
FN:112,(anonymous_2)
FN:117,(anonymous_3)
FN:219,(anonymous_4)
FN:225,(anonymous_5)
FN:280,(anonymous_6)
FN:281,(anonymous_7)
FN:282,(anonymous_8)
FNF:9
FNH:9
FNDA:96,(anonymous_0)
FNDA:92,(anonymous_1)
FNDA:92,(anonymous_2)
FNDA:16,(anonymous_3)
FNDA:102,(anonymous_4)
FNDA:137,(anonymous_5)
FNDA:94,(anonymous_6)
FNDA:146,(anonymous_7)
FNDA:130,(anonymous_8)
DA:5,92
DA:6,92
DA:10,92
DA:12,92
DA:20,92
DA:83,92
DA:93,96
DA:94,0
DA:97,96
DA:99,96
DA:100,2
DA:103,94
DA:105,94
DA:107,94
DA:109,94
DA:111,94
DA:112,94
DA:113,94
DA:115,94
DA:117,16
DA:118,5
DA:121,94
DA:122,94
DA:123,94
DA:125,19
DA:126,19
DA:130,19
DA:136,10
DA:141,10
DA:146,10
DA:147,10
DA:148,10
DA:149,10
DA:153,94
DA:156,94
DA:157,94
DA:159,94
DA:161,84
DA:163,84
DA:165,65
DA:167,65
DA:172,65
DA:173,8
DA:176,57
DA:177,45
DA:178,12
DA:179,1
DA:180,1
DA:183,56
DA:187,94
DA:188,39
DA:191,39
DA:194,55
DA:219,92
DA:225,137
DA:227,102
DA:228,204
DA:229,9
DA:232,195
DA:233,2
DA:236,193
DA:237,248
DA:241,100
DA:243,100
DA:244,135
DA:245,135
DA:247,37
DA:250,98
DA:251,98
DA:252,98
DA:253,98
DA:255,98
DA:256,98
DA:258,98
DA:259,98
DA:261,98
DA:264,98
DA:275,100
DA:280,92
DA:281,146
DA:282,130
DA:283,94
DA:284,68
DA:287,26
LF:84
LH:83
BRDA:93,0,0,0
BRDA:99,1,0,2
BRDA:107,2,0,94
BRDA:107,2,1,3
BRDA:107,3,0,94
BRDA:107,3,1,39
BRDA:108,4,0,3
BRDA:108,4,1,2
BRDA:115,5,0,5
BRDA:123,6,0,19
BRDA:130,7,0,10
BRDA:131,8,0,19
BRDA:131,8,1,19
BRDA:131,8,2,19
BRDA:146,9,0,5
BRDA:146,9,1,5
BRDA:153,10,0,8
BRDA:153,10,1,86
BRDA:153,11,0,94
BRDA:153,11,1,91
BRDA:159,12,0,84
BRDA:165,13,0,3
BRDA:165,13,1,62
BRDA:172,14,0,8
BRDA:176,15,0,45
BRDA:176,15,1,12
BRDA:178,16,0,1
BRDA:187,17,0,39
BRDA:191,18,0,31
BRDA:191,18,1,8
BRDA:221,19,0,6
BRDA:228,20,0,9
BRDA:232,21,0,2
BRDA:245,22,0,37
BRDA:283,23,0,68
BRDA:283,24,0,94
BRDA:283,24,1,49
BRF:37
BRH:36
end_of_record
TN:
SF:src/ts/utils/gesture-wheel.ts
FN:59,(anonymous_0)
FNF:1
FNH:1
FNDA:318,(anonymous_0)
DA:5,92
DA:6,92
DA:10,92
DA:12,92
DA:13,92
DA:15,92
DA:59,92
DA:65,318
DA:66,41
DA:69,318
DA:70,318
DA:71,318
DA:72,318
DA:73,318
DA:75,318
DA:76,351
DA:77,5
DA:80,346
DA:81,346
DA:82,346
DA:83,346
DA:84,346
DA:85,346
DA:87,346
DA:89,79
DA:92,79
DA:93,63
DA:96,79
DA:98,79
DA:99,79
DA:100,267
DA:103,7
DA:104,7
DA:107,346
DA:108,346
DA:109,346
DA:111,346
DA:113,346
DA:114,315
DA:115,31
DA:117,2
DA:121,318
DA:122,3
DA:123,315
DA:124,2
DA:125,313
DA:126,73
DA:128,240
DA:134,315
LF:49
LH:49
BRDA:65,0,0,41
BRDA:76,1,0,5
BRDA:76,2,0,351
BRDA:76,2,1,346
BRDA:87,3,0,79
BRDA:87,3,1,267
BRDA:87,4,0,346
BRDA:87,4,1,87
BRDA:92,5,0,63
BRDA:100,6,0,7
BRDA:100,7,0,267
BRDA:100,7,1,17
BRDA:111,8,0,0
BRDA:111,8,1,346
BRDA:113,9,0,315
BRDA:113,9,1,31
BRDA:115,10,0,2
BRDA:121,11,0,3
BRDA:121,11,1,315
BRDA:123,12,0,2
BRDA:123,12,1,313
BRDA:125,13,0,73
BRDA:125,13,1,240
BRDA:126,14,0,37
BRDA:126,14,1,36
BRDA:126,15,0,33
BRDA:126,15,1,3
BRDA:134,16,0,6
BRDA:134,16,1,309
BRF:29
BRH:28
end_of_record
TN:
SF:src/ts/utils/gesture.ts
FN:46,(anonymous_0)
FN:54,(anonymous_1)
FN:63,(anonymous_2)
FN:72,(anonymous_3)
FN:79,(anonymous_4)
FNF:5
FNH:5
FNDA:35,(anonymous_0)
FNDA:143,(anonymous_1)
FNDA:13,(anonymous_2)
FNDA:13,(anonymous_3)
FNDA:871,(anonymous_4)
DA:5,92
DA:6,92
DA:10,92
DA:46,92
DA:47,35
DA:54,92
DA:55,143
DA:63,92
DA:64,13
DA:72,92
DA:73,13
DA:79,92
DA:80,871
DA:86,92
DA:97,92
DA:105,92
LF:16
LH:16
BRF:0
BRH:0
end_of_record
TN:
SF:src/ts/utils/layout.ts
FN:31,(anonymous_0)
FN:39,(anonymous_1)
FN:53,(anonymous_2)
FN:68,(anonymous_3)
FN:83,(anonymous_4)
FN:97,(anonymous_5)
FN:105,(anonymous_6)
FN:169,(anonymous_7)
FN:188,(anonymous_8)
FN:202,(anonymous_9)
FN:218,(anonymous_10)
FNF:11
FNH:11
FNDA:11,(anonymous_0)
FNDA:12,(anonymous_1)
FNDA:37,(anonymous_2)
FNDA:28,(anonymous_3)
FNDA:18,(anonymous_4)
FNDA:11,(anonymous_5)
FNDA:123,(anonymous_6)
FNDA:23,(anonymous_7)
FNDA:29,(anonymous_8)
FNDA:65,(anonymous_9)
FNDA:333,(anonymous_10)
DA:5,92
DA:7,92
DA:8,92
DA:17,92
DA:18,92
DA:20,92
DA:31,92
DA:32,11
DA:39,92
DA:41,12
DA:53,92
DA:56,37
DA:68,92
DA:71,28
DA:83,92
DA:84,18
DA:97,92
DA:99,11
DA:105,92
DA:110,123
DA:117,109
DA:118,14
DA:121,109
DA:125,92
DA:126,92
DA:128,92
DA:134,92
DA:143,92
DA:152,92
DA:157,92
DA:158,92
DA:161,92
DA:169,92
DA:174,23
DA:175,23
DA:176,100
DA:177,100
DA:178,53
DA:179,53
DA:180,53
DA:185,23
DA:188,92
DA:193,29
DA:194,27
DA:195,4
DA:198,23
DA:199,23
DA:202,92
DA:207,65
DA:208,65
DA:209,57
DA:211,8
DA:212,8
DA:214,0
DA:218,92
DA:223,333
DA:224,121
DA:226,212
DA:228,212
DA:229,175
DA:230,175
DA:231,115
DA:232,115
DA:234,115
DA:235,6
DA:238,109
DA:239,4
DA:242,105
DA:246,97
DA:247,97
DA:248,83
DA:249,59
DA:250,85
DA:254,83
LF:74
LH:73
BRDA:117,0,0,14
BRDA:177,1,0,53
BRDA:179,2,0,53
BRDA:194,3,0,4
BRDA:211,4,0,8
BRDA:223,5,0,121
BRDA:228,6,0,175
BRDA:230,7,0,115
BRDA:231,8,0,115
BRDA:231,8,1,63
BRDA:232,9,0,115
BRDA:232,9,1,63
BRDA:234,10,0,6
BRDA:234,11,0,115
BRDA:234,11,1,81
BRDA:238,12,0,4
BRDA:238,13,0,109
BRDA:238,13,1,82
BRDA:248,14,0,59
BRF:19
BRH:19
end_of_record
TN:
SF:src/ts/utils/log.ts
FN:20,(anonymous_0)
FN:32,(anonymous_1)
FN:44,(anonymous_2)
FN:54,(anonymous_3)
FNF:4
FNH:3
FNDA:0,(anonymous_0)
FNDA:13,(anonymous_1)
FNDA:8,(anonymous_2)
FNDA:20,(anonymous_3)
DA:5,92
DA:6,92
DA:10,92
DA:12,92
DA:20,92
DA:21,0
DA:22,0
DA:32,92
DA:33,13
DA:34,13
DA:44,92
DA:45,8
DA:49,5
DA:53,92
DA:54,92
DA:55,20
DA:56,20
DA:57,20
DA:58,20
LF:19
LH:17
BRDA:21,0,0,0
BRDA:33,1,0,13
BRDA:45,2,0,5
BRDA:46,3,0,8
BRDA:46,3,1,8
BRDA:46,3,2,7
BRF:6
BRH:5
end_of_record
TN:
SF:src/ts/utils/math.ts
FN:17,(anonymous_0)
FN:27,(anonymous_1)
FN:36,(anonymous_2)
FN:54,(anonymous_3)
FN:71,(anonymous_4)
FN:85,(anonymous_5)
FN:108,(anonymous_6)
FN:139,(anonymous_7)
FN:140,(anonymous_8)
FN:149,(anonymous_9)
FN:150,(anonymous_10)
FN:159,(anonymous_11)
FN:161,(anonymous_12)
FN:171,(anonymous_13)
FN:173,(anonymous_14)
FN:184,(anonymous_15)
FN:193,(anonymous_16)
FN:208,(anonymous_17)
FN:215,(anonymous_18)
FN:231,(anonymous_19)
FN:255,(anonymous_20)
FN:266,(anonymous_21)
FN:277,(anonymous_22)
FN:290,(anonymous_23)
FN:298,(anonymous_24)
FN:303,(anonymous_25)
FN:306,(anonymous_26)
FN:316,(anonymous_27)
FN:329,(anonymous_28)
FN:346,(anonymous_29)
FNF:30
FNH:30
FNDA:878,(anonymous_0)
FNDA:6410,(anonymous_1)
FNDA:4545,(anonymous_2)
FNDA:330,(anonymous_3)
FNDA:2693,(anonymous_4)
FNDA:266,(anonymous_5)
FNDA:1156,(anonymous_6)
FNDA:1602,(anonymous_7)
FNDA:4153,(anonymous_8)
FNDA:3,(anonymous_9)
FNDA:10,(anonymous_10)
FNDA:574,(anonymous_11)
FNDA:461,(anonymous_12)
FNDA:3,(anonymous_13)
FNDA:14,(anonymous_14)
FNDA:3328,(anonymous_15)
FNDA:4932,(anonymous_16)
FNDA:1566,(anonymous_17)
FNDA:7,(anonymous_18)
FNDA:1559,(anonymous_19)
FNDA:163,(anonymous_20)
FNDA:26,(anonymous_21)
FNDA:5,(anonymous_22)
FNDA:1199,(anonymous_23)
FNDA:347,(anonymous_24)
FNDA:6,(anonymous_25)
FNDA:1049,(anonymous_26)
FNDA:158,(anonymous_27)
FNDA:2,(anonymous_28)
FNDA:517,(anonymous_29)
DA:5,92
DA:6,92
DA:17,92
DA:18,878
DA:19,878
DA:27,92
DA:28,6410
DA:36,92
DA:40,4545
DA:45,4545
DA:54,92
DA:58,330
DA:59,330
DA:62,330
DA:71,92
DA:75,2693
DA:76,2693
DA:85,92
DA:89,266
DA:90,266
DA:108,92
DA:113,1156
DA:114,1156
DA:115,1156
DA:116,1156
DA:119,1156
DA:120,5
DA:121,1151
DA:122,15
DA:123,1136
DA:124,13
DA:126,1123
DA:129,1156
DA:139,92
DA:140,4153
DA:149,92
DA:150,10
DA:159,92
DA:160,574
DA:161,461
DA:171,92
DA:172,3
DA:173,14
DA:184,92
DA:185,3328
DA:193,92
DA:195,4932
DA:196,1863
DA:200,4932
DA:208,1566
DA:215,92
DA:231,92
DA:232,1559
DA:233,1559
DA:234,1559
DA:236,1559
DA:255,92
DA:259,163
DA:266,92
DA:267,26
DA:277,92
DA:278,5
DA:279,5
DA:290,92
DA:291,1199
DA:298,92
DA:302,347
DA:303,6
DA:306,1049
DA:316,92
DA:319,158
DA:329,92
DA:332,2
DA:346,92
DA:347,517
LF:75
LH:75
BRDA:17,0,0,1
BRDA:28,1,0,6410
BRDA:28,1,1,4581
BRDA:38,2,0,0
BRDA:40,3,0,135
BRDA:40,3,1,4410
BRDA:45,4,0,2760
BRDA:45,4,1,1785
BRDA:45,5,0,4545
BRDA:45,5,1,2767
BRDA:56,6,0,113
BRDA:59,7,0,9
BRDA:59,7,1,321
BRDA:62,8,0,317
BRDA:62,8,1,13
BRDA:62,9,0,330
BRDA:62,9,1,321
BRDA:73,10,0,0
BRDA:76,11,0,1006
BRDA:76,11,1,1687
BRDA:76,12,0,2693
BRDA:76,12,1,1008
BRDA:87,13,0,0
BRDA:90,14,0,5
BRDA:90,14,1,261
BRDA:90,15,0,266
BRDA:90,15,1,197
BRDA:115,16,0,1156
BRDA:115,16,1,1083
BRDA:116,17,0,1156
BRDA:116,17,1,1102
BRDA:119,18,0,5
BRDA:119,18,1,1151
BRDA:120,19,0,1
BRDA:120,19,1,4
BRDA:120,20,0,4
BRDA:120,20,1,2
BRDA:120,20,2,1
BRDA:121,21,0,15
BRDA:121,21,1,1136
BRDA:121,22,0,1151
BRDA:121,22,1,70
BRDA:122,23,0,4
BRDA:122,23,1,11
BRDA:123,24,0,13
BRDA:123,24,1,1123
BRDA:123,25,0,1136
BRDA:123,25,1,43
BRDA:124,26,0,2
BRDA:124,26,1,11
BRDA:160,27,0,514
BRDA:160,27,1,60
BRDA:172,28,0,3
BRDA:172,28,1,0
BRDA:195,29,0,6795
BRDA:195,29,1,4955
BRDA:196,30,0,1840
BRDA:196,30,1,23
BRDA:200,31,0,1464
BRDA:200,31,1,3468
BRDA:231,32,0,0
BRDA:258,33,0,0
BRDA:291,34,0,590
BRDA:291,34,1,609
BRDA:300,35,0,346
BRDA:302,36,0,1
BRDA:347,37,0,20
BRDA:347,37,1,497
BRF:68
BRH:62
end_of_record
TN:
SF:src/ts/utils/misc.ts
FN:11,(anonymous_0)
FN:14,(anonymous_1)
FN:33,(anonymous_2)
FN:54,(anonymous_3)
FN:82,(anonymous_4)
FN:87,(anonymous_5)
FN:90,(anonymous_6)
FNF:7
FNH:5
FNDA:0,(anonymous_0)
FNDA:8629,(anonymous_1)
FNDA:2576,(anonymous_2)
FNDA:42,(anonymous_3)
FNDA:0,(anonymous_4)
FNDA:257,(anonymous_5)
FNDA:76,(anonymous_6)
DA:7,92
DA:9,92
DA:11,92
DA:12,0
DA:14,92
DA:15,8629
DA:16,25892
DA:17,0
DA:20,25892
DA:21,8420
DA:22,2
DA:24,8418
DA:33,92
DA:40,2576
DA:43,2576
DA:44,7191
DA:45,4160
DA:49,2576
DA:54,92
DA:59,42
DA:60,294
DA:61,0
DA:64,294
DA:65,294
DA:67,294
DA:68,4
DA:69,2
DA:71,290
DA:72,287
DA:73,5
DA:75,3
DA:76,1
DA:79,34
DA:82,92
DA:85,0
DA:87,92
DA:88,257
DA:90,92
DA:91,76
DA:100,92
LF:40
LH:36
BRDA:12,0,0,0
BRDA:12,0,1,0
BRDA:16,1,0,0
BRDA:20,2,0,8420
BRDA:21,3,0,2
BRDA:21,3,1,8418
BRDA:21,4,0,8420
BRDA:21,4,1,2
BRDA:44,5,0,4160
BRDA:57,6,0,42
BRDA:60,7,0,0
BRDA:67,8,0,4
BRDA:67,8,1,290
BRDA:67,9,0,294
BRDA:67,9,1,4
BRDA:68,10,0,2
BRDA:71,11,0,287
BRDA:71,11,1,3
BRDA:71,12,0,290
BRDA:71,12,1,287
BRDA:72,13,0,5
BRDA:75,14,0,1
BRDA:85,15,0,0
BRDA:85,15,1,0
BRDA:88,16,0,60
BRDA:88,16,1,197
BRDA:88,17,0,68
BRDA:88,17,1,129
BRDA:91,18,0,49
BRDA:91,18,1,27
BRDA:91,19,0,76
BRDA:91,19,1,65
BRDA:91,19,2,59
BRDA:93,20,0,20
BRDA:93,20,1,7
BRDA:93,21,0,27
BRDA:93,21,1,23
BRDA:93,21,2,19
BRF:38
BRH:32
end_of_record
TN:
SF:src/ts/utils/normalize-wheel.ts
FN:157,(anonymous_0)
FNF:1
FNH:1
FNDA:346,(anonymous_0)
DA:54,92
DA:157,92
DA:158,346
DA:159,346
DA:160,346
DA:161,346
DA:163,346
DA:166,346
DA:167,346
DA:169,346
DA:170,0
DA:172,346
DA:173,0
DA:175,346
DA:176,0
DA:179,346
DA:180,0
DA:182,0
DA:183,0
DA:186,0
DA:187,0
DA:192,346
DA:193,121
DA:195,346
DA:196,276
DA:199,346
LF:26
LH:18
BRDA:166,0,0,346
BRDA:169,1,0,0
BRDA:172,2,0,0
BRDA:175,3,0,0
BRDA:179,4,0,0
BRDA:179,5,0,346
BRDA:179,5,1,225
BRDA:179,5,2,342
BRDA:180,6,0,0
BRDA:180,6,1,0
BRDA:192,7,0,121
BRDA:192,8,0,346
BRDA:192,8,1,121
BRDA:193,9,0,51
BRDA:193,9,1,70
BRDA:195,10,0,276
BRDA:195,11,0,346
BRDA:195,11,1,276
BRDA:196,12,0,130
BRDA:196,12,1,146
BRF:20
BRH:14
end_of_record
TN:
SF:src/ts/utils/overlays.ts
FN:87,(anonymous_0)
FN:106,(anonymous_1)
FN:182,(anonymous_2)
FN:186,(anonymous_3)
FN:205,(anonymous_4)
FN:221,(anonymous_5)
FN:226,(anonymous_6)
FN:254,(anonymous_7)
FN:261,(anonymous_8)
FN:270,(anonymous_9)
FNF:10
FNH:10
FNDA:2,(anonymous_0)
FNDA:1031,(anonymous_1)
FNDA:20,(anonymous_2)
FNDA:2,(anonymous_3)
FNDA:1031,(anonymous_4)
FNDA:1033,(anonymous_5)
FNDA:1033,(anonymous_6)
FNDA:2,(anonymous_7)
FNDA:1031,(anonymous_8)
FNDA:123,(anonymous_9)
DA:5,92
DA:6,92
DA:8,92
DA:10,92
DA:16,92
DA:17,92
DA:18,92
DA:19,92
DA:20,92
DA:21,92
DA:27,92
DA:87,92
DA:88,2
DA:89,2
DA:90,0
DA:93,2
DA:106,92
DA:107,1031
DA:108,1031
DA:110,1031
DA:111,1015
DA:115,1015
DA:116,908
DA:118,10
DA:120,908
DA:125,123
DA:126,123
DA:129,107
DA:131,16
DA:134,123
DA:139,123
DA:144,123
DA:145,123
DA:146,123
DA:147,1
DA:152,123
DA:153,0
DA:154,0
DA:156,0
DA:162,123
DA:164,99
DA:167,123
DA:169,123
DA:182,92
DA:183,20
DA:186,92
DA:189,2
DA:190,2
DA:191,2
DA:192,2
DA:193,0
DA:196,2
DA:205,92
DA:208,1031
DA:209,1031
DA:210,1031
DA:212,1031
DA:221,92
DA:224,1033
DA:226,92
DA:227,1033
DA:232,1033
DA:236,1027
DA:240,981
DA:243,1027
DA:247,1004
DA:251,1033
DA:254,92
DA:258,2
DA:261,92
DA:265,1031
DA:270,92
DA:271,123
DA:273,123
DA:275,123
DA:276,123
DA:277,80
DA:280,123
DA:281,123
DA:282,474
DA:285,123
LF:81
LH:76
BRDA:89,0,0,0
BRDA:93,1,0,2
BRDA:93,1,1,1
BRDA:110,2,0,1015
BRDA:115,3,0,908
BRDA:116,4,0,10
BRDA:126,5,0,107
BRDA:126,5,1,16
BRDA:135,6,0,123
BRDA:135,6,1,7
BRDA:135,7,0,123
BRDA:135,7,1,120
BRDA:140,8,0,123
BRDA:140,8,1,7
BRDA:140,9,0,123
BRDA:140,9,1,120
BRDA:146,10,0,1
BRDA:146,11,0,123
BRDA:146,11,1,123
BRDA:148,12,0,1
BRDA:148,12,1,0
BRDA:148,12,2,1
BRDA:148,12,3,1
BRDA:152,13,0,0
BRDA:153,14,0,0
BRDA:153,14,1,0
BRDA:162,15,0,99
BRDA:190,16,0,2
BRDA:190,16,1,2
BRDA:192,17,0,0
BRDA:198,18,0,2
BRDA:198,18,1,2
BRDA:209,19,0,1031
BRDA:209,19,1,159
BRDA:214,20,0,1031
BRDA:214,20,1,1015
BRDA:232,21,0,1027
BRDA:233,22,0,1033
BRDA:233,22,1,115
BRDA:236,23,0,981
BRDA:237,24,0,1027
BRDA:237,24,1,984
BRDA:243,25,0,1004
BRDA:244,26,0,1027
BRDA:244,26,1,1007
BRDA:258,27,0,2
BRDA:258,27,1,2
BRDA:259,28,0,0
BRDA:259,28,1,2
BRDA:265,29,0,1031
BRDA:265,29,1,166
BRDA:266,30,0,108
BRDA:266,30,1,58
BRF:53
BRH:46
end_of_record
TN:
SF:src/ts/utils/pointer.ts
FN:17,(anonymous_0)
FN:26,(anonymous_1)
FNF:2
FNH:2
FNDA:48,(anonymous_0)
FNDA:11,(anonymous_1)
DA:5,92
DA:6,92
DA:10,92
DA:17,92
DA:18,48
DA:26,92
DA:27,11
DA:33,92
LF:8
LH:8
BRF:0
BRH:0
end_of_record
TN:
SF:src/ts/utils/position.ts
FN:13,(anonymous_0)
FN:19,(anonymous_1)
FNF:2
FNH:0
FNDA:0,(anonymous_0)
FNDA:0,(anonymous_1)
DA:5,92
DA:6,92
DA:13,92
DA:14,0
DA:19,92
DA:22,0
DA:28,92
DA:37,92
DA:39,92
LF:9
LH:7
BRF:0
BRH:0
end_of_record
TN:
SF:src/ts/utils/scroll.ts
FN:146,(anonymous_0)
FN:192,(anonymous_1)
FN:211,(anonymous_2)
FN:235,(anonymous_3)
FN:266,(anonymous_4)
FN:285,(anonymous_5)
FN:286,(anonymous_6)
FN:296,(anonymous_7)
FN:311,(anonymous_8)
FN:314,(anonymous_9)
FN:318,(anonymous_10)
FN:343,(anonymous_11)
FN:353,(anonymous_12)
FN:360,(anonymous_13)
FN:367,(anonymous_14)
FN:374,(anonymous_15)
FN:385,(anonymous_16)
FN:396,(anonymous_17)
FN:405,(anonymous_18)
FN:415,(anonymous_19)
FN:424,(anonymous_20)
FN:434,(anonymous_21)
FN:443,(anonymous_22)
FN:451,(anonymous_23)
FN:470,(anonymous_24)
FN:479,(anonymous_25)
FN:482,(anonymous_26)
FN:497,(anonymous_27)
FN:500,(anonymous_28)
FN:522,(anonymous_29)
FN:534,(anonymous_30)
FN:540,(anonymous_31)
FN:565,(anonymous_32)
FN:570,(anonymous_33)
FN:596,(anonymous_34)
FN:634,(anonymous_35)
FN:645,(anonymous_36)
FN:697,(anonymous_37)
FN:701,(anonymous_38)
FN:710,(anonymous_39)
FN:712,(anonymous_40)
FN:716,(anonymous_41)
FNF:42
FNH:39
FNDA:490,(anonymous_0)
FNDA:3,(anonymous_1)
FNDA:28,(anonymous_2)
FNDA:32,(anonymous_3)
FNDA:64,(anonymous_4)
FNDA:3,(anonymous_5)
FNDA:2,(anonymous_6)
FNDA:2,(anonymous_7)
FNDA:1255,(anonymous_8)
FNDA:118,(anonymous_9)
FNDA:59,(anonymous_10)
FNDA:143,(anonymous_11)
FNDA:14,(anonymous_12)
FNDA:5,(anonymous_13)
FNDA:0,(anonymous_14)
FNDA:370,(anonymous_15)
FNDA:370,(anonymous_16)
FNDA:2,(anonymous_17)
FNDA:63,(anonymous_18)
FNDA:19,(anonymous_19)
FNDA:63,(anonymous_20)
FNDA:105,(anonymous_21)
FNDA:0,(anonymous_22)
FNDA:311,(anonymous_23)
FNDA:8,(anonymous_24)
FNDA:83,(anonymous_25)
FNDA:311,(anonymous_26)
FNDA:96,(anonymous_27)
FNDA:64,(anonymous_28)
FNDA:73,(anonymous_29)
FNDA:10,(anonymous_30)
FNDA:10,(anonymous_31)
FNDA:59,(anonymous_32)
FNDA:65,(anonymous_33)
FNDA:65,(anonymous_34)
FNDA:59,(anonymous_35)
FNDA:1255,(anonymous_36)
FNDA:740,(anonymous_37)
FNDA:0,(anonymous_38)
FNDA:218,(anonymous_39)
FNDA:92,(anonymous_40)
FNDA:92,(anonymous_41)
DA:5,92
DA:6,92
DA:8,92
DA:19,92
DA:20,92
DA:21,92
DA:25,92
DA:29,92
DA:30,92
DA:31,92
DA:32,92
DA:34,92
DA:146,92
DA:154,490
DA:155,490
DA:156,153
DA:162,337
DA:163,310
DA:164,310
DA:165,48
DA:169,289
DA:170,289
DA:171,289
DA:173,289
DA:174,9
DA:175,280
DA:179,27
DA:180,27
DA:181,27
DA:182,27
DA:184,253
DA:185,253
DA:187,253
DA:190,289
DA:191,14
DA:192,14
DA:193,3
DA:194,3
DA:198,289
DA:211,92
DA:220,28
DA:221,28
DA:222,36
DA:223,10
DA:227,18
DA:235,92
DA:238,32
DA:239,32
DA:240,32
DA:241,18
DA:243,14
DA:266,92
DA:270,64
DA:271,60
DA:274,60
DA:275,60
DA:276,2
DA:278,1
DA:282,59
DA:284,59
DA:285,3
DA:286,2
DA:288,59
DA:289,59
DA:291,59
DA:292,2
DA:293,4
DA:297,2
DA:303,57
DA:304,57
DA:305,114
DA:311,1255
DA:313,59
DA:314,118
DA:318,59
DA:319,59
DA:320,58
DA:323,59
DA:324,57
DA:325,114
DA:332,59
DA:334,59
DA:335,59
DA:343,92
DA:345,143
DA:353,92
DA:354,14
DA:360,92
DA:361,5
DA:367,92
DA:368,0
DA:374,92
DA:375,370
DA:385,92
DA:386,370
DA:396,92
DA:397,2
DA:405,92
DA:406,63
DA:408,63
DA:415,92
DA:416,19
DA:424,92
DA:425,63
DA:427,63
DA:434,92
DA:435,105
DA:436,105
DA:443,92
DA:445,0
DA:451,92
DA:453,311
DA:468,92
DA:470,92
DA:471,8
DA:474,92
DA:476,92
DA:478,92
DA:479,92
DA:480,83
DA:482,92
DA:486,311
DA:487,253
DA:490,58
DA:491,57
DA:494,1
DA:497,92
DA:498,96
DA:500,92
DA:504,64
DA:505,64
DA:506,60
DA:510,60
DA:522,92
DA:526,73
DA:528,73
DA:529,12
DA:530,2
DA:533,10
DA:535,10
DA:541,10
DA:549,61
DA:550,2
DA:551,2
DA:552,1
DA:555,1
DA:558,59
DA:559,1
DA:562,58
DA:565,92
DA:568,59
DA:570,59
DA:574,65
DA:575,65
DA:578,59
DA:579,59
DA:584,59
DA:585,59
DA:587,59
DA:588,6
DA:589,6
DA:592,59
DA:596,92
DA:602,65
DA:604,65
DA:605,57
DA:606,21
DA:608,36
DA:612,65
DA:613,56
DA:614,18
DA:616,38
DA:621,65
DA:622,65
DA:623,65
DA:624,65
DA:625,65
DA:626,65
DA:628,65
DA:629,65
DA:631,65
DA:634,92
DA:638,59
DA:639,59
DA:640,59
DA:643,59
DA:645,59
DA:646,1255
DA:649,1255
DA:650,1255
DA:652,1255
DA:654,5
DA:657,1250
DA:659,56
DA:663,35
DA:664,35
DA:667,21
DA:670,1215
DA:671,1194
DA:672,1194
DA:674,1194
DA:683,1194
DA:685,1194
DA:686,19
DA:690,1196
DA:691,1196
DA:694,59
DA:697,92
DA:698,740
DA:701,92
DA:702,0
DA:709,92
DA:710,92
DA:711,218
DA:712,92
DA:714,92
DA:716,92
DA:717,92
DA:723,92
DA:724,92
DA:726,92
DA:727,1
DA:733,91
DA:734,1
DA:735,90
DA:736,6
DA:741,218
DA:746,92
DA:747,92
LF:229
LH:226
BRDA:154,0,0,490
BRDA:154,0,1,106
BRDA:155,1,0,153
BRDA:157,2,0,153
BRDA:157,2,1,135
BRDA:162,3,0,310
BRDA:164,4,0,48
BRDA:169,5,0,136
BRDA:169,5,1,153
BRDA:173,6,0,9
BRDA:173,6,1,280
BRDA:175,7,0,27
BRDA:175,7,1,253
BRDA:184,8,0,122
BRDA:184,8,1,131
BRDA:190,9,0,14
BRDA:222,10,0,10
BRDA:240,11,0,18
BRDA:275,12,0,2
BRDA:276,13,0,1
BRDA:284,14,0,3
BRDA:284,14,1,56
BRDA:291,15,0,2
BRDA:291,15,1,57
BRDA:319,16,0,58
BRDA:323,17,0,57
BRDA:375,18,0,0
BRDA:375,18,1,370
BRDA:386,19,0,0
BRDA:386,19,1,370
BRDA:397,20,0,2
BRDA:397,20,1,0
BRDA:416,21,0,19
BRDA:416,21,1,0
BRDA:436,22,0,0
BRDA:436,22,1,105
BRDA:436,23,0,105
BRDA:436,23,1,0
BRDA:486,24,0,253
BRDA:487,25,0,253
BRDA:487,25,1,252
BRDA:490,26,0,57
BRDA:490,27,0,58
BRDA:490,27,1,11
BRDA:490,27,2,10
BRDA:498,28,0,96
BRDA:498,28,1,7
BRDA:506,29,0,8
BRDA:506,29,1,52
BRDA:512,30,0,60
BRDA:512,30,1,52
BRDA:514,31,0,60
BRDA:514,31,1,58
BRDA:516,32,0,60
BRDA:516,32,1,32
BRDA:517,33,0,60
BRDA:517,33,1,57
BRDA:518,34,0,60
BRDA:518,34,1,58
BRDA:528,35,0,12
BRDA:529,36,0,2
BRDA:529,37,0,12
BRDA:529,37,1,12
BRDA:537,38,0,8
BRDA:537,38,1,2
BRDA:543,39,0,8
BRDA:543,39,1,2
BRDA:549,40,0,2
BRDA:551,41,0,1
BRDA:558,42,0,1
BRDA:558,43,0,59
BRDA:558,43,1,59
BRDA:558,44,0,59
BRDA:558,44,1,9
BRDA:574,45,0,65
BRDA:574,45,1,56
BRDA:575,46,0,65
BRDA:575,46,1,55
BRDA:587,47,0,6
BRDA:587,48,0,59
BRDA:587,48,1,9
BRDA:604,49,0,57
BRDA:605,50,0,21
BRDA:605,50,1,36
BRDA:612,51,0,56
BRDA:613,52,0,18
BRDA:613,52,1,38
BRDA:652,53,0,5
BRDA:657,54,0,56
BRDA:659,55,0,35
BRDA:660,56,0,56
BRDA:660,56,1,24
BRDA:670,57,0,1194
BRDA:670,58,0,1215
BRDA:670,58,1,1194
BRDA:685,59,0,19
BRDA:698,60,0,740
BRDA:698,60,1,0
BRDA:711,61,0,92
BRDA:717,62,0,9
BRDA:717,62,1,83
BRDA:726,63,0,1
BRDA:726,63,1,91
BRDA:733,64,0,1
BRDA:733,64,1,90
BRDA:735,65,0,6
BRDA:746,66,0,92
BRF:107
BRH:100
end_of_record
TN:
SF:src/ts/utils/size.ts
FN:19,(anonymous_0)
FN:42,(anonymous_1)
FN:62,(anonymous_2)
FN:70,(anonymous_3)
FN:77,(anonymous_4)
FN:86,(anonymous_5)
FN:96,(anonymous_6)
FN:119,(anonymous_7)
FN:140,(anonymous_8)
FN:142,(anonymous_9)
FNF:10
FNH:10
FNDA:299,(anonymous_0)
FNDA:299,(anonymous_1)
FNDA:16,(anonymous_2)
FNDA:18,(anonymous_3)
FNDA:20,(anonymous_4)
FNDA:24,(anonymous_5)
FNDA:646,(anonymous_6)
FNDA:598,(anonymous_7)
FNDA:24,(anonymous_8)
FNDA:12,(anonymous_9)
DA:5,92
DA:6,92
DA:10,92
DA:11,92
DA:19,92
DA:20,299
DA:22,299
DA:23,299
DA:26,0
DA:27,0
DA:42,92
DA:46,299
DA:48,299
DA:49,299
DA:50,0
DA:51,0
DA:54,0
DA:62,92
DA:63,16
DA:70,92
DA:71,18
DA:77,92
DA:78,20
DA:86,92
DA:87,24
DA:89,24
DA:96,92
DA:97,646
DA:98,646
DA:101,644
DA:105,644
DA:113,92
DA:114,92
DA:116,92
DA:117,92
DA:119,92
DA:123,598
DA:124,598
DA:129,0
DA:139,92
DA:140,92
DA:141,24
DA:142,12
DA:143,12
DA:154,24
LF:45
LH:39
BRDA:22,0,0,299
BRDA:44,1,0,0
BRDA:48,2,0,299
BRDA:48,2,1,0
BRDA:50,3,0,0
BRDA:78,4,0,20
BRDA:78,4,1,16
BRDA:96,5,0,79
BRDA:97,6,0,646
BRDA:101,7,0,644
BRDA:101,7,1,0
BRDA:102,8,0,644
BRDA:102,8,1,0
BRDA:106,9,0,644
BRDA:106,9,1,234
BRDA:107,10,0,644
BRDA:107,10,1,234
BRDA:123,11,0,598
BRDA:141,12,0,12
BRF:19
BRH:14
end_of_record
TN:
SF:src/ts/utils/tasks.ts
FN:44,(anonymous_0)
FN:52,(anonymous_1)
FN:66,(anonymous_2)
FN:77,(anonymous_3)
FN:81,(anonymous_4)
FN:95,(anonymous_5)
FN:96,(anonymous_6)
FNF:7
FNH:7
FNDA:3376,(anonymous_0)
FNDA:3363,(anonymous_1)
FNDA:5127,(anonymous_2)
FNDA:65,(anonymous_3)
FNDA:53,(anonymous_4)
FNDA:276,(anonymous_5)
FNDA:276,(anonymous_6)
DA:5,92
DA:44,92
DA:45,3376
DA:46,0
DA:51,3376
DA:52,3376
DA:53,3363
DA:54,3363
DA:56,3376
DA:66,92
DA:70,5127
DA:71,4998
DA:74,129
DA:77,129
DA:78,65
DA:80,65
DA:81,53
DA:82,53
DA:83,53
DA:95,92
DA:96,276
DA:97,276
LF:22
LH:21
BRDA:45,0,0,0
BRDA:45,0,1,3376
BRDA:70,1,0,4998
BRDA:80,2,0,53
BRF:4
BRH:3
end_of_record
TN:
SF:src/ts/utils/text.ts
FN:28,(anonymous_0)
FN:48,(anonymous_1)
FN:49,(anonymous_2)
FN:78,(anonymous_3)
FN:91,(anonymous_4)
FN:144,(anonymous_5)
FN:145,(anonymous_6)
FN:174,(anonymous_7)
FN:175,(anonymous_8)
FN:205,(anonymous_9)
FN:210,(anonymous_10)
FN:215,(anonymous_11)
FN:217,(anonymous_12)
FN:228,(anonymous_13)
FN:231,(anonymous_14)
FN:258,(anonymous_15)
FNF:16
FNH:16
FNDA:557,(anonymous_0)
FNDA:22,(anonymous_1)
FNDA:23,(anonymous_2)
FNDA:1880,(anonymous_3)
FNDA:2865,(anonymous_4)
FNDA:206705,(anonymous_5)
FNDA:513410,(anonymous_6)
FNDA:283,(anonymous_7)
FNDA:1132,(anonymous_8)
FNDA:4927,(anonymous_9)
FNDA:4950,(anonymous_10)
FNDA:8888,(anonymous_11)
FNDA:8898,(anonymous_12)
FNDA:11,(anonymous_13)
FNDA:598,(anonymous_14)
FNDA:30,(anonymous_15)
DA:5,92
DA:6,92
DA:28,92
DA:29,557
DA:31,557
DA:32,5
DA:35,552
DA:48,92
DA:49,23
DA:78,92
DA:84,1880
DA:85,442
DA:88,1438
DA:90,1438
DA:91,2865
DA:93,1438
DA:94,2540
DA:95,2540
DA:96,2540
DA:97,2282
DA:98,2282
DA:100,258
DA:101,258
DA:102,258
DA:105,2540
DA:106,1113
DA:109,1427
DA:110,1427
DA:113,1438
DA:114,1438
DA:124,92
DA:133,92
DA:144,92
DA:145,206705
DA:146,513410
DA:148,206705
DA:149,206705
DA:150,513410
DA:152,206705
DA:174,92
DA:175,283
DA:176,1132
DA:178,1132
DA:179,0
DA:183,1132
DA:186,283
DA:187,283
DA:198,283
DA:205,92
DA:206,4927
DA:210,92
[...]
BRDA:907,28,1,0
BRDA:911,29,0,0
BRDA:911,29,1,5
BRDA:911,30,0,5
BRDA:911,30,1,0
BRDA:933,31,0,0
BRDA:939,32,0,15
BRDA:939,32,1,15
BRDA:941,33,0,15
BRDA:941,33,1,10
BRDA:968,34,0,0
BRDA:988,35,0,0
BRDA:1022,36,0,1
BRDA:1040,37,0,0
BRDA:1040,37,1,0
BRDA:1056,38,0,0
BRDA:1073,39,0,5
BRDA:1073,39,1,10
BRDA:1078,40,0,1
BRDA:1078,40,1,9
BRDA:1083,41,0,0
BRDA:1083,41,1,1
BRDA:1086,42,0,0
BRDA:1086,42,1,0
BRDA:1100,43,0,1
BRDA:1100,43,1,1
BRDA:1104,44,0,9
BRDA:1104,44,1,0
BRDA:1105,45,0,0
BRDA:1105,46,0,9
BRDA:1105,46,1,9
BRDA:1111,47,0,9
BRDA:1111,47,1,9
BRDA:1142,48,0,0
BRDA:1142,48,1,0
BRDA:1143,49,0,0
BRDA:1143,49,1,0
BRDA:1162,50,0,4
BRDA:1164,51,0,4
BRDA:1173,52,0,1
BRDA:1178,53,0,0
BRDA:1178,54,0,0
BRDA:1178,54,1,0
BRDA:1198,55,0,0
BRDA:1218,56,0,0
BRDA:1258,57,0,0
BRDA:1258,57,1,0
BRDA:1258,58,0,0
BRDA:1258,58,1,0
BRDA:1260,59,0,0
BRDA:1260,59,1,0
BRDA:1264,60,0,0
BRDA:1264,60,1,0
BRDA:1268,61,0,0
BRDA:1268,61,1,0
BRDA:1272,62,0,0
BRDA:1272,62,1,0
BRDA:1274,63,0,0
BRDA:1274,63,1,0
BRDA:1276,64,0,0
BRDA:1276,64,1,0
BRDA:1278,65,0,0
BRDA:1278,65,1,0
BRDA:1280,66,0,0
BRDA:1280,66,1,0
BRDA:1282,67,0,0
BRDA:1282,67,1,0
BRDA:1284,68,0,0
BRDA:1284,68,1,0
BRDA:1286,69,0,0
BRDA:1286,69,1,0
BRDA:1290,70,0,0
BRDA:1290,70,1,0
BRF:123
BRH:58
end_of_record
TN:
SF:src/ts/widgets/scroll-to-top.ts
FN:168,(anonymous_0)
FN:180,(anonymous_1)
FN:183,(anonymous_2)
FN:197,(anonymous_3)
FN:200,(anonymous_4)
FN:207,(anonymous_5)
FN:217,(anonymous_6)
FN:236,(anonymous_7)
FN:242,(anonymous_8)
FN:246,(anonymous_9)
FN:252,(anonymous_10)
FN:282,(anonymous_11)
FN:286,(anonymous_12)
FN:290,(anonymous_13)
FN:362,(anonymous_14)
FN:366,(anonymous_15)
FN:367,(anonymous_16)
FN:368,(anonymous_17)
FN:369,(anonymous_18)
FNF:19
FNH:18
FNDA:20,(anonymous_0)
FNDA:92,(anonymous_1)
FNDA:3,(anonymous_2)
FNDA:1,(anonymous_3)
FNDA:0,(anonymous_4)
FNDA:1,(anonymous_5)
FNDA:11,(anonymous_6)
FNDA:2,(anonymous_7)
FNDA:12,(anonymous_8)
FNDA:12,(anonymous_9)
FNDA:11,(anonymous_10)
FNDA:3,(anonymous_11)
FNDA:1,(anonymous_12)
FNDA:2,(anonymous_13)
FNDA:3,(anonymous_14)
FNDA:3,(anonymous_15)
FNDA:3,(anonymous_16)
FNDA:1,(anonymous_17)
FNDA:3,(anonymous_18)
DA:5,92
DA:6,92
DA:10,92
DA:22,92
DA:27,92
DA:28,92
DA:29,92
DA:30,92
DA:31,92
DA:33,92
DA:34,92
DA:36,92
DA:163,92
DA:169,20
DA:170,1
DA:173,19
DA:174,19
DA:175,4
DA:177,15
DA:181,92
DA:184,3
DA:185,3
DA:187,0
DA:198,1
DA:199,1
DA:200,1
DA:201,0
DA:202,0
DA:204,0
DA:207,1
DA:208,1
DA:209,1
DA:213,1
DA:214,1
DA:218,11
DA:219,11
DA:222,11
DA:224,11
DA:225,11
DA:227,11
DA:231,11
DA:232,11
DA:236,11
DA:237,2
DA:240,11
DA:242,11
DA:243,12
DA:246,11
DA:247,12
DA:252,11
DA:253,11
DA:254,1
DA:257,10
DA:259,2
DA:260,2
DA:262,10
DA:263,10
DA:264,10
DA:265,10
DA:266,10
DA:268,10
DA:270,10
DA:272,10
DA:274,10
DA:278,10
DA:282,10
DA:283,3
DA:286,10
DA:287,1
DA:290,10
DA:291,2
DA:293,2
DA:294,2
DA:295,2
DA:296,2
DA:297,2
DA:299,2
DA:300,2
DA:302,2
DA:304,1
DA:307,2
DA:308,2
DA:349,92
DA:350,92
DA:355,92
DA:356,92
DA:357,92
DA:358,92
DA:360,92
DA:362,92
DA:365,3
DA:366,3
DA:368,3
DA:370,3
LF:94
LH:90
BRDA:169,0,0,1
BRDA:174,1,0,4
BRDA:184,2,0,3
BRDA:201,3,0,0
BRDA:208,4,0,1
BRDA:222,5,0,11
BRDA:222,5,1,5
BRDA:224,6,0,11
BRDA:224,6,1,10
BRDA:227,7,0,11
BRDA:227,7,1,2
BRDA:227,7,2,2
BRDA:233,8,0,2
BRDA:233,8,1,9
BRDA:240,9,0,2
BRDA:240,9,1,9
BRDA:252,10,0,11
BRDA:252,10,1,11
BRDA:253,11,0,1
BRDA:257,12,0,2
BRDA:299,13,0,2
BRDA:302,14,0,1
BRDA:368,15,0,1
BRDA:368,15,1,0
BRDA:370,16,0,3
BRDA:370,16,1,3
BRDA:370,17,0,0
BRDA:370,17,1,3
BRF:28
BRH:25
end_of_record
TN:
SF:src/ts/widgets/scrollbar.ts
FN:199,(anonymous_0)
FN:221,(anonymous_1)
FN:222,(anonymous_2)
FN:224,(anonymous_3)
FN:235,(anonymous_4)
FN:238,(anonymous_5)
FN:258,(anonymous_6)
FN:269,(anonymous_7)
FN:277,(anonymous_8)
FN:430,(anonymous_9)
FN:487,(anonymous_10)
FN:532,(anonymous_11)
FN:578,(anonymous_12)
FN:620,(anonymous_13)
FN:629,(anonymous_14)
FN:633,(anonymous_15)
FN:649,(anonymous_16)
FN:768,(anonymous_17)
FN:776,(anonymous_18)
FN:777,(anonymous_19)
FN:778,(anonymous_20)
FN:779,(anonymous_21)
FN:783,(anonymous_22)
FN:792,(anonymous_23)
FN:801,(anonymous_24)
FN:817,(anonymous_25)
FN:902,(anonymous_26)
FN:909,(anonymous_27)
FN:916,(anonymous_28)
FN:954,(anonymous_29)
FN:957,(anonymous_30)
FN:966,(anonymous_31)
FNF:32
FNH:17
FNDA:15,(anonymous_0)
FNDA:1,(anonymous_1)
FNDA:1,(anonymous_2)
FNDA:0,(anonymous_3)
FNDA:92,(anonymous_4)
FNDA:3,(anonymous_5)
FNDA:6,(anonymous_6)
FNDA:6,(anonymous_7)
FNDA:2,(anonymous_8)
FNDA:6,(anonymous_9)
FNDA:5,(anonymous_10)
FNDA:10,(anonymous_11)
FNDA:30,(anonymous_12)
FNDA:15,(anonymous_13)
FNDA:0,(anonymous_14)
FNDA:11,(anonymous_15)
FNDA:0,(anonymous_16)
FNDA:0,(anonymous_17)
FNDA:0,(anonymous_18)
FNDA:0,(anonymous_19)
FNDA:0,(anonymous_20)
FNDA:0,(anonymous_21)
FNDA:5,(anonymous_22)
FNDA:0,(anonymous_23)
FNDA:5,(anonymous_24)
FNDA:0,(anonymous_25)
FNDA:0,(anonymous_26)
FNDA:0,(anonymous_27)
FNDA:0,(anonymous_28)
FNDA:0,(anonymous_29)
FNDA:25,(anonymous_30)
FNDA:0,(anonymous_31)
DA:5,92
DA:6,92
DA:8,92
DA:12,92
DA:34,92
DA:41,92
DA:45,92
DA:50,92
DA:51,92
DA:52,92
DA:62,92
DA:63,92
DA:70,92
DA:71,92
DA:73,92
DA:79,92
DA:187,92
DA:200,15
DA:201,1
DA:204,14
DA:205,0
DA:208,14
DA:209,14
DA:210,4
DA:212,10
DA:222,1
DA:223,1
DA:224,1
DA:225,0
DA:226,0
DA:230,1
DA:231,1
DA:236,92
DA:239,3
DA:240,3
DA:241,3
DA:244,0
DA:248,0
DA:259,6
DA:260,1
DA:263,6
DA:264,6
DA:266,6
DA:267,6
DA:269,6
DA:270,6
DA:271,1
DA:274,5
DA:277,6
DA:387,92
DA:388,92
DA:393,92
DA:394,92
DA:395,92
DA:396,92
DA:397,92
DA:398,92
DA:399,92
DA:400,92
DA:401,92
DA:402,92
DA:403,92
DA:404,92
DA:405,92
DA:406,92
DA:407,92
DA:408,92
DA:410,92
DA:411,92
DA:412,92
DA:413,92
DA:415,92
DA:417,92
DA:430,92
DA:433,6
DA:435,6
DA:436,6
DA:438,6
DA:440,6
DA:442,6
DA:449,6
DA:452,6
DA:455,6
DA:456,6
DA:457,6
DA:459,6
DA:460,6
DA:461,6
DA:462,5
DA:463,5
DA:464,5
DA:466,0
DA:474,6
DA:487,92
DA:503,5
DA:505,5
DA:513,5
DA:515,5
DA:516,5
DA:517,5
DA:518,5
DA:519,5
DA:521,5
DA:522,5
DA:524,5
DA:525,0
DA:528,5
DA:532,5
DA:533,10
DA:535,10
DA:536,10
DA:537,10
DA:542,10
DA:544,10
DA:545,10
DA:546,10
DA:549,10
DA:550,10
DA:552,10
DA:553,10
DA:554,0
DA:555,0
DA:556,0
DA:559,10
DA:560,10
DA:562,10
DA:564,10
DA:565,0
DA:567,10
DA:569,10
DA:578,5
DA:579,30
DA:580,30
DA:582,30
DA:586,30
DA:590,30
DA:596,30
DA:602,30
DA:608,30
DA:609,30
DA:610,0
DA:611,0
DA:613,30
DA:614,30
DA:620,5
DA:621,15
DA:622,15
DA:624,15
DA:625,14
DA:628,15
DA:629,0
DA:633,5
DA:634,11
DA:635,11
DA:644,5
DA:645,5
DA:646,5
DA:649,5
DA:650,0
DA:651,0
DA:652,0
DA:654,0
DA:655,0
DA:656,0
DA:659,0
DA:662,0
DA:664,0
DA:665,0
DA:667,0
DA:668,0
DA:669,0
DA:672,0
DA:680,0
DA:684,0
DA:687,0
DA:688,0
DA:690,0
DA:694,0
DA:698,0
DA:704,0
DA:705,0
DA:709,0
DA:711,0
DA:712,0
DA:715,0
DA:716,0
DA:718,0
DA:720,0
DA:729,0
DA:731,0
DA:733,0
DA:736,0
DA:739,0
DA:740,0
DA:743,0
DA:744,0
DA:748,0
DA:753,0
DA:755,0
DA:760,0
DA:761,0
DA:762,0
DA:768,5
DA:769,0
DA:770,0
DA:772,0
DA:773,0
DA:776,5
DA:777,5
DA:778,5
DA:779,5
DA:783,5
DA:784,5
DA:785,5
DA:786,5
DA:787,0
DA:792,5
DA:793,0
DA:794,0
DA:795,0
DA:801,5
DA:804,5
DA:811,5
DA:817,5
DA:818,0
DA:819,0
DA:824,5
DA:825,4
DA:828,5
DA:831,5
DA:832,4
DA:833,4
DA:838,4
DA:839,4
DA:840,0
DA:844,5
DA:846,5
DA:847,0
DA:850,5
DA:851,0
DA:855,5
DA:856,5
DA:857,5
DA:859,5
DA:861,5
DA:862,5
DA:863,5
DA:864,5
DA:866,5
DA:867,1
DA:868,4
DA:869,0
DA:872,5
DA:876,5
DA:881,5
DA:886,5
DA:889,5
DA:890,5
DA:891,5
DA:893,5
DA:894,5
DA:897,5
DA:898,5
DA:899,5
DA:902,5
DA:903,0
DA:904,0
DA:905,0
DA:906,0
DA:909,5
DA:910,0
DA:911,0
DA:912,0
DA:913,0
DA:916,5
DA:917,0
DA:919,0
DA:920,0
DA:921,0
DA:922,0
DA:925,0
DA:927,0
DA:928,0
DA:929,0
DA:931,0
DA:932,0
DA:935,0
DA:936,0
DA:937,0
DA:940,0
DA:941,0
DA:943,0
DA:944,0
DA:947,0
DA:948,0
DA:949,0
DA:954,92
DA:955,0
DA:957,92
DA:958,25
DA:959,84
DA:960,163
DA:961,151
DA:966,92
DA:971,0
DA:972,0
LF:306
LH:202
BRDA:200,0,0,1
BRDA:204,1,0,0
BRDA:209,2,0,4
BRDA:225,3,0,0
BRDA:239,4,0,3
BRDA:239,4,1,0
BRDA:240,5,0,3
BRDA:259,6,0,1
BRDA:269,7,0,6
BRDA:269,7,1,6
BRDA:270,8,0,1
BRDA:440,9,0,1
BRDA:440,9,1,5
BRDA:442,10,0,1
BRDA:442,10,1,5
BRDA:444,11,0,0
BRDA:444,11,1,5
BRDA:449,12,0,6
BRDA:449,12,1,0
BRDA:452,13,0,6
BRDA:452,13,1,6
BRDA:455,14,0,6
BRDA:455,14,1,5
BRDA:456,15,0,1
BRDA:456,15,1,5
BRDA:461,16,0,5
BRDA:461,17,0,6
BRDA:461,17,1,5
BRDA:461,17,2,5
BRDA:462,18,0,5
BRDA:462,18,1,0
BRDA:505,19,0,5
BRDA:505,19,1,0
BRDA:513,20,0,5
BRDA:513,20,1,5
BRDA:513,20,2,0
BRDA:515,21,0,5
BRDA:515,21,1,5
BRDA:515,21,2,0
BRDA:516,22,0,5
BRDA:516,22,1,5
BRDA:517,23,0,5
BRDA:517,23,1,5
BRDA:518,24,0,5
BRDA:518,24,1,5
BRDA:519,25,0,5
BRDA:519,25,1,4
BRDA:521,26,0,5
BRDA:521,26,1,5
BRDA:521,26,2,0
BRDA:522,27,0,5
BRDA:522,27,1,5
BRDA:522,27,2,0
BRDA:524,28,0,0
BRDA:524,29,0,5
BRDA:524,29,1,0
BRDA:533,30,0,10
BRDA:533,30,1,10
BRDA:540,31,0,5
BRDA:540,31,1,5
BRDA:544,32,0,10
BRDA:544,33,0,10
BRDA:544,33,1,2
BRDA:550,34,0,0
BRDA:550,34,1,10
BRDA:553,35,0,0
BRDA:559,36,0,10
BRDA:559,36,1,10
BRDA:564,37,0,0
BRDA:579,38,0,15
BRDA:579,38,1,15
BRDA:580,39,0,15
BRDA:580,39,1,15
BRDA:582,40,0,15
BRDA:582,40,1,15
BRDA:586,41,0,15
BRDA:586,41,1,15
BRDA:608,42,0,15
BRDA:608,42,1,15
BRDA:609,43,0,0
BRDA:609,43,1,30
BRDA:609,44,0,30
BRDA:609,44,1,0
BRDA:624,45,0,14
BRDA:624,46,0,15
BRDA:624,46,1,14
BRDA:628,47,0,0
BRDA:651,48,0,0
BRDA:651,48,1,0
BRDA:652,49,0,0
BRDA:652,49,1,0
BRDA:655,50,0,0
BRDA:655,51,0,0
BRDA:655,51,1,0
BRDA:662,52,0,0
BRDA:662,52,1,0
BRDA:664,53,0,0
BRDA:664,53,1,0
BRDA:664,53,2,0
BRDA:665,54,0,0
BRDA:665,54,1,0
BRDA:665,54,2,0
BRDA:665,54,3,0
BRDA:667,55,0,0
BRDA:680,56,0,0
BRDA:680,57,0,0
BRDA:680,57,1,0
BRDA:680,57,2,0
BRDA:680,57,3,0
BRDA:680,57,4,0
BRDA:690,58,0,0
BRDA:690,58,1,0
BRDA:694,59,0,0
BRDA:694,59,1,0
BRDA:698,60,0,0
BRDA:698,60,1,0
BRDA:705,61,0,0
BRDA:705,61,1,0
BRDA:711,62,0,0
BRDA:715,63,0,0
BRDA:715,63,1,0
BRDA:718,64,0,0
BRDA:718,64,1,0
BRDA:718,65,0,0
BRDA:718,65,1,0
BRDA:720,66,0,0
BRDA:720,66,1,0
BRDA:724,67,0,0
BRDA:724,67,1,0
BRDA:730,68,0,0
BRDA:730,68,1,0
BRDA:731,69,0,0
BRDA:731,69,1,0
BRDA:739,70,0,0
BRDA:739,71,0,0
BRDA:739,71,1,0
BRDA:739,71,2,0
BRDA:744,72,0,0
BRDA:744,72,1,0
BRDA:753,73,0,0
BRDA:753,73,1,0
BRDA:769,74,0,0
BRDA:769,74,1,0
BRDA:784,75,0,5
BRDA:786,76,0,0
BRDA:794,77,0,0
BRDA:824,78,0,4
BRDA:824,79,0,5
BRDA:824,79,1,4
BRDA:831,80,0,4
BRDA:839,81,0,0
BRDA:846,82,0,0
BRDA:850,83,0,0
BRDA:855,84,0,5
BRDA:855,84,1,0
BRDA:855,85,0,5
BRDA:855,85,1,1
BRDA:866,86,0,1
BRDA:866,86,1,4
BRDA:866,87,0,5
BRDA:866,87,1,4
BRDA:868,88,0,0
BRDA:889,89,0,5
BRDA:897,90,0,5
BRDA:897,91,0,5
BRDA:897,91,1,0
BRDA:920,92,0,0
BRDA:927,93,0,0
BRDA:935,94,0,0
BRDA:935,95,0,0
BRDA:935,95,1,0
BRDA:948,96,0,0
BRDA:971,97,0,0
BRDA:971,98,0,0
BRDA:971,98,1,0
BRF:175
BRH:83
end_of_record
TN:
SF:src/ts/widgets/sortable.ts
FN:161,(anonymous_0)
FN:169,(anonymous_1)
FN:172,(anonymous_2)
FN:186,(anonymous_3)
FN:214,(anonymous_4)
FN:228,(anonymous_5)
FN:287,(anonymous_6)
FN:288,(anonymous_7)
FN:293,(anonymous_8)
FN:296,(anonymous_9)
FN:307,(anonymous_10)
FN:309,(anonymous_11)
FN:334,(anonymous_12)
FN:344,(anonymous_13)
FN:368,(anonymous_14)
FN:384,(anonymous_15)
FN:405,(anonymous_16)
FN:419,(anonymous_17)
FN:449,(anonymous_18)
FN:469,(anonymous_19)
FN:479,(anonymous_20)
FN:489,(anonymous_21)
FN:490,(anonymous_22)
FN:492,(anonymous_23)
FN:495,(anonymous_24)
FN:498,(anonymous_25)
FN:509,(anonymous_26)
FN:520,(anonymous_27)
FN:525,(anonymous_28)
FN:529,(anonymous_29)
FNF:30
FNH:26
FNDA:30,(anonymous_0)
FNDA:92,(anonymous_1)
FNDA:3,(anonymous_2)
FNDA:22,(anonymous_3)
FNDA:20,(anonymous_4)
FNDA:179,(anonymous_5)
FNDA:3,(anonymous_6)
FNDA:0,(anonymous_7)
FNDA:10,(anonymous_8)
FNDA:19,(anonymous_9)
FNDA:0,(anonymous_10)
FNDA:10,(anonymous_11)
FNDA:7,(anonymous_12)
FNDA:10,(anonymous_13)
FNDA:0,(anonymous_14)
FNDA:0,(anonymous_15)
FNDA:10,(anonymous_16)
FNDA:19,(anonymous_17)
FNDA:3,(anonymous_18)
FNDA:3,(anonymous_19)
FNDA:20,(anonymous_20)
FNDA:87,(anonymous_21)
FNDA:366,(anonymous_22)
FNDA:87,(anonymous_23)
FNDA:76,(anonymous_24)
FNDA:7,(anonymous_25)
FNDA:4,(anonymous_26)
FNDA:4,(anonymous_27)
FNDA:1,(anonymous_28)
FNDA:7,(anonymous_29)
DA:5,92
DA:6,92
DA:8,92
DA:18,92
DA:19,92
DA:20,92
DA:21,92
DA:27,92
DA:28,92
DA:30,92
DA:32,92
DA:94,92
DA:162,30
DA:163,30
DA:164,6
DA:166,24
DA:170,92
DA:173,3
DA:174,3
DA:176,0
DA:187,22
DA:188,22
DA:190,22
DA:191,22
DA:192,19
DA:199,19
DA:200,17
DA:202,17
DA:203,17
DA:208,22
DA:209,2
DA:212,20
DA:214,20
DA:215,20
DA:216,1
DA:219,19
DA:222,20
DA:223,20
DA:224,20
DA:225,20
DA:226,20
DA:228,20
DA:229,179
DA:268,92
DA:269,92
DA:270,92
DA:275,92
DA:276,92
DA:278,92
DA:284,92
DA:286,92
DA:288,3
DA:291,92
DA:293,92
DA:294,10
DA:296,92
DA:302,19
DA:303,19
DA:304,19
DA:305,19
DA:307,19
DA:309,19
DA:310,10
DA:312,10
DA:317,7
DA:318,7
DA:320,7
DA:321,0
DA:322,0
DA:323,0
DA:327,7
DA:334,7
DA:338,7
DA:339,7
DA:344,19
DA:345,10
DA:346,0
DA:347,0
DA:350,10
DA:351,7
DA:352,7
DA:354,7
DA:361,7
DA:362,0
DA:363,0
DA:368,19
DA:369,0
DA:370,0
DA:371,0
DA:372,0
DA:374,0
DA:375,0
DA:376,0
DA:378,0
DA:379,0
DA:380,0
DA:381,0
DA:385,0
DA:386,0
DA:391,0
DA:392,0
DA:405,19
DA:406,10
DA:407,10
DA:409,10
DA:415,7
DA:419,19
DA:420,19
DA:421,63
DA:423,63
DA:425,63
DA:427,63
DA:428,63
DA:430,63
DA:432,63
DA:433,63
DA:435,63
DA:436,63
DA:442,19
DA:443,63
DA:444,63
DA:447,19
DA:449,19
DA:450,3
DA:451,12
DA:453,12
DA:455,12
DA:457,12
DA:458,12
DA:460,12
DA:462,12
DA:463,12
DA:464,12
DA:465,12
DA:469,19
DA:470,3
DA:471,12
DA:472,12
DA:476,19
DA:479,92
DA:484,20
DA:486,20
DA:487,20
DA:489,20
DA:490,366
DA:492,20
DA:493,87
DA:495,20
DA:496,76
DA:498,20
DA:499,7
DA:500,7
DA:501,0
DA:505,7
DA:506,7
DA:509,20
DA:510,4
DA:511,4
DA:512,0
DA:516,4
DA:517,4
DA:520,20
DA:521,4
DA:525,20
DA:526,1
DA:529,20
DA:530,7
DA:531,1
DA:533,6
DA:540,7
DA:541,1
DA:545,20
LF:172
LH:147
BRDA:163,0,0,6
BRDA:173,1,0,3
BRDA:190,2,0,22
BRDA:190,2,1,19
BRDA:191,3,0,19
BRDA:199,4,0,17
BRDA:202,5,0,17
BRDA:208,6,0,2
BRDA:214,7,0,20
BRDA:214,7,1,18
BRDA:215,8,0,1
BRDA:228,9,0,97
BRDA:229,10,0,82
BRDA:229,10,1,97
BRDA:288,11,0,0
BRDA:288,11,1,0
BRDA:312,12,0,7
BRDA:313,13,0,10
BRDA:313,13,1,10
BRDA:313,13,2,7
BRDA:320,14,0,0
BRDA:322,15,0,0
BRDA:345,16,0,0
BRDA:345,17,0,10
BRDA:345,17,1,0
BRDA:350,18,0,7
BRDA:361,19,0,0
BRDA:369,20,0,0
BRDA:369,21,0,0
BRDA:369,21,1,0
BRDA:371,22,0,0
BRDA:371,23,0,0
BRDA:371,23,1,0
BRDA:378,24,0,0
BRDA:385,25,0,0
BRDA:391,26,0,0
BRDA:409,27,0,7
BRDA:410,28,0,10
BRDA:410,28,1,10
BRDA:410,28,2,10
BRDA:410,28,3,7
BRDA:410,28,4,7
BRDA:490,29,0,114
BRDA:490,29,1,252
BRDA:492,30,0,0
BRDA:493,31,0,5
BRDA:493,31,1,82
BRDA:495,32,0,68
BRDA:498,33,0,4
BRDA:500,34,0,0
BRDA:500,35,0,7
BRDA:500,35,1,7
BRDA:500,35,2,7
BRDA:509,36,0,2
BRDA:511,37,0,0
BRDA:511,38,0,4
BRDA:511,38,1,4
BRDA:520,39,0,4
BRDA:521,40,0,2
BRDA:521,40,1,2
BRDA:530,41,0,1
BRDA:530,41,1,6
BRDA:535,42,0,4
BRDA:535,42,1,2
BRF:64
BRH:45
end_of_record
TN:
SF:src/ts/widgets/track-gesture.ts
FN:58,(anonymous_0)
FN:66,(anonymous_1)
FN:69,(anonymous_2)
FN:79,(anonymous_3)
FN:92,(anonymous_4)
FNF:5
FNH:5
FNDA:8,(anonymous_0)
FNDA:92,(anonymous_1)
FNDA:3,(anonymous_2)
FNDA:5,(anonymous_3)
FNDA:2,(anonymous_4)
DA:5,92
DA:7,92
DA:9,92
DA:11,92
DA:57,92
DA:59,8
DA:60,8
DA:61,4
DA:63,4
DA:67,92
DA:70,3
DA:71,3
DA:73,0
DA:80,5
DA:82,5
DA:92,5
DA:159,92
DA:162,92
DA:164,92
LF:19
LH:18
BRDA:60,0,0,4
BRDA:70,1,0,3
BRF:2
BRH:2
end_of_record
TN:
SF:src/ts/widgets/track-scroll.ts
FN:40,(anonymous_0)
FN:48,(anonymous_1)
FN:51,(anonymous_2)
FN:61,(anonymous_3)
FN:74,(anonymous_4)
FNF:5
FNH:5
FNDA:8,(anonymous_0)
FNDA:92,(anonymous_1)
FNDA:3,(anonymous_2)
FNDA:5,(anonymous_3)
FNDA:2,(anonymous_4)
DA:5,92
DA:7,92
DA:9,92
DA:11,92
DA:39,92
DA:41,8
DA:42,8
DA:43,4
DA:45,4
DA:49,92
DA:52,3
DA:53,3
DA:55,0
DA:62,5
DA:64,5
DA:74,5
DA:101,92
DA:104,92
DA:106,92
LF:19
LH:18
BRDA:42,0,0,4
BRDA:52,1,0,3
BRF:2
BRH:2
end_of_record
TN:
SF:src/ts/widgets/track-size.ts
FN:39,(anonymous_0)
FN:47,(anonymous_1)
FN:48,(anonymous_2)
FN:56,(anonymous_3)
FN:64,(anonymous_4)
FNF:5
FNH:5
FNDA:8,(anonymous_0)
FNDA:92,(anonymous_1)
FNDA:3,(anonymous_2)
FNDA:5,(anonymous_3)
FNDA:2,(anonymous_4)
DA:5,92
DA:7,92
DA:9,92
DA:38,92
DA:40,8
DA:41,8
DA:42,4
DA:44,4
DA:48,92
DA:49,3
DA:50,3
DA:52,0
DA:57,5
DA:59,5
DA:64,5
DA:70,92
DA:73,92
LF:17
LH:16
BRDA:41,0,0,4
BRDA:49,1,0,3
BRF:2
BRH:2
end_of_record
TN:
SF:src/ts/widgets/track-view.ts
FN:63,(anonymous_0)
FN:71,(anonymous_1)
FN:74,(anonymous_2)
FN:84,(anonymous_3)
FN:95,(anonymous_4)
FN:159,(anonymous_5)
FN:163,(anonymous_6)
FN:168,(anonymous_7)
FNF:8
FNH:8
FNDA:8,(anonymous_0)
FNDA:92,(anonymous_1)
FNDA:3,(anonymous_2)
FNDA:5,(anonymous_3)
FNDA:2,(anonymous_4)
FNDA:3,(anonymous_5)
FNDA:3,(anonymous_6)
FNDA:3,(anonymous_7)
DA:5,92
DA:7,92
DA:8,92
DA:14,92
DA:16,92
DA:62,92
DA:64,8
DA:65,8
DA:66,4
DA:68,4
DA:72,92
DA:75,3
DA:76,3
DA:78,0
DA:85,5
DA:87,5
DA:93,5
DA:95,5
DA:154,92
DA:157,92
DA:159,92
DA:162,3
DA:164,3
DA:168,3
LF:24
LH:23
BRDA:65,0,0,4
BRDA:75,1,0,3
BRDA:164,2,0,3
BRDA:164,2,1,3
BRDA:164,3,0,0
BRDA:164,3,1,3
BRF:6
BRH:5
end_of_record
TN:
SF:src/ts/widgets/widget.ts
FN:121,(anonymous_0)
FN:129,(anonymous_1)
FN:151,(anonymous_2)
FN:162,(anonymous_3)
FN:173,(anonymous_4)
FN:179,(anonymous_5)
FN:180,(anonymous_6)
FN:182,(anonymous_7)
FN:184,(anonymous_8)
FN:186,(anonymous_9)
FN:212,(anonymous_10)
FN:214,(anonymous_11)
FN:216,(anonymous_12)
FN:304,(anonymous_13)
FN:329,(anonymous_14)
FN:367,(anonymous_15)
FN:427,(anonymous_16)
FN:447,(anonymous_17)
FN:468,(anonymous_18)
FN:475,(anonymous_19)
FN:494,(anonymous_20)
FN:499,(anonymous_21)
FN:506,(anonymous_22)
FNF:23
FNH:23
FNDA:333,(anonymous_0)
FNDA:327,(anonymous_1)
FNDA:88,(anonymous_2)
FNDA:23,(anonymous_3)
FNDA:8,(anonymous_4)
FNDA:129,(anonymous_5)
FNDA:129,(anonymous_6)
FNDA:686,(anonymous_7)
FNDA:67,(anonymous_8)
FNDA:60,(anonymous_9)
FNDA:376,(anonymous_10)
FNDA:197,(anonymous_11)
FNDA:3,(anonymous_12)
FNDA:3151,(anonymous_13)
FNDA:123,(anonymous_14)
FNDA:10,(anonymous_15)
FNDA:279,(anonymous_16)
FNDA:158,(anonymous_17)
FNDA:1782,(anonymous_18)
FNDA:30,(anonymous_19)
FNDA:190,(anonymous_20)
FNDA:268,(anonymous_21)
FNDA:243,(anonymous_22)
DA:40,92
DA:41,92
DA:43,92
DA:45,92
DA:46,92
DA:47,92
DA:48,92
DA:49,92
DA:50,92
DA:52,92
DA:57,92
DA:59,92
DA:61,92
DA:63,92
DA:122,333
DA:130,327
DA:137,327
DA:138,327
DA:139,204
DA:140,204
DA:143,327
DA:144,327
DA:147,327
DA:148,327
DA:149,327
DA:151,327
DA:152,88
DA:153,84
DA:154,84
DA:156,84
DA:157,22
DA:162,327
DA:163,23
DA:164,19
DA:165,19
DA:167,19
DA:168,3
DA:173,327
DA:174,8
DA:175,8
DA:179,327
DA:180,327
DA:182,686
DA:184,327
DA:185,67
DA:186,60
DA:187,60
DA:188,60
DA:189,60
DA:191,60
DA:192,56
DA:195,60
DA:196,60
DA:197,60
DA:199,60
DA:200,33
DA:201,33
DA:202,28
DA:203,28
DA:209,67
DA:212,376
DA:214,327
DA:216,327
DA:304,92
DA:313,3151
DA:314,829
DA:317,2322
DA:321,2322
DA:323,2322
DA:324,2322
DA:326,2322
DA:327,2322
DA:328,2322
DA:330,123
DA:331,123
DA:335,123
DA:336,123
DA:337,123
DA:339,123
DA:340,13
DA:341,3
DA:344,13
DA:345,10
DA:350,110
DA:353,123
DA:354,125
DA:358,125
DA:359,121
DA:360,121
DA:365,119
DA:366,119
DA:368,10
DA:369,11
DA:427,92
DA:432,279
DA:433,279
DA:434,268
DA:437,279
DA:438,1694
DA:440,275
DA:447,92
DA:452,158
DA:453,158
DA:457,158
DA:458,901
DA:461,158
DA:468,92
DA:469,1782
DA:475,92
DA:480,30
DA:481,30
DA:482,23
DA:483,23
DA:485,23
DA:486,6
DA:487,6
DA:491,24
DA:494,190
DA:495,92
DA:499,92
DA:503,268
DA:504,268
DA:506,243
DA:508,243
DA:509,243
DA:511,268
LF:126
LH:126
BRDA:122,0,0,333
BRDA:122,0,1,196
BRDA:130,1,0,327
BRDA:130,1,1,0
BRDA:138,2,0,204
BRDA:152,3,0,84
BRDA:163,4,0,19
BRDA:163,5,0,23
BRDA:163,5,1,22
BRDA:174,6,0,8
BRDA:175,7,0,4
BRDA:175,7,1,4
BRDA:185,8,0,60
BRDA:199,9,0,33
BRDA:201,10,0,28
BRDA:313,11,0,829
BRDA:324,12,0,2322
BRDA:324,12,1,1475
BRDA:326,13,0,2322
BRDA:331,14,0,6
BRDA:331,14,1,117
BRDA:339,15,0,13
BRDA:339,15,1,110
BRDA:340,16,0,3
BRDA:344,17,0,10
BRDA:346,18,0,8
BRDA:346,18,1,2
BRDA:350,19,0,110
BRDA:350,19,1,86
BRDA:354,20,0,60
BRDA:354,20,1,65
BRDA:359,21,0,121
BRDA:365,22,0,119
BRDA:430,23,0,121
BRDA:433,24,0,268
BRDA:450,25,0,60
BRDA:481,26,0,23
BRDA:485,27,0,6
BRDA:505,28,0,268
BRDA:505,28,1,94
BRDA:509,29,0,243
BRDA:509,29,1,47
BRF:42
BRH:41
end_of_record
